[3.034s] Invoking command in '/home/singh/ros2_sensor_ws/src/geometry2/examples_tf2_py': AMENT_PREFIX_PATH=/home/singh/ros2_sensor_ws/install/tf2_ros_py:/home/singh/ros2_sensor_ws/install/tf2_py:/home/singh/ros2_sensor_ws/install/tf2_msgs:/home/singh/ros2_sensor_ws/install/tf2:${AMENT_PREFIX_PATH} CMAKE_PREFIX_PATH=/home/singh/ros2_sensor_ws/install/tf2_py:/home/singh/ros2_sensor_ws/install/tf2_msgs:/home/singh/ros2_sensor_ws/install/tf2:${CMAKE_PREFIX_PATH} LD_LIBRARY_PATH=/home/singh/ros2_sensor_ws/install/tf2_msgs/lib:/home/singh/ros2_sensor_ws/install/tf2/lib:${LD_LIBRARY_PATH} PYTHONPATH=/home/singh/ros2_sensor_ws/build/examples_tf2_py/prefix_override:/usr/lib/python3/dist-packages/colcon_core/task/python/colcon_distutils_commands:/home/singh/ros2_sensor_ws/install/examples_tf2_py/lib/python3.10/site-packages:/home/singh/ros2_sensor_ws/install/tf2_ros_py/lib/python3.10/site-packages:/home/singh/ros2_sensor_ws/install/tf2_py/local/lib/python3.10/dist-packages:/home/singh/ros2_sensor_ws/install/tf2_msgs/local/lib/python3.10/dist-packages:${PYTHONPATH} /usr/bin/python3 -W ignore:setup.py install is deprecated -W ignore:easy_install command is deprecated setup.py egg_info --egg-base ../../../build/examples_tf2_py build --build-base /home/singh/ros2_sensor_ws/build/examples_tf2_py/build install --record /home/singh/ros2_sensor_ws/build/examples_tf2_py/install.log --single-version-externally-managed install_data
[3.403s] running egg_info
[3.404s] creating ../../../build/examples_tf2_py/examples_tf2_py.egg-info
[3.404s] writing ../../../build/examples_tf2_py/examples_tf2_py.egg-info/PKG-INFO
[3.405s] writing dependency_links to ../../../build/examples_tf2_py/examples_tf2_py.egg-info/dependency_links.txt
[3.406s] writing entry points to ../../../build/examples_tf2_py/examples_tf2_py.egg-info/entry_points.txt
[3.406s] writing requirements to ../../../build/examples_tf2_py/examples_tf2_py.egg-info/requires.txt
[3.415s] writing top-level names to ../../../build/examples_tf2_py/examples_tf2_py.egg-info/top_level.txt
[3.416s] writing manifest file '../../../build/examples_tf2_py/examples_tf2_py.egg-info/SOURCES.txt'
[3.416s] reading manifest file '../../../build/examples_tf2_py/examples_tf2_py.egg-info/SOURCES.txt'
[3.416s] writing manifest file '../../../build/examples_tf2_py/examples_tf2_py.egg-info/SOURCES.txt'
[3.416s] running build
[3.416s] running build_py
[3.416s] creating /home/singh/ros2_sensor_ws/build/examples_tf2_py/build
[3.417s] creating /home/singh/ros2_sensor_ws/build/examples_tf2_py/build/lib
[3.417s] creating /home/singh/ros2_sensor_ws/build/examples_tf2_py/build/lib/examples_tf2_py
[3.417s] copying examples_tf2_py/frame_dumper.py -> /home/singh/ros2_sensor_ws/build/examples_tf2_py/build/lib/examples_tf2_py
[3.417s] copying examples_tf2_py/__init__.py -> /home/singh/ros2_sensor_ws/build/examples_tf2_py/build/lib/examples_tf2_py
[3.417s] copying examples_tf2_py/blocking_waits_for_transform.py -> /home/singh/ros2_sensor_ws/build/examples_tf2_py/build/lib/examples_tf2_py
[3.417s] copying examples_tf2_py/static_broadcaster.py -> /home/singh/ros2_sensor_ws/build/examples_tf2_py/build/lib/examples_tf2_py
[3.417s] copying examples_tf2_py/dynamic_broadcaster.py -> /home/singh/ros2_sensor_ws/build/examples_tf2_py/build/lib/examples_tf2_py
[3.417s] copying examples_tf2_py/async_waits_for_transform.py -> /home/singh/ros2_sensor_ws/build/examples_tf2_py/build/lib/examples_tf2_py
[3.418s] copying examples_tf2_py/waits_for_transform.py -> /home/singh/ros2_sensor_ws/build/examples_tf2_py/build/lib/examples_tf2_py
[3.418s] running install
[3.418s] running install_lib
[3.418s] creating /home/singh/ros2_sensor_ws/install/examples_tf2_py/lib/python3.10/site-packages/examples_tf2_py
[3.418s] copying /home/singh/ros2_sensor_ws/build/examples_tf2_py/build/lib/examples_tf2_py/frame_dumper.py -> /home/singh/ros2_sensor_ws/install/examples_tf2_py/lib/python3.10/site-packages/examples_tf2_py
[3.418s] copying /home/singh/ros2_sensor_ws/build/examples_tf2_py/build/lib/examples_tf2_py/__init__.py -> /home/singh/ros2_sensor_ws/install/examples_tf2_py/lib/python3.10/site-packages/examples_tf2_py
[3.418s] copying /home/singh/ros2_sensor_ws/build/examples_tf2_py/build/lib/examples_tf2_py/blocking_waits_for_transform.py -> /home/singh/ros2_sensor_ws/install/examples_tf2_py/lib/python3.10/site-packages/examples_tf2_py
[3.419s] copying /home/singh/ros2_sensor_ws/build/examples_tf2_py/build/lib/examples_tf2_py/static_broadcaster.py -> /home/singh/ros2_sensor_ws/install/examples_tf2_py/lib/python3.10/site-packages/examples_tf2_py
[3.419s] copying /home/singh/ros2_sensor_ws/build/examples_tf2_py/build/lib/examples_tf2_py/dynamic_broadcaster.py -> /home/singh/ros2_sensor_ws/install/examples_tf2_py/lib/python3.10/site-packages/examples_tf2_py
[3.419s] copying /home/singh/ros2_sensor_ws/build/examples_tf2_py/build/lib/examples_tf2_py/async_waits_for_transform.py -> /home/singh/ros2_sensor_ws/install/examples_tf2_py/lib/python3.10/site-packages/examples_tf2_py
[3.419s] copying /home/singh/ros2_sensor_ws/build/examples_tf2_py/build/lib/examples_tf2_py/waits_for_transform.py -> /home/singh/ros2_sensor_ws/install/examples_tf2_py/lib/python3.10/site-packages/examples_tf2_py
[3.419s] byte-compiling /home/singh/ros2_sensor_ws/install/examples_tf2_py/lib/python3.10/site-packages/examples_tf2_py/frame_dumper.py to frame_dumper.cpython-310.pyc
[3.419s] byte-compiling /home/singh/ros2_sensor_ws/install/examples_tf2_py/lib/python3.10/site-packages/examples_tf2_py/__init__.py to __init__.cpython-310.pyc
[3.419s] byte-compiling /home/singh/ros2_sensor_ws/install/examples_tf2_py/lib/python3.10/site-packages/examples_tf2_py/blocking_waits_for_transform.py to blocking_waits_for_transform.cpython-310.pyc
[3.419s] byte-compiling /home/singh/ros2_sensor_ws/install/examples_tf2_py/lib/python3.10/site-packages/examples_tf2_py/static_broadcaster.py to static_broadcaster.cpython-310.pyc
[3.421s] byte-compiling /home/singh/ros2_sensor_ws/install/examples_tf2_py/lib/python3.10/site-packages/examples_tf2_py/dynamic_broadcaster.py to dynamic_broadcaster.cpython-310.pyc
[3.423s] byte-compiling /home/singh/ros2_sensor_ws/install/examples_tf2_py/lib/python3.10/site-packages/examples_tf2_py/async_waits_for_transform.py to async_waits_for_transform.cpython-310.pyc
[3.423s] byte-compiling /home/singh/ros2_sensor_ws/install/examples_tf2_py/lib/python3.10/site-packages/examples_tf2_py/waits_for_transform.py to waits_for_transform.cpython-310.pyc
[3.424s] running install_data
[3.424s] creating /home/singh/ros2_sensor_ws/install/examples_tf2_py/share/ament_index
[3.425s] creating /home/singh/ros2_sensor_ws/install/examples_tf2_py/share/ament_index/resource_index
[3.425s] creating /home/singh/ros2_sensor_ws/install/examples_tf2_py/share/ament_index/resource_index/packages
[3.425s] copying resource/examples_tf2_py -> /home/singh/ros2_sensor_ws/install/examples_tf2_py/share/ament_index/resource_index/packages
[3.426s] copying package.xml -> /home/singh/ros2_sensor_ws/install/examples_tf2_py/share/examples_tf2_py
[3.426s] creating /home/singh/ros2_sensor_ws/install/examples_tf2_py/share/examples_tf2_py/launch
[3.426s] copying launch/broadcasters.launch.xml -> /home/singh/ros2_sensor_ws/install/examples_tf2_py/share/examples_tf2_py/launch
[3.426s] running install_egg_info
[3.428s] Copying ../../../build/examples_tf2_py/examples_tf2_py.egg-info to /home/singh/ros2_sensor_ws/install/examples_tf2_py/lib/python3.10/site-packages/examples_tf2_py-0.25.12-py3.10.egg-info
[3.429s] running install_scripts
[3.456s] Installing async_waits_for_transform script to /home/singh/ros2_sensor_ws/install/examples_tf2_py/lib/examples_tf2_py
[3.456s] Installing blocking_waits_for_transform script to /home/singh/ros2_sensor_ws/install/examples_tf2_py/lib/examples_tf2_py
[3.457s] Installing dynamic_broadcaster script to /home/singh/ros2_sensor_ws/install/examples_tf2_py/lib/examples_tf2_py
[3.457s] Installing frame_dumper script to /home/singh/ros2_sensor_ws/install/examples_tf2_py/lib/examples_tf2_py
[3.457s] Installing static_broadcaster script to /home/singh/ros2_sensor_ws/install/examples_tf2_py/lib/examples_tf2_py
[3.457s] Installing waits_for_transform script to /home/singh/ros2_sensor_ws/install/examples_tf2_py/lib/examples_tf2_py
[3.457s] writing list of installed files to '/home/singh/ros2_sensor_ws/build/examples_tf2_py/install.log'
[3.498s] Invoked command in '/home/singh/ros2_sensor_ws/src/geometry2/examples_tf2_py' returned '0': AMENT_PREFIX_PATH=/home/singh/ros2_sensor_ws/install/tf2_ros_py:/home/singh/ros2_sensor_ws/install/tf2_py:/home/singh/ros2_sensor_ws/install/tf2_msgs:/home/singh/ros2_sensor_ws/install/tf2:${AMENT_PREFIX_PATH} CMAKE_PREFIX_PATH=/home/singh/ros2_sensor_ws/install/tf2_py:/home/singh/ros2_sensor_ws/install/tf2_msgs:/home/singh/ros2_sensor_ws/install/tf2:${CMAKE_PREFIX_PATH} LD_LIBRARY_PATH=/home/singh/ros2_sensor_ws/install/tf2_msgs/lib:/home/singh/ros2_sensor_ws/install/tf2/lib:${LD_LIBRARY_PATH} PYTHONPATH=/home/singh/ros2_sensor_ws/build/examples_tf2_py/prefix_override:/usr/lib/python3/dist-packages/colcon_core/task/python/colcon_distutils_commands:/home/singh/ros2_sensor_ws/install/examples_tf2_py/lib/python3.10/site-packages:/home/singh/ros2_sensor_ws/install/tf2_ros_py/lib/python3.10/site-packages:/home/singh/ros2_sensor_ws/install/tf2_py/local/lib/python3.10/dist-packages:/home/singh/ros2_sensor_ws/install/tf2_msgs/local/lib/python3.10/dist-packages:${PYTHONPATH} /usr/bin/python3 -W ignore:setup.py install is deprecated -W ignore:easy_install command is deprecated setup.py egg_info --egg-base ../../../build/examples_tf2_py build --build-base /home/singh/ros2_sensor_ws/build/examples_tf2_py/build install --record /home/singh/ros2_sensor_ws/build/examples_tf2_py/install.log --single-version-externally-managed install_data
