[0.097s] Invoking command in '/home/singh/ros2_sensor_ws/build/tf2_eigen_kdl': AMENT_PREFIX_PATH=/home/singh/ros2_sensor_ws/install/tf2:${AMENT_PREFIX_PATH} CMAKE_PREFIX_PATH=/home/singh/ros2_sensor_ws/install/tf2:/home/singh/ros2_ws2/install/my_robot_bringup:/home/singh/ros2_ws2/install/my_robot_description:/home/singh/rtab_ws/install/rtabmap_msgs:/home/singh/turtlebot_ws/install/turtlebot3_simulations:/home/singh/turtlebot_ws/install/turtlebot3_gazebo:/home/singh/turtlebot_ws/install/turtlebot3_fake_node:/home/singh/ros2_ws2/src/install/my_robot_bringup:/home/singh/ros2_ws2/src/install/my_robot_description:/home/singh/ros2_ws4/install/gazebo_parking:/home/singh/ros2_sensor_ws/install/my_sensor_description:/home/singh/ros2_sensor_ws/src/install/my_sensor_description:/home/singh/ros2_sensor_ws/src/install/tf2_sensor_msgs:/home/singh/rtab_ws/install/rtabmap_python:/opt/ros/humble LD_LIBRARY_PATH=/home/singh/ros2_sensor_ws/install/tf2/lib:${LD_LIBRARY_PATH} /usr/bin/cmake /home/singh/ros2_sensor_ws/src/geometry2/tf2_eigen_kdl -DCMAKE_INSTALL_PREFIX=/home/singh/ros2_sensor_ws/install/tf2_eigen_kdl
[0.225s] -- The C compiler identification is GNU 11.4.0
[0.612s] -- The CXX compiler identification is GNU 11.4.0
[0.898s] -- Detecting C compiler ABI info
[1.024s] -- Detecting C compiler ABI info - done
[1.035s] -- Check for working C compiler: /usr/bin/cc - skipped
[1.035s] -- Detecting C compile features
[1.035s] -- Detecting C compile features - done
[1.037s] -- Detecting CXX compiler ABI info
[1.187s] -- Detecting CXX compiler ABI info - done
[1.195s] -- Check for working CXX compiler: /usr/bin/c++ - skipped
[1.195s] -- Detecting CXX compile features
[1.195s] -- Detecting CXX compile features - done
[1.198s] -- Found ament_cmake: 1.3.11 (/opt/ros/humble/share/ament_cmake/cmake)
[1.379s] -- Found Python3: /usr/bin/python3 (found version "3.10.12") found components: Interpreter 
[1.538s] -- Found orocos_kdl_vendor: 0.2.5 (/opt/ros/humble/share/orocos_kdl_vendor/cmake)
[1.733s] -- Found eigen3_cmake_module: 0.1.1 (/opt/ros/humble/share/eigen3_cmake_module/cmake)
[1.736s] -- Found Eigen3: TRUE (found version "3.4.0") 
[1.736s] -- Ensuring Eigen3 include directory is part of orocos-kdl CMake target
[1.738s] -- Found tf2: 0.25.12 (/home/singh/ros2_sensor_ws/install/tf2/share/tf2/cmake)
[1.827s] -- Found rosidl_generator_c: 3.1.6 (/opt/ros/humble/share/rosidl_generator_c/cmake)
[1.832s] -- Found rosidl_adapter: 3.1.6 (/opt/ros/humble/share/rosidl_adapter/cmake)
[1.846s] -- Found rosidl_generator_cpp: 3.1.6 (/opt/ros/humble/share/rosidl_generator_cpp/cmake)
[1.859s] -- Using all available rosidl_typesupport_c: rosidl_typesupport_fastrtps_c;rosidl_typesupport_introspection_c
[1.875s] -- Using all available rosidl_typesupport_cpp: rosidl_typesupport_fastrtps_cpp;rosidl_typesupport_introspection_cpp
[1.920s] -- Found ament_lint_auto: 0.12.12 (/opt/ros/humble/share/ament_lint_auto/cmake)
[2.011s] -- Found gtest sources under '/opt/ros/humble/src/gtest_vendor': C++ tests using 'Google Test' will be built
[2.014s] -- Looking for pthread.h
[2.161s] -- Looking for pthread.h - found
[2.162s] -- Performing Test CMAKE_HAVE_LIBC_PTHREAD
[2.329s] -- Performing Test CMAKE_HAVE_LIBC_PTHREAD - Success
[2.330s] -- Found Threads: TRUE  
[2.334s] -- Added test 'copyright' to check source files copyright and LICENSE
[2.337s] -- Added test 'cppcheck' to perform static code analysis on C / C++ code
[2.337s] -- Configured cppcheck include dirs: $<BUILD_INTERFACE:/home/singh/ros2_sensor_ws/src/geometry2/tf2_eigen_kdl/include>
[2.338s] -- Configured cppcheck exclude dirs and/or files: 
[2.340s] -- Added test 'cpplint' to check C / C++ code against the Google style
[2.340s] -- Configured cpplint exclude dirs and/or files: 
[2.343s] -- Added test 'lint_cmake' to check CMake code style
[2.346s] -- Added test 'uncrustify' to check C / C++ code style
[2.347s] -- Configured uncrustify additional arguments: 
[2.348s] -- Added test 'xmllint' to check XML markup files
[2.352s] -- Configuring done
[2.366s] -- Generating done
[2.370s] -- Build files have been written to: /home/singh/ros2_sensor_ws/build/tf2_eigen_kdl
[2.380s] Invoked command in '/home/singh/ros2_sensor_ws/build/tf2_eigen_kdl' returned '0': AMENT_PREFIX_PATH=/home/singh/ros2_sensor_ws/install/tf2:${AMENT_PREFIX_PATH} CMAKE_PREFIX_PATH=/home/singh/ros2_sensor_ws/install/tf2:/home/singh/ros2_ws2/install/my_robot_bringup:/home/singh/ros2_ws2/install/my_robot_description:/home/singh/rtab_ws/install/rtabmap_msgs:/home/singh/turtlebot_ws/install/turtlebot3_simulations:/home/singh/turtlebot_ws/install/turtlebot3_gazebo:/home/singh/turtlebot_ws/install/turtlebot3_fake_node:/home/singh/ros2_ws2/src/install/my_robot_bringup:/home/singh/ros2_ws2/src/install/my_robot_description:/home/singh/ros2_ws4/install/gazebo_parking:/home/singh/ros2_sensor_ws/install/my_sensor_description:/home/singh/ros2_sensor_ws/src/install/my_sensor_description:/home/singh/ros2_sensor_ws/src/install/tf2_sensor_msgs:/home/singh/rtab_ws/install/rtabmap_python:/opt/ros/humble LD_LIBRARY_PATH=/home/singh/ros2_sensor_ws/install/tf2/lib:${LD_LIBRARY_PATH} /usr/bin/cmake /home/singh/ros2_sensor_ws/src/geometry2/tf2_eigen_kdl -DCMAKE_INSTALL_PREFIX=/home/singh/ros2_sensor_ws/install/tf2_eigen_kdl
[2.382s] Invoking command in '/home/singh/ros2_sensor_ws/build/tf2_eigen_kdl': AMENT_PREFIX_PATH=/home/singh/ros2_sensor_ws/install/tf2:${AMENT_PREFIX_PATH} CMAKE_PREFIX_PATH=/home/singh/ros2_sensor_ws/install/tf2:/home/singh/ros2_ws2/install/my_robot_bringup:/home/singh/ros2_ws2/install/my_robot_description:/home/singh/rtab_ws/install/rtabmap_msgs:/home/singh/turtlebot_ws/install/turtlebot3_simulations:/home/singh/turtlebot_ws/install/turtlebot3_gazebo:/home/singh/turtlebot_ws/install/turtlebot3_fake_node:/home/singh/ros2_ws2/src/install/my_robot_bringup:/home/singh/ros2_ws2/src/install/my_robot_description:/home/singh/ros2_ws4/install/gazebo_parking:/home/singh/ros2_sensor_ws/install/my_sensor_description:/home/singh/ros2_sensor_ws/src/install/my_sensor_description:/home/singh/ros2_sensor_ws/src/install/tf2_sensor_msgs:/home/singh/rtab_ws/install/rtabmap_python:/opt/ros/humble LD_LIBRARY_PATH=/home/singh/ros2_sensor_ws/install/tf2/lib:${LD_LIBRARY_PATH} /usr/bin/cmake --build /home/singh/ros2_sensor_ws/build/tf2_eigen_kdl -- -j12 -l12
[2.425s] [ 12%] [32mBuilding CXX object gtest/CMakeFiles/gtest.dir/src/gtest-all.cc.o[0m
[2.427s] [ 25%] [32mBuilding CXX object gtest/CMakeFiles/gtest_main.dir/src/gtest_main.cc.o[0m
[2.433s] [ 37%] [32mBuilding CXX object CMakeFiles/tf2_eigen_kdl.dir/src/tf2_eigen_kdl.cpp.o[0m
[3.536s] [ 50%] [32m[1mLinking CXX static library libgtest_main.a[0m
[3.607s] [ 50%] Built target gtest_main
[4.252s] [ 62%] [32m[1mLinking CXX shared library libtf2_eigen_kdl.so[0m
[4.677s] [ 62%] Built target tf2_eigen_kdl
[9.060s] [ 75%] [32m[1mLinking CXX static library libgtest.a[0m
[9.148s] [ 75%] Built target gtest
[9.181s] [ 87%] [32mBuilding CXX object CMakeFiles/tf2_eigen_kdl_test.dir/test/tf2_eigen_kdl_test.cpp.o[0m
[12.686s] [100%] [32m[1mLinking CXX executable tf2_eigen_kdl_test[0m
[12.912s] [100%] Built target tf2_eigen_kdl_test
[12.923s] Invoked command in '/home/singh/ros2_sensor_ws/build/tf2_eigen_kdl' returned '0': AMENT_PREFIX_PATH=/home/singh/ros2_sensor_ws/install/tf2:${AMENT_PREFIX_PATH} CMAKE_PREFIX_PATH=/home/singh/ros2_sensor_ws/install/tf2:/home/singh/ros2_ws2/install/my_robot_bringup:/home/singh/ros2_ws2/install/my_robot_description:/home/singh/rtab_ws/install/rtabmap_msgs:/home/singh/turtlebot_ws/install/turtlebot3_simulations:/home/singh/turtlebot_ws/install/turtlebot3_gazebo:/home/singh/turtlebot_ws/install/turtlebot3_fake_node:/home/singh/ros2_ws2/src/install/my_robot_bringup:/home/singh/ros2_ws2/src/install/my_robot_description:/home/singh/ros2_ws4/install/gazebo_parking:/home/singh/ros2_sensor_ws/install/my_sensor_description:/home/singh/ros2_sensor_ws/src/install/my_sensor_description:/home/singh/ros2_sensor_ws/src/install/tf2_sensor_msgs:/home/singh/rtab_ws/install/rtabmap_python:/opt/ros/humble LD_LIBRARY_PATH=/home/singh/ros2_sensor_ws/install/tf2/lib:${LD_LIBRARY_PATH} /usr/bin/cmake --build /home/singh/ros2_sensor_ws/build/tf2_eigen_kdl -- -j12 -l12
[12.926s] Invoking command in '/home/singh/ros2_sensor_ws/build/tf2_eigen_kdl': AMENT_PREFIX_PATH=/home/singh/ros2_sensor_ws/install/tf2:${AMENT_PREFIX_PATH} CMAKE_PREFIX_PATH=/home/singh/ros2_sensor_ws/install/tf2:/home/singh/ros2_ws2/install/my_robot_bringup:/home/singh/ros2_ws2/install/my_robot_description:/home/singh/rtab_ws/install/rtabmap_msgs:/home/singh/turtlebot_ws/install/turtlebot3_simulations:/home/singh/turtlebot_ws/install/turtlebot3_gazebo:/home/singh/turtlebot_ws/install/turtlebot3_fake_node:/home/singh/ros2_ws2/src/install/my_robot_bringup:/home/singh/ros2_ws2/src/install/my_robot_description:/home/singh/ros2_ws4/install/gazebo_parking:/home/singh/ros2_sensor_ws/install/my_sensor_description:/home/singh/ros2_sensor_ws/src/install/my_sensor_description:/home/singh/ros2_sensor_ws/src/install/tf2_sensor_msgs:/home/singh/rtab_ws/install/rtabmap_python:/opt/ros/humble LD_LIBRARY_PATH=/home/singh/ros2_sensor_ws/install/tf2/lib:${LD_LIBRARY_PATH} /usr/bin/cmake --install /home/singh/ros2_sensor_ws/build/tf2_eigen_kdl
[12.930s] -- Install configuration: ""
[12.930s] -- Installing: /home/singh/ros2_sensor_ws/install/tf2_eigen_kdl/include/tf2_eigen_kdl
[12.930s] -- Installing: /home/singh/ros2_sensor_ws/install/tf2_eigen_kdl/include/tf2_eigen_kdl/tf2_eigen_kdl
[12.930s] -- Installing: /home/singh/ros2_sensor_ws/install/tf2_eigen_kdl/include/tf2_eigen_kdl/tf2_eigen_kdl/tf2_eigen_kdl.hpp
[12.930s] -- Installing: /home/singh/ros2_sensor_ws/install/tf2_eigen_kdl/include/tf2_eigen_kdl/tf2_eigen_kdl/visibility_control.h
[12.931s] -- Installing: /home/singh/ros2_sensor_ws/install/tf2_eigen_kdl/lib/libtf2_eigen_kdl.so
[12.931s] -- Set runtime path of "/home/singh/ros2_sensor_ws/install/tf2_eigen_kdl/lib/libtf2_eigen_kdl.so" to ""
[12.932s] -- Installing: /home/singh/ros2_sensor_ws/install/tf2_eigen_kdl/share/tf2_eigen_kdl/environment/library_path.sh
[12.932s] -- Installing: /home/singh/ros2_sensor_ws/install/tf2_eigen_kdl/share/tf2_eigen_kdl/environment/library_path.dsv
[12.932s] -- Installing: /home/singh/ros2_sensor_ws/install/tf2_eigen_kdl/share/ament_index/resource_index/package_run_dependencies/tf2_eigen_kdl
[12.932s] -- Installing: /home/singh/ros2_sensor_ws/install/tf2_eigen_kdl/share/ament_index/resource_index/parent_prefix_path/tf2_eigen_kdl
[12.933s] -- Installing: /home/singh/ros2_sensor_ws/install/tf2_eigen_kdl/share/tf2_eigen_kdl/environment/ament_prefix_path.sh
[12.933s] -- Installing: /home/singh/ros2_sensor_ws/install/tf2_eigen_kdl/share/tf2_eigen_kdl/environment/ament_prefix_path.dsv
[12.933s] -- Installing: /home/singh/ros2_sensor_ws/install/tf2_eigen_kdl/share/tf2_eigen_kdl/environment/path.sh
[12.933s] -- Installing: /home/singh/ros2_sensor_ws/install/tf2_eigen_kdl/share/tf2_eigen_kdl/environment/path.dsv
[12.934s] -- Installing: /home/singh/ros2_sensor_ws/install/tf2_eigen_kdl/share/tf2_eigen_kdl/local_setup.bash
[12.934s] -- Installing: /home/singh/ros2_sensor_ws/install/tf2_eigen_kdl/share/tf2_eigen_kdl/local_setup.sh
[12.934s] -- Installing: /home/singh/ros2_sensor_ws/install/tf2_eigen_kdl/share/tf2_eigen_kdl/local_setup.zsh
[12.934s] -- Installing: /home/singh/ros2_sensor_ws/install/tf2_eigen_kdl/share/tf2_eigen_kdl/local_setup.dsv
[12.934s] -- Installing: /home/singh/ros2_sensor_ws/install/tf2_eigen_kdl/share/tf2_eigen_kdl/package.dsv
[12.935s] -- Installing: /home/singh/ros2_sensor_ws/install/tf2_eigen_kdl/share/ament_index/resource_index/packages/tf2_eigen_kdl
[12.935s] -- Installing: /home/singh/ros2_sensor_ws/install/tf2_eigen_kdl/share/tf2_eigen_kdl/cmake/export_tf2_eigen_kdlExport.cmake
[12.935s] -- Installing: /home/singh/ros2_sensor_ws/install/tf2_eigen_kdl/share/tf2_eigen_kdl/cmake/export_tf2_eigen_kdlExport-noconfig.cmake
[12.936s] -- Installing: /home/singh/ros2_sensor_ws/install/tf2_eigen_kdl/share/tf2_eigen_kdl/cmake/ament_cmake_export_dependencies-extras.cmake
[12.936s] -- Installing: /home/singh/ros2_sensor_ws/install/tf2_eigen_kdl/share/tf2_eigen_kdl/cmake/ament_cmake_export_include_directories-extras.cmake
[12.936s] -- Installing: /home/singh/ros2_sensor_ws/install/tf2_eigen_kdl/share/tf2_eigen_kdl/cmake/ament_cmake_export_libraries-extras.cmake
[12.936s] -- Installing: /home/singh/ros2_sensor_ws/install/tf2_eigen_kdl/share/tf2_eigen_kdl/cmake/ament_cmake_export_targets-extras.cmake
[12.936s] -- Installing: /home/singh/ros2_sensor_ws/install/tf2_eigen_kdl/share/tf2_eigen_kdl/cmake/tf2_eigen_kdlConfig.cmake
[12.936s] -- Installing: /home/singh/ros2_sensor_ws/install/tf2_eigen_kdl/share/tf2_eigen_kdl/cmake/tf2_eigen_kdlConfig-version.cmake
[12.936s] -- Installing: /home/singh/ros2_sensor_ws/install/tf2_eigen_kdl/share/tf2_eigen_kdl/package.xml
[12.939s] Invoked command in '/home/singh/ros2_sensor_ws/build/tf2_eigen_kdl' returned '0': AMENT_PREFIX_PATH=/home/singh/ros2_sensor_ws/install/tf2:${AMENT_PREFIX_PATH} CMAKE_PREFIX_PATH=/home/singh/ros2_sensor_ws/install/tf2:/home/singh/ros2_ws2/install/my_robot_bringup:/home/singh/ros2_ws2/install/my_robot_description:/home/singh/rtab_ws/install/rtabmap_msgs:/home/singh/turtlebot_ws/install/turtlebot3_simulations:/home/singh/turtlebot_ws/install/turtlebot3_gazebo:/home/singh/turtlebot_ws/install/turtlebot3_fake_node:/home/singh/ros2_ws2/src/install/my_robot_bringup:/home/singh/ros2_ws2/src/install/my_robot_description:/home/singh/ros2_ws4/install/gazebo_parking:/home/singh/ros2_sensor_ws/install/my_sensor_description:/home/singh/ros2_sensor_ws/src/install/my_sensor_description:/home/singh/ros2_sensor_ws/src/install/tf2_sensor_msgs:/home/singh/rtab_ws/install/rtabmap_python:/opt/ros/humble LD_LIBRARY_PATH=/home/singh/ros2_sensor_ws/install/tf2/lib:${LD_LIBRARY_PATH} /usr/bin/cmake --install /home/singh/ros2_sensor_ws/build/tf2_eigen_kdl
