[0.084s] Invoking command in '/home/singh/ros2_sensor_ws/build/tf2_py': AMENT_PREFIX_PATH=/home/singh/ros2_sensor_ws/install/tf2:${AMENT_PREFIX_PATH} CMAKE_PREFIX_PATH=/home/singh/ros2_sensor_ws/install/tf2:/home/singh/ros2_ws2/install/my_robot_bringup:/home/singh/ros2_ws2/install/my_robot_description:/home/singh/rtab_ws/install/rtabmap_msgs:/home/singh/turtlebot_ws/install/turtlebot3_simulations:/home/singh/turtlebot_ws/install/turtlebot3_gazebo:/home/singh/turtlebot_ws/install/turtlebot3_fake_node:/home/singh/ros2_ws2/src/install/my_robot_bringup:/home/singh/ros2_ws2/src/install/my_robot_description:/home/singh/ros2_ws4/install/gazebo_parking:/home/singh/ros2_sensor_ws/install/my_sensor_description:/home/singh/ros2_sensor_ws/src/install/my_sensor_description:/home/singh/ros2_sensor_ws/src/install/tf2_sensor_msgs:/home/singh/rtab_ws/install/rtabmap_python:/opt/ros/humble LD_LIBRARY_PATH=/home/singh/ros2_sensor_ws/install/tf2/lib:${LD_LIBRARY_PATH} /usr/bin/cmake /home/singh/ros2_sensor_ws/src/geometry2/tf2_py -DCMAKE_INSTALL_PREFIX=/home/singh/ros2_sensor_ws/install/tf2_py
[0.199s] -- The C compiler identification is GNU 11.4.0
[0.580s] -- The CXX compiler identification is GNU 11.4.0
[0.898s] -- Detecting C compiler ABI info
[1.021s] -- Detecting C compiler ABI info - done
[1.026s] -- Check for working C compiler: /usr/bin/cc - skipped
[1.027s] -- Detecting C compile features
[1.028s] -- Detecting C compile features - done
[1.033s] -- Detecting CXX compiler ABI info
[1.174s] -- Detecting CXX compiler ABI info - done
[1.180s] -- Check for working CXX compiler: /usr/bin/c++ - skipped
[1.181s] -- Detecting CXX compile features
[1.181s] -- Detecting CXX compile features - done
[1.489s] -- Found Python3: /usr/bin/python3 (found version "3.10.12") found components: Interpreter Development Development.Module Development.Embed 
[1.491s] -- Found ament_cmake: 1.3.11 (/opt/ros/humble/share/ament_cmake/cmake)
[1.629s] -- Found geometry_msgs: 4.8.0 (/opt/ros/humble/share/geometry_msgs/cmake)
[1.791s] -- Found rosidl_generator_c: 3.1.6 (/opt/ros/humble/share/rosidl_generator_c/cmake)
[1.800s] -- Found rosidl_adapter: 3.1.6 (/opt/ros/humble/share/rosidl_adapter/cmake)
[1.811s] -- Found rosidl_generator_cpp: 3.1.6 (/opt/ros/humble/share/rosidl_generator_cpp/cmake)
[1.830s] -- Using all available rosidl_typesupport_c: rosidl_typesupport_fastrtps_c;rosidl_typesupport_introspection_c
[1.851s] -- Using all available rosidl_typesupport_cpp: rosidl_typesupport_fastrtps_cpp;rosidl_typesupport_introspection_cpp
[1.900s] -- Found tf2: 0.25.12 (/home/singh/ros2_sensor_ws/install/tf2/share/tf2/cmake)
[2.008s] -- Found ament_lint_auto: 0.12.12 (/opt/ros/humble/share/ament_lint_auto/cmake)
[2.541s] -- Added test 'cppcheck' to perform static code analysis on C / C++ code
[2.541s] -- Configured cppcheck include dirs: 
[2.541s] -- Configured cppcheck exclude dirs and/or files: 
[2.543s] -- Added test 'flake8' to check Python code syntax and style conventions
[2.543s] -- Added test 'lint_cmake' to check CMake code style
[2.544s] -- Added test 'pep257' to check Python code against some of the docstring style conventions in PEP 257
[2.546s] -- Added test 'uncrustify' to check C / C++ code style
[2.546s] -- Configured uncrustify additional arguments: 
[2.548s] -- Added test 'xmllint' to check XML markup files
[2.550s] -- Configuring done
[2.562s] -- Generating done
[2.565s] -- Build files have been written to: /home/singh/ros2_sensor_ws/build/tf2_py
[2.576s] Invoked command in '/home/singh/ros2_sensor_ws/build/tf2_py' returned '0': AMENT_PREFIX_PATH=/home/singh/ros2_sensor_ws/install/tf2:${AMENT_PREFIX_PATH} CMAKE_PREFIX_PATH=/home/singh/ros2_sensor_ws/install/tf2:/home/singh/ros2_ws2/install/my_robot_bringup:/home/singh/ros2_ws2/install/my_robot_description:/home/singh/rtab_ws/install/rtabmap_msgs:/home/singh/turtlebot_ws/install/turtlebot3_simulations:/home/singh/turtlebot_ws/install/turtlebot3_gazebo:/home/singh/turtlebot_ws/install/turtlebot3_fake_node:/home/singh/ros2_ws2/src/install/my_robot_bringup:/home/singh/ros2_ws2/src/install/my_robot_description:/home/singh/ros2_ws4/install/gazebo_parking:/home/singh/ros2_sensor_ws/install/my_sensor_description:/home/singh/ros2_sensor_ws/src/install/my_sensor_description:/home/singh/ros2_sensor_ws/src/install/tf2_sensor_msgs:/home/singh/rtab_ws/install/rtabmap_python:/opt/ros/humble LD_LIBRARY_PATH=/home/singh/ros2_sensor_ws/install/tf2/lib:${LD_LIBRARY_PATH} /usr/bin/cmake /home/singh/ros2_sensor_ws/src/geometry2/tf2_py -DCMAKE_INSTALL_PREFIX=/home/singh/ros2_sensor_ws/install/tf2_py
[2.579s] Invoking command in '/home/singh/ros2_sensor_ws/build/tf2_py': AMENT_PREFIX_PATH=/home/singh/ros2_sensor_ws/install/tf2:${AMENT_PREFIX_PATH} CMAKE_PREFIX_PATH=/home/singh/ros2_sensor_ws/install/tf2:/home/singh/ros2_ws2/install/my_robot_bringup:/home/singh/ros2_ws2/install/my_robot_description:/home/singh/rtab_ws/install/rtabmap_msgs:/home/singh/turtlebot_ws/install/turtlebot3_simulations:/home/singh/turtlebot_ws/install/turtlebot3_gazebo:/home/singh/turtlebot_ws/install/turtlebot3_fake_node:/home/singh/ros2_ws2/src/install/my_robot_bringup:/home/singh/ros2_ws2/src/install/my_robot_description:/home/singh/ros2_ws4/install/gazebo_parking:/home/singh/ros2_sensor_ws/install/my_sensor_description:/home/singh/ros2_sensor_ws/src/install/my_sensor_description:/home/singh/ros2_sensor_ws/src/install/tf2_sensor_msgs:/home/singh/rtab_ws/install/rtabmap_python:/opt/ros/humble LD_LIBRARY_PATH=/home/singh/ros2_sensor_ws/install/tf2/lib:${LD_LIBRARY_PATH} /usr/bin/cmake --build /home/singh/ros2_sensor_ws/build/tf2_py -- -j12 -l12
[2.638s] [ 50%] [32mBuilding CXX object CMakeFiles/_tf2_py.dir/src/tf2_py.cpp.o[0m
[2.643s] [ 50%] Built target ament_cmake_python_copy_tf2_py
[3.060s] running egg_info
[3.061s] creating tf2_py.egg-info
[3.061s] writing tf2_py.egg-info/PKG-INFO
[3.061s] writing dependency_links to tf2_py.egg-info/dependency_links.txt
[3.062s] writing top-level names to tf2_py.egg-info/top_level.txt
[3.062s] writing manifest file 'tf2_py.egg-info/SOURCES.txt'
[3.067s] reading manifest file 'tf2_py.egg-info/SOURCES.txt'
[3.069s] writing manifest file 'tf2_py.egg-info/SOURCES.txt'
[3.115s] [ 50%] Built target ament_cmake_python_build_tf2_py_egg
[3.986s] [100%] [32m[1mLinking CXX shared module test_tf2_py/_tf2_py.so[0m
[4.374s] [100%] Built target _tf2_py
[4.395s] Invoked command in '/home/singh/ros2_sensor_ws/build/tf2_py' returned '0': AMENT_PREFIX_PATH=/home/singh/ros2_sensor_ws/install/tf2:${AMENT_PREFIX_PATH} CMAKE_PREFIX_PATH=/home/singh/ros2_sensor_ws/install/tf2:/home/singh/ros2_ws2/install/my_robot_bringup:/home/singh/ros2_ws2/install/my_robot_description:/home/singh/rtab_ws/install/rtabmap_msgs:/home/singh/turtlebot_ws/install/turtlebot3_simulations:/home/singh/turtlebot_ws/install/turtlebot3_gazebo:/home/singh/turtlebot_ws/install/turtlebot3_fake_node:/home/singh/ros2_ws2/src/install/my_robot_bringup:/home/singh/ros2_ws2/src/install/my_robot_description:/home/singh/ros2_ws4/install/gazebo_parking:/home/singh/ros2_sensor_ws/install/my_sensor_description:/home/singh/ros2_sensor_ws/src/install/my_sensor_description:/home/singh/ros2_sensor_ws/src/install/tf2_sensor_msgs:/home/singh/rtab_ws/install/rtabmap_python:/opt/ros/humble LD_LIBRARY_PATH=/home/singh/ros2_sensor_ws/install/tf2/lib:${LD_LIBRARY_PATH} /usr/bin/cmake --build /home/singh/ros2_sensor_ws/build/tf2_py -- -j12 -l12
[4.395s] Invoking command in '/home/singh/ros2_sensor_ws/build/tf2_py': AMENT_PREFIX_PATH=/home/singh/ros2_sensor_ws/install/tf2:${AMENT_PREFIX_PATH} CMAKE_PREFIX_PATH=/home/singh/ros2_sensor_ws/install/tf2:/home/singh/ros2_ws2/install/my_robot_bringup:/home/singh/ros2_ws2/install/my_robot_description:/home/singh/rtab_ws/install/rtabmap_msgs:/home/singh/turtlebot_ws/install/turtlebot3_simulations:/home/singh/turtlebot_ws/install/turtlebot3_gazebo:/home/singh/turtlebot_ws/install/turtlebot3_fake_node:/home/singh/ros2_ws2/src/install/my_robot_bringup:/home/singh/ros2_ws2/src/install/my_robot_description:/home/singh/ros2_ws4/install/gazebo_parking:/home/singh/ros2_sensor_ws/install/my_sensor_description:/home/singh/ros2_sensor_ws/src/install/my_sensor_description:/home/singh/ros2_sensor_ws/src/install/tf2_sensor_msgs:/home/singh/rtab_ws/install/rtabmap_python:/opt/ros/humble LD_LIBRARY_PATH=/home/singh/ros2_sensor_ws/install/tf2/lib:${LD_LIBRARY_PATH} /usr/bin/cmake --install /home/singh/ros2_sensor_ws/build/tf2_py
[4.431s] -- Install configuration: ""
[4.432s] -- Installing: /home/singh/ros2_sensor_ws/install/tf2_py/share/tf2_py/environment/pythonpath.sh
[4.433s] -- Installing: /home/singh/ros2_sensor_ws/install/tf2_py/share/tf2_py/environment/pythonpath.dsv
[4.433s] -- Installing: /home/singh/ros2_sensor_ws/install/tf2_py/local/lib/python3.10/dist-packages/tf2_py-0.25.12-py3.10.egg-info
[4.433s] -- Installing: /home/singh/ros2_sensor_ws/install/tf2_py/local/lib/python3.10/dist-packages/tf2_py-0.25.12-py3.10.egg-info/top_level.txt
[4.434s] -- Installing: /home/singh/ros2_sensor_ws/install/tf2_py/local/lib/python3.10/dist-packages/tf2_py-0.25.12-py3.10.egg-info/SOURCES.txt
[4.434s] -- Installing: /home/singh/ros2_sensor_ws/install/tf2_py/local/lib/python3.10/dist-packages/tf2_py-0.25.12-py3.10.egg-info/dependency_links.txt
[4.434s] -- Installing: /home/singh/ros2_sensor_ws/install/tf2_py/local/lib/python3.10/dist-packages/tf2_py-0.25.12-py3.10.egg-info/PKG-INFO
[4.434s] -- Installing: /home/singh/ros2_sensor_ws/install/tf2_py/local/lib/python3.10/dist-packages/tf2_py
[4.434s] -- Installing: /home/singh/ros2_sensor_ws/install/tf2_py/local/lib/python3.10/dist-packages/tf2_py/__init__.py
[4.576s] Listing '/home/singh/ros2_sensor_ws/install/tf2_py/local/lib/python3.10/dist-packages/tf2_py'...
[4.576s] Compiling '/home/singh/ros2_sensor_ws/install/tf2_py/local/lib/python3.10/dist-packages/tf2_py/__init__.py'...
[4.600s] -- Installing: /home/singh/ros2_sensor_ws/install/tf2_py/local/lib/python3.10/dist-packages/tf2_py/_tf2_py.so
[4.600s] -- Set runtime path of "/home/singh/ros2_sensor_ws/install/tf2_py/local/lib/python3.10/dist-packages/tf2_py/_tf2_py.so" to ""
[4.601s] -- Installing: /home/singh/ros2_sensor_ws/install/tf2_py/share/ament_index/resource_index/package_run_dependencies/tf2_py
[4.601s] -- Installing: /home/singh/ros2_sensor_ws/install/tf2_py/share/ament_index/resource_index/parent_prefix_path/tf2_py
[4.602s] -- Installing: /home/singh/ros2_sensor_ws/install/tf2_py/share/tf2_py/environment/ament_prefix_path.sh
[4.602s] -- Installing: /home/singh/ros2_sensor_ws/install/tf2_py/share/tf2_py/environment/ament_prefix_path.dsv
[4.602s] -- Installing: /home/singh/ros2_sensor_ws/install/tf2_py/share/tf2_py/environment/path.sh
[4.603s] -- Installing: /home/singh/ros2_sensor_ws/install/tf2_py/share/tf2_py/environment/path.dsv
[4.603s] -- Installing: /home/singh/ros2_sensor_ws/install/tf2_py/share/tf2_py/local_setup.bash
[4.603s] -- Installing: /home/singh/ros2_sensor_ws/install/tf2_py/share/tf2_py/local_setup.sh
[4.603s] -- Installing: /home/singh/ros2_sensor_ws/install/tf2_py/share/tf2_py/local_setup.zsh
[4.604s] -- Installing: /home/singh/ros2_sensor_ws/install/tf2_py/share/tf2_py/local_setup.dsv
[4.605s] -- Installing: /home/singh/ros2_sensor_ws/install/tf2_py/share/tf2_py/package.dsv
[4.608s] -- Installing: /home/singh/ros2_sensor_ws/install/tf2_py/share/ament_index/resource_index/packages/tf2_py
[4.609s] -- Installing: /home/singh/ros2_sensor_ws/install/tf2_py/share/tf2_py/cmake/tf2_pyConfig.cmake
[4.610s] -- Installing: /home/singh/ros2_sensor_ws/install/tf2_py/share/tf2_py/cmake/tf2_pyConfig-version.cmake
[4.611s] -- Installing: /home/singh/ros2_sensor_ws/install/tf2_py/share/tf2_py/package.xml
[4.624s] Invoked command in '/home/singh/ros2_sensor_ws/build/tf2_py' returned '0': AMENT_PREFIX_PATH=/home/singh/ros2_sensor_ws/install/tf2:${AMENT_PREFIX_PATH} CMAKE_PREFIX_PATH=/home/singh/ros2_sensor_ws/install/tf2:/home/singh/ros2_ws2/install/my_robot_bringup:/home/singh/ros2_ws2/install/my_robot_description:/home/singh/rtab_ws/install/rtabmap_msgs:/home/singh/turtlebot_ws/install/turtlebot3_simulations:/home/singh/turtlebot_ws/install/turtlebot3_gazebo:/home/singh/turtlebot_ws/install/turtlebot3_fake_node:/home/singh/ros2_ws2/src/install/my_robot_bringup:/home/singh/ros2_ws2/src/install/my_robot_description:/home/singh/ros2_ws4/install/gazebo_parking:/home/singh/ros2_sensor_ws/install/my_sensor_description:/home/singh/ros2_sensor_ws/src/install/my_sensor_description:/home/singh/ros2_sensor_ws/src/install/tf2_sensor_msgs:/home/singh/rtab_ws/install/rtabmap_python:/opt/ros/humble LD_LIBRARY_PATH=/home/singh/ros2_sensor_ws/install/tf2/lib:${LD_LIBRARY_PATH} /usr/bin/cmake --install /home/singh/ros2_sensor_ws/build/tf2_py
