[0.262s] Invoking command in '/home/singh/ros2_sensor_ws/build/tf2_kdl': AMENT_PREFIX_PATH=/home/singh/ros2_sensor_ws/install/tf2_ros_py:/home/singh/ros2_sensor_ws/install/tf2_ros:/home/singh/ros2_sensor_ws/install/tf2_py:/home/singh/ros2_sensor_ws/install/tf2_msgs:/home/singh/ros2_sensor_ws/install/tf2:${AMENT_PREFIX_PATH} CMAKE_PREFIX_PATH=/home/singh/ros2_sensor_ws/install/tf2_ros:/home/singh/ros2_sensor_ws/install/tf2_py:/home/singh/ros2_sensor_ws/install/tf2_msgs:/home/singh/ros2_sensor_ws/install/tf2:/home/singh/ros2_ws2/install/my_robot_bringup:/home/singh/ros2_ws2/install/my_robot_description:/home/singh/rtab_ws/install/rtabmap_msgs:/home/singh/turtlebot_ws/install/turtlebot3_simulations:/home/singh/turtlebot_ws/install/turtlebot3_gazebo:/home/singh/turtlebot_ws/install/turtlebot3_fake_node:/home/singh/ros2_ws2/src/install/my_robot_bringup:/home/singh/ros2_ws2/src/install/my_robot_description:/home/singh/ros2_ws4/install/gazebo_parking:/home/singh/ros2_sensor_ws/install/my_sensor_description:/home/singh/ros2_sensor_ws/src/install/my_sensor_description:/home/singh/ros2_sensor_ws/src/install/tf2_sensor_msgs:/home/singh/rtab_ws/install/rtabmap_python:/opt/ros/humble LD_LIBRARY_PATH=/home/singh/ros2_sensor_ws/install/tf2_ros/lib:/home/singh/ros2_sensor_ws/install/tf2_msgs/lib:/home/singh/ros2_sensor_ws/install/tf2/lib:${LD_LIBRARY_PATH} PYTHONPATH=/home/singh/ros2_sensor_ws/install/tf2_ros_py/lib/python3.10/site-packages:/home/singh/ros2_sensor_ws/install/tf2_py/local/lib/python3.10/dist-packages:/home/singh/ros2_sensor_ws/install/tf2_msgs/local/lib/python3.10/dist-packages:${PYTHONPATH} /usr/bin/cmake /home/singh/ros2_sensor_ws/src/geometry2/tf2_kdl -DCMAKE_INSTALL_PREFIX=/home/singh/ros2_sensor_ws/install/tf2_kdl
[0.374s] -- The C compiler identification is GNU 11.4.0
[0.758s] -- The CXX compiler identification is GNU 11.4.0
[1.071s] -- Detecting C compiler ABI info
[1.193s] -- Detecting C compiler ABI info - done
[1.201s] -- Check for working C compiler: /usr/bin/cc - skipped
[1.201s] -- Detecting C compile features
[1.202s] -- Detecting C compile features - done
[1.208s] -- Detecting CXX compiler ABI info
[1.346s] -- Detecting CXX compiler ABI info - done
[1.358s] -- Check for working CXX compiler: /usr/bin/c++ - skipped
[1.358s] -- Detecting CXX compile features
[1.358s] -- Detecting CXX compile features - done
[1.369s] -- Found ament_cmake: 1.3.11 (/opt/ros/humble/share/ament_cmake/cmake)
[1.623s] -- Found Python3: /usr/bin/python3 (found version "3.10.12") found components: Interpreter 
[1.840s] -- Found builtin_interfaces: 1.2.1 (/opt/ros/humble/share/builtin_interfaces/cmake)
[2.020s] -- Found rosidl_generator_c: 3.1.6 (/opt/ros/humble/share/rosidl_generator_c/cmake)
[2.029s] -- Found rosidl_adapter: 3.1.6 (/opt/ros/humble/share/rosidl_adapter/cmake)
[2.042s] -- Found rosidl_generator_cpp: 3.1.6 (/opt/ros/humble/share/rosidl_generator_cpp/cmake)
[2.075s] -- Using all available rosidl_typesupport_c: rosidl_typesupport_fastrtps_c;rosidl_typesupport_introspection_c
[2.103s] -- Using all available rosidl_typesupport_cpp: rosidl_typesupport_fastrtps_cpp;rosidl_typesupport_introspection_cpp
[2.127s] -- Found geometry_msgs: 4.8.0 (/opt/ros/humble/share/geometry_msgs/cmake)
[2.167s] -- Found orocos_kdl_vendor: 0.2.5 (/opt/ros/humble/share/orocos_kdl_vendor/cmake)
[2.216s] -- Found eigen3_cmake_module: 0.1.1 (/opt/ros/humble/share/eigen3_cmake_module/cmake)
[2.219s] -- Found Eigen3: TRUE (found version "3.4.0") 
[2.219s] -- Ensuring Eigen3 include directory is part of orocos-kdl CMake target
[2.220s] -- Found tf2: 0.25.12 (/home/singh/ros2_sensor_ws/install/tf2/share/tf2/cmake)
[2.227s] -- Found tf2_ros: 0.25.12 (/home/singh/ros2_sensor_ws/install/tf2_ros/share/tf2_ros/cmake)
[2.299s] -- Found rmw_implementation_cmake: 6.1.2 (/opt/ros/humble/share/rmw_implementation_cmake/cmake)
[2.306s] -- Found rmw_cyclonedds_cpp: 1.3.4 (/opt/ros/humble/share/rmw_cyclonedds_cpp/cmake)
[2.354s] -- Using RMW implementation 'rmw_cyclonedds_cpp' as default
[2.372s] -- Looking for pthread.h
[2.489s] -- Looking for pthread.h - found
[2.490s] -- Performing Test CMAKE_HAVE_LIBC_PTHREAD
[2.609s] -- Performing Test CMAKE_HAVE_LIBC_PTHREAD - Success
[2.611s] -- Found Threads: TRUE  
[2.894s] -- Found ament_cmake_gtest: 1.3.11 (/opt/ros/humble/share/ament_cmake_gtest/cmake)
[2.896s] -- Found gtest sources under '/opt/ros/humble/src/gtest_vendor': C++ tests using 'Google Test' will be built
[2.993s] -- Configuring done
[3.024s] -- Generating done
[3.032s] -- Build files have been written to: /home/singh/ros2_sensor_ws/build/tf2_kdl
[3.048s] Invoked command in '/home/singh/ros2_sensor_ws/build/tf2_kdl' returned '0': AMENT_PREFIX_PATH=/home/singh/ros2_sensor_ws/install/tf2_ros_py:/home/singh/ros2_sensor_ws/install/tf2_ros:/home/singh/ros2_sensor_ws/install/tf2_py:/home/singh/ros2_sensor_ws/install/tf2_msgs:/home/singh/ros2_sensor_ws/install/tf2:${AMENT_PREFIX_PATH} CMAKE_PREFIX_PATH=/home/singh/ros2_sensor_ws/install/tf2_ros:/home/singh/ros2_sensor_ws/install/tf2_py:/home/singh/ros2_sensor_ws/install/tf2_msgs:/home/singh/ros2_sensor_ws/install/tf2:/home/singh/ros2_ws2/install/my_robot_bringup:/home/singh/ros2_ws2/install/my_robot_description:/home/singh/rtab_ws/install/rtabmap_msgs:/home/singh/turtlebot_ws/install/turtlebot3_simulations:/home/singh/turtlebot_ws/install/turtlebot3_gazebo:/home/singh/turtlebot_ws/install/turtlebot3_fake_node:/home/singh/ros2_ws2/src/install/my_robot_bringup:/home/singh/ros2_ws2/src/install/my_robot_description:/home/singh/ros2_ws4/install/gazebo_parking:/home/singh/ros2_sensor_ws/install/my_sensor_description:/home/singh/ros2_sensor_ws/src/install/my_sensor_description:/home/singh/ros2_sensor_ws/src/install/tf2_sensor_msgs:/home/singh/rtab_ws/install/rtabmap_python:/opt/ros/humble LD_LIBRARY_PATH=/home/singh/ros2_sensor_ws/install/tf2_ros/lib:/home/singh/ros2_sensor_ws/install/tf2_msgs/lib:/home/singh/ros2_sensor_ws/install/tf2/lib:${LD_LIBRARY_PATH} PYTHONPATH=/home/singh/ros2_sensor_ws/install/tf2_ros_py/lib/python3.10/site-packages:/home/singh/ros2_sensor_ws/install/tf2_py/local/lib/python3.10/dist-packages:/home/singh/ros2_sensor_ws/install/tf2_msgs/local/lib/python3.10/dist-packages:${PYTHONPATH} /usr/bin/cmake /home/singh/ros2_sensor_ws/src/geometry2/tf2_kdl -DCMAKE_INSTALL_PREFIX=/home/singh/ros2_sensor_ws/install/tf2_kdl
[3.051s] Invoking command in '/home/singh/ros2_sensor_ws/build/tf2_kdl': AMENT_PREFIX_PATH=/home/singh/ros2_sensor_ws/install/tf2_ros_py:/home/singh/ros2_sensor_ws/install/tf2_ros:/home/singh/ros2_sensor_ws/install/tf2_py:/home/singh/ros2_sensor_ws/install/tf2_msgs:/home/singh/ros2_sensor_ws/install/tf2:${AMENT_PREFIX_PATH} CMAKE_PREFIX_PATH=/home/singh/ros2_sensor_ws/install/tf2_ros:/home/singh/ros2_sensor_ws/install/tf2_py:/home/singh/ros2_sensor_ws/install/tf2_msgs:/home/singh/ros2_sensor_ws/install/tf2:/home/singh/ros2_ws2/install/my_robot_bringup:/home/singh/ros2_ws2/install/my_robot_description:/home/singh/rtab_ws/install/rtabmap_msgs:/home/singh/turtlebot_ws/install/turtlebot3_simulations:/home/singh/turtlebot_ws/install/turtlebot3_gazebo:/home/singh/turtlebot_ws/install/turtlebot3_fake_node:/home/singh/ros2_ws2/src/install/my_robot_bringup:/home/singh/ros2_ws2/src/install/my_robot_description:/home/singh/ros2_ws4/install/gazebo_parking:/home/singh/ros2_sensor_ws/install/my_sensor_description:/home/singh/ros2_sensor_ws/src/install/my_sensor_description:/home/singh/ros2_sensor_ws/src/install/tf2_sensor_msgs:/home/singh/rtab_ws/install/rtabmap_python:/opt/ros/humble LD_LIBRARY_PATH=/home/singh/ros2_sensor_ws/install/tf2_ros/lib:/home/singh/ros2_sensor_ws/install/tf2_msgs/lib:/home/singh/ros2_sensor_ws/install/tf2/lib:${LD_LIBRARY_PATH} PYTHONPATH=/home/singh/ros2_sensor_ws/install/tf2_ros_py/lib/python3.10/site-packages:/home/singh/ros2_sensor_ws/install/tf2_py/local/lib/python3.10/dist-packages:/home/singh/ros2_sensor_ws/install/tf2_msgs/local/lib/python3.10/dist-packages:${PYTHONPATH} /usr/bin/cmake --build /home/singh/ros2_sensor_ws/build/tf2_kdl -- -j12 -l12
[3.102s] [ 16%] [32mBuilding CXX object gtest/CMakeFiles/gtest_main.dir/src/gtest_main.cc.o[0m
[3.108s] [ 33%] [32mBuilding CXX object gtest/CMakeFiles/gtest.dir/src/gtest-all.cc.o[0m
[3.114s] [ 33%] Built target ament_cmake_python_copy_tf2_kdl
[3.857s] running egg_info
[3.859s] creating tf2_kdl.egg-info
[3.859s] writing tf2_kdl.egg-info/PKG-INFO
[3.859s] writing dependency_links to tf2_kdl.egg-info/dependency_links.txt
[3.859s] writing top-level names to tf2_kdl.egg-info/top_level.txt
[3.859s] writing manifest file 'tf2_kdl.egg-info/SOURCES.txt'
[3.863s] reading manifest file 'tf2_kdl.egg-info/SOURCES.txt'
[3.865s] writing manifest file 'tf2_kdl.egg-info/SOURCES.txt'
[3.918s] [ 33%] Built target ament_cmake_python_build_tf2_kdl_egg
[4.175s] [ 50%] [32m[1mLinking CXX static library libgtest_main.a[0m
[4.213s] [ 50%] Built target gtest_main
[8.839s] [ 66%] [32m[1mLinking CXX static library libgtest.a[0m
[8.935s] [ 66%] Built target gtest
[8.964s] [ 83%] [32mBuilding CXX object CMakeFiles/test_kdl.dir/test/test_tf2_kdl.cpp.o[0m
[17.707s] [100%] [32m[1mLinking CXX executable test_kdl[0m
[18.490s] [100%] Built target test_kdl
[18.517s] Invoked command in '/home/singh/ros2_sensor_ws/build/tf2_kdl' returned '0': AMENT_PREFIX_PATH=/home/singh/ros2_sensor_ws/install/tf2_ros_py:/home/singh/ros2_sensor_ws/install/tf2_ros:/home/singh/ros2_sensor_ws/install/tf2_py:/home/singh/ros2_sensor_ws/install/tf2_msgs:/home/singh/ros2_sensor_ws/install/tf2:${AMENT_PREFIX_PATH} CMAKE_PREFIX_PATH=/home/singh/ros2_sensor_ws/install/tf2_ros:/home/singh/ros2_sensor_ws/install/tf2_py:/home/singh/ros2_sensor_ws/install/tf2_msgs:/home/singh/ros2_sensor_ws/install/tf2:/home/singh/ros2_ws2/install/my_robot_bringup:/home/singh/ros2_ws2/install/my_robot_description:/home/singh/rtab_ws/install/rtabmap_msgs:/home/singh/turtlebot_ws/install/turtlebot3_simulations:/home/singh/turtlebot_ws/install/turtlebot3_gazebo:/home/singh/turtlebot_ws/install/turtlebot3_fake_node:/home/singh/ros2_ws2/src/install/my_robot_bringup:/home/singh/ros2_ws2/src/install/my_robot_description:/home/singh/ros2_ws4/install/gazebo_parking:/home/singh/ros2_sensor_ws/install/my_sensor_description:/home/singh/ros2_sensor_ws/src/install/my_sensor_description:/home/singh/ros2_sensor_ws/src/install/tf2_sensor_msgs:/home/singh/rtab_ws/install/rtabmap_python:/opt/ros/humble LD_LIBRARY_PATH=/home/singh/ros2_sensor_ws/install/tf2_ros/lib:/home/singh/ros2_sensor_ws/install/tf2_msgs/lib:/home/singh/ros2_sensor_ws/install/tf2/lib:${LD_LIBRARY_PATH} PYTHONPATH=/home/singh/ros2_sensor_ws/install/tf2_ros_py/lib/python3.10/site-packages:/home/singh/ros2_sensor_ws/install/tf2_py/local/lib/python3.10/dist-packages:/home/singh/ros2_sensor_ws/install/tf2_msgs/local/lib/python3.10/dist-packages:${PYTHONPATH} /usr/bin/cmake --build /home/singh/ros2_sensor_ws/build/tf2_kdl -- -j12 -l12
[18.523s] Invoking command in '/home/singh/ros2_sensor_ws/build/tf2_kdl': AMENT_PREFIX_PATH=/home/singh/ros2_sensor_ws/install/tf2_ros_py:/home/singh/ros2_sensor_ws/install/tf2_ros:/home/singh/ros2_sensor_ws/install/tf2_py:/home/singh/ros2_sensor_ws/install/tf2_msgs:/home/singh/ros2_sensor_ws/install/tf2:${AMENT_PREFIX_PATH} CMAKE_PREFIX_PATH=/home/singh/ros2_sensor_ws/install/tf2_ros:/home/singh/ros2_sensor_ws/install/tf2_py:/home/singh/ros2_sensor_ws/install/tf2_msgs:/home/singh/ros2_sensor_ws/install/tf2:/home/singh/ros2_ws2/install/my_robot_bringup:/home/singh/ros2_ws2/install/my_robot_description:/home/singh/rtab_ws/install/rtabmap_msgs:/home/singh/turtlebot_ws/install/turtlebot3_simulations:/home/singh/turtlebot_ws/install/turtlebot3_gazebo:/home/singh/turtlebot_ws/install/turtlebot3_fake_node:/home/singh/ros2_ws2/src/install/my_robot_bringup:/home/singh/ros2_ws2/src/install/my_robot_description:/home/singh/ros2_ws4/install/gazebo_parking:/home/singh/ros2_sensor_ws/install/my_sensor_description:/home/singh/ros2_sensor_ws/src/install/my_sensor_description:/home/singh/ros2_sensor_ws/src/install/tf2_sensor_msgs:/home/singh/rtab_ws/install/rtabmap_python:/opt/ros/humble LD_LIBRARY_PATH=/home/singh/ros2_sensor_ws/install/tf2_ros/lib:/home/singh/ros2_sensor_ws/install/tf2_msgs/lib:/home/singh/ros2_sensor_ws/install/tf2/lib:${LD_LIBRARY_PATH} PYTHONPATH=/home/singh/ros2_sensor_ws/install/tf2_ros_py/lib/python3.10/site-packages:/home/singh/ros2_sensor_ws/install/tf2_py/local/lib/python3.10/dist-packages:/home/singh/ros2_sensor_ws/install/tf2_msgs/local/lib/python3.10/dist-packages:${PYTHONPATH} /usr/bin/cmake --install /home/singh/ros2_sensor_ws/build/tf2_kdl
[18.530s] -- Install configuration: ""
[18.530s] -- Installing: /home/singh/ros2_sensor_ws/install/tf2_kdl/share/tf2_kdl/environment/pythonpath.sh
[18.531s] -- Installing: /home/singh/ros2_sensor_ws/install/tf2_kdl/share/tf2_kdl/environment/pythonpath.dsv
[18.531s] -- Installing: /home/singh/ros2_sensor_ws/install/tf2_kdl/local/lib/python3.10/dist-packages/tf2_kdl-0.25.12-py3.10.egg-info
[18.532s] -- Installing: /home/singh/ros2_sensor_ws/install/tf2_kdl/local/lib/python3.10/dist-packages/tf2_kdl-0.25.12-py3.10.egg-info/top_level.txt
[18.533s] -- Installing: /home/singh/ros2_sensor_ws/install/tf2_kdl/local/lib/python3.10/dist-packages/tf2_kdl-0.25.12-py3.10.egg-info/SOURCES.txt
[18.533s] -- Installing: /home/singh/ros2_sensor_ws/install/tf2_kdl/local/lib/python3.10/dist-packages/tf2_kdl-0.25.12-py3.10.egg-info/dependency_links.txt
[18.533s] -- Installing: /home/singh/ros2_sensor_ws/install/tf2_kdl/local/lib/python3.10/dist-packages/tf2_kdl-0.25.12-py3.10.egg-info/PKG-INFO
[18.533s] -- Installing: /home/singh/ros2_sensor_ws/install/tf2_kdl/local/lib/python3.10/dist-packages/tf2_kdl
[18.533s] -- Installing: /home/singh/ros2_sensor_ws/install/tf2_kdl/local/lib/python3.10/dist-packages/tf2_kdl/__init__.py
[18.533s] -- Installing: /home/singh/ros2_sensor_ws/install/tf2_kdl/local/lib/python3.10/dist-packages/tf2_kdl/tf2_kdl.py
[18.612s] Listing '/home/singh/ros2_sensor_ws/install/tf2_kdl/local/lib/python3.10/dist-packages/tf2_kdl'...
[18.612s] Compiling '/home/singh/ros2_sensor_ws/install/tf2_kdl/local/lib/python3.10/dist-packages/tf2_kdl/__init__.py'...
[18.612s] Compiling '/home/singh/ros2_sensor_ws/install/tf2_kdl/local/lib/python3.10/dist-packages/tf2_kdl/tf2_kdl.py'...
[18.627s] -- Installing: /home/singh/ros2_sensor_ws/install/tf2_kdl/include/tf2_kdl
[18.628s] -- Installing: /home/singh/ros2_sensor_ws/install/tf2_kdl/include/tf2_kdl/tf2_kdl
[18.628s] -- Installing: /home/singh/ros2_sensor_ws/install/tf2_kdl/include/tf2_kdl/tf2_kdl/tf2_kdl.hpp
[18.629s] -- Installing: /home/singh/ros2_sensor_ws/install/tf2_kdl/include/tf2_kdl/tf2_kdl/tf2_kdl.h
[18.631s] -- Installing: /home/singh/ros2_sensor_ws/install/tf2_kdl/share/ament_index/resource_index/package_run_dependencies/tf2_kdl
[18.631s] -- Installing: /home/singh/ros2_sensor_ws/install/tf2_kdl/share/ament_index/resource_index/parent_prefix_path/tf2_kdl
[18.631s] -- Installing: /home/singh/ros2_sensor_ws/install/tf2_kdl/share/tf2_kdl/environment/ament_prefix_path.sh
[18.632s] -- Installing: /home/singh/ros2_sensor_ws/install/tf2_kdl/share/tf2_kdl/environment/ament_prefix_path.dsv
[18.633s] -- Installing: /home/singh/ros2_sensor_ws/install/tf2_kdl/share/tf2_kdl/environment/path.sh
[18.633s] -- Installing: /home/singh/ros2_sensor_ws/install/tf2_kdl/share/tf2_kdl/environment/path.dsv
[18.634s] -- Installing: /home/singh/ros2_sensor_ws/install/tf2_kdl/share/tf2_kdl/local_setup.bash
[18.634s] -- Installing: /home/singh/ros2_sensor_ws/install/tf2_kdl/share/tf2_kdl/local_setup.sh
[18.635s] -- Installing: /home/singh/ros2_sensor_ws/install/tf2_kdl/share/tf2_kdl/local_setup.zsh
[18.636s] -- Installing: /home/singh/ros2_sensor_ws/install/tf2_kdl/share/tf2_kdl/local_setup.dsv
[18.638s] -- Installing: /home/singh/ros2_sensor_ws/install/tf2_kdl/share/tf2_kdl/package.dsv
[18.639s] -- Installing: /home/singh/ros2_sensor_ws/install/tf2_kdl/share/ament_index/resource_index/packages/tf2_kdl
[18.639s] -- Installing: /home/singh/ros2_sensor_ws/install/tf2_kdl/share/tf2_kdl/cmake/export_tf2_kdlExport.cmake
[18.640s] -- Installing: /home/singh/ros2_sensor_ws/install/tf2_kdl/share/tf2_kdl/cmake/ament_cmake_export_include_directories-extras.cmake
[18.641s] -- Installing: /home/singh/ros2_sensor_ws/install/tf2_kdl/share/tf2_kdl/cmake/ament_cmake_export_targets-extras.cmake
[18.641s] -- Installing: /home/singh/ros2_sensor_ws/install/tf2_kdl/share/tf2_kdl/cmake/ament_cmake_export_dependencies-extras.cmake
[18.644s] -- Installing: /home/singh/ros2_sensor_ws/install/tf2_kdl/share/tf2_kdl/cmake/tf2_kdlConfig.cmake
[18.645s] -- Installing: /home/singh/ros2_sensor_ws/install/tf2_kdl/share/tf2_kdl/cmake/tf2_kdlConfig-version.cmake
[18.646s] -- Installing: /home/singh/ros2_sensor_ws/install/tf2_kdl/share/tf2_kdl/package.xml
[18.646s] Invoked command in '/home/singh/ros2_sensor_ws/build/tf2_kdl' returned '0': AMENT_PREFIX_PATH=/home/singh/ros2_sensor_ws/install/tf2_ros_py:/home/singh/ros2_sensor_ws/install/tf2_ros:/home/singh/ros2_sensor_ws/install/tf2_py:/home/singh/ros2_sensor_ws/install/tf2_msgs:/home/singh/ros2_sensor_ws/install/tf2:${AMENT_PREFIX_PATH} CMAKE_PREFIX_PATH=/home/singh/ros2_sensor_ws/install/tf2_ros:/home/singh/ros2_sensor_ws/install/tf2_py:/home/singh/ros2_sensor_ws/install/tf2_msgs:/home/singh/ros2_sensor_ws/install/tf2:/home/singh/ros2_ws2/install/my_robot_bringup:/home/singh/ros2_ws2/install/my_robot_description:/home/singh/rtab_ws/install/rtabmap_msgs:/home/singh/turtlebot_ws/install/turtlebot3_simulations:/home/singh/turtlebot_ws/install/turtlebot3_gazebo:/home/singh/turtlebot_ws/install/turtlebot3_fake_node:/home/singh/ros2_ws2/src/install/my_robot_bringup:/home/singh/ros2_ws2/src/install/my_robot_description:/home/singh/ros2_ws4/install/gazebo_parking:/home/singh/ros2_sensor_ws/install/my_sensor_description:/home/singh/ros2_sensor_ws/src/install/my_sensor_description:/home/singh/ros2_sensor_ws/src/install/tf2_sensor_msgs:/home/singh/rtab_ws/install/rtabmap_python:/opt/ros/humble LD_LIBRARY_PATH=/home/singh/ros2_sensor_ws/install/tf2_ros/lib:/home/singh/ros2_sensor_ws/install/tf2_msgs/lib:/home/singh/ros2_sensor_ws/install/tf2/lib:${LD_LIBRARY_PATH} PYTHONPATH=/home/singh/ros2_sensor_ws/install/tf2_ros_py/lib/python3.10/site-packages:/home/singh/ros2_sensor_ws/install/tf2_py/local/lib/python3.10/dist-packages:/home/singh/ros2_sensor_ws/install/tf2_msgs/local/lib/python3.10/dist-packages:${PYTHONPATH} /usr/bin/cmake --install /home/singh/ros2_sensor_ws/build/tf2_kdl
