[0.040s] Invoking command in '/home/singh/ros2_sensor_ws/src/build/my_sensor_description': CMAKE_PREFIX_PATH=/home/singh/ros2_sensor_ws/src/install/tf2_sensor_msgs:/home/singh/ros2_ws2/install/my_robot_bringup:/home/singh/ros2_ws2/install/my_robot_description:/home/singh/ros2_sensor_ws/install/geometry2:/home/singh/ros2_sensor_ws/install/my_sensor_description:/home/singh/ros2_sensor_ws/install/tf2_sensor_msgs:/home/singh/ros2_sensor_ws/install/test_tf2:/home/singh/ros2_sensor_ws/install/tf2_kdl:/home/singh/ros2_sensor_ws/install/tf2_geometry_msgs:/home/singh/ros2_sensor_ws/install/tf2_eigen:/home/singh/ros2_sensor_ws/install/tf2_bullet:/home/singh/ros2_sensor_ws/install/tf2_ros:/home/singh/ros2_sensor_ws/install/tf2_py:/home/singh/ros2_sensor_ws/install/tf2_msgs:/home/singh/ros2_sensor_ws/install/tf2_eigen_kdl:/home/singh/ros2_sensor_ws/install/tf2:/home/singh/ros2_sensor_ws/install/bboxes_ex_msgs:/home/singh/turtlebot_ws/install/turtlebot3_simulations:/home/singh/turtlebot_ws/install/turtlebot3_gazebo:/home/singh/turtlebot_ws/install/turtlebot3_fake_node:/home/singh/ros2_ws2/src/install/my_robot_bringup:/home/singh/ros2_ws2/src/install/my_robot_description:/home/singh/ros2_ws4/install/gazebo_parking:/home/singh/ros2_sensor_ws/install/yolov5_ros:/home/singh/ros2_sensor_ws/install/tf2_tools:/home/singh/ros2_sensor_ws/install/examples_tf2_py:/home/singh/ros2_sensor_ws/install/tf2_ros_py:/opt/ros/humble /usr/bin/cmake /home/singh/ros2_sensor_ws/src/my_sensor_description -DCMAKE_INSTALL_PREFIX=/home/singh/ros2_sensor_ws/src/install/my_sensor_description
[0.252s] -- The C compiler identification is GNU 11.4.0
[0.830s] -- The CXX compiler identification is GNU 11.4.0
[1.122s] -- Detecting C compiler ABI info
[1.244s] -- Detecting C compiler ABI info - done
[1.249s] -- Check for working C compiler: /usr/bin/cc - skipped
[1.258s] -- Detecting C compile features
[1.259s] -- Detecting C compile features - done
[1.263s] -- Detecting CXX compiler ABI info
[1.395s] -- Detecting CXX compiler ABI info - done
[1.399s] -- Check for working CXX compiler: /usr/bin/c++ - skipped
[1.399s] -- Detecting CXX compile features
[1.400s] -- Detecting CXX compile features - done
[1.421s] -- Found ament_cmake: 1.3.11 (/opt/ros/humble/share/ament_cmake/cmake)
[1.527s] -- Found Python3: /usr/bin/python3 (found version "3.10.12") found components: Interpreter 
[1.665s] -- Configuring done
[1.669s] -- Generating done
[1.671s] -- Build files have been written to: /home/singh/ros2_sensor_ws/src/build/my_sensor_description
[1.673s] Invoked command in '/home/singh/ros2_sensor_ws/src/build/my_sensor_description' returned '0': CMAKE_PREFIX_PATH=/home/singh/ros2_sensor_ws/src/install/tf2_sensor_msgs:/home/singh/ros2_ws2/install/my_robot_bringup:/home/singh/ros2_ws2/install/my_robot_description:/home/singh/ros2_sensor_ws/install/geometry2:/home/singh/ros2_sensor_ws/install/my_sensor_description:/home/singh/ros2_sensor_ws/install/tf2_sensor_msgs:/home/singh/ros2_sensor_ws/install/test_tf2:/home/singh/ros2_sensor_ws/install/tf2_kdl:/home/singh/ros2_sensor_ws/install/tf2_geometry_msgs:/home/singh/ros2_sensor_ws/install/tf2_eigen:/home/singh/ros2_sensor_ws/install/tf2_bullet:/home/singh/ros2_sensor_ws/install/tf2_ros:/home/singh/ros2_sensor_ws/install/tf2_py:/home/singh/ros2_sensor_ws/install/tf2_msgs:/home/singh/ros2_sensor_ws/install/tf2_eigen_kdl:/home/singh/ros2_sensor_ws/install/tf2:/home/singh/ros2_sensor_ws/install/bboxes_ex_msgs:/home/singh/turtlebot_ws/install/turtlebot3_simulations:/home/singh/turtlebot_ws/install/turtlebot3_gazebo:/home/singh/turtlebot_ws/install/turtlebot3_fake_node:/home/singh/ros2_ws2/src/install/my_robot_bringup:/home/singh/ros2_ws2/src/install/my_robot_description:/home/singh/ros2_ws4/install/gazebo_parking:/home/singh/ros2_sensor_ws/install/yolov5_ros:/home/singh/ros2_sensor_ws/install/tf2_tools:/home/singh/ros2_sensor_ws/install/examples_tf2_py:/home/singh/ros2_sensor_ws/install/tf2_ros_py:/opt/ros/humble /usr/bin/cmake /home/singh/ros2_sensor_ws/src/my_sensor_description -DCMAKE_INSTALL_PREFIX=/home/singh/ros2_sensor_ws/src/install/my_sensor_description
[1.675s] Invoking command in '/home/singh/ros2_sensor_ws/src/build/my_sensor_description': CMAKE_PREFIX_PATH=/home/singh/ros2_sensor_ws/src/install/tf2_sensor_msgs:/home/singh/ros2_ws2/install/my_robot_bringup:/home/singh/ros2_ws2/install/my_robot_description:/home/singh/ros2_sensor_ws/install/geometry2:/home/singh/ros2_sensor_ws/install/my_sensor_description:/home/singh/ros2_sensor_ws/install/tf2_sensor_msgs:/home/singh/ros2_sensor_ws/install/test_tf2:/home/singh/ros2_sensor_ws/install/tf2_kdl:/home/singh/ros2_sensor_ws/install/tf2_geometry_msgs:/home/singh/ros2_sensor_ws/install/tf2_eigen:/home/singh/ros2_sensor_ws/install/tf2_bullet:/home/singh/ros2_sensor_ws/install/tf2_ros:/home/singh/ros2_sensor_ws/install/tf2_py:/home/singh/ros2_sensor_ws/install/tf2_msgs:/home/singh/ros2_sensor_ws/install/tf2_eigen_kdl:/home/singh/ros2_sensor_ws/install/tf2:/home/singh/ros2_sensor_ws/install/bboxes_ex_msgs:/home/singh/turtlebot_ws/install/turtlebot3_simulations:/home/singh/turtlebot_ws/install/turtlebot3_gazebo:/home/singh/turtlebot_ws/install/turtlebot3_fake_node:/home/singh/ros2_ws2/src/install/my_robot_bringup:/home/singh/ros2_ws2/src/install/my_robot_description:/home/singh/ros2_ws4/install/gazebo_parking:/home/singh/ros2_sensor_ws/install/yolov5_ros:/home/singh/ros2_sensor_ws/install/tf2_tools:/home/singh/ros2_sensor_ws/install/examples_tf2_py:/home/singh/ros2_sensor_ws/install/tf2_ros_py:/opt/ros/humble /usr/bin/cmake --build /home/singh/ros2_sensor_ws/src/build/my_sensor_description -- -j12 -l12
[1.696s] Invoked command in '/home/singh/ros2_sensor_ws/src/build/my_sensor_description' returned '0': CMAKE_PREFIX_PATH=/home/singh/ros2_sensor_ws/src/install/tf2_sensor_msgs:/home/singh/ros2_ws2/install/my_robot_bringup:/home/singh/ros2_ws2/install/my_robot_description:/home/singh/ros2_sensor_ws/install/geometry2:/home/singh/ros2_sensor_ws/install/my_sensor_description:/home/singh/ros2_sensor_ws/install/tf2_sensor_msgs:/home/singh/ros2_sensor_ws/install/test_tf2:/home/singh/ros2_sensor_ws/install/tf2_kdl:/home/singh/ros2_sensor_ws/install/tf2_geometry_msgs:/home/singh/ros2_sensor_ws/install/tf2_eigen:/home/singh/ros2_sensor_ws/install/tf2_bullet:/home/singh/ros2_sensor_ws/install/tf2_ros:/home/singh/ros2_sensor_ws/install/tf2_py:/home/singh/ros2_sensor_ws/install/tf2_msgs:/home/singh/ros2_sensor_ws/install/tf2_eigen_kdl:/home/singh/ros2_sensor_ws/install/tf2:/home/singh/ros2_sensor_ws/install/bboxes_ex_msgs:/home/singh/turtlebot_ws/install/turtlebot3_simulations:/home/singh/turtlebot_ws/install/turtlebot3_gazebo:/home/singh/turtlebot_ws/install/turtlebot3_fake_node:/home/singh/ros2_ws2/src/install/my_robot_bringup:/home/singh/ros2_ws2/src/install/my_robot_description:/home/singh/ros2_ws4/install/gazebo_parking:/home/singh/ros2_sensor_ws/install/yolov5_ros:/home/singh/ros2_sensor_ws/install/tf2_tools:/home/singh/ros2_sensor_ws/install/examples_tf2_py:/home/singh/ros2_sensor_ws/install/tf2_ros_py:/opt/ros/humble /usr/bin/cmake --build /home/singh/ros2_sensor_ws/src/build/my_sensor_description -- -j12 -l12
[1.702s] Invoking command in '/home/singh/ros2_sensor_ws/src/build/my_sensor_description': CMAKE_PREFIX_PATH=/home/singh/ros2_sensor_ws/src/install/tf2_sensor_msgs:/home/singh/ros2_ws2/install/my_robot_bringup:/home/singh/ros2_ws2/install/my_robot_description:/home/singh/ros2_sensor_ws/install/geometry2:/home/singh/ros2_sensor_ws/install/my_sensor_description:/home/singh/ros2_sensor_ws/install/tf2_sensor_msgs:/home/singh/ros2_sensor_ws/install/test_tf2:/home/singh/ros2_sensor_ws/install/tf2_kdl:/home/singh/ros2_sensor_ws/install/tf2_geometry_msgs:/home/singh/ros2_sensor_ws/install/tf2_eigen:/home/singh/ros2_sensor_ws/install/tf2_bullet:/home/singh/ros2_sensor_ws/install/tf2_ros:/home/singh/ros2_sensor_ws/install/tf2_py:/home/singh/ros2_sensor_ws/install/tf2_msgs:/home/singh/ros2_sensor_ws/install/tf2_eigen_kdl:/home/singh/ros2_sensor_ws/install/tf2:/home/singh/ros2_sensor_ws/install/bboxes_ex_msgs:/home/singh/turtlebot_ws/install/turtlebot3_simulations:/home/singh/turtlebot_ws/install/turtlebot3_gazebo:/home/singh/turtlebot_ws/install/turtlebot3_fake_node:/home/singh/ros2_ws2/src/install/my_robot_bringup:/home/singh/ros2_ws2/src/install/my_robot_description:/home/singh/ros2_ws4/install/gazebo_parking:/home/singh/ros2_sensor_ws/install/yolov5_ros:/home/singh/ros2_sensor_ws/install/tf2_tools:/home/singh/ros2_sensor_ws/install/examples_tf2_py:/home/singh/ros2_sensor_ws/install/tf2_ros_py:/opt/ros/humble /usr/bin/cmake --install /home/singh/ros2_sensor_ws/src/build/my_sensor_description
[1.706s] -- Install configuration: ""
[1.706s] -- Installing: /home/singh/ros2_sensor_ws/src/install/my_sensor_description/share/my_sensor_description//urdf
[1.707s] -- Installing: /home/singh/ros2_sensor_ws/src/install/my_sensor_description/share/my_sensor_description//urdf/lidar_camera_robot.urdf
[1.707s] -- Installing: /home/singh/ros2_sensor_ws/src/install/my_sensor_description/share/my_sensor_description//launch
[1.707s] -- Installing: /home/singh/ros2_sensor_ws/src/install/my_sensor_description/share/my_sensor_description//launch/sensor_Setup_ionic.launch.xml
[1.708s] -- Installing: /home/singh/ros2_sensor_ws/src/install/my_sensor_description/share/my_sensor_description//launch/sensor_setup_try.launch.xml
[1.708s] -- Installing: /home/singh/ros2_sensor_ws/src/install/my_sensor_description/share/my_sensor_description//launch/sensor_setup_rtab.launch.xml
[1.709s] -- Installing: /home/singh/ros2_sensor_ws/src/install/my_sensor_description/share/my_sensor_description//launch/sensor_setup.launch.xml
[1.709s] -- Installing: /home/singh/ros2_sensor_ws/src/install/my_sensor_description/share/my_sensor_description//rviz
[1.710s] -- Installing: /home/singh/ros2_sensor_ws/src/install/my_sensor_description/share/my_sensor_description//rviz/sensor_config.rviz
[1.710s] -- Installing: /home/singh/ros2_sensor_ws/src/install/my_sensor_description/share/my_sensor_description//worlds
[1.710s] -- Installing: /home/singh/ros2_sensor_ws/src/install/my_sensor_description/share/my_sensor_description//worlds/test_world.world
[1.710s] -- Installing: /home/singh/ros2_sensor_ws/src/install/my_sensor_description/share/my_sensor_description//worlds/model
[1.710s] -- Installing: /home/singh/ros2_sensor_ws/src/install/my_sensor_description/share/my_sensor_description//worlds/model/MaleVisitorWalk.dae
[1.711s] -- Installing: /home/singh/ros2_sensor_ws/src/install/my_sensor_description/share/my_sensor_description//worlds/model/MaleVisitorWalk.dae:Zone.Identifier
[1.711s] -- Installing: /home/singh/ros2_sensor_ws/src/install/my_sensor_description/share/my_sensor_description//worlds/test_world_human.world
[1.711s] -- Installing: /home/singh/ros2_sensor_ws/src/install/my_sensor_description/share/my_sensor_description//scripts
[1.711s] -- Installing: /home/singh/ros2_sensor_ws/src/install/my_sensor_description/share/my_sensor_description//scripts/point_cloud_merger.py
[1.711s] -- Installing: /home/singh/ros2_sensor_ws/src/install/my_sensor_description/share/my_sensor_description//scripts/point_cloud_merger_1.py
[1.711s] -- Installing: /home/singh/ros2_sensor_ws/src/install/my_sensor_description/share/my_sensor_description//scripts/point_cloud_merger_2.py
[1.711s] -- Installing: /home/singh/ros2_sensor_ws/src/install/my_sensor_description/share/my_sensor_description//nodes
[1.712s] -- Installing: /home/singh/ros2_sensor_ws/src/install/my_sensor_description/share/my_sensor_description//nodes/__init__.py
[1.712s] -- Installing: /home/singh/ros2_sensor_ws/src/install/my_sensor_description/lib/my_sensor_description/point_cloud_merger.py
[1.712s] -- Installing: /home/singh/ros2_sensor_ws/src/install/my_sensor_description/share/ament_index/resource_index/package_run_dependencies/my_sensor_description
[1.712s] -- Installing: /home/singh/ros2_sensor_ws/src/install/my_sensor_description/share/ament_index/resource_index/parent_prefix_path/my_sensor_description
[1.713s] -- Installing: /home/singh/ros2_sensor_ws/src/install/my_sensor_description/share/my_sensor_description/environment/ament_prefix_path.sh
[1.713s] -- Installing: /home/singh/ros2_sensor_ws/src/install/my_sensor_description/share/my_sensor_description/environment/ament_prefix_path.dsv
[1.713s] -- Installing: /home/singh/ros2_sensor_ws/src/install/my_sensor_description/share/my_sensor_description/environment/path.sh
[1.713s] -- Installing: /home/singh/ros2_sensor_ws/src/install/my_sensor_description/share/my_sensor_description/environment/path.dsv
[1.713s] -- Installing: /home/singh/ros2_sensor_ws/src/install/my_sensor_description/share/my_sensor_description/local_setup.bash
[1.713s] -- Installing: /home/singh/ros2_sensor_ws/src/install/my_sensor_description/share/my_sensor_description/local_setup.sh
[1.713s] -- Installing: /home/singh/ros2_sensor_ws/src/install/my_sensor_description/share/my_sensor_description/local_setup.zsh
[1.713s] -- Installing: /home/singh/ros2_sensor_ws/src/install/my_sensor_description/share/my_sensor_description/local_setup.dsv
[1.713s] -- Installing: /home/singh/ros2_sensor_ws/src/install/my_sensor_description/share/my_sensor_description/package.dsv
[1.713s] -- Installing: /home/singh/ros2_sensor_ws/src/install/my_sensor_description/share/ament_index/resource_index/packages/my_sensor_description
[1.714s] -- Installing: /home/singh/ros2_sensor_ws/src/install/my_sensor_description/share/my_sensor_description/cmake/my_sensor_descriptionConfig.cmake
[1.714s] -- Installing: /home/singh/ros2_sensor_ws/src/install/my_sensor_description/share/my_sensor_description/cmake/my_sensor_descriptionConfig-version.cmake
[1.714s] -- Installing: /home/singh/ros2_sensor_ws/src/install/my_sensor_description/share/my_sensor_description/package.xml
[1.716s] Invoked command in '/home/singh/ros2_sensor_ws/src/build/my_sensor_description' returned '0': CMAKE_PREFIX_PATH=/home/singh/ros2_sensor_ws/src/install/tf2_sensor_msgs:/home/singh/ros2_ws2/install/my_robot_bringup:/home/singh/ros2_ws2/install/my_robot_description:/home/singh/ros2_sensor_ws/install/geometry2:/home/singh/ros2_sensor_ws/install/my_sensor_description:/home/singh/ros2_sensor_ws/install/tf2_sensor_msgs:/home/singh/ros2_sensor_ws/install/test_tf2:/home/singh/ros2_sensor_ws/install/tf2_kdl:/home/singh/ros2_sensor_ws/install/tf2_geometry_msgs:/home/singh/ros2_sensor_ws/install/tf2_eigen:/home/singh/ros2_sensor_ws/install/tf2_bullet:/home/singh/ros2_sensor_ws/install/tf2_ros:/home/singh/ros2_sensor_ws/install/tf2_py:/home/singh/ros2_sensor_ws/install/tf2_msgs:/home/singh/ros2_sensor_ws/install/tf2_eigen_kdl:/home/singh/ros2_sensor_ws/install/tf2:/home/singh/ros2_sensor_ws/install/bboxes_ex_msgs:/home/singh/turtlebot_ws/install/turtlebot3_simulations:/home/singh/turtlebot_ws/install/turtlebot3_gazebo:/home/singh/turtlebot_ws/install/turtlebot3_fake_node:/home/singh/ros2_ws2/src/install/my_robot_bringup:/home/singh/ros2_ws2/src/install/my_robot_description:/home/singh/ros2_ws4/install/gazebo_parking:/home/singh/ros2_sensor_ws/install/yolov5_ros:/home/singh/ros2_sensor_ws/install/tf2_tools:/home/singh/ros2_sensor_ws/install/examples_tf2_py:/home/singh/ros2_sensor_ws/install/tf2_ros_py:/opt/ros/humble /usr/bin/cmake --install /home/singh/ros2_sensor_ws/src/build/my_sensor_description
