[0.020s] Invoking command in '/home/singh/ros2_sensor_ws/build/rtabmap_msgs': CMAKE_PREFIX_PATH=${CMAKE_PREFIX_PATH}:/home/singh/ros2_sensor_ws/install/rtabmap_python:/home/singh/install/my_robot_controller:/opt/ros/humble /usr/bin/cmake --build /home/singh/ros2_sensor_ws/build/rtabmap_msgs -- -j12 -l12
[0.323s] [35m[1mConsolidate compiler generated dependencies of target rtabmap_msgs__rosidl_generator_c[0m
[0.323s] [  0%] Built target rtabmap_msgs__cpp
[0.323s] [  0%] [34m[1mGenerating C++ type support for eProsima Fast-RTPS[0m
[0.323s] [  0%] [34m[1mGenerating C++ type support dispatch for ROS interfaces[0m
[0.324s] [  1%] [34m[1mGenerating C++ introspection for ROS interfaces[0m
[0.324s] [  1%] Built target ament_cmake_python_copy_rtabmap_msgs
[0.325s] [ 13%] Built target rtabmap_msgs__rosidl_generator_c
[0.325s] [ 14%] [34m[1mGenerating C type support dispatch for ROS interfaces[0m
[0.325s] [ 15%] [34m[1mGenerating C type support for eProsima Fast-RTPS[0m
[0.325s] [ 16%] [34m[1mGenerating C introspection for ROS interfaces[0m
[0.448s] running egg_info
[0.449s] writing rtabmap_msgs.egg-info/PKG-INFO
[0.449s] writing dependency_links to rtabmap_msgs.egg-info/dependency_links.txt
[0.449s] writing top-level names to rtabmap_msgs.egg-info/top_level.txt
[0.451s] reading manifest file 'rtabmap_msgs.egg-info/SOURCES.txt'
[0.451s] writing manifest file 'rtabmap_msgs.egg-info/SOURCES.txt'
[0.474s] [ 16%] Built target ament_cmake_python_build_rtabmap_msgs_egg
[2.368s] [ 16%] [32mBuilding CXX object CMakeFiles/rtabmap_msgs__rosidl_typesupport_cpp.dir/rosidl_typesupport_cpp/rtabmap_msgs/msg/global_descriptor__type_support.cpp.o[0m
[2.369s] [ 17%] [32mBuilding CXX object CMakeFiles/rtabmap_msgs__rosidl_typesupport_cpp.dir/rosidl_typesupport_cpp/rtabmap_msgs/msg/info__type_support.cpp.o[0m
[2.370s] [ 17%] [32mBuilding CXX object CMakeFiles/rtabmap_msgs__rosidl_typesupport_cpp.dir/rosidl_typesupport_cpp/rtabmap_msgs/msg/key_point__type_support.cpp.o[0m
[2.370s] [ 17%] [32mBuilding CXX object CMakeFiles/rtabmap_msgs__rosidl_typesupport_cpp.dir/rosidl_typesupport_cpp/rtabmap_msgs/msg/map_data__type_support.cpp.o[0m
[2.370s] [ 18%] [32mBuilding CXX object CMakeFiles/rtabmap_msgs__rosidl_typesupport_cpp.dir/rosidl_typesupport_cpp/rtabmap_msgs/msg/scan_descriptor__type_support.cpp.o[0m
[2.372s] [ 19%] [32mBuilding CXX object CMakeFiles/rtabmap_msgs__rosidl_typesupport_cpp.dir/rosidl_typesupport_cpp/rtabmap_msgs/msg/node__type_support.cpp.o[0m
[2.376s] [ 19%] [32mBuilding CXX object CMakeFiles/rtabmap_msgs__rosidl_typesupport_cpp.dir/rosidl_typesupport_cpp/rtabmap_msgs/msg/map_graph__type_support.cpp.o[0m
[2.712s] [ 19%] [32mBuilding CXX object CMakeFiles/rtabmap_msgs__rosidl_typesupport_cpp.dir/rosidl_typesupport_cpp/rtabmap_msgs/msg/sensor_data__type_support.cpp.o[0m
[2.763s] [ 19%] [32mBuilding CXX object CMakeFiles/rtabmap_msgs__rosidl_typesupport_cpp.dir/rosidl_typesupport_cpp/rtabmap_msgs/msg/link__type_support.cpp.o[0m
[2.785s] [ 19%] [32mBuilding CXX object CMakeFiles/rtabmap_msgs__rosidl_typesupport_cpp.dir/rosidl_typesupport_cpp/rtabmap_msgs/msg/landmark_detection__type_support.cpp.o[0m
[2.790s] [ 20%] [32mBuilding CXX object CMakeFiles/rtabmap_msgs__rosidl_typesupport_cpp.dir/rosidl_typesupport_cpp/rtabmap_msgs/msg/landmark_detections__type_support.cpp.o[0m
[2.792s] [ 20%] [32mBuilding CXX object CMakeFiles/rtabmap_msgs__rosidl_typesupport_cpp.dir/rosidl_typesupport_cpp/rtabmap_msgs/msg/odom_info__type_support.cpp.o[0m
[2.792s] [ 20%] [32mBuilding CXX object CMakeFiles/rtabmap_msgs__rosidl_typesupport_cpp.dir/rosidl_typesupport_cpp/rtabmap_msgs/msg/point2f__type_support.cpp.o[0m
[2.819s] [ 21%] [32mBuilding CXX object CMakeFiles/rtabmap_msgs__rosidl_typesupport_cpp.dir/rosidl_typesupport_cpp/rtabmap_msgs/msg/point3f__type_support.cpp.o[0m
[2.927s] [ 21%] [32mBuilding CXX object CMakeFiles/rtabmap_msgs__rosidl_typesupport_c.dir/rosidl_typesupport_c/rtabmap_msgs/msg/info__type_support.cpp.o[0m
[2.975s] [ 21%] [32mBuilding CXX object CMakeFiles/rtabmap_msgs__rosidl_typesupport_c.dir/rosidl_typesupport_c/rtabmap_msgs/msg/key_point__type_support.cpp.o[0m
[2.982s] [ 21%] [32mBuilding CXX object CMakeFiles/rtabmap_msgs__rosidl_typesupport_cpp.dir/rosidl_typesupport_cpp/rtabmap_msgs/msg/goal__type_support.cpp.o[0m
[3.002s] [ 21%] [32mBuilding CXX object CMakeFiles/rtabmap_msgs__rosidl_typesupport_c.dir/rosidl_typesupport_c/rtabmap_msgs/msg/global_descriptor__type_support.cpp.o[0m
[3.028s] [ 22%] [32mBuilding CXX object CMakeFiles/rtabmap_msgs__rosidl_typesupport_c.dir/rosidl_typesupport_c/rtabmap_msgs/msg/scan_descriptor__type_support.cpp.o[0m
[3.061s] [ 22%] [32mBuilding CXX object CMakeFiles/rtabmap_msgs__rosidl_typesupport_c.dir/rosidl_typesupport_c/rtabmap_msgs/msg/map_data__type_support.cpp.o[0m
[3.082s] [ 22%] [32mBuilding CXX object CMakeFiles/rtabmap_msgs__rosidl_typesupport_cpp.dir/rosidl_typesupport_cpp/rtabmap_msgs/msg/rgbd_image__type_support.cpp.o[0m
[3.091s] [ 22%] [32mBuilding CXX object CMakeFiles/rtabmap_msgs__rosidl_typesupport_c.dir/rosidl_typesupport_c/rtabmap_msgs/msg/map_graph__type_support.cpp.o[0m
[3.118s] [ 23%] [32mBuilding CXX object CMakeFiles/rtabmap_msgs__rosidl_typesupport_c.dir/rosidl_typesupport_c/rtabmap_msgs/msg/node__type_support.cpp.o[0m
[3.150s] [ 23%] [32mBuilding CXX object CMakeFiles/rtabmap_msgs__rosidl_typesupport_c.dir/rosidl_typesupport_c/rtabmap_msgs/msg/sensor_data__type_support.cpp.o[0m
[3.155s] [ 23%] [32mBuilding CXX object CMakeFiles/rtabmap_msgs__rosidl_typesupport_cpp.dir/rosidl_typesupport_cpp/rtabmap_msgs/msg/rgbd_images__type_support.cpp.o[0m
[3.171s] [ 24%] [32mBuilding CXX object CMakeFiles/rtabmap_msgs__rosidl_typesupport_cpp.dir/rosidl_typesupport_cpp/rtabmap_msgs/msg/user_data__type_support.cpp.o[0m
[3.184s] [ 24%] [32mBuilding CXX object CMakeFiles/rtabmap_msgs__rosidl_typesupport_cpp.dir/rosidl_typesupport_cpp/rtabmap_msgs/msg/gps__type_support.cpp.o[0m
[3.184s] [ 24%] [32mBuilding CXX object CMakeFiles/rtabmap_msgs__rosidl_typesupport_c.dir/rosidl_typesupport_c/rtabmap_msgs/msg/link__type_support.cpp.o[0m
[3.189s] [ 24%] [32mBuilding CXX object CMakeFiles/rtabmap_msgs__rosidl_typesupport_cpp.dir/rosidl_typesupport_cpp/rtabmap_msgs/msg/path__type_support.cpp.o[0m
[3.198s] [ 25%] [32mBuilding CXX object CMakeFiles/rtabmap_msgs__rosidl_typesupport_cpp.dir/rosidl_typesupport_cpp/rtabmap_msgs/msg/env_sensor__type_support.cpp.o[0m
[3.212s] [ 26%] [32mBuilding CXX object CMakeFiles/rtabmap_msgs__rosidl_typesupport_c.dir/rosidl_typesupport_c/rtabmap_msgs/msg/landmark_detection__type_support.cpp.o[0m
[3.242s] [ 26%] [32mBuilding CXX object CMakeFiles/rtabmap_msgs__rosidl_typesupport_c.dir/rosidl_typesupport_c/rtabmap_msgs/msg/landmark_detections__type_support.cpp.o[0m
[3.271s] [ 26%] [32mBuilding CXX object CMakeFiles/rtabmap_msgs__rosidl_typesupport_c.dir/rosidl_typesupport_c/rtabmap_msgs/msg/odom_info__type_support.cpp.o[0m
[3.302s] [ 26%] [32mBuilding CXX object CMakeFiles/rtabmap_msgs__rosidl_typesupport_c.dir/rosidl_typesupport_c/rtabmap_msgs/msg/point2f__type_support.cpp.o[0m
[3.331s] [ 27%] [32mBuilding CXX object CMakeFiles/rtabmap_msgs__rosidl_typesupport_c.dir/rosidl_typesupport_c/rtabmap_msgs/msg/point3f__type_support.cpp.o[0m
[3.360s] [ 27%] [32mBuilding CXX object CMakeFiles/rtabmap_msgs__rosidl_typesupport_c.dir/rosidl_typesupport_c/rtabmap_msgs/msg/goal__type_support.cpp.o[0m
[3.389s] [ 27%] [32mBuilding CXX object CMakeFiles/rtabmap_msgs__rosidl_typesupport_c.dir/rosidl_typesupport_c/rtabmap_msgs/msg/rgbd_image__type_support.cpp.o[0m
[3.420s] [ 28%] [32mBuilding CXX object CMakeFiles/rtabmap_msgs__rosidl_typesupport_c.dir/rosidl_typesupport_c/rtabmap_msgs/msg/rgbd_images__type_support.cpp.o[0m
[3.447s] [ 28%] [32mBuilding CXX object CMakeFiles/rtabmap_msgs__rosidl_typesupport_cpp.dir/rosidl_typesupport_cpp/rtabmap_msgs/msg/camera_model__type_support.cpp.o[0m
[3.456s] [ 28%] [32mBuilding CXX object CMakeFiles/rtabmap_msgs__rosidl_typesupport_c.dir/rosidl_typesupport_c/rtabmap_msgs/msg/user_data__type_support.cpp.o[0m
[3.475s] [ 28%] [32mBuilding CXX object CMakeFiles/rtabmap_msgs__rosidl_typesupport_cpp.dir/rosidl_typesupport_cpp/rtabmap_msgs/msg/camera_models__type_support.cpp.o[0m
[3.478s] [ 29%] [32mBuilding CXX object CMakeFiles/rtabmap_msgs__rosidl_typesupport_cpp.dir/rosidl_typesupport_cpp/rtabmap_msgs/srv/get_map__type_support.cpp.o[0m
[3.496s] [ 29%] [32mBuilding CXX object CMakeFiles/rtabmap_msgs__rosidl_typesupport_c.dir/rosidl_typesupport_c/rtabmap_msgs/msg/gps__type_support.cpp.o[0m
[3.507s] [ 29%] [32mBuilding CXX object CMakeFiles/rtabmap_msgs__rosidl_typesupport_introspection_cpp.dir/rosidl_typesupport_introspection_cpp/rtabmap_msgs/msg/detail/info__type_support.cpp.o[0m
[3.508s] [ 29%] [32mBuilding CXX object CMakeFiles/rtabmap_msgs__rosidl_typesupport_cpp.dir/rosidl_typesupport_cpp/rtabmap_msgs/srv/get_map2__type_support.cpp.o[0m
[3.526s] [ 29%] [32mBuilding CXX object CMakeFiles/rtabmap_msgs__rosidl_typesupport_introspection_cpp.dir/rosidl_typesupport_introspection_cpp/rtabmap_msgs/msg/detail/key_point__type_support.cpp.o[0m
[3.533s] [ 30%] [32mBuilding CXX object CMakeFiles/rtabmap_msgs__rosidl_typesupport_c.dir/rosidl_typesupport_c/rtabmap_msgs/msg/path__type_support.cpp.o[0m
[3.563s] [ 30%] [32mBuilding CXX object CMakeFiles/rtabmap_msgs__rosidl_typesupport_c.dir/rosidl_typesupport_c/rtabmap_msgs/msg/env_sensor__type_support.cpp.o[0m
[3.568s] [ 30%] [32mBuilding CXX object CMakeFiles/rtabmap_msgs__rosidl_typesupport_cpp.dir/rosidl_typesupport_cpp/rtabmap_msgs/srv/list_labels__type_support.cpp.o[0m
[3.572s] [ 30%] [32mBuilding CXX object CMakeFiles/rtabmap_msgs__rosidl_typesupport_cpp.dir/rosidl_typesupport_cpp/rtabmap_msgs/srv/publish_map__type_support.cpp.o[0m
[3.588s] [ 30%] [32mBuilding C object CMakeFiles/rtabmap_msgs__rosidl_typesupport_introspection_c.dir/rosidl_typesupport_introspection_c/rtabmap_msgs/msg/detail/info__type_support.c.o[0m
[3.593s] [ 30%] [32mBuilding CXX object CMakeFiles/rtabmap_msgs__rosidl_typesupport_c.dir/rosidl_typesupport_c/rtabmap_msgs/msg/camera_model__type_support.cpp.o[0m
[3.632s] [ 30%] [32mBuilding CXX object CMakeFiles/rtabmap_msgs__rosidl_typesupport_c.dir/rosidl_typesupport_c/rtabmap_msgs/msg/camera_models__type_support.cpp.o[0m
[3.666s] [ 31%] [32mBuilding CXX object CMakeFiles/rtabmap_msgs__rosidl_typesupport_c.dir/rosidl_typesupport_c/rtabmap_msgs/srv/get_map__type_support.cpp.o[0m
[3.698s] [ 31%] [32mBuilding C object CMakeFiles/rtabmap_msgs__rosidl_typesupport_introspection_c.dir/rosidl_typesupport_introspection_c/rtabmap_msgs/msg/detail/key_point__type_support.c.o[0m
[3.706s] [ 31%] [32mBuilding CXX object CMakeFiles/rtabmap_msgs__rosidl_typesupport_c.dir/rosidl_typesupport_c/rtabmap_msgs/srv/get_map2__type_support.cpp.o[0m
[3.742s] [ 32%] [32mBuilding C object CMakeFiles/rtabmap_msgs__rosidl_typesupport_introspection_c.dir/rosidl_typesupport_introspection_c/rtabmap_msgs/msg/detail/global_descriptor__type_support.c.o[0m
[3.742s] [ 32%] [32mBuilding CXX object CMakeFiles/rtabmap_msgs__rosidl_typesupport_c.dir/rosidl_typesupport_c/rtabmap_msgs/srv/list_labels__type_support.cpp.o[0m
[3.770s] [ 33%] [32mBuilding CXX object CMakeFiles/rtabmap_msgs__rosidl_typesupport_c.dir/rosidl_typesupport_c/rtabmap_msgs/srv/publish_map__type_support.cpp.o[0m
[3.794s] [ 33%] [32mBuilding C object CMakeFiles/rtabmap_msgs__rosidl_typesupport_introspection_c.dir/rosidl_typesupport_introspection_c/rtabmap_msgs/msg/detail/scan_descriptor__type_support.c.o[0m
[3.804s] [ 34%] [32mBuilding CXX object CMakeFiles/rtabmap_msgs__rosidl_typesupport_cpp.dir/rosidl_typesupport_cpp/rtabmap_msgs/srv/reset_pose__type_support.cpp.o[0m
[3.806s] [ 34%] [32mBuilding CXX object CMakeFiles/rtabmap_msgs__rosidl_typesupport_c.dir/rosidl_typesupport_c/rtabmap_msgs/srv/reset_pose__type_support.cpp.o[0m
[3.843s] [ 34%] [32mBuilding C object CMakeFiles/rtabmap_msgs__rosidl_typesupport_introspection_c.dir/rosidl_typesupport_introspection_c/rtabmap_msgs/msg/detail/map_data__type_support.c.o[0m
[3.845s] [ 34%] [32mBuilding CXX object CMakeFiles/rtabmap_msgs__rosidl_typesupport_c.dir/rosidl_typesupport_c/rtabmap_msgs/srv/set_goal__type_support.cpp.o[0m
[3.892s] [ 35%] [32mBuilding CXX object CMakeFiles/rtabmap_msgs__rosidl_typesupport_c.dir/rosidl_typesupport_c/rtabmap_msgs/srv/set_label__type_support.cpp.o[0m
[3.899s] [ 35%] [32mBuilding CXX object CMakeFiles/rtabmap_msgs__rosidl_typesupport_cpp.dir/rosidl_typesupport_cpp/rtabmap_msgs/srv/set_goal__type_support.cpp.o[0m
[3.900s] [ 35%] [32mBuilding CXX object CMakeFiles/rtabmap_msgs__rosidl_typesupport_cpp.dir/rosidl_typesupport_cpp/rtabmap_msgs/srv/set_label__type_support.cpp.o[0m
[3.901s] [ 36%] [32mBuilding C object CMakeFiles/rtabmap_msgs__rosidl_typesupport_introspection_c.dir/rosidl_typesupport_introspection_c/rtabmap_msgs/msg/detail/map_graph__type_support.c.o[0m
[3.906s] [ 36%] [32mBuilding CXX object CMakeFiles/rtabmap_msgs__rosidl_typesupport_fastrtps_c.dir/rosidl_typesupport_fastrtps_c/rtabmap_msgs/msg/detail/info__type_support_c.cpp.o[0m
[3.910s] [ 37%] [32mBuilding CXX object CMakeFiles/rtabmap_msgs__rosidl_typesupport_cpp.dir/rosidl_typesupport_cpp/rtabmap_msgs/srv/remove_label__type_support.cpp.o[0m
[3.930s] [ 37%] [32mBuilding CXX object CMakeFiles/rtabmap_msgs__rosidl_typesupport_cpp.dir/rosidl_typesupport_cpp/rtabmap_msgs/srv/get_plan__type_support.cpp.o[0m
[3.933s] [ 37%] [32mBuilding CXX object CMakeFiles/rtabmap_msgs__rosidl_typesupport_c.dir/rosidl_typesupport_c/rtabmap_msgs/srv/remove_label__type_support.cpp.o[0m
[3.946s] [ 37%] [32mBuilding CXX object CMakeFiles/rtabmap_msgs__rosidl_typesupport_introspection_cpp.dir/rosidl_typesupport_introspection_cpp/rtabmap_msgs/msg/detail/global_descriptor__type_support.cpp.o[0m
[3.969s] [ 37%] [32mBuilding C object CMakeFiles/rtabmap_msgs__rosidl_typesupport_introspection_c.dir/rosidl_typesupport_introspection_c/rtabmap_msgs/msg/detail/node__type_support.c.o[0m
[3.975s] [ 37%] [32mBuilding CXX object CMakeFiles/rtabmap_msgs__rosidl_typesupport_c.dir/rosidl_typesupport_c/rtabmap_msgs/srv/get_plan__type_support.cpp.o[0m
[3.987s] [ 37%] [32mBuilding CXX object CMakeFiles/rtabmap_msgs__rosidl_typesupport_cpp.dir/rosidl_typesupport_cpp/rtabmap_msgs/srv/add_link__type_support.cpp.o[0m
[4.033s] [ 37%] [32mBuilding CXX object CMakeFiles/rtabmap_msgs__rosidl_typesupport_c.dir/rosidl_typesupport_c/rtabmap_msgs/srv/add_link__type_support.cpp.o[0m
[4.044s] [ 37%] [32mBuilding C object CMakeFiles/rtabmap_msgs__rosidl_typesupport_introspection_c.dir/rosidl_typesupport_introspection_c/rtabmap_msgs/msg/detail/sensor_data__type_support.c.o[0m
[4.074s] [ 38%] [32mBuilding CXX object CMakeFiles/rtabmap_msgs__rosidl_typesupport_c.dir/rosidl_typesupport_c/rtabmap_msgs/srv/get_node_data__type_support.cpp.o[0m
[4.090s] [ 39%] [32mBuilding CXX object CMakeFiles/rtabmap_msgs__rosidl_typesupport_cpp.dir/rosidl_typesupport_cpp/rtabmap_msgs/srv/get_node_data__type_support.cpp.o[0m
[4.104s] [ 40%] [32mBuilding CXX object CMakeFiles/rtabmap_msgs__rosidl_typesupport_fastrtps_cpp.dir/rosidl_typesupport_fastrtps_cpp/rtabmap_msgs/msg/detail/dds_fastrtps/info__type_support.cpp.o[0m
[4.119s] [ 40%] [32mBuilding CXX object CMakeFiles/rtabmap_msgs__rosidl_typesupport_c.dir/rosidl_typesupport_c/rtabmap_msgs/srv/get_nodes_in_radius__type_support.cpp.o[0m
[4.162s] [ 40%] [32mBuilding CXX object CMakeFiles/rtabmap_msgs__rosidl_typesupport_c.dir/rosidl_typesupport_c/rtabmap_msgs/srv/load_database__type_support.cpp.o[0m
[4.177s] [ 40%] [32mBuilding C object CMakeFiles/rtabmap_msgs__rosidl_typesupport_introspection_c.dir/rosidl_typesupport_introspection_c/rtabmap_msgs/msg/detail/link__type_support.c.o[0m
[4.203s] [ 41%] [32mBuilding CXX object CMakeFiles/rtabmap_msgs__rosidl_typesupport_c.dir/rosidl_typesupport_c/rtabmap_msgs/srv/detect_more_loop_closures__type_support.cpp.o[0m
[4.223s] [ 42%] [32mBuilding C object CMakeFiles/rtabmap_msgs__rosidl_typesupport_introspection_c.dir/rosidl_typesupport_introspection_c/rtabmap_msgs/msg/detail/landmark_detection__type_support.c.o[0m
[4.227s] [ 43%] [32mBuilding CXX object CMakeFiles/rtabmap_msgs__rosidl_typesupport_introspection_cpp.dir/rosidl_typesupport_introspection_cpp/rtabmap_msgs/msg/detail/scan_descriptor__type_support.cpp.o[0m
[4.243s] [ 43%] [32mBuilding CXX object CMakeFiles/rtabmap_msgs__rosidl_typesupport_cpp.dir/rosidl_typesupport_cpp/rtabmap_msgs/srv/get_nodes_in_radius__type_support.cpp.o[0m
[4.244s] [ 43%] [32mBuilding CXX object CMakeFiles/rtabmap_msgs__rosidl_typesupport_c.dir/rosidl_typesupport_c/rtabmap_msgs/srv/global_bundle_adjustment__type_support.cpp.o[0m
[4.246s] [ 43%] [32mBuilding CXX object CMakeFiles/rtabmap_msgs__rosidl_typesupport_cpp.dir/rosidl_typesupport_cpp/rtabmap_msgs/srv/load_database__type_support.cpp.o[0m
[4.270s] [ 43%] [32mBuilding CXX object CMakeFiles/rtabmap_msgs__rosidl_typesupport_cpp.dir/rosidl_typesupport_cpp/rtabmap_msgs/srv/detect_more_loop_closures__type_support.cpp.o[0m
[4.284s] [ 43%] [32mBuilding CXX object CMakeFiles/rtabmap_msgs__rosidl_typesupport_c.dir/rosidl_typesupport_c/rtabmap_msgs/srv/cleanup_local_grids__type_support.cpp.o[0m
[4.284s] [ 43%] [32mBuilding C object CMakeFiles/rtabmap_msgs__rosidl_typesupport_introspection_c.dir/rosidl_typesupport_introspection_c/rtabmap_msgs/msg/detail/landmark_detections__type_support.c.o[0m
[4.323s] [ 44%] [32m[1mLinking CXX shared library librtabmap_msgs__rosidl_typesupport_c.so[0m
[4.333s] [ 44%] [32mBuilding C object CMakeFiles/rtabmap_msgs__rosidl_typesupport_introspection_c.dir/rosidl_typesupport_introspection_c/rtabmap_msgs/msg/detail/odom_info__type_support.c.o[0m
[4.333s] [ 45%] [32mBuilding CXX object CMakeFiles/rtabmap_msgs__rosidl_typesupport_cpp.dir/rosidl_typesupport_cpp/rtabmap_msgs/srv/global_bundle_adjustment__type_support.cpp.o[0m
[4.382s] [ 45%] [32mBuilding CXX object CMakeFiles/rtabmap_msgs__rosidl_typesupport_cpp.dir/rosidl_typesupport_cpp/rtabmap_msgs/srv/cleanup_local_grids__type_support.cpp.o[0m
[4.399s] [ 45%] [32mBuilding CXX object CMakeFiles/rtabmap_msgs__rosidl_typesupport_introspection_cpp.dir/rosidl_typesupport_introspection_cpp/rtabmap_msgs/msg/detail/map_data__type_support.cpp.o[0m
[4.445s] [ 46%] [32mBuilding C object CMakeFiles/rtabmap_msgs__rosidl_typesupport_introspection_c.dir/rosidl_typesupport_introspection_c/rtabmap_msgs/msg/detail/point2f__type_support.c.o[0m
[4.449s] [ 46%] Built target rtabmap_msgs__rosidl_typesupport_c
[4.461s] [ 46%] [32mBuilding C object CMakeFiles/rtabmap_msgs__rosidl_typesupport_introspection_c.dir/rosidl_typesupport_introspection_c/rtabmap_msgs/msg/detail/point3f__type_support.c.o[0m
[4.467s] [ 46%] [32mBuilding CXX object CMakeFiles/rtabmap_msgs__rosidl_typesupport_fastrtps_c.dir/rosidl_typesupport_fastrtps_c/rtabmap_msgs/msg/detail/key_point__type_support_c.cpp.o[0m
[4.476s] [ 46%] [32mBuilding C object CMakeFiles/rtabmap_msgs__rosidl_typesupport_introspection_c.dir/rosidl_typesupport_introspection_c/rtabmap_msgs/msg/detail/goal__type_support.c.o[0m
[4.512s] [ 47%] [32mBuilding C object CMakeFiles/rtabmap_msgs__rosidl_typesupport_introspection_c.dir/rosidl_typesupport_introspection_c/rtabmap_msgs/msg/detail/rgbd_image__type_support.c.o[0m
[4.514s] [ 47%] [32mBuilding C object CMakeFiles/rtabmap_msgs__rosidl_typesupport_introspection_c.dir/rosidl_typesupport_introspection_c/rtabmap_msgs/msg/detail/rgbd_images__type_support.c.o[0m
[4.528s] [ 47%] [32mBuilding C object CMakeFiles/rtabmap_msgs__rosidl_typesupport_introspection_c.dir/rosidl_typesupport_introspection_c/rtabmap_msgs/msg/detail/user_data__type_support.c.o[0m
[4.565s] [ 47%] [32mBuilding C object CMakeFiles/rtabmap_msgs__rosidl_typesupport_introspection_c.dir/rosidl_typesupport_introspection_c/rtabmap_msgs/msg/detail/gps__type_support.c.o[0m
[4.571s] [ 48%] [32mBuilding C object CMakeFiles/rtabmap_msgs__rosidl_typesupport_introspection_c.dir/rosidl_typesupport_introspection_c/rtabmap_msgs/msg/detail/path__type_support.c.o[0m
[4.575s] [ 48%] [32mBuilding C object CMakeFiles/rtabmap_msgs__rosidl_typesupport_introspection_c.dir/rosidl_typesupport_introspection_c/rtabmap_msgs/msg/detail/env_sensor__type_support.c.o[0m
[4.580s] [ 48%] [32mBuilding C object CMakeFiles/rtabmap_msgs__rosidl_typesupport_introspection_c.dir/rosidl_typesupport_introspection_c/rtabmap_msgs/msg/detail/camera_model__type_support.c.o[0m
[4.588s] [ 49%] [32mBuilding C object CMakeFiles/rtabmap_msgs__rosidl_typesupport_introspection_c.dir/rosidl_typesupport_introspection_c/rtabmap_msgs/msg/detail/camera_models__type_support.c.o[0m
[4.607s] [ 49%] [32mBuilding C object CMakeFiles/rtabmap_msgs__rosidl_typesupport_introspection_c.dir/rosidl_typesupport_introspection_c/rtabmap_msgs/srv/detail/get_map__type_support.c.o[0m
[4.617s] [ 49%] [32mBuilding C object CMakeFiles/rtabmap_msgs__rosidl_typesupport_introspection_c.dir/rosidl_typesupport_introspection_c/rtabmap_msgs/srv/detail/get_map2__type_support.c.o[0m
[4.620s] [ 49%] [32mBuilding C object CMakeFiles/rtabmap_msgs__rosidl_typesupport_introspection_c.dir/rosidl_typesupport_introspection_c/rtabmap_msgs/srv/detail/list_labels__type_support.c.o[0m
[4.624s] [ 50%] [32mBuilding C object CMakeFiles/rtabmap_msgs__rosidl_typesupport_introspection_c.dir/rosidl_typesupport_introspection_c/rtabmap_msgs/srv/detail/publish_map__type_support.c.o[0m
[4.628s] [ 50%] [32mBuilding C object CMakeFiles/rtabmap_msgs__rosidl_typesupport_introspection_c.dir/rosidl_typesupport_introspection_c/rtabmap_msgs/srv/detail/reset_pose__type_support.c.o[0m
[4.639s] [ 50%] [32mBuilding C object CMakeFiles/rtabmap_msgs__rosidl_typesupport_introspection_c.dir/rosidl_typesupport_introspection_c/rtabmap_msgs/srv/detail/set_goal__type_support.c.o[0m
[4.667s] [ 51%] [32mBuilding C object CMakeFiles/rtabmap_msgs__rosidl_typesupport_introspection_c.dir/rosidl_typesupport_introspection_c/rtabmap_msgs/srv/detail/set_label__type_support.c.o[0m
[4.668s] [ 51%] [32mBuilding C object CMakeFiles/rtabmap_msgs__rosidl_typesupport_introspection_c.dir/rosidl_typesupport_introspection_c/rtabmap_msgs/srv/detail/get_plan__type_support.c.o[0m
[4.668s] [ 51%] [32mBuilding C object CMakeFiles/rtabmap_msgs__rosidl_typesupport_introspection_c.dir/rosidl_typesupport_introspection_c/rtabmap_msgs/srv/detail/remove_label__type_support.c.o[0m
[4.669s] [ 52%] [32mBuilding CXX object CMakeFiles/rtabmap_msgs__rosidl_typesupport_fastrtps_c.dir/rosidl_typesupport_fastrtps_c/rtabmap_msgs/msg/detail/global_descriptor__type_support_c.cpp.o[0m
[4.673s] [ 52%] [32mBuilding C object CMakeFiles/rtabmap_msgs__rosidl_typesupport_introspection_c.dir/rosidl_typesupport_introspection_c/rtabmap_msgs/srv/detail/get_node_data__type_support.c.o[0m
[4.673s] [ 53%] [32mBuilding C object CMakeFiles/rtabmap_msgs__rosidl_typesupport_introspection_c.dir/rosidl_typesupport_introspection_c/rtabmap_msgs/srv/detail/add_link__type_support.c.o[0m
[4.682s] [ 53%] [32mBuilding CXX object CMakeFiles/rtabmap_msgs__rosidl_typesupport_introspection_cpp.dir/rosidl_typesupport_introspection_cpp/rtabmap_msgs/msg/detail/map_graph__type_support.cpp.o[0m
[4.692s] [ 53%] [32mBuilding C object CMakeFiles/rtabmap_msgs__rosidl_typesupport_introspection_c.dir/rosidl_typesupport_introspection_c/rtabmap_msgs/srv/detail/get_nodes_in_radius__type_support.c.o[0m
[4.702s] [ 53%] [32mBuilding C object CMakeFiles/rtabmap_msgs__rosidl_typesupport_introspection_c.dir/rosidl_typesupport_introspection_c/rtabmap_msgs/srv/detail/load_database__type_support.c.o[0m
[4.709s] [ 53%] [32mBuilding C object CMakeFiles/rtabmap_msgs__rosidl_typesupport_introspection_c.dir/rosidl_typesupport_introspection_c/rtabmap_msgs/srv/detail/global_bundle_adjustment__type_support.c.o[0m
[4.716s] [ 54%] [32mBuilding C object CMakeFiles/rtabmap_msgs__rosidl_typesupport_introspection_c.dir/rosidl_typesupport_introspection_c/rtabmap_msgs/srv/detail/detect_more_loop_closures__type_support.c.o[0m
[4.723s] [ 54%] [32mBuilding C object CMakeFiles/rtabmap_msgs__rosidl_typesupport_introspection_c.dir/rosidl_typesupport_introspection_c/rtabmap_msgs/srv/detail/cleanup_local_grids__type_support.c.o[0m
[4.741s] [ 54%] [32mBuilding CXX object CMakeFiles/rtabmap_msgs__rosidl_typesupport_fastrtps_c.dir/rosidl_typesupport_fastrtps_c/rtabmap_msgs/msg/detail/scan_descriptor__type_support_c.cpp.o[0m
[4.742s] [ 54%] [32mBuilding CXX object CMakeFiles/rtabmap_msgs__rosidl_typesupport_fastrtps_cpp.dir/rosidl_typesupport_fastrtps_cpp/rtabmap_msgs/msg/detail/dds_fastrtps/key_point__type_support.cpp.o[0m
[4.747s] [ 55%] [32mBuilding CXX object CMakeFiles/rtabmap_msgs__rosidl_typesupport_introspection_cpp.dir/rosidl_typesupport_introspection_cpp/rtabmap_msgs/msg/detail/node__type_support.cpp.o[0m
[4.749s] [ 55%] [32mBuilding CXX object CMakeFiles/rtabmap_msgs__rosidl_typesupport_introspection_cpp.dir/rosidl_typesupport_introspection_cpp/rtabmap_msgs/msg/detail/sensor_data__type_support.cpp.o[0m
[4.763s] [ 55%] [32mBuilding CXX object CMakeFiles/rtabmap_msgs__rosidl_typesupport_introspection_cpp.dir/rosidl_typesupport_introspection_cpp/rtabmap_msgs/msg/detail/link__type_support.cpp.o[0m
[4.764s] [ 56%] [32m[1mLinking C shared library librtabmap_msgs__rosidl_typesupport_introspection_c.so[0m
[4.808s] [ 56%] [32m[1mLinking CXX shared library librtabmap_msgs__rosidl_typesupport_cpp.so[0m
[4.847s] [ 56%] [32mBuilding CXX object CMakeFiles/rtabmap_msgs__rosidl_typesupport_fastrtps_cpp.dir/rosidl_typesupport_fastrtps_cpp/rtabmap_msgs/msg/detail/dds_fastrtps/global_descriptor__type_support.cpp.o[0m
[4.884s] [ 56%] Built target rtabmap_msgs__rosidl_typesupport_introspection_c
[4.895s] [ 57%] [32mBuilding CXX object CMakeFiles/rtabmap_msgs__rosidl_typesupport_fastrtps_cpp.dir/rosidl_typesupport_fastrtps_cpp/rtabmap_msgs/msg/detail/dds_fastrtps/scan_descriptor__type_support.cpp.o[0m
[4.968s] [ 57%] Built target rtabmap_msgs__rosidl_typesupport_cpp
[4.979s] [ 57%] [32mBuilding CXX object CMakeFiles/rtabmap_msgs__rosidl_typesupport_fastrtps_cpp.dir/rosidl_typesupport_fastrtps_cpp/rtabmap_msgs/msg/detail/dds_fastrtps/map_data__type_support.cpp.o[0m
[4.987s] [ 57%] [32mBuilding CXX object CMakeFiles/rtabmap_msgs__rosidl_typesupport_fastrtps_c.dir/rosidl_typesupport_fastrtps_c/rtabmap_msgs/msg/detail/map_data__type_support_c.cpp.o[0m
[5.094s] [ 57%] [32mBuilding CXX object CMakeFiles/rtabmap_msgs__rosidl_typesupport_fastrtps_c.dir/rosidl_typesupport_fastrtps_c/rtabmap_msgs/msg/detail/map_graph__type_support_c.cpp.o[0m
[5.240s] [ 58%] [32mBuilding CXX object CMakeFiles/rtabmap_msgs__rosidl_typesupport_fastrtps_c.dir/rosidl_typesupport_fastrtps_c/rtabmap_msgs/msg/detail/node__type_support_c.cpp.o[0m
[5.260s] [ 59%] [32mBuilding CXX object CMakeFiles/rtabmap_msgs__rosidl_typesupport_introspection_cpp.dir/rosidl_typesupport_introspection_cpp/rtabmap_msgs/msg/detail/landmark_detection__type_support.cpp.o[0m
[5.263s] [ 59%] [32mBuilding CXX object CMakeFiles/rtabmap_msgs__rosidl_typesupport_fastrtps_cpp.dir/rosidl_typesupport_fastrtps_cpp/rtabmap_msgs/msg/detail/dds_fastrtps/map_graph__type_support.cpp.o[0m
[5.416s] [ 59%] [32mBuilding CXX object CMakeFiles/rtabmap_msgs__rosidl_typesupport_introspection_cpp.dir/rosidl_typesupport_introspection_cpp/rtabmap_msgs/msg/detail/landmark_detections__type_support.cpp.o[0m
[5.455s] [ 59%] [32mBuilding CXX object CMakeFiles/rtabmap_msgs__rosidl_typesupport_fastrtps_c.dir/rosidl_typesupport_fastrtps_c/rtabmap_msgs/msg/detail/sensor_data__type_support_c.cpp.o[0m
[5.477s] [ 59%] [32mBuilding CXX object CMakeFiles/rtabmap_msgs__rosidl_typesupport_fastrtps_c.dir/rosidl_typesupport_fastrtps_c/rtabmap_msgs/msg/detail/link__type_support_c.cpp.o[0m
[5.498s] [ 60%] [32mBuilding CXX object CMakeFiles/rtabmap_msgs__rosidl_typesupport_fastrtps_cpp.dir/rosidl_typesupport_fastrtps_cpp/rtabmap_msgs/msg/detail/dds_fastrtps/node__type_support.cpp.o[0m
[5.546s] [ 60%] [32mBuilding CXX object CMakeFiles/rtabmap_msgs__rosidl_typesupport_fastrtps_cpp.dir/rosidl_typesupport_fastrtps_cpp/rtabmap_msgs/msg/detail/dds_fastrtps/sensor_data__type_support.cpp.o[0m
[5.596s] [ 60%] [32mBuilding CXX object CMakeFiles/rtabmap_msgs__rosidl_typesupport_introspection_cpp.dir/rosidl_typesupport_introspection_cpp/rtabmap_msgs/msg/detail/odom_info__type_support.cpp.o[0m
[5.681s] [ 60%] [32mBuilding CXX object CMakeFiles/rtabmap_msgs__rosidl_typesupport_introspection_cpp.dir/rosidl_typesupport_introspection_cpp/rtabmap_msgs/msg/detail/point2f__type_support.cpp.o[0m
[5.691s] [ 61%] [32mBuilding CXX object CMakeFiles/rtabmap_msgs__rosidl_typesupport_introspection_cpp.dir/rosidl_typesupport_introspection_cpp/rtabmap_msgs/msg/detail/point3f__type_support.cpp.o[0m
[5.790s] [ 62%] [32mBuilding CXX object CMakeFiles/rtabmap_msgs__rosidl_typesupport_fastrtps_c.dir/rosidl_typesupport_fastrtps_c/rtabmap_msgs/msg/detail/landmark_detection__type_support_c.cpp.o[0m
[5.858s] [ 62%] [32mBuilding CXX object CMakeFiles/rtabmap_msgs__rosidl_typesupport_fastrtps_c.dir/rosidl_typesupport_fastrtps_c/rtabmap_msgs/msg/detail/landmark_detections__type_support_c.cpp.o[0m
[5.979s] gmake[2]: *** [CMakeFiles/rtabmap_msgs__rosidl_typesupport_fastrtps_cpp.dir/build.make:548: CMakeFiles/rtabmap_msgs__rosidl_typesupport_fastrtps_cpp.dir/rosidl_typesupport_fastrtps_cpp/rtabmap_msgs/msg/detail/dds_fastrtps/sensor_data__type_support.cpp.o] Interrupt
[5.979s] gmake[2]: *** [CMakeFiles/rtabmap_msgs__rosidl_typesupport_fastrtps_cpp.dir/build.make:520: CMakeFiles/rtabmap_msgs__rosidl_typesupport_fastrtps_cpp.dir/rosidl_typesupport_fastrtps_cpp/rtabmap_msgs/msg/detail/dds_fastrtps/map_graph__type_support.cpp.o] Interrupt
[5.980s] gmake[2]: *** [CMakeFiles/rtabmap_msgs__rosidl_typesupport_fastrtps_c.dir/build.make:590: CMakeFiles/rtabmap_msgs__rosidl_typesupport_fastrtps_c.dir/rosidl_typesupport_fastrtps_c/rtabmap_msgs/msg/detail/landmark_detections__type_support_c.cpp.o] Interrupt
[5.980s] gmake[2]: *** [CMakeFiles/rtabmap_msgs__rosidl_typesupport_fastrtps_cpp.dir/build.make:534: CMakeFiles/rtabmap_msgs__rosidl_typesupport_fastrtps_cpp.dir/rosidl_typesupport_fastrtps_cpp/rtabmap_msgs/msg/detail/dds_fastrtps/node__type_support.cpp.o] Interrupt
[5.980s] gmake[2]: *** [CMakeFiles/rtabmap_msgs__rosidl_typesupport_fastrtps_c.dir/build.make:576: CMakeFiles/rtabmap_msgs__rosidl_typesupport_fastrtps_c.dir/rosidl_typesupport_fastrtps_c/rtabmap_msgs/msg/detail/landmark_detection__type_support_c.cpp.o] Interrupt
[5.980s] gmake[2]: *** [CMakeFiles/rtabmap_msgs__rosidl_typesupport_fastrtps_c.dir/build.make:603: CMakeFiles/rtabmap_msgs__rosidl_typesupport_fastrtps_c.dir/rosidl_typesupport_fastrtps_c/rtabmap_msgs/msg/detail/odom_info__type_support_c.cpp.o] Interrupt
[5.980s] gmake[2]: *** [CMakeFiles/rtabmap_msgs__rosidl_typesupport_fastrtps_cpp.dir/build.make:561: CMakeFiles/rtabmap_msgs__rosidl_typesupport_fastrtps_cpp.dir/rosidl_typesupport_fastrtps_cpp/rtabmap_msgs/msg/detail/dds_fastrtps/link__type_support.cpp.o] Interrupt
[5.980s] gmake[2]: *** [CMakeFiles/rtabmap_msgs__rosidl_typesupport_introspection_cpp.dir/build.make:548: CMakeFiles/rtabmap_msgs__rosidl_typesupport_introspection_cpp.dir/rosidl_typesupport_introspection_cpp/rtabmap_msgs/msg/detail/sensor_data__type_support.cpp.o] Interrupt
[5.980s] gmake[1]: *** [CMakeFiles/Makefile2:239: CMakeFiles/rtabmap_msgs__rosidl_typesupport_fastrtps_c.dir/all] Interrupt
[5.980s] gmake[2]: *** [CMakeFiles/rtabmap_msgs__rosidl_typesupport_introspection_cpp.dir/build.make:590: CMakeFiles/rtabmap_msgs__rosidl_typesupport_introspection_cpp.dir/rosidl_typesupport_introspection_cpp/rtabmap_msgs/msg/detail/landmark_detections__type_support.cpp.o] Interrupt
[5.980s] gmake[2]: *** [CMakeFiles/rtabmap_msgs__rosidl_typesupport_introspection_cpp.dir/build.make:604: CMakeFiles/rtabmap_msgs__rosidl_typesupport_introspection_cpp.dir/rosidl_typesupport_introspection_cpp/rtabmap_msgs/msg/detail/odom_info__type_support.cpp.o] Interrupt
[5.981s] gmake[2]: *** [CMakeFiles/rtabmap_msgs__rosidl_typesupport_introspection_cpp.dir/build.make:618: CMakeFiles/rtabmap_msgs__rosidl_typesupport_introspection_cpp.dir/rosidl_typesupport_introspection_cpp/rtabmap_msgs/msg/detail/point2f__type_support.cpp.o] Interrupt
[5.981s] gmake[2]: *** [CMakeFiles/rtabmap_msgs__rosidl_typesupport_introspection_cpp.dir/build.make:632: CMakeFiles/rtabmap_msgs__rosidl_typesupport_introspection_cpp.dir/rosidl_typesupport_introspection_cpp/rtabmap_msgs/msg/detail/point3f__type_support.cpp.o] Interrupt
[5.981s] gmake[1]: *** [CMakeFiles/Makefile2:369: CMakeFiles/rtabmap_msgs__rosidl_typesupport_introspection_cpp.dir/all] Interrupt
[5.981s] gmake[1]: *** [CMakeFiles/Makefile2:343: CMakeFiles/rtabmap_msgs__rosidl_typesupport_fastrtps_cpp.dir/all] Interrupt
[5.981s] gmake: *** [Makefile:146: all] Interrupt
[5.985s] Invoked command in '/home/singh/ros2_sensor_ws/build/rtabmap_msgs' returned '-2': CMAKE_PREFIX_PATH=${CMAKE_PREFIX_PATH}:/home/singh/ros2_sensor_ws/install/rtabmap_python:/home/singh/install/my_robot_controller:/opt/ros/humble /usr/bin/cmake --build /home/singh/ros2_sensor_ws/build/rtabmap_msgs -- -j12 -l12
