[0.692s] Invoking command in '/home/singh/ros2_sensor_ws/src/rtabmap_ros/rtabmap_python': PYTHONPATH=/home/singh/ros2_sensor_ws/build/rtabmap_python/prefix_override:/usr/lib/python3/dist-packages/colcon_core/task/python/colcon_distutils_commands:/home/singh/ros2_sensor_ws/install/rtabmap_python/lib/python3.10/site-packages:${PYTHONPATH} /usr/bin/python3 -W ignore:setup.py install is deprecated -W ignore:easy_install command is deprecated setup.py egg_info --egg-base ../../../build/rtabmap_python build --build-base /home/singh/ros2_sensor_ws/build/rtabmap_python/build install --record /home/singh/ros2_sensor_ws/build/rtabmap_python/install.log --single-version-externally-managed install_data
[0.933s] running egg_info
[0.934s] writing ../../../build/rtabmap_python/rtabmap_python.egg-info/PKG-INFO
[0.934s] writing dependency_links to ../../../build/rtabmap_python/rtabmap_python.egg-info/dependency_links.txt
[0.935s] writing entry points to ../../../build/rtabmap_python/rtabmap_python.egg-info/entry_points.txt
[0.935s] writing requirements to ../../../build/rtabmap_python/rtabmap_python.egg-info/requires.txt
[0.935s] writing top-level names to ../../../build/rtabmap_python/rtabmap_python.egg-info/top_level.txt
[0.937s] reading manifest file '../../../build/rtabmap_python/rtabmap_python.egg-info/SOURCES.txt'
[0.937s] writing manifest file '../../../build/rtabmap_python/rtabmap_python.egg-info/SOURCES.txt'
[0.937s] running build
[0.937s] running build_py
[0.938s] running install
[0.938s] running install_lib
[0.940s] running install_data
[0.940s] running install_egg_info
[0.943s] removing '/home/singh/ros2_sensor_ws/install/rtabmap_python/lib/python3.10/site-packages/rtabmap_python-0.1.0-py3.10.egg-info' (and everything under it)
[0.943s] Copying ../../../build/rtabmap_python/rtabmap_python.egg-info to /home/singh/ros2_sensor_ws/install/rtabmap_python/lib/python3.10/site-packages/rtabmap_python-0.1.0-py3.10.egg-info
[0.943s] running install_scripts
[0.957s] writing list of installed files to '/home/singh/ros2_sensor_ws/build/rtabmap_python/install.log'
[0.984s] Invoked command in '/home/singh/ros2_sensor_ws/src/rtabmap_ros/rtabmap_python' returned '0': PYTHONPATH=/home/singh/ros2_sensor_ws/build/rtabmap_python/prefix_override:/usr/lib/python3/dist-packages/colcon_core/task/python/colcon_distutils_commands:/home/singh/ros2_sensor_ws/install/rtabmap_python/lib/python3.10/site-packages:${PYTHONPATH} /usr/bin/python3 -W ignore:setup.py install is deprecated -W ignore:easy_install command is deprecated setup.py egg_info --egg-base ../../../build/rtabmap_python build --build-base /home/singh/ros2_sensor_ws/build/rtabmap_python/build install --record /home/singh/ros2_sensor_ws/build/rtabmap_python/install.log --single-version-externally-managed install_data
