[0.230s] DEBUG:colcon:Command line arguments: ['/usr/bin/colcon', 'build', '--packages-select', 'my_sensor_description']
[0.230s] DEBUG:colcon:Parsed command line arguments: Namespace(log_base=None, log_level=None, verb_name='build', build_base='build', install_base='install', merge_install=False, symlink_install=False, test_result_base=None, continue_on_error=False, executor='parallel', parallel_workers=12, event_handlers=None, ignore_user_meta=False, metas=['./colcon.meta'], base_paths=['.'], packages_ignore=None, packages_ignore_regex=None, paths=None, packages_up_to=None, packages_up_to_regex=None, packages_above=None, packages_above_and_dependencies=None, packages_above_depth=None, packages_select_by_dep=None, packages_skip_by_dep=None, packages_skip_up_to=None, packages_select_build_failed=False, packages_skip_build_finished=False, packages_select_test_failures=False, packages_skip_test_passed=False, packages_select=['my_sensor_description'], packages_skip=None, packages_select_regex=None, packages_skip_regex=None, packages_start=None, packages_end=None, allow_overriding=[], cmake_args=None, cmake_target=None, cmake_target_skip_unavailable=False, cmake_clean_cache=False, cmake_clean_first=False, cmake_force_configure=False, ament_cmake_args=None, catkin_cmake_args=None, catkin_skip_building_tests=False, verb_parser=<colcon_defaults.argument_parser.defaults.DefaultArgumentsDecorator object at 0x76ecec052d40>, verb_extension=<colcon_core.verb.build.BuildVerb object at 0x76ecec194130>, main=<bound method BuildVerb.main of <colcon_core.verb.build.BuildVerb object at 0x76ecec194130>>)
[0.437s] Level 1:colcon.colcon_core.package_discovery:discover_packages(colcon_meta) check parameters
[0.437s] Level 1:colcon.colcon_core.package_discovery:discover_packages(recursive) check parameters
[0.437s] Level 1:colcon.colcon_core.package_discovery:discover_packages(ignore) check parameters
[0.437s] Level 1:colcon.colcon_core.package_discovery:discover_packages(path) check parameters
[0.437s] Level 1:colcon.colcon_core.package_discovery:discover_packages(colcon_meta) discover
[0.437s] Level 1:colcon.colcon_core.package_discovery:discover_packages(recursive) discover
[0.437s] INFO:colcon.colcon_core.package_discovery:Crawling recursively for packages in '/home/singh/ros2_sensor_ws'
[0.437s] Level 1:colcon.colcon_core.package_identification:_identify(.) by extensions ['ignore', 'ignore_ament_install']
[0.437s] Level 1:colcon.colcon_core.package_identification:_identify(.) by extension 'ignore'
[0.437s] Level 1:colcon.colcon_core.package_identification:_identify(.) by extension 'ignore_ament_install'
[0.437s] Level 1:colcon.colcon_core.package_identification:_identify(.) by extensions ['colcon_pkg']
[0.437s] Level 1:colcon.colcon_core.package_identification:_identify(.) by extension 'colcon_pkg'
[0.437s] Level 1:colcon.colcon_core.package_identification:_identify(.) by extensions ['colcon_meta']
[0.437s] Level 1:colcon.colcon_core.package_identification:_identify(.) by extension 'colcon_meta'
[0.437s] Level 1:colcon.colcon_core.package_identification:_identify(.) by extensions ['ros']
[0.437s] Level 1:colcon.colcon_core.package_identification:_identify(.) by extension 'ros'
[0.452s] Level 1:colcon.colcon_core.package_identification:_identify(.) by extensions ['cmake', 'python']
[0.452s] Level 1:colcon.colcon_core.package_identification:_identify(.) by extension 'cmake'
[0.452s] Level 1:colcon.colcon_core.package_identification:_identify(.) by extension 'python'
[0.452s] Level 1:colcon.colcon_core.package_identification:_identify(.) by extensions ['python_setup_py']
[0.452s] Level 1:colcon.colcon_core.package_identification:_identify(.) by extension 'python_setup_py'
[0.452s] Level 1:colcon.colcon_core.package_identification:_identify(build) by extensions ['ignore', 'ignore_ament_install']
[0.452s] Level 1:colcon.colcon_core.package_identification:_identify(build) by extension 'ignore'
[0.452s] Level 1:colcon.colcon_core.package_identification:_identify(build) ignored
[0.453s] Level 1:colcon.colcon_core.package_identification:_identify(install) by extensions ['ignore', 'ignore_ament_install']
[0.453s] Level 1:colcon.colcon_core.package_identification:_identify(install) by extension 'ignore'
[0.453s] Level 1:colcon.colcon_core.package_identification:_identify(install) ignored
[0.453s] Level 1:colcon.colcon_core.package_identification:_identify(log) by extensions ['ignore', 'ignore_ament_install']
[0.453s] Level 1:colcon.colcon_core.package_identification:_identify(log) by extension 'ignore'
[0.453s] Level 1:colcon.colcon_core.package_identification:_identify(log) ignored
[0.453s] Level 1:colcon.colcon_core.package_identification:_identify(src) by extensions ['ignore', 'ignore_ament_install']
[0.453s] Level 1:colcon.colcon_core.package_identification:_identify(src) by extension 'ignore'
[0.453s] Level 1:colcon.colcon_core.package_identification:_identify(src) by extension 'ignore_ament_install'
[0.453s] Level 1:colcon.colcon_core.package_identification:_identify(src) by extensions ['colcon_pkg']
[0.453s] Level 1:colcon.colcon_core.package_identification:_identify(src) by extension 'colcon_pkg'
[0.453s] Level 1:colcon.colcon_core.package_identification:_identify(src) by extensions ['colcon_meta']
[0.453s] Level 1:colcon.colcon_core.package_identification:_identify(src) by extension 'colcon_meta'
[0.453s] Level 1:colcon.colcon_core.package_identification:_identify(src) by extensions ['ros']
[0.453s] Level 1:colcon.colcon_core.package_identification:_identify(src) by extension 'ros'
[0.453s] Level 1:colcon.colcon_core.package_identification:_identify(src) by extensions ['cmake', 'python']
[0.453s] Level 1:colcon.colcon_core.package_identification:_identify(src) by extension 'cmake'
[0.453s] Level 1:colcon.colcon_core.package_identification:_identify(src) by extension 'python'
[0.453s] Level 1:colcon.colcon_core.package_identification:_identify(src) by extensions ['python_setup_py']
[0.453s] Level 1:colcon.colcon_core.package_identification:_identify(src) by extension 'python_setup_py'
[0.454s] Level 1:colcon.colcon_core.package_identification:_identify(src/YOLOv5-ROS) by extensions ['ignore', 'ignore_ament_install']
[0.454s] Level 1:colcon.colcon_core.package_identification:_identify(src/YOLOv5-ROS) by extension 'ignore'
[0.454s] Level 1:colcon.colcon_core.package_identification:_identify(src/YOLOv5-ROS) by extension 'ignore_ament_install'
[0.454s] Level 1:colcon.colcon_core.package_identification:_identify(src/YOLOv5-ROS) by extensions ['colcon_pkg']
[0.454s] Level 1:colcon.colcon_core.package_identification:_identify(src/YOLOv5-ROS) by extension 'colcon_pkg'
[0.454s] Level 1:colcon.colcon_core.package_identification:_identify(src/YOLOv5-ROS) by extensions ['colcon_meta']
[0.454s] Level 1:colcon.colcon_core.package_identification:_identify(src/YOLOv5-ROS) by extension 'colcon_meta'
[0.454s] Level 1:colcon.colcon_core.package_identification:_identify(src/YOLOv5-ROS) by extensions ['ros']
[0.454s] Level 1:colcon.colcon_core.package_identification:_identify(src/YOLOv5-ROS) by extension 'ros'
[0.454s] Level 1:colcon.colcon_core.package_identification:_identify(src/YOLOv5-ROS) by extensions ['cmake', 'python']
[0.454s] Level 1:colcon.colcon_core.package_identification:_identify(src/YOLOv5-ROS) by extension 'cmake'
[0.454s] Level 1:colcon.colcon_core.package_identification:_identify(src/YOLOv5-ROS) by extension 'python'
[0.454s] Level 1:colcon.colcon_core.package_identification:_identify(src/YOLOv5-ROS) by extensions ['python_setup_py']
[0.454s] Level 1:colcon.colcon_core.package_identification:_identify(src/YOLOv5-ROS) by extension 'python_setup_py'
[0.454s] Level 1:colcon.colcon_core.package_identification:_identify(src/YOLOv5-ROS/yolov5_ros) by extensions ['ignore', 'ignore_ament_install']
[0.454s] Level 1:colcon.colcon_core.package_identification:_identify(src/YOLOv5-ROS/yolov5_ros) by extension 'ignore'
[0.454s] Level 1:colcon.colcon_core.package_identification:_identify(src/YOLOv5-ROS/yolov5_ros) by extension 'ignore_ament_install'
[0.454s] Level 1:colcon.colcon_core.package_identification:_identify(src/YOLOv5-ROS/yolov5_ros) by extensions ['colcon_pkg']
[0.454s] Level 1:colcon.colcon_core.package_identification:_identify(src/YOLOv5-ROS/yolov5_ros) by extension 'colcon_pkg'
[0.454s] Level 1:colcon.colcon_core.package_identification:_identify(src/YOLOv5-ROS/yolov5_ros) by extensions ['colcon_meta']
[0.454s] Level 1:colcon.colcon_core.package_identification:_identify(src/YOLOv5-ROS/yolov5_ros) by extension 'colcon_meta'
[0.454s] Level 1:colcon.colcon_core.package_identification:_identify(src/YOLOv5-ROS/yolov5_ros) by extensions ['ros']
[0.454s] Level 1:colcon.colcon_core.package_identification:_identify(src/YOLOv5-ROS/yolov5_ros) by extension 'ros'
[0.457s] DEBUG:colcon.colcon_core.package_identification:Package 'src/YOLOv5-ROS/yolov5_ros' with type 'ros.ament_python' and name 'yolov5_ros'
[0.457s] Level 1:colcon.colcon_core.package_identification:_identify(src/bbox_ex_msgs) by extensions ['ignore', 'ignore_ament_install']
[0.457s] Level 1:colcon.colcon_core.package_identification:_identify(src/bbox_ex_msgs) by extension 'ignore'
[0.457s] Level 1:colcon.colcon_core.package_identification:_identify(src/bbox_ex_msgs) by extension 'ignore_ament_install'
[0.457s] Level 1:colcon.colcon_core.package_identification:_identify(src/bbox_ex_msgs) by extensions ['colcon_pkg']
[0.457s] Level 1:colcon.colcon_core.package_identification:_identify(src/bbox_ex_msgs) by extension 'colcon_pkg'
[0.457s] Level 1:colcon.colcon_core.package_identification:_identify(src/bbox_ex_msgs) by extensions ['colcon_meta']
[0.457s] Level 1:colcon.colcon_core.package_identification:_identify(src/bbox_ex_msgs) by extension 'colcon_meta'
[0.458s] Level 1:colcon.colcon_core.package_identification:_identify(src/bbox_ex_msgs) by extensions ['ros']
[0.458s] Level 1:colcon.colcon_core.package_identification:_identify(src/bbox_ex_msgs) by extension 'ros'
[0.469s] DEBUG:colcon.colcon_core.package_identification:Package 'src/bbox_ex_msgs' with type 'ros.ament_cmake' and name 'bboxes_ex_msgs'
[0.470s] Level 1:colcon.colcon_core.package_identification:_identify(src/build) by extensions ['ignore', 'ignore_ament_install']
[0.470s] Level 1:colcon.colcon_core.package_identification:_identify(src/build) by extension 'ignore'
[0.470s] Level 1:colcon.colcon_core.package_identification:_identify(src/build) ignored
[0.470s] Level 1:colcon.colcon_core.package_identification:_identify(src/geometry2) by extensions ['ignore', 'ignore_ament_install']
[0.470s] Level 1:colcon.colcon_core.package_identification:_identify(src/geometry2) by extension 'ignore'
[0.470s] Level 1:colcon.colcon_core.package_identification:_identify(src/geometry2) by extension 'ignore_ament_install'
[0.470s] Level 1:colcon.colcon_core.package_identification:_identify(src/geometry2) by extensions ['colcon_pkg']
[0.470s] Level 1:colcon.colcon_core.package_identification:_identify(src/geometry2) by extension 'colcon_pkg'
[0.470s] Level 1:colcon.colcon_core.package_identification:_identify(src/geometry2) by extensions ['colcon_meta']
[0.470s] Level 1:colcon.colcon_core.package_identification:_identify(src/geometry2) by extension 'colcon_meta'
[0.470s] Level 1:colcon.colcon_core.package_identification:_identify(src/geometry2) by extensions ['ros']
[0.470s] Level 1:colcon.colcon_core.package_identification:_identify(src/geometry2) by extension 'ros'
[0.470s] Level 1:colcon.colcon_core.package_identification:_identify(src/geometry2) by extensions ['cmake', 'python']
[0.470s] Level 1:colcon.colcon_core.package_identification:_identify(src/geometry2) by extension 'cmake'
[0.470s] Level 1:colcon.colcon_core.package_identification:_identify(src/geometry2) by extension 'python'
[0.470s] Level 1:colcon.colcon_core.package_identification:_identify(src/geometry2) by extensions ['python_setup_py']
[0.470s] Level 1:colcon.colcon_core.package_identification:_identify(src/geometry2) by extension 'python_setup_py'
[0.471s] Level 1:colcon.colcon_core.package_identification:_identify(src/geometry2/examples_tf2_py) by extensions ['ignore', 'ignore_ament_install']
[0.471s] Level 1:colcon.colcon_core.package_identification:_identify(src/geometry2/examples_tf2_py) by extension 'ignore'
[0.471s] Level 1:colcon.colcon_core.package_identification:_identify(src/geometry2/examples_tf2_py) by extension 'ignore_ament_install'
[0.471s] Level 1:colcon.colcon_core.package_identification:_identify(src/geometry2/examples_tf2_py) by extensions ['colcon_pkg']
[0.471s] Level 1:colcon.colcon_core.package_identification:_identify(src/geometry2/examples_tf2_py) by extension 'colcon_pkg'
[0.471s] Level 1:colcon.colcon_core.package_identification:_identify(src/geometry2/examples_tf2_py) by extensions ['colcon_meta']
[0.471s] Level 1:colcon.colcon_core.package_identification:_identify(src/geometry2/examples_tf2_py) by extension 'colcon_meta'
[0.471s] Level 1:colcon.colcon_core.package_identification:_identify(src/geometry2/examples_tf2_py) by extensions ['ros']
[0.471s] Level 1:colcon.colcon_core.package_identification:_identify(src/geometry2/examples_tf2_py) by extension 'ros'
[0.471s] DEBUG:colcon.colcon_core.package_identification:Package 'src/geometry2/examples_tf2_py' with type 'ros.ament_python' and name 'examples_tf2_py'
[0.472s] Level 1:colcon.colcon_core.package_identification:_identify(src/geometry2/geometry2) by extensions ['ignore', 'ignore_ament_install']
[0.472s] Level 1:colcon.colcon_core.package_identification:_identify(src/geometry2/geometry2) by extension 'ignore'
[0.472s] Level 1:colcon.colcon_core.package_identification:_identify(src/geometry2/geometry2) by extension 'ignore_ament_install'
[0.472s] Level 1:colcon.colcon_core.package_identification:_identify(src/geometry2/geometry2) by extensions ['colcon_pkg']
[0.472s] Level 1:colcon.colcon_core.package_identification:_identify(src/geometry2/geometry2) by extension 'colcon_pkg'
[0.472s] Level 1:colcon.colcon_core.package_identification:_identify(src/geometry2/geometry2) by extensions ['colcon_meta']
[0.472s] Level 1:colcon.colcon_core.package_identification:_identify(src/geometry2/geometry2) by extension 'colcon_meta'
[0.472s] Level 1:colcon.colcon_core.package_identification:_identify(src/geometry2/geometry2) by extensions ['ros']
[0.472s] Level 1:colcon.colcon_core.package_identification:_identify(src/geometry2/geometry2) by extension 'ros'
[0.472s] DEBUG:colcon.colcon_core.package_identification:Package 'src/geometry2/geometry2' with type 'ros.ament_cmake' and name 'geometry2'
[0.473s] Level 1:colcon.colcon_core.package_identification:_identify(src/geometry2/test_tf2) by extensions ['ignore', 'ignore_ament_install']
[0.473s] Level 1:colcon.colcon_core.package_identification:_identify(src/geometry2/test_tf2) by extension 'ignore'
[0.473s] Level 1:colcon.colcon_core.package_identification:_identify(src/geometry2/test_tf2) by extension 'ignore_ament_install'
[0.473s] Level 1:colcon.colcon_core.package_identification:_identify(src/geometry2/test_tf2) by extensions ['colcon_pkg']
[0.473s] Level 1:colcon.colcon_core.package_identification:_identify(src/geometry2/test_tf2) by extension 'colcon_pkg'
[0.473s] Level 1:colcon.colcon_core.package_identification:_identify(src/geometry2/test_tf2) by extensions ['colcon_meta']
[0.473s] Level 1:colcon.colcon_core.package_identification:_identify(src/geometry2/test_tf2) by extension 'colcon_meta'
[0.473s] Level 1:colcon.colcon_core.package_identification:_identify(src/geometry2/test_tf2) by extensions ['ros']
[0.473s] Level 1:colcon.colcon_core.package_identification:_identify(src/geometry2/test_tf2) by extension 'ros'
[0.474s] DEBUG:colcon.colcon_core.package_identification:Package 'src/geometry2/test_tf2' with type 'ros.ament_cmake' and name 'test_tf2'
[0.474s] Level 1:colcon.colcon_core.package_identification:_identify(src/geometry2/tf2) by extensions ['ignore', 'ignore_ament_install']
[0.474s] Level 1:colcon.colcon_core.package_identification:_identify(src/geometry2/tf2) by extension 'ignore'
[0.474s] Level 1:colcon.colcon_core.package_identification:_identify(src/geometry2/tf2) by extension 'ignore_ament_install'
[0.474s] Level 1:colcon.colcon_core.package_identification:_identify(src/geometry2/tf2) by extensions ['colcon_pkg']
[0.474s] Level 1:colcon.colcon_core.package_identification:_identify(src/geometry2/tf2) by extension 'colcon_pkg'
[0.474s] Level 1:colcon.colcon_core.package_identification:_identify(src/geometry2/tf2) by extensions ['colcon_meta']
[0.474s] Level 1:colcon.colcon_core.package_identification:_identify(src/geometry2/tf2) by extension 'colcon_meta'
[0.475s] Level 1:colcon.colcon_core.package_identification:_identify(src/geometry2/tf2) by extensions ['ros']
[0.475s] Level 1:colcon.colcon_core.package_identification:_identify(src/geometry2/tf2) by extension 'ros'
[0.475s] DEBUG:colcon.colcon_core.package_identification:Package 'src/geometry2/tf2' with type 'ros.ament_cmake' and name 'tf2'
[0.476s] Level 1:colcon.colcon_core.package_identification:_identify(src/geometry2/tf2_bullet) by extensions ['ignore', 'ignore_ament_install']
[0.476s] Level 1:colcon.colcon_core.package_identification:_identify(src/geometry2/tf2_bullet) by extension 'ignore'
[0.476s] Level 1:colcon.colcon_core.package_identification:_identify(src/geometry2/tf2_bullet) by extension 'ignore_ament_install'
[0.476s] Level 1:colcon.colcon_core.package_identification:_identify(src/geometry2/tf2_bullet) by extensions ['colcon_pkg']
[0.476s] Level 1:colcon.colcon_core.package_identification:_identify(src/geometry2/tf2_bullet) by extension 'colcon_pkg'
[0.476s] Level 1:colcon.colcon_core.package_identification:_identify(src/geometry2/tf2_bullet) by extensions ['colcon_meta']
[0.476s] Level 1:colcon.colcon_core.package_identification:_identify(src/geometry2/tf2_bullet) by extension 'colcon_meta'
[0.476s] Level 1:colcon.colcon_core.package_identification:_identify(src/geometry2/tf2_bullet) by extensions ['ros']
[0.476s] Level 1:colcon.colcon_core.package_identification:_identify(src/geometry2/tf2_bullet) by extension 'ros'
[0.476s] DEBUG:colcon.colcon_core.package_identification:Package 'src/geometry2/tf2_bullet' with type 'ros.ament_cmake' and name 'tf2_bullet'
[0.477s] Level 1:colcon.colcon_core.package_identification:_identify(src/geometry2/tf2_eigen) by extensions ['ignore', 'ignore_ament_install']
[0.477s] Level 1:colcon.colcon_core.package_identification:_identify(src/geometry2/tf2_eigen) by extension 'ignore'
[0.477s] Level 1:colcon.colcon_core.package_identification:_identify(src/geometry2/tf2_eigen) by extension 'ignore_ament_install'
[0.477s] Level 1:colcon.colcon_core.package_identification:_identify(src/geometry2/tf2_eigen) by extensions ['colcon_pkg']
[0.477s] Level 1:colcon.colcon_core.package_identification:_identify(src/geometry2/tf2_eigen) by extension 'colcon_pkg'
[0.477s] Level 1:colcon.colcon_core.package_identification:_identify(src/geometry2/tf2_eigen) by extensions ['colcon_meta']
[0.477s] Level 1:colcon.colcon_core.package_identification:_identify(src/geometry2/tf2_eigen) by extension 'colcon_meta'
[0.478s] Level 1:colcon.colcon_core.package_identification:_identify(src/geometry2/tf2_eigen) by extensions ['ros']
[0.478s] Level 1:colcon.colcon_core.package_identification:_identify(src/geometry2/tf2_eigen) by extension 'ros'
[0.479s] DEBUG:colcon.colcon_core.package_identification:Package 'src/geometry2/tf2_eigen' with type 'ros.ament_cmake' and name 'tf2_eigen'
[0.479s] Level 1:colcon.colcon_core.package_identification:_identify(src/geometry2/tf2_eigen_kdl) by extensions ['ignore', 'ignore_ament_install']
[0.479s] Level 1:colcon.colcon_core.package_identification:_identify(src/geometry2/tf2_eigen_kdl) by extension 'ignore'
[0.479s] Level 1:colcon.colcon_core.package_identification:_identify(src/geometry2/tf2_eigen_kdl) by extension 'ignore_ament_install'
[0.480s] Level 1:colcon.colcon_core.package_identification:_identify(src/geometry2/tf2_eigen_kdl) by extensions ['colcon_pkg']
[0.480s] Level 1:colcon.colcon_core.package_identification:_identify(src/geometry2/tf2_eigen_kdl) by extension 'colcon_pkg'
[0.480s] Level 1:colcon.colcon_core.package_identification:_identify(src/geometry2/tf2_eigen_kdl) by extensions ['colcon_meta']
[0.480s] Level 1:colcon.colcon_core.package_identification:_identify(src/geometry2/tf2_eigen_kdl) by extension 'colcon_meta'
[0.480s] Level 1:colcon.colcon_core.package_identification:_identify(src/geometry2/tf2_eigen_kdl) by extensions ['ros']
[0.480s] Level 1:colcon.colcon_core.package_identification:_identify(src/geometry2/tf2_eigen_kdl) by extension 'ros'
[0.481s] DEBUG:colcon.colcon_core.package_identification:Package 'src/geometry2/tf2_eigen_kdl' with type 'ros.ament_cmake' and name 'tf2_eigen_kdl'
[0.481s] Level 1:colcon.colcon_core.package_identification:_identify(src/geometry2/tf2_geometry_msgs) by extensions ['ignore', 'ignore_ament_install']
[0.482s] Level 1:colcon.colcon_core.package_identification:_identify(src/geometry2/tf2_geometry_msgs) by extension 'ignore'
[0.482s] Level 1:colcon.colcon_core.package_identification:_identify(src/geometry2/tf2_geometry_msgs) by extension 'ignore_ament_install'
[0.482s] Level 1:colcon.colcon_core.package_identification:_identify(src/geometry2/tf2_geometry_msgs) by extensions ['colcon_pkg']
[0.482s] Level 1:colcon.colcon_core.package_identification:_identify(src/geometry2/tf2_geometry_msgs) by extension 'colcon_pkg'
[0.482s] Level 1:colcon.colcon_core.package_identification:_identify(src/geometry2/tf2_geometry_msgs) by extensions ['colcon_meta']
[0.482s] Level 1:colcon.colcon_core.package_identification:_identify(src/geometry2/tf2_geometry_msgs) by extension 'colcon_meta'
[0.482s] Level 1:colcon.colcon_core.package_identification:_identify(src/geometry2/tf2_geometry_msgs) by extensions ['ros']
[0.482s] Level 1:colcon.colcon_core.package_identification:_identify(src/geometry2/tf2_geometry_msgs) by extension 'ros'
[0.483s] DEBUG:colcon.colcon_core.package_identification:Package 'src/geometry2/tf2_geometry_msgs' with type 'ros.ament_cmake' and name 'tf2_geometry_msgs'
[0.483s] Level 1:colcon.colcon_core.package_identification:_identify(src/geometry2/tf2_kdl) by extensions ['ignore', 'ignore_ament_install']
[0.483s] Level 1:colcon.colcon_core.package_identification:_identify(src/geometry2/tf2_kdl) by extension 'ignore'
[0.483s] Level 1:colcon.colcon_core.package_identification:_identify(src/geometry2/tf2_kdl) by extension 'ignore_ament_install'
[0.483s] Level 1:colcon.colcon_core.package_identification:_identify(src/geometry2/tf2_kdl) by extensions ['colcon_pkg']
[0.483s] Level 1:colcon.colcon_core.package_identification:_identify(src/geometry2/tf2_kdl) by extension 'colcon_pkg'
[0.483s] Level 1:colcon.colcon_core.package_identification:_identify(src/geometry2/tf2_kdl) by extensions ['colcon_meta']
[0.483s] Level 1:colcon.colcon_core.package_identification:_identify(src/geometry2/tf2_kdl) by extension 'colcon_meta'
[0.483s] Level 1:colcon.colcon_core.package_identification:_identify(src/geometry2/tf2_kdl) by extensions ['ros']
[0.483s] Level 1:colcon.colcon_core.package_identification:_identify(src/geometry2/tf2_kdl) by extension 'ros'
[0.484s] DEBUG:colcon.colcon_core.package_identification:Package 'src/geometry2/tf2_kdl' with type 'ros.ament_cmake' and name 'tf2_kdl'
[0.484s] Level 1:colcon.colcon_core.package_identification:_identify(src/geometry2/tf2_msgs) by extensions ['ignore', 'ignore_ament_install']
[0.484s] Level 1:colcon.colcon_core.package_identification:_identify(src/geometry2/tf2_msgs) by extension 'ignore'
[0.484s] Level 1:colcon.colcon_core.package_identification:_identify(src/geometry2/tf2_msgs) by extension 'ignore_ament_install'
[0.485s] Level 1:colcon.colcon_core.package_identification:_identify(src/geometry2/tf2_msgs) by extensions ['colcon_pkg']
[0.485s] Level 1:colcon.colcon_core.package_identification:_identify(src/geometry2/tf2_msgs) by extension 'colcon_pkg'
[0.485s] Level 1:colcon.colcon_core.package_identification:_identify(src/geometry2/tf2_msgs) by extensions ['colcon_meta']
[0.485s] Level 1:colcon.colcon_core.package_identification:_identify(src/geometry2/tf2_msgs) by extension 'colcon_meta'
[0.485s] Level 1:colcon.colcon_core.package_identification:_identify(src/geometry2/tf2_msgs) by extensions ['ros']
[0.485s] Level 1:colcon.colcon_core.package_identification:_identify(src/geometry2/tf2_msgs) by extension 'ros'
[0.485s] DEBUG:colcon.colcon_core.package_identification:Package 'src/geometry2/tf2_msgs' with type 'ros.ament_cmake' and name 'tf2_msgs'
[0.486s] Level 1:colcon.colcon_core.package_identification:_identify(src/geometry2/tf2_py) by extensions ['ignore', 'ignore_ament_install']
[0.486s] Level 1:colcon.colcon_core.package_identification:_identify(src/geometry2/tf2_py) by extension 'ignore'
[0.486s] Level 1:colcon.colcon_core.package_identification:_identify(src/geometry2/tf2_py) by extension 'ignore_ament_install'
[0.486s] Level 1:colcon.colcon_core.package_identification:_identify(src/geometry2/tf2_py) by extensions ['colcon_pkg']
[0.486s] Level 1:colcon.colcon_core.package_identification:_identify(src/geometry2/tf2_py) by extension 'colcon_pkg'
[0.486s] Level 1:colcon.colcon_core.package_identification:_identify(src/geometry2/tf2_py) by extensions ['colcon_meta']
[0.486s] Level 1:colcon.colcon_core.package_identification:_identify(src/geometry2/tf2_py) by extension 'colcon_meta'
[0.486s] Level 1:colcon.colcon_core.package_identification:_identify(src/geometry2/tf2_py) by extensions ['ros']
[0.486s] Level 1:colcon.colcon_core.package_identification:_identify(src/geometry2/tf2_py) by extension 'ros'
[0.487s] DEBUG:colcon.colcon_core.package_identification:Package 'src/geometry2/tf2_py' with type 'ros.ament_cmake' and name 'tf2_py'
[0.487s] Level 1:colcon.colcon_core.package_identification:_identify(src/geometry2/tf2_ros) by extensions ['ignore', 'ignore_ament_install']
[0.487s] Level 1:colcon.colcon_core.package_identification:_identify(src/geometry2/tf2_ros) by extension 'ignore'
[0.487s] Level 1:colcon.colcon_core.package_identification:_identify(src/geometry2/tf2_ros) by extension 'ignore_ament_install'
[0.487s] Level 1:colcon.colcon_core.package_identification:_identify(src/geometry2/tf2_ros) by extensions ['colcon_pkg']
[0.487s] Level 1:colcon.colcon_core.package_identification:_identify(src/geometry2/tf2_ros) by extension 'colcon_pkg'
[0.487s] Level 1:colcon.colcon_core.package_identification:_identify(src/geometry2/tf2_ros) by extensions ['colcon_meta']
[0.487s] Level 1:colcon.colcon_core.package_identification:_identify(src/geometry2/tf2_ros) by extension 'colcon_meta'
[0.487s] Level 1:colcon.colcon_core.package_identification:_identify(src/geometry2/tf2_ros) by extensions ['ros']
[0.487s] Level 1:colcon.colcon_core.package_identification:_identify(src/geometry2/tf2_ros) by extension 'ros'
[0.488s] DEBUG:colcon.colcon_core.package_identification:Package 'src/geometry2/tf2_ros' with type 'ros.ament_cmake' and name 'tf2_ros'
[0.488s] Level 1:colcon.colcon_core.package_identification:_identify(src/geometry2/tf2_ros_py) by extensions ['ignore', 'ignore_ament_install']
[0.488s] Level 1:colcon.colcon_core.package_identification:_identify(src/geometry2/tf2_ros_py) by extension 'ignore'
[0.489s] Level 1:colcon.colcon_core.package_identification:_identify(src/geometry2/tf2_ros_py) by extension 'ignore_ament_install'
[0.489s] Level 1:colcon.colcon_core.package_identification:_identify(src/geometry2/tf2_ros_py) by extensions ['colcon_pkg']
[0.489s] Level 1:colcon.colcon_core.package_identification:_identify(src/geometry2/tf2_ros_py) by extension 'colcon_pkg'
[0.489s] Level 1:colcon.colcon_core.package_identification:_identify(src/geometry2/tf2_ros_py) by extensions ['colcon_meta']
[0.489s] Level 1:colcon.colcon_core.package_identification:_identify(src/geometry2/tf2_ros_py) by extension 'colcon_meta'
[0.489s] Level 1:colcon.colcon_core.package_identification:_identify(src/geometry2/tf2_ros_py) by extensions ['ros']
[0.489s] Level 1:colcon.colcon_core.package_identification:_identify(src/geometry2/tf2_ros_py) by extension 'ros'
[0.489s] DEBUG:colcon.colcon_core.package_identification:Package 'src/geometry2/tf2_ros_py' with type 'ros.ament_python' and name 'tf2_ros_py'
[0.489s] Level 1:colcon.colcon_core.package_identification:_identify(src/geometry2/tf2_sensor_msgs) by extensions ['ignore', 'ignore_ament_install']
[0.489s] Level 1:colcon.colcon_core.package_identification:_identify(src/geometry2/tf2_sensor_msgs) by extension 'ignore'
[0.490s] Level 1:colcon.colcon_core.package_identification:_identify(src/geometry2/tf2_sensor_msgs) by extension 'ignore_ament_install'
[0.490s] Level 1:colcon.colcon_core.package_identification:_identify(src/geometry2/tf2_sensor_msgs) by extensions ['colcon_pkg']
[0.490s] Level 1:colcon.colcon_core.package_identification:_identify(src/geometry2/tf2_sensor_msgs) by extension 'colcon_pkg'
[0.490s] Level 1:colcon.colcon_core.package_identification:_identify(src/geometry2/tf2_sensor_msgs) by extensions ['colcon_meta']
[0.490s] Level 1:colcon.colcon_core.package_identification:_identify(src/geometry2/tf2_sensor_msgs) by extension 'colcon_meta'
[0.490s] Level 1:colcon.colcon_core.package_identification:_identify(src/geometry2/tf2_sensor_msgs) by extensions ['ros']
[0.490s] Level 1:colcon.colcon_core.package_identification:_identify(src/geometry2/tf2_sensor_msgs) by extension 'ros'
[0.491s] DEBUG:colcon.colcon_core.package_identification:Package 'src/geometry2/tf2_sensor_msgs' with type 'ros.ament_cmake' and name 'tf2_sensor_msgs'
[0.491s] Level 1:colcon.colcon_core.package_identification:_identify(src/geometry2/tf2_tools) by extensions ['ignore', 'ignore_ament_install']
[0.491s] Level 1:colcon.colcon_core.package_identification:_identify(src/geometry2/tf2_tools) by extension 'ignore'
[0.491s] Level 1:colcon.colcon_core.package_identification:_identify(src/geometry2/tf2_tools) by extension 'ignore_ament_install'
[0.491s] Level 1:colcon.colcon_core.package_identification:_identify(src/geometry2/tf2_tools) by extensions ['colcon_pkg']
[0.491s] Level 1:colcon.colcon_core.package_identification:_identify(src/geometry2/tf2_tools) by extension 'colcon_pkg'
[0.491s] Level 1:colcon.colcon_core.package_identification:_identify(src/geometry2/tf2_tools) by extensions ['colcon_meta']
[0.491s] Level 1:colcon.colcon_core.package_identification:_identify(src/geometry2/tf2_tools) by extension 'colcon_meta'
[0.491s] Level 1:colcon.colcon_core.package_identification:_identify(src/geometry2/tf2_tools) by extensions ['ros']
[0.491s] Level 1:colcon.colcon_core.package_identification:_identify(src/geometry2/tf2_tools) by extension 'ros'
[0.492s] DEBUG:colcon.colcon_core.package_identification:Package 'src/geometry2/tf2_tools' with type 'ros.ament_python' and name 'tf2_tools'
[0.492s] Level 1:colcon.colcon_core.package_identification:_identify(src/install) by extensions ['ignore', 'ignore_ament_install']
[0.492s] Level 1:colcon.colcon_core.package_identification:_identify(src/install) by extension 'ignore'
[0.492s] Level 1:colcon.colcon_core.package_identification:_identify(src/install) ignored
[0.492s] Level 1:colcon.colcon_core.package_identification:_identify(src/log) by extensions ['ignore', 'ignore_ament_install']
[0.492s] Level 1:colcon.colcon_core.package_identification:_identify(src/log) by extension 'ignore'
[0.492s] Level 1:colcon.colcon_core.package_identification:_identify(src/log) ignored
[0.492s] Level 1:colcon.colcon_core.package_identification:_identify(src/my_sensor_description) by extensions ['ignore', 'ignore_ament_install']
[0.492s] Level 1:colcon.colcon_core.package_identification:_identify(src/my_sensor_description) by extension 'ignore'
[0.492s] Level 1:colcon.colcon_core.package_identification:_identify(src/my_sensor_description) by extension 'ignore_ament_install'
[0.492s] Level 1:colcon.colcon_core.package_identification:_identify(src/my_sensor_description) by extensions ['colcon_pkg']
[0.493s] Level 1:colcon.colcon_core.package_identification:_identify(src/my_sensor_description) by extension 'colcon_pkg'
[0.493s] Level 1:colcon.colcon_core.package_identification:_identify(src/my_sensor_description) by extensions ['colcon_meta']
[0.493s] Level 1:colcon.colcon_core.package_identification:_identify(src/my_sensor_description) by extension 'colcon_meta'
[0.493s] Level 1:colcon.colcon_core.package_identification:_identify(src/my_sensor_description) by extensions ['ros']
[0.493s] Level 1:colcon.colcon_core.package_identification:_identify(src/my_sensor_description) by extension 'ros'
[0.493s] DEBUG:colcon.colcon_core.package_identification:Package 'src/my_sensor_description' with type 'ros.ament_cmake' and name 'my_sensor_description'
[0.493s] Level 1:colcon.colcon_core.package_discovery:discover_packages(recursive) using defaults
[0.493s] Level 1:colcon.colcon_core.package_discovery:discover_packages(ignore) discover
[0.493s] Level 1:colcon.colcon_core.package_discovery:discover_packages(ignore) using defaults
[0.493s] Level 1:colcon.colcon_core.package_discovery:discover_packages(path) discover
[0.493s] Level 1:colcon.colcon_core.package_discovery:discover_packages(path) using defaults
[0.525s] INFO:colcon.colcon_core.package_selection:Skipping not selected package 'bboxes_ex_msgs' in 'src/bbox_ex_msgs'
[0.525s] INFO:colcon.colcon_core.package_selection:Skipping not selected package 'tf2' in 'src/geometry2/tf2'
[0.525s] INFO:colcon.colcon_core.package_selection:Skipping not selected package 'tf2_msgs' in 'src/geometry2/tf2_msgs'
[0.525s] INFO:colcon.colcon_core.package_selection:Skipping not selected package 'tf2_eigen_kdl' in 'src/geometry2/tf2_eigen_kdl'
[0.525s] INFO:colcon.colcon_core.package_selection:Skipping not selected package 'tf2_py' in 'src/geometry2/tf2_py'
[0.525s] INFO:colcon.colcon_core.package_selection:Skipping not selected package 'tf2_ros' in 'src/geometry2/tf2_ros'
[0.525s] INFO:colcon.colcon_core.package_selection:Skipping not selected package 'yolov5_ros' in 'src/YOLOv5-ROS/yolov5_ros'
[0.525s] INFO:colcon.colcon_core.package_selection:Skipping not selected package 'tf2_bullet' in 'src/geometry2/tf2_bullet'
[0.525s] INFO:colcon.colcon_core.package_selection:Skipping not selected package 'tf2_eigen' in 'src/geometry2/tf2_eigen'
[0.525s] INFO:colcon.colcon_core.package_selection:Skipping not selected package 'tf2_ros_py' in 'src/geometry2/tf2_ros_py'
[0.525s] INFO:colcon.colcon_core.package_selection:Skipping not selected package 'examples_tf2_py' in 'src/geometry2/examples_tf2_py'
[0.525s] INFO:colcon.colcon_core.package_selection:Skipping not selected package 'tf2_geometry_msgs' in 'src/geometry2/tf2_geometry_msgs'
[0.525s] INFO:colcon.colcon_core.package_selection:Skipping not selected package 'tf2_kdl' in 'src/geometry2/tf2_kdl'
[0.525s] INFO:colcon.colcon_core.package_selection:Skipping not selected package 'tf2_sensor_msgs' in 'src/geometry2/tf2_sensor_msgs'
[0.525s] INFO:colcon.colcon_core.package_selection:Skipping not selected package 'tf2_tools' in 'src/geometry2/tf2_tools'
[0.525s] INFO:colcon.colcon_core.package_selection:Skipping not selected package 'geometry2' in 'src/geometry2/geometry2'
[0.525s] INFO:colcon.colcon_core.package_selection:Skipping not selected package 'test_tf2' in 'src/geometry2/test_tf2'
[0.526s] Level 1:colcon.colcon_core.package_discovery:discover_packages(prefix_path) check parameters
[0.526s] Level 1:colcon.colcon_core.package_discovery:discover_packages(prefix_path) discover
[0.529s] DEBUG:colcon.colcon_installed_package_information.package_discovery:Found 18 installed packages in /home/singh/ros2_sensor_ws/install
[0.529s] DEBUG:colcon.colcon_installed_package_information.package_discovery:Found 3 installed packages in /home/singh/turtlebot_ws/install
[0.529s] DEBUG:colcon.colcon_installed_package_information.package_discovery:Found 0 installed packages in /home/singh/turtlebot_ws/src/turtlebot3_gazebo/launch/install
[0.530s] DEBUG:colcon.colcon_installed_package_information.package_discovery:Found 2 installed packages in /home/singh/ros2_ws2/install
[0.531s] DEBUG:colcon.colcon_installed_package_information.package_discovery:Found 2 installed packages in /home/singh/ros2_ws2/src/install
[0.531s] DEBUG:colcon.colcon_installed_package_information.package_discovery:Found 1 installed packages in /home/singh/ros2_ws4/install
[0.532s] DEBUG:colcon.colcon_installed_package_information.package_discovery:Found 0 installed packages in /home/singh/install
[0.532s] DEBUG:colcon.colcon_installed_package_information.package_discovery:Found 3 installed packages in /home/singh/rtab_ws/install
[0.533s] DEBUG:colcon.colcon_installed_package_information.package_discovery:Found 2 installed packages in /home/singh/ros2_sensor_ws/src/install
[0.535s] DEBUG:colcon.colcon_installed_package_information.package_discovery:Found 360 installed packages in /opt/ros/humble
[0.537s] Level 1:colcon.colcon_core.package_discovery:discover_packages(prefix_path) using defaults
[0.588s] Level 5:colcon.colcon_core.verb:set package 'my_sensor_description' build argument 'cmake_args' from command line to 'None'
[0.588s] Level 5:colcon.colcon_core.verb:set package 'my_sensor_description' build argument 'cmake_target' from command line to 'None'
[0.588s] Level 5:colcon.colcon_core.verb:set package 'my_sensor_description' build argument 'cmake_target_skip_unavailable' from command line to 'False'
[0.588s] Level 5:colcon.colcon_core.verb:set package 'my_sensor_description' build argument 'cmake_clean_cache' from command line to 'False'
[0.588s] Level 5:colcon.colcon_core.verb:set package 'my_sensor_description' build argument 'cmake_clean_first' from command line to 'False'
[0.588s] Level 5:colcon.colcon_core.verb:set package 'my_sensor_description' build argument 'cmake_force_configure' from command line to 'False'
[0.588s] Level 5:colcon.colcon_core.verb:set package 'my_sensor_description' build argument 'ament_cmake_args' from command line to 'None'
[0.588s] Level 5:colcon.colcon_core.verb:set package 'my_sensor_description' build argument 'catkin_cmake_args' from command line to 'None'
[0.588s] Level 5:colcon.colcon_core.verb:set package 'my_sensor_description' build argument 'catkin_skip_building_tests' from command line to 'False'
[0.588s] DEBUG:colcon.colcon_core.verb:Building package 'my_sensor_description' with the following arguments: {'ament_cmake_args': None, 'build_base': '/home/singh/ros2_sensor_ws/build/my_sensor_description', 'catkin_cmake_args': None, 'catkin_skip_building_tests': False, 'cmake_args': None, 'cmake_clean_cache': False, 'cmake_clean_first': False, 'cmake_force_configure': False, 'cmake_target': None, 'cmake_target_skip_unavailable': False, 'install_base': '/home/singh/ros2_sensor_ws/install/my_sensor_description', 'merge_install': False, 'path': '/home/singh/ros2_sensor_ws/src/my_sensor_description', 'symlink_install': False, 'test_result_base': None}
[0.589s] INFO:colcon.colcon_core.executor:Executing jobs using 'parallel' executor
[0.591s] DEBUG:colcon.colcon_parallel_executor.executor.parallel:run_until_complete
[0.591s] INFO:colcon.colcon_ros.task.ament_cmake.build:Building ROS package in '/home/singh/ros2_sensor_ws/src/my_sensor_description' with build type 'ament_cmake'
[0.591s] INFO:colcon.colcon_cmake.task.cmake.build:Building CMake package in '/home/singh/ros2_sensor_ws/src/my_sensor_description'
[0.596s] INFO:colcon.colcon_core.plugin_system:Skipping extension 'colcon_core.shell.bat': Not used on non-Windows systems
[0.596s] INFO:colcon.colcon_core.shell:Skip shell extension 'powershell' for command environment: Not usable outside of PowerShell
[0.596s] DEBUG:colcon.colcon_core.shell:Skip shell extension 'dsv' for command environment
[1.083s] DEBUG:colcon.colcon_core.event_handler.log_command:Invoking command in '/home/singh/ros2_sensor_ws/build/my_sensor_description': AMENT_PREFIX_PATH=/home/singh/ros2_sensor_ws/install/tf2_ros_py:/home/singh/ros2_ws2/install/my_robot_bringup:/home/singh/ros2_ws2/install/my_robot_description:/home/singh/rtab_ws/install/rtabmap_python:/home/singh/rtab_ws/install/rtabmap_msgs:/home/singh/turtlebot_ws/install/turtlebot3_simulations:/home/singh/turtlebot_ws/install/turtlebot3_gazebo:/home/singh/turtlebot_ws/install/turtlebot3_fake_node:/home/singh/ros2_ws2/src/install/my_robot_bringup:/home/singh/ros2_ws2/src/install/my_robot_description:/home/singh/ros2_ws4/install/gazebo_parking:/home/singh/ros2_sensor_ws/install/yolov5_ros:/home/singh/ros2_sensor_ws/install/geometry2:/home/singh/ros2_sensor_ws/install/tf2_tools:/home/singh/ros2_sensor_ws/install/my_sensor_description:/home/singh/ros2_sensor_ws/install/tf2_sensor_msgs:/home/singh/ros2_sensor_ws/install/test_tf2:/home/singh/ros2_sensor_ws/install/tf2_kdl:/home/singh/ros2_sensor_ws/install/tf2_geometry_msgs:/home/singh/ros2_sensor_ws/install/examples_tf2_py:/home/singh/ros2_sensor_ws/install/tf2_eigen:/home/singh/ros2_sensor_ws/install/tf2_bullet:/home/singh/ros2_sensor_ws/install/tf2_ros:/home/singh/ros2_sensor_ws/install/tf2_py:/home/singh/ros2_sensor_ws/install/tf2_msgs:/home/singh/ros2_sensor_ws/install/tf2_eigen_kdl:/home/singh/ros2_sensor_ws/install/tf2:/home/singh/ros2_sensor_ws/install/bboxes_ex_msgs:/home/singh/ros2_sensor_ws/src/install/my_sensor_description:/home/singh/ros2_sensor_ws/src/install/tf2_sensor_msgs:/opt/ros/humble CMAKE_PREFIX_PATH=/home/singh/ros2_sensor_ws/install/tf2_sensor_msgs:/home/singh/ros2_sensor_ws/install/tf2_ros:/home/singh/ros2_sensor_ws/install/tf2_py:/home/singh/ros2_sensor_ws/install/tf2_msgs:/home/singh/ros2_sensor_ws/install/tf2:/home/singh/ros2_ws2/install/my_robot_bringup:/home/singh/ros2_ws2/install/my_robot_description:/home/singh/rtab_ws/install/rtabmap_msgs:/home/singh/turtlebot_ws/install/turtlebot3_simulations:/home/singh/turtlebot_ws/install/turtlebot3_gazebo:/home/singh/turtlebot_ws/install/turtlebot3_fake_node:/home/singh/ros2_ws2/src/install/my_robot_bringup:/home/singh/ros2_ws2/src/install/my_robot_description:/home/singh/ros2_ws4/install/gazebo_parking:/home/singh/ros2_sensor_ws/install/geometry2:/home/singh/ros2_sensor_ws/install/my_sensor_description:/home/singh/ros2_sensor_ws/install/test_tf2:/home/singh/ros2_sensor_ws/install/tf2_kdl:/home/singh/ros2_sensor_ws/install/tf2_geometry_msgs:/home/singh/ros2_sensor_ws/install/tf2_eigen:/home/singh/ros2_sensor_ws/install/tf2_bullet:/home/singh/ros2_sensor_ws/install/tf2_eigen_kdl:/home/singh/ros2_sensor_ws/install/bboxes_ex_msgs:/home/singh/ros2_sensor_ws/src/install/my_sensor_description:/home/singh/ros2_sensor_ws/src/install/tf2_sensor_msgs:/home/singh/rtab_ws/install/rtabmap_python:/home/singh/ros2_sensor_ws/install/yolov5_ros:/home/singh/ros2_sensor_ws/install/tf2_tools:/home/singh/ros2_sensor_ws/install/examples_tf2_py:/home/singh/ros2_sensor_ws/install/tf2_ros_py:/opt/ros/humble LD_LIBRARY_PATH=/home/singh/ros2_sensor_ws/install/tf2_ros/lib:/home/singh/ros2_sensor_ws/install/tf2_msgs/lib:/home/singh/ros2_sensor_ws/install/tf2/lib:/home/singh/rtab_ws/install/rtabmap_msgs/lib:/home/singh/ros2_sensor_ws/install/tf2_eigen_kdl/lib:/home/singh/ros2_sensor_ws/install/bboxes_ex_msgs/lib:/usr/lib/x86_64-linux-gnu/gazebo-11/plugins:/opt/ros/humble/opt/rviz_ogre_vendor/lib:/opt/ros/humble/lib/x86_64-linux-gnu:/opt/ros/humble/lib PYTHONPATH=/home/singh/ros2_sensor_ws/install/tf2_ros_py/lib/python3.10/site-packages:/home/singh/rtab_ws/build/rtabmap_python:/home/singh/rtab_ws/install/rtabmap_python/lib/python3.10/site-packages:/home/singh/rtab_ws/install/rtabmap_msgs/local/lib/python3.10/dist-packages:/home/singh/ros2_sensor_ws/install/yolov5_ros/lib/python3.10/site-packages:/home/singh/ros2_sensor_ws/install/tf2_tools/lib/python3.10/site-packages:/home/singh/ros2_sensor_ws/install/tf2_sensor_msgs/local/lib/python3.10/dist-packages:/home/singh/ros2_sensor_ws/install/tf2_kdl/local/lib/python3.10/dist-packages:/home/singh/ros2_sensor_ws/install/tf2_geometry_msgs/local/lib/python3.10/dist-packages:/home/singh/ros2_sensor_ws/install/examples_tf2_py/lib/python3.10/site-packages:/home/singh/ros2_sensor_ws/install/tf2_py/local/lib/python3.10/dist-packages:/home/singh/ros2_sensor_ws/install/tf2_msgs/local/lib/python3.10/dist-packages:/home/singh/ros2_sensor_ws/install/bboxes_ex_msgs/local/lib/python3.10/dist-packages:/home/singh/ros2_sensor_ws/src/install/tf2_sensor_msgs/local/lib/python3.10/dist-packages:/opt/ros/humble/lib/python3.10/site-packages:/opt/ros/humble/local/lib/python3.10/dist-packages /usr/bin/cmake --build /home/singh/ros2_sensor_ws/build/my_sensor_description -- -j12 -l12
[1.113s] DEBUG:colcon.colcon_core.event_handler.log_command:Invoked command in '/home/singh/ros2_sensor_ws/build/my_sensor_description' returned '0': AMENT_PREFIX_PATH=/home/singh/ros2_sensor_ws/install/tf2_ros_py:/home/singh/ros2_ws2/install/my_robot_bringup:/home/singh/ros2_ws2/install/my_robot_description:/home/singh/rtab_ws/install/rtabmap_python:/home/singh/rtab_ws/install/rtabmap_msgs:/home/singh/turtlebot_ws/install/turtlebot3_simulations:/home/singh/turtlebot_ws/install/turtlebot3_gazebo:/home/singh/turtlebot_ws/install/turtlebot3_fake_node:/home/singh/ros2_ws2/src/install/my_robot_bringup:/home/singh/ros2_ws2/src/install/my_robot_description:/home/singh/ros2_ws4/install/gazebo_parking:/home/singh/ros2_sensor_ws/install/yolov5_ros:/home/singh/ros2_sensor_ws/install/geometry2:/home/singh/ros2_sensor_ws/install/tf2_tools:/home/singh/ros2_sensor_ws/install/my_sensor_description:/home/singh/ros2_sensor_ws/install/tf2_sensor_msgs:/home/singh/ros2_sensor_ws/install/test_tf2:/home/singh/ros2_sensor_ws/install/tf2_kdl:/home/singh/ros2_sensor_ws/install/tf2_geometry_msgs:/home/singh/ros2_sensor_ws/install/examples_tf2_py:/home/singh/ros2_sensor_ws/install/tf2_eigen:/home/singh/ros2_sensor_ws/install/tf2_bullet:/home/singh/ros2_sensor_ws/install/tf2_ros:/home/singh/ros2_sensor_ws/install/tf2_py:/home/singh/ros2_sensor_ws/install/tf2_msgs:/home/singh/ros2_sensor_ws/install/tf2_eigen_kdl:/home/singh/ros2_sensor_ws/install/tf2:/home/singh/ros2_sensor_ws/install/bboxes_ex_msgs:/home/singh/ros2_sensor_ws/src/install/my_sensor_description:/home/singh/ros2_sensor_ws/src/install/tf2_sensor_msgs:/opt/ros/humble CMAKE_PREFIX_PATH=/home/singh/ros2_sensor_ws/install/tf2_sensor_msgs:/home/singh/ros2_sensor_ws/install/tf2_ros:/home/singh/ros2_sensor_ws/install/tf2_py:/home/singh/ros2_sensor_ws/install/tf2_msgs:/home/singh/ros2_sensor_ws/install/tf2:/home/singh/ros2_ws2/install/my_robot_bringup:/home/singh/ros2_ws2/install/my_robot_description:/home/singh/rtab_ws/install/rtabmap_msgs:/home/singh/turtlebot_ws/install/turtlebot3_simulations:/home/singh/turtlebot_ws/install/turtlebot3_gazebo:/home/singh/turtlebot_ws/install/turtlebot3_fake_node:/home/singh/ros2_ws2/src/install/my_robot_bringup:/home/singh/ros2_ws2/src/install/my_robot_description:/home/singh/ros2_ws4/install/gazebo_parking:/home/singh/ros2_sensor_ws/install/geometry2:/home/singh/ros2_sensor_ws/install/my_sensor_description:/home/singh/ros2_sensor_ws/install/test_tf2:/home/singh/ros2_sensor_ws/install/tf2_kdl:/home/singh/ros2_sensor_ws/install/tf2_geometry_msgs:/home/singh/ros2_sensor_ws/install/tf2_eigen:/home/singh/ros2_sensor_ws/install/tf2_bullet:/home/singh/ros2_sensor_ws/install/tf2_eigen_kdl:/home/singh/ros2_sensor_ws/install/bboxes_ex_msgs:/home/singh/ros2_sensor_ws/src/install/my_sensor_description:/home/singh/ros2_sensor_ws/src/install/tf2_sensor_msgs:/home/singh/rtab_ws/install/rtabmap_python:/home/singh/ros2_sensor_ws/install/yolov5_ros:/home/singh/ros2_sensor_ws/install/tf2_tools:/home/singh/ros2_sensor_ws/install/examples_tf2_py:/home/singh/ros2_sensor_ws/install/tf2_ros_py:/opt/ros/humble LD_LIBRARY_PATH=/home/singh/ros2_sensor_ws/install/tf2_ros/lib:/home/singh/ros2_sensor_ws/install/tf2_msgs/lib:/home/singh/ros2_sensor_ws/install/tf2/lib:/home/singh/rtab_ws/install/rtabmap_msgs/lib:/home/singh/ros2_sensor_ws/install/tf2_eigen_kdl/lib:/home/singh/ros2_sensor_ws/install/bboxes_ex_msgs/lib:/usr/lib/x86_64-linux-gnu/gazebo-11/plugins:/opt/ros/humble/opt/rviz_ogre_vendor/lib:/opt/ros/humble/lib/x86_64-linux-gnu:/opt/ros/humble/lib PYTHONPATH=/home/singh/ros2_sensor_ws/install/tf2_ros_py/lib/python3.10/site-packages:/home/singh/rtab_ws/build/rtabmap_python:/home/singh/rtab_ws/install/rtabmap_python/lib/python3.10/site-packages:/home/singh/rtab_ws/install/rtabmap_msgs/local/lib/python3.10/dist-packages:/home/singh/ros2_sensor_ws/install/yolov5_ros/lib/python3.10/site-packages:/home/singh/ros2_sensor_ws/install/tf2_tools/lib/python3.10/site-packages:/home/singh/ros2_sensor_ws/install/tf2_sensor_msgs/local/lib/python3.10/dist-packages:/home/singh/ros2_sensor_ws/install/tf2_kdl/local/lib/python3.10/dist-packages:/home/singh/ros2_sensor_ws/install/tf2_geometry_msgs/local/lib/python3.10/dist-packages:/home/singh/ros2_sensor_ws/install/examples_tf2_py/lib/python3.10/site-packages:/home/singh/ros2_sensor_ws/install/tf2_py/local/lib/python3.10/dist-packages:/home/singh/ros2_sensor_ws/install/tf2_msgs/local/lib/python3.10/dist-packages:/home/singh/ros2_sensor_ws/install/bboxes_ex_msgs/local/lib/python3.10/dist-packages:/home/singh/ros2_sensor_ws/src/install/tf2_sensor_msgs/local/lib/python3.10/dist-packages:/opt/ros/humble/lib/python3.10/site-packages:/opt/ros/humble/local/lib/python3.10/dist-packages /usr/bin/cmake --build /home/singh/ros2_sensor_ws/build/my_sensor_description -- -j12 -l12
[1.124s] DEBUG:colcon.colcon_core.event_handler.log_command:Invoking command in '/home/singh/ros2_sensor_ws/build/my_sensor_description': AMENT_PREFIX_PATH=/home/singh/ros2_sensor_ws/install/tf2_ros_py:/home/singh/ros2_ws2/install/my_robot_bringup:/home/singh/ros2_ws2/install/my_robot_description:/home/singh/rtab_ws/install/rtabmap_python:/home/singh/rtab_ws/install/rtabmap_msgs:/home/singh/turtlebot_ws/install/turtlebot3_simulations:/home/singh/turtlebot_ws/install/turtlebot3_gazebo:/home/singh/turtlebot_ws/install/turtlebot3_fake_node:/home/singh/ros2_ws2/src/install/my_robot_bringup:/home/singh/ros2_ws2/src/install/my_robot_description:/home/singh/ros2_ws4/install/gazebo_parking:/home/singh/ros2_sensor_ws/install/yolov5_ros:/home/singh/ros2_sensor_ws/install/geometry2:/home/singh/ros2_sensor_ws/install/tf2_tools:/home/singh/ros2_sensor_ws/install/my_sensor_description:/home/singh/ros2_sensor_ws/install/tf2_sensor_msgs:/home/singh/ros2_sensor_ws/install/test_tf2:/home/singh/ros2_sensor_ws/install/tf2_kdl:/home/singh/ros2_sensor_ws/install/tf2_geometry_msgs:/home/singh/ros2_sensor_ws/install/examples_tf2_py:/home/singh/ros2_sensor_ws/install/tf2_eigen:/home/singh/ros2_sensor_ws/install/tf2_bullet:/home/singh/ros2_sensor_ws/install/tf2_ros:/home/singh/ros2_sensor_ws/install/tf2_py:/home/singh/ros2_sensor_ws/install/tf2_msgs:/home/singh/ros2_sensor_ws/install/tf2_eigen_kdl:/home/singh/ros2_sensor_ws/install/tf2:/home/singh/ros2_sensor_ws/install/bboxes_ex_msgs:/home/singh/ros2_sensor_ws/src/install/my_sensor_description:/home/singh/ros2_sensor_ws/src/install/tf2_sensor_msgs:/opt/ros/humble CMAKE_PREFIX_PATH=/home/singh/ros2_sensor_ws/install/tf2_sensor_msgs:/home/singh/ros2_sensor_ws/install/tf2_ros:/home/singh/ros2_sensor_ws/install/tf2_py:/home/singh/ros2_sensor_ws/install/tf2_msgs:/home/singh/ros2_sensor_ws/install/tf2:/home/singh/ros2_ws2/install/my_robot_bringup:/home/singh/ros2_ws2/install/my_robot_description:/home/singh/rtab_ws/install/rtabmap_msgs:/home/singh/turtlebot_ws/install/turtlebot3_simulations:/home/singh/turtlebot_ws/install/turtlebot3_gazebo:/home/singh/turtlebot_ws/install/turtlebot3_fake_node:/home/singh/ros2_ws2/src/install/my_robot_bringup:/home/singh/ros2_ws2/src/install/my_robot_description:/home/singh/ros2_ws4/install/gazebo_parking:/home/singh/ros2_sensor_ws/install/geometry2:/home/singh/ros2_sensor_ws/install/my_sensor_description:/home/singh/ros2_sensor_ws/install/test_tf2:/home/singh/ros2_sensor_ws/install/tf2_kdl:/home/singh/ros2_sensor_ws/install/tf2_geometry_msgs:/home/singh/ros2_sensor_ws/install/tf2_eigen:/home/singh/ros2_sensor_ws/install/tf2_bullet:/home/singh/ros2_sensor_ws/install/tf2_eigen_kdl:/home/singh/ros2_sensor_ws/install/bboxes_ex_msgs:/home/singh/ros2_sensor_ws/src/install/my_sensor_description:/home/singh/ros2_sensor_ws/src/install/tf2_sensor_msgs:/home/singh/rtab_ws/install/rtabmap_python:/home/singh/ros2_sensor_ws/install/yolov5_ros:/home/singh/ros2_sensor_ws/install/tf2_tools:/home/singh/ros2_sensor_ws/install/examples_tf2_py:/home/singh/ros2_sensor_ws/install/tf2_ros_py:/opt/ros/humble LD_LIBRARY_PATH=/home/singh/ros2_sensor_ws/install/tf2_ros/lib:/home/singh/ros2_sensor_ws/install/tf2_msgs/lib:/home/singh/ros2_sensor_ws/install/tf2/lib:/home/singh/rtab_ws/install/rtabmap_msgs/lib:/home/singh/ros2_sensor_ws/install/tf2_eigen_kdl/lib:/home/singh/ros2_sensor_ws/install/bboxes_ex_msgs/lib:/usr/lib/x86_64-linux-gnu/gazebo-11/plugins:/opt/ros/humble/opt/rviz_ogre_vendor/lib:/opt/ros/humble/lib/x86_64-linux-gnu:/opt/ros/humble/lib PYTHONPATH=/home/singh/ros2_sensor_ws/install/tf2_ros_py/lib/python3.10/site-packages:/home/singh/rtab_ws/build/rtabmap_python:/home/singh/rtab_ws/install/rtabmap_python/lib/python3.10/site-packages:/home/singh/rtab_ws/install/rtabmap_msgs/local/lib/python3.10/dist-packages:/home/singh/ros2_sensor_ws/install/yolov5_ros/lib/python3.10/site-packages:/home/singh/ros2_sensor_ws/install/tf2_tools/lib/python3.10/site-packages:/home/singh/ros2_sensor_ws/install/tf2_sensor_msgs/local/lib/python3.10/dist-packages:/home/singh/ros2_sensor_ws/install/tf2_kdl/local/lib/python3.10/dist-packages:/home/singh/ros2_sensor_ws/install/tf2_geometry_msgs/local/lib/python3.10/dist-packages:/home/singh/ros2_sensor_ws/install/examples_tf2_py/lib/python3.10/site-packages:/home/singh/ros2_sensor_ws/install/tf2_py/local/lib/python3.10/dist-packages:/home/singh/ros2_sensor_ws/install/tf2_msgs/local/lib/python3.10/dist-packages:/home/singh/ros2_sensor_ws/install/bboxes_ex_msgs/local/lib/python3.10/dist-packages:/home/singh/ros2_sensor_ws/src/install/tf2_sensor_msgs/local/lib/python3.10/dist-packages:/opt/ros/humble/lib/python3.10/site-packages:/opt/ros/humble/local/lib/python3.10/dist-packages /usr/bin/cmake --install /home/singh/ros2_sensor_ws/build/my_sensor_description
[1.130s] Level 1:colcon.colcon_core.environment:create_environment_scripts_only(my_sensor_description)
[1.133s] DEBUG:colcon.colcon_core.event_handler.log_command:Invoked command in '/home/singh/ros2_sensor_ws/build/my_sensor_description' returned '0': AMENT_PREFIX_PATH=/home/singh/ros2_sensor_ws/install/tf2_ros_py:/home/singh/ros2_ws2/install/my_robot_bringup:/home/singh/ros2_ws2/install/my_robot_description:/home/singh/rtab_ws/install/rtabmap_python:/home/singh/rtab_ws/install/rtabmap_msgs:/home/singh/turtlebot_ws/install/turtlebot3_simulations:/home/singh/turtlebot_ws/install/turtlebot3_gazebo:/home/singh/turtlebot_ws/install/turtlebot3_fake_node:/home/singh/ros2_ws2/src/install/my_robot_bringup:/home/singh/ros2_ws2/src/install/my_robot_description:/home/singh/ros2_ws4/install/gazebo_parking:/home/singh/ros2_sensor_ws/install/yolov5_ros:/home/singh/ros2_sensor_ws/install/geometry2:/home/singh/ros2_sensor_ws/install/tf2_tools:/home/singh/ros2_sensor_ws/install/my_sensor_description:/home/singh/ros2_sensor_ws/install/tf2_sensor_msgs:/home/singh/ros2_sensor_ws/install/test_tf2:/home/singh/ros2_sensor_ws/install/tf2_kdl:/home/singh/ros2_sensor_ws/install/tf2_geometry_msgs:/home/singh/ros2_sensor_ws/install/examples_tf2_py:/home/singh/ros2_sensor_ws/install/tf2_eigen:/home/singh/ros2_sensor_ws/install/tf2_bullet:/home/singh/ros2_sensor_ws/install/tf2_ros:/home/singh/ros2_sensor_ws/install/tf2_py:/home/singh/ros2_sensor_ws/install/tf2_msgs:/home/singh/ros2_sensor_ws/install/tf2_eigen_kdl:/home/singh/ros2_sensor_ws/install/tf2:/home/singh/ros2_sensor_ws/install/bboxes_ex_msgs:/home/singh/ros2_sensor_ws/src/install/my_sensor_description:/home/singh/ros2_sensor_ws/src/install/tf2_sensor_msgs:/opt/ros/humble CMAKE_PREFIX_PATH=/home/singh/ros2_sensor_ws/install/tf2_sensor_msgs:/home/singh/ros2_sensor_ws/install/tf2_ros:/home/singh/ros2_sensor_ws/install/tf2_py:/home/singh/ros2_sensor_ws/install/tf2_msgs:/home/singh/ros2_sensor_ws/install/tf2:/home/singh/ros2_ws2/install/my_robot_bringup:/home/singh/ros2_ws2/install/my_robot_description:/home/singh/rtab_ws/install/rtabmap_msgs:/home/singh/turtlebot_ws/install/turtlebot3_simulations:/home/singh/turtlebot_ws/install/turtlebot3_gazebo:/home/singh/turtlebot_ws/install/turtlebot3_fake_node:/home/singh/ros2_ws2/src/install/my_robot_bringup:/home/singh/ros2_ws2/src/install/my_robot_description:/home/singh/ros2_ws4/install/gazebo_parking:/home/singh/ros2_sensor_ws/install/geometry2:/home/singh/ros2_sensor_ws/install/my_sensor_description:/home/singh/ros2_sensor_ws/install/test_tf2:/home/singh/ros2_sensor_ws/install/tf2_kdl:/home/singh/ros2_sensor_ws/install/tf2_geometry_msgs:/home/singh/ros2_sensor_ws/install/tf2_eigen:/home/singh/ros2_sensor_ws/install/tf2_bullet:/home/singh/ros2_sensor_ws/install/tf2_eigen_kdl:/home/singh/ros2_sensor_ws/install/bboxes_ex_msgs:/home/singh/ros2_sensor_ws/src/install/my_sensor_description:/home/singh/ros2_sensor_ws/src/install/tf2_sensor_msgs:/home/singh/rtab_ws/install/rtabmap_python:/home/singh/ros2_sensor_ws/install/yolov5_ros:/home/singh/ros2_sensor_ws/install/tf2_tools:/home/singh/ros2_sensor_ws/install/examples_tf2_py:/home/singh/ros2_sensor_ws/install/tf2_ros_py:/opt/ros/humble LD_LIBRARY_PATH=/home/singh/ros2_sensor_ws/install/tf2_ros/lib:/home/singh/ros2_sensor_ws/install/tf2_msgs/lib:/home/singh/ros2_sensor_ws/install/tf2/lib:/home/singh/rtab_ws/install/rtabmap_msgs/lib:/home/singh/ros2_sensor_ws/install/tf2_eigen_kdl/lib:/home/singh/ros2_sensor_ws/install/bboxes_ex_msgs/lib:/usr/lib/x86_64-linux-gnu/gazebo-11/plugins:/opt/ros/humble/opt/rviz_ogre_vendor/lib:/opt/ros/humble/lib/x86_64-linux-gnu:/opt/ros/humble/lib PYTHONPATH=/home/singh/ros2_sensor_ws/install/tf2_ros_py/lib/python3.10/site-packages:/home/singh/rtab_ws/build/rtabmap_python:/home/singh/rtab_ws/install/rtabmap_python/lib/python3.10/site-packages:/home/singh/rtab_ws/install/rtabmap_msgs/local/lib/python3.10/dist-packages:/home/singh/ros2_sensor_ws/install/yolov5_ros/lib/python3.10/site-packages:/home/singh/ros2_sensor_ws/install/tf2_tools/lib/python3.10/site-packages:/home/singh/ros2_sensor_ws/install/tf2_sensor_msgs/local/lib/python3.10/dist-packages:/home/singh/ros2_sensor_ws/install/tf2_kdl/local/lib/python3.10/dist-packages:/home/singh/ros2_sensor_ws/install/tf2_geometry_msgs/local/lib/python3.10/dist-packages:/home/singh/ros2_sensor_ws/install/examples_tf2_py/lib/python3.10/site-packages:/home/singh/ros2_sensor_ws/install/tf2_py/local/lib/python3.10/dist-packages:/home/singh/ros2_sensor_ws/install/tf2_msgs/local/lib/python3.10/dist-packages:/home/singh/ros2_sensor_ws/install/bboxes_ex_msgs/local/lib/python3.10/dist-packages:/home/singh/ros2_sensor_ws/src/install/tf2_sensor_msgs/local/lib/python3.10/dist-packages:/opt/ros/humble/lib/python3.10/site-packages:/opt/ros/humble/local/lib/python3.10/dist-packages /usr/bin/cmake --install /home/singh/ros2_sensor_ws/build/my_sensor_description
[1.135s] Level 1:colcon.colcon_core.environment:checking '/home/singh/ros2_sensor_ws/install/my_sensor_description' for CMake module files
[1.135s] Level 1:colcon.colcon_core.environment:checking '/home/singh/ros2_sensor_ws/install/my_sensor_description' for CMake config files
[1.135s] Level 1:colcon.colcon_core.shell:create_environment_hook('my_sensor_description', 'cmake_prefix_path')
[1.136s] INFO:colcon.colcon_core.shell:Creating environment hook '/home/singh/ros2_sensor_ws/install/my_sensor_description/share/my_sensor_description/hook/cmake_prefix_path.ps1'
[1.136s] INFO:colcon.colcon_core.shell:Creating environment descriptor '/home/singh/ros2_sensor_ws/install/my_sensor_description/share/my_sensor_description/hook/cmake_prefix_path.dsv'
[1.137s] INFO:colcon.colcon_core.shell:Creating environment hook '/home/singh/ros2_sensor_ws/install/my_sensor_description/share/my_sensor_description/hook/cmake_prefix_path.sh'
[1.137s] Level 1:colcon.colcon_core.environment:checking '/home/singh/ros2_sensor_ws/install/my_sensor_description/lib'
[1.137s] Level 1:colcon.colcon_core.environment:checking '/home/singh/ros2_sensor_ws/install/my_sensor_description/bin'
[1.137s] Level 1:colcon.colcon_core.environment:checking '/home/singh/ros2_sensor_ws/install/my_sensor_description/lib/pkgconfig/my_sensor_description.pc'
[1.138s] Level 1:colcon.colcon_core.environment:checking '/home/singh/ros2_sensor_ws/install/my_sensor_description/lib/python3.10/site-packages'
[1.138s] Level 1:colcon.colcon_core.environment:checking '/home/singh/ros2_sensor_ws/install/my_sensor_description/bin'
[1.138s] INFO:colcon.colcon_core.shell:Creating package script '/home/singh/ros2_sensor_ws/install/my_sensor_description/share/my_sensor_description/package.ps1'
[1.139s] INFO:colcon.colcon_core.shell:Creating package descriptor '/home/singh/ros2_sensor_ws/install/my_sensor_description/share/my_sensor_description/package.dsv'
[1.139s] INFO:colcon.colcon_core.shell:Creating package script '/home/singh/ros2_sensor_ws/install/my_sensor_description/share/my_sensor_description/package.sh'
[1.140s] INFO:colcon.colcon_core.shell:Creating package script '/home/singh/ros2_sensor_ws/install/my_sensor_description/share/my_sensor_description/package.bash'
[1.140s] INFO:colcon.colcon_core.shell:Creating package script '/home/singh/ros2_sensor_ws/install/my_sensor_description/share/my_sensor_description/package.zsh'
[1.140s] Level 1:colcon.colcon_core.environment:create_file_with_runtime_dependencies(/home/singh/ros2_sensor_ws/install/my_sensor_description/share/colcon-core/packages/my_sensor_description)
[1.141s] Level 1:colcon.colcon_core.environment:create_environment_scripts_only(my_sensor_description)
[1.141s] Level 1:colcon.colcon_core.environment:checking '/home/singh/ros2_sensor_ws/install/my_sensor_description' for CMake module files
[1.142s] Level 1:colcon.colcon_core.environment:checking '/home/singh/ros2_sensor_ws/install/my_sensor_description' for CMake config files
[1.142s] Level 1:colcon.colcon_core.shell:create_environment_hook('my_sensor_description', 'cmake_prefix_path')
[1.142s] INFO:colcon.colcon_core.shell:Creating environment hook '/home/singh/ros2_sensor_ws/install/my_sensor_description/share/my_sensor_description/hook/cmake_prefix_path.ps1'
[1.142s] INFO:colcon.colcon_core.shell:Creating environment descriptor '/home/singh/ros2_sensor_ws/install/my_sensor_description/share/my_sensor_description/hook/cmake_prefix_path.dsv'
[1.143s] INFO:colcon.colcon_core.shell:Creating environment hook '/home/singh/ros2_sensor_ws/install/my_sensor_description/share/my_sensor_description/hook/cmake_prefix_path.sh'
[1.143s] Level 1:colcon.colcon_core.environment:checking '/home/singh/ros2_sensor_ws/install/my_sensor_description/lib'
[1.143s] Level 1:colcon.colcon_core.environment:checking '/home/singh/ros2_sensor_ws/install/my_sensor_description/bin'
[1.144s] Level 1:colcon.colcon_core.environment:checking '/home/singh/ros2_sensor_ws/install/my_sensor_description/lib/pkgconfig/my_sensor_description.pc'
[1.144s] Level 1:colcon.colcon_core.environment:checking '/home/singh/ros2_sensor_ws/install/my_sensor_description/lib/python3.10/site-packages'
[1.144s] Level 1:colcon.colcon_core.environment:checking '/home/singh/ros2_sensor_ws/install/my_sensor_description/bin'
[1.144s] INFO:colcon.colcon_core.shell:Creating package script '/home/singh/ros2_sensor_ws/install/my_sensor_description/share/my_sensor_description/package.ps1'
[1.145s] INFO:colcon.colcon_core.shell:Creating package descriptor '/home/singh/ros2_sensor_ws/install/my_sensor_description/share/my_sensor_description/package.dsv'
[1.145s] INFO:colcon.colcon_core.shell:Creating package script '/home/singh/ros2_sensor_ws/install/my_sensor_description/share/my_sensor_description/package.sh'
[1.146s] INFO:colcon.colcon_core.shell:Creating package script '/home/singh/ros2_sensor_ws/install/my_sensor_description/share/my_sensor_description/package.bash'
[1.147s] INFO:colcon.colcon_core.shell:Creating package script '/home/singh/ros2_sensor_ws/install/my_sensor_description/share/my_sensor_description/package.zsh'
[1.147s] Level 1:colcon.colcon_core.environment:create_file_with_runtime_dependencies(/home/singh/ros2_sensor_ws/install/my_sensor_description/share/colcon-core/packages/my_sensor_description)
[1.148s] DEBUG:colcon.colcon_parallel_executor.executor.parallel:closing loop
[1.149s] DEBUG:colcon.colcon_parallel_executor.executor.parallel:loop closed
[1.149s] DEBUG:colcon.colcon_parallel_executor.executor.parallel:run_until_complete finished with '0'
[1.150s] DEBUG:colcon.colcon_core.event_reactor:joining thread
[1.214s] INFO:colcon.colcon_core.plugin_system:Skipping extension 'colcon_notification.desktop_notification.notify_send': Could not find 'notify-send'
[1.214s] INFO:colcon.colcon_core.plugin_system:Skipping extension 'colcon_notification.desktop_notification.terminal_notifier': Not used on non-Darwin systems
[1.214s] INFO:colcon.colcon_core.plugin_system:Skipping extension 'colcon_notification.desktop_notification.win32': Not used on non-Windows systems
[1.214s] INFO:colcon.colcon_notification.desktop_notification:Sending desktop notification using 'notify2'
[1.216s] DEBUG:colcon.colcon_notification.desktop_notification.notify2:Failed to initialize notify2: org.freedesktop.DBus.Error.ServiceUnknown: The name org.freedesktop.Notifications was not provided by any .service files
[1.216s] DEBUG:colcon.colcon_core.event_reactor:joined thread
[1.216s] INFO:colcon.colcon_core.shell:Creating prefix script '/home/singh/ros2_sensor_ws/install/local_setup.ps1'
[1.217s] INFO:colcon.colcon_core.shell:Creating prefix util module '/home/singh/ros2_sensor_ws/install/_local_setup_util_ps1.py'
[1.219s] INFO:colcon.colcon_core.shell:Creating prefix chain script '/home/singh/ros2_sensor_ws/install/setup.ps1'
[1.221s] INFO:colcon.colcon_core.shell:Creating prefix script '/home/singh/ros2_sensor_ws/install/local_setup.sh'
[1.222s] INFO:colcon.colcon_core.shell:Creating prefix util module '/home/singh/ros2_sensor_ws/install/_local_setup_util_sh.py'
[1.222s] INFO:colcon.colcon_core.shell:Creating prefix chain script '/home/singh/ros2_sensor_ws/install/setup.sh'
[1.224s] INFO:colcon.colcon_core.shell:Creating prefix script '/home/singh/ros2_sensor_ws/install/local_setup.bash'
[1.225s] INFO:colcon.colcon_core.shell:Creating prefix chain script '/home/singh/ros2_sensor_ws/install/setup.bash'
[1.226s] INFO:colcon.colcon_core.shell:Creating prefix script '/home/singh/ros2_sensor_ws/install/local_setup.zsh'
[1.226s] INFO:colcon.colcon_core.shell:Creating prefix chain script '/home/singh/ros2_sensor_ws/install/setup.zsh'
