[0.146s] Invoking command in '/home/singh/ros2_sensor_ws/build/tf2_ros': AMENT_PREFIX_PATH=/home/singh/ros2_sensor_ws/install/tf2_msgs:/home/singh/ros2_sensor_ws/install/tf2:${AMENT_PREFIX_PATH} CMAKE_PREFIX_PATH=/home/singh/ros2_sensor_ws/install/tf2_msgs:/home/singh/ros2_sensor_ws/install/tf2:/home/singh/ros2_ws2/install/my_robot_bringup:/home/singh/ros2_ws2/install/my_robot_description:/home/singh/rtab_ws/install/rtabmap_msgs:/home/singh/turtlebot_ws/install/turtlebot3_simulations:/home/singh/turtlebot_ws/install/turtlebot3_gazebo:/home/singh/turtlebot_ws/install/turtlebot3_fake_node:/home/singh/ros2_ws2/src/install/my_robot_bringup:/home/singh/ros2_ws2/src/install/my_robot_description:/home/singh/ros2_ws4/install/gazebo_parking:/home/singh/ros2_sensor_ws/install/my_sensor_description:/home/singh/ros2_sensor_ws/src/install/my_sensor_description:/home/singh/ros2_sensor_ws/src/install/tf2_sensor_msgs:/home/singh/rtab_ws/install/rtabmap_python:/opt/ros/humble LD_LIBRARY_PATH=/home/singh/ros2_sensor_ws/install/tf2_msgs/lib:/home/singh/ros2_sensor_ws/install/tf2/lib:${LD_LIBRARY_PATH} PYTHONPATH=/home/singh/ros2_sensor_ws/install/tf2_msgs/local/lib/python3.10/dist-packages:${PYTHONPATH} /usr/bin/cmake /home/singh/ros2_sensor_ws/src/geometry2/tf2_ros -DCMAKE_INSTALL_PREFIX=/home/singh/ros2_sensor_ws/install/tf2_ros
[0.302s] -- The C compiler identification is GNU 11.4.0
[0.586s] -- The CXX compiler identification is GNU 11.4.0
[0.959s] -- Detecting C compiler ABI info
[1.090s] -- Detecting C compiler ABI info - done
[1.096s] -- Check for working C compiler: /usr/bin/cc - skipped
[1.097s] -- Detecting C compile features
[1.098s] -- Detecting C compile features - done
[1.103s] -- Detecting CXX compiler ABI info
[1.268s] -- Detecting CXX compiler ABI info - done
[1.275s] -- Check for working CXX compiler: /usr/bin/c++ - skipped
[1.275s] -- Detecting CXX compile features
[1.276s] -- Detecting CXX compile features - done
[1.277s] -- Found ament_cmake: 1.3.11 (/opt/ros/humble/share/ament_cmake/cmake)
[1.459s] -- Found Python3: /usr/bin/python3 (found version "3.10.12") found components: Interpreter 
[1.586s] -- Found builtin_interfaces: 1.2.1 (/opt/ros/humble/share/builtin_interfaces/cmake)
[1.754s] -- Found rosidl_generator_c: 3.1.6 (/opt/ros/humble/share/rosidl_generator_c/cmake)
[1.760s] -- Found rosidl_adapter: 3.1.6 (/opt/ros/humble/share/rosidl_adapter/cmake)
[1.767s] -- Found rosidl_generator_cpp: 3.1.6 (/opt/ros/humble/share/rosidl_generator_cpp/cmake)
[1.778s] -- Using all available rosidl_typesupport_c: rosidl_typesupport_fastrtps_c;rosidl_typesupport_introspection_c
[1.801s] -- Using all available rosidl_typesupport_cpp: rosidl_typesupport_fastrtps_cpp;rosidl_typesupport_introspection_cpp
[1.825s] -- Found geometry_msgs: 4.8.0 (/opt/ros/humble/share/geometry_msgs/cmake)
[1.853s] -- Found message_filters: 4.3.7 (/opt/ros/humble/share/message_filters/cmake)
[1.970s] -- Found rmw_implementation_cmake: 6.1.2 (/opt/ros/humble/share/rmw_implementation_cmake/cmake)
[1.979s] -- Found rmw_cyclonedds_cpp: 1.3.4 (/opt/ros/humble/share/rmw_cyclonedds_cpp/cmake)
[2.053s] -- Using RMW implementation 'rmw_cyclonedds_cpp' as default
[2.076s] -- Looking for pthread.h
[2.235s] -- Looking for pthread.h - found
[2.235s] -- Performing Test CMAKE_HAVE_LIBC_PTHREAD
[2.398s] -- Performing Test CMAKE_HAVE_LIBC_PTHREAD - Success
[2.399s] -- Found Threads: TRUE  
[2.496s] -- Found rclcpp_action: 16.0.12 (/opt/ros/humble/share/rclcpp_action/cmake)
[2.554s] -- Found rclcpp_components: 16.0.12 (/opt/ros/humble/share/rclcpp_components/cmake)
[2.619s] -- Found tf2: 0.25.12 (/home/singh/ros2_sensor_ws/install/tf2/share/tf2/cmake)
[2.625s] -- Found tf2_msgs: 0.25.12 (/home/singh/ros2_sensor_ws/install/tf2_msgs/share/tf2_msgs/cmake)
[2.662s] -- Found ament_cmake_cppcheck: 0.12.12 (/opt/ros/humble/share/ament_cmake_cppcheck/cmake)
[2.666s] -- Found ament_cmake_cpplint: 0.12.12 (/opt/ros/humble/share/ament_cmake_cpplint/cmake)
[2.671s] -- Found ament_cmake_lint_cmake: 0.12.12 (/opt/ros/humble/share/ament_cmake_lint_cmake/cmake)
[2.675s] -- Found ament_cmake_uncrustify: 0.12.12 (/opt/ros/humble/share/ament_cmake_uncrustify/cmake)
[2.682s] -- Found ament_cmake_gtest: 1.3.11 (/opt/ros/humble/share/ament_cmake_gtest/cmake)
[2.687s] -- Found gtest sources under '/opt/ros/humble/src/gtest_vendor': C++ tests using 'Google Test' will be built
[2.844s] -- Configuring done
[2.971s] -- Generating done
[3.011s] -- Build files have been written to: /home/singh/ros2_sensor_ws/build/tf2_ros
[3.033s] Invoked command in '/home/singh/ros2_sensor_ws/build/tf2_ros' returned '0': AMENT_PREFIX_PATH=/home/singh/ros2_sensor_ws/install/tf2_msgs:/home/singh/ros2_sensor_ws/install/tf2:${AMENT_PREFIX_PATH} CMAKE_PREFIX_PATH=/home/singh/ros2_sensor_ws/install/tf2_msgs:/home/singh/ros2_sensor_ws/install/tf2:/home/singh/ros2_ws2/install/my_robot_bringup:/home/singh/ros2_ws2/install/my_robot_description:/home/singh/rtab_ws/install/rtabmap_msgs:/home/singh/turtlebot_ws/install/turtlebot3_simulations:/home/singh/turtlebot_ws/install/turtlebot3_gazebo:/home/singh/turtlebot_ws/install/turtlebot3_fake_node:/home/singh/ros2_ws2/src/install/my_robot_bringup:/home/singh/ros2_ws2/src/install/my_robot_description:/home/singh/ros2_ws4/install/gazebo_parking:/home/singh/ros2_sensor_ws/install/my_sensor_description:/home/singh/ros2_sensor_ws/src/install/my_sensor_description:/home/singh/ros2_sensor_ws/src/install/tf2_sensor_msgs:/home/singh/rtab_ws/install/rtabmap_python:/opt/ros/humble LD_LIBRARY_PATH=/home/singh/ros2_sensor_ws/install/tf2_msgs/lib:/home/singh/ros2_sensor_ws/install/tf2/lib:${LD_LIBRARY_PATH} PYTHONPATH=/home/singh/ros2_sensor_ws/install/tf2_msgs/local/lib/python3.10/dist-packages:${PYTHONPATH} /usr/bin/cmake /home/singh/ros2_sensor_ws/src/geometry2/tf2_ros -DCMAKE_INSTALL_PREFIX=/home/singh/ros2_sensor_ws/install/tf2_ros
[3.056s] Invoking command in '/home/singh/ros2_sensor_ws/build/tf2_ros': AMENT_PREFIX_PATH=/home/singh/ros2_sensor_ws/install/tf2_msgs:/home/singh/ros2_sensor_ws/install/tf2:${AMENT_PREFIX_PATH} CMAKE_PREFIX_PATH=/home/singh/ros2_sensor_ws/install/tf2_msgs:/home/singh/ros2_sensor_ws/install/tf2:/home/singh/ros2_ws2/install/my_robot_bringup:/home/singh/ros2_ws2/install/my_robot_description:/home/singh/rtab_ws/install/rtabmap_msgs:/home/singh/turtlebot_ws/install/turtlebot3_simulations:/home/singh/turtlebot_ws/install/turtlebot3_gazebo:/home/singh/turtlebot_ws/install/turtlebot3_fake_node:/home/singh/ros2_ws2/src/install/my_robot_bringup:/home/singh/ros2_ws2/src/install/my_robot_description:/home/singh/ros2_ws4/install/gazebo_parking:/home/singh/ros2_sensor_ws/install/my_sensor_description:/home/singh/ros2_sensor_ws/src/install/my_sensor_description:/home/singh/ros2_sensor_ws/src/install/tf2_sensor_msgs:/home/singh/rtab_ws/install/rtabmap_python:/opt/ros/humble LD_LIBRARY_PATH=/home/singh/ros2_sensor_ws/install/tf2_msgs/lib:/home/singh/ros2_sensor_ws/install/tf2/lib:${LD_LIBRARY_PATH} PYTHONPATH=/home/singh/ros2_sensor_ws/install/tf2_msgs/local/lib/python3.10/dist-packages:${PYTHONPATH} /usr/bin/cmake --build /home/singh/ros2_sensor_ws/build/tf2_ros -- -j12 -l12
[3.103s] [  2%] [32mBuilding CXX object gtest/CMakeFiles/gtest_main.dir/src/gtest_main.cc.o[0m
[3.107s] [  4%] [32mBuilding CXX object CMakeFiles/tf2_ros.dir/src/buffer_client.cpp.o[0m
[3.110s] [  7%] [32mBuilding CXX object CMakeFiles/tf2_ros.dir/src/buffer.cpp.o[0m
[3.111s] [  9%] [32mBuilding CXX object gtest/CMakeFiles/gtest.dir/src/gtest-all.cc.o[0m
[3.112s] [ 11%] [32mBuilding CXX object CMakeFiles/tf2_ros.dir/src/create_timer_ros.cpp.o[0m
[3.118s] [ 14%] [32mBuilding CXX object CMakeFiles/tf2_ros.dir/src/transform_listener.cpp.o[0m
[3.127s] [ 16%] [32mBuilding CXX object CMakeFiles/tf2_ros.dir/src/buffer_server.cpp.o[0m
[3.128s] [ 19%] [32mBuilding CXX object CMakeFiles/tf2_ros.dir/src/static_transform_broadcaster.cpp.o[0m
[3.131s] [ 21%] [32mBuilding CXX object CMakeFiles/tf2_ros.dir/src/transform_broadcaster.cpp.o[0m
[4.524s] [ 23%] [32m[1mLinking CXX static library libgtest_main.a[0m
[4.675s] [ 23%] Built target gtest_main
[9.758s] [ 26%] [32m[1mLinking CXX static library libgtest.a[0m
[9.869s] [ 26%] Built target gtest
[15.224s] [ 28%] [32m[1mLinking CXX shared library libtf2_ros.so[0m
[15.717s] [ 28%] Built target tf2_ros
[15.748s] [ 33%] [32mBuilding CXX object CMakeFiles/static_transform_broadcaster_node.dir/src/static_transform_broadcaster_node.cpp.o[0m
[15.748s] [ 33%] [32mBuilding CXX object CMakeFiles/test_buffer_server.dir/test/test_buffer_server.cpp.o[0m
[15.748s] [ 35%] [32mBuilding CXX object CMakeFiles/tf2_echo.dir/src/tf2_echo.cpp.o[0m
[15.748s] [ 38%] [32mBuilding CXX object CMakeFiles/test_buffer.dir/test/test_buffer.cpp.o[0m
[15.751s] [ 40%] [32mBuilding CXX object CMakeFiles/tf2_monitor.dir/src/tf2_monitor.cpp.o[0m
[15.766s] [ 42%] [32mBuilding CXX object CMakeFiles/buffer_server.dir/src/buffer_server_main.cpp.o[0m
[15.767s] [ 45%] [32mBuilding CXX object CMakeFiles/tf2_ros_test_static_transform_broadcaster.dir/test/test_static_transform_broadcaster.cpp.o[0m
[15.767s] [ 47%] [32mBuilding CXX object CMakeFiles/tf2_ros_test_time_reset.dir/test/time_reset_test.cpp.o[0m
[15.772s] [ 50%] [32mBuilding CXX object CMakeFiles/tf2_ros_test_message_filter.dir/test/message_filter_test.cpp.o[0m
[15.774s] [ 52%] [32mBuilding CXX object CMakeFiles/tf2_ros_test_transform_listener.dir/test/test_transform_listener.cpp.o[0m
[15.777s] [ 54%] [32mBuilding CXX object CMakeFiles/test_buffer_client.dir/test/test_buffer_client.cpp.o[0m
[15.786s] [ 57%] [32mBuilding CXX object CMakeFiles/tf2_ros_test_transform_broadcaster.dir/test/test_transform_broadcaster.cpp.o[0m
[24.184s] [ 59%] [32m[1mLinking CXX executable buffer_server[0m
[24.762s] [ 61%] [32m[1mLinking CXX shared library libstatic_transform_broadcaster_node.so[0m
[24.801s] [ 64%] [32m[1mLinking CXX executable tf2_echo[0m
[25.789s] [ 64%] Built target tf2_echo
[25.803s] [ 64%] Built target buffer_server
[25.861s] [ 66%] [32mBuilding CXX object CMakeFiles/tf2_ros_test_velocity.dir/test/velocity_test.cpp.o[0m
[25.871s] [ 69%] [32mBuilding CXX object CMakeFiles/tf2_ros_test_listener.dir/test/listener_unittest.cpp.o[0m
[25.893s] [ 69%] Built target static_transform_broadcaster_node
[25.938s] [ 71%] [32mBuilding CXX object CMakeFiles/static_transform_publisher.dir/src/static_transform_broadcaster_program.cpp.o[0m
[27.373s] [ 73%] [32m[1mLinking CXX executable tf2_ros_test_transform_broadcaster[0m
[27.444s] [ 76%] [32m[1mLinking CXX executable test_buffer[0m
[27.491s] [ 78%] [32m[1mLinking CXX executable test_buffer_client[0m
[28.286s] [ 80%] [32m[1mLinking CXX executable tf2_ros_test_static_transform_broadcaster[0m
[28.595s] [ 80%] Built target tf2_ros_test_transform_broadcaster
[28.832s] [ 80%] Built target test_buffer
[28.907s] [ 80%] Built target test_buffer_client
[29.232s] [ 80%] Built target tf2_ros_test_static_transform_broadcaster
[30.848s] [ 83%] [32m[1mLinking CXX executable tf2_ros_test_time_reset[0m
[31.906s] [ 83%] Built target tf2_ros_test_time_reset
[32.077s] [ 85%] [32m[1mLinking CXX executable test_buffer_server[0m
[33.013s] [ 85%] Built target test_buffer_server
[34.038s] [ 88%] [32m[1mLinking CXX executable static_transform_publisher[0m
[34.207s] [ 90%] [32m[1mLinking CXX executable tf2_ros_test_velocity[0m
[34.232s] [ 92%] [32m[1mLinking CXX executable tf2_monitor[0m
[34.347s] [ 92%] Built target static_transform_publisher
[34.842s] [ 92%] Built target tf2_ros_test_velocity
[34.975s] [ 92%] Built target tf2_monitor
[36.184s] [ 95%] [32m[1mLinking CXX executable tf2_ros_test_transform_listener[0m
[36.817s] [ 95%] Built target tf2_ros_test_transform_listener
[37.439s] [ 97%] [32m[1mLinking CXX executable tf2_ros_test_message_filter[0m
[38.116s] [ 97%] Built target tf2_ros_test_message_filter
[39.717s] [100%] [32m[1mLinking CXX executable tf2_ros_test_listener[0m
[40.226s] [100%] Built target tf2_ros_test_listener
[40.242s] Invoked command in '/home/singh/ros2_sensor_ws/build/tf2_ros' returned '0': AMENT_PREFIX_PATH=/home/singh/ros2_sensor_ws/install/tf2_msgs:/home/singh/ros2_sensor_ws/install/tf2:${AMENT_PREFIX_PATH} CMAKE_PREFIX_PATH=/home/singh/ros2_sensor_ws/install/tf2_msgs:/home/singh/ros2_sensor_ws/install/tf2:/home/singh/ros2_ws2/install/my_robot_bringup:/home/singh/ros2_ws2/install/my_robot_description:/home/singh/rtab_ws/install/rtabmap_msgs:/home/singh/turtlebot_ws/install/turtlebot3_simulations:/home/singh/turtlebot_ws/install/turtlebot3_gazebo:/home/singh/turtlebot_ws/install/turtlebot3_fake_node:/home/singh/ros2_ws2/src/install/my_robot_bringup:/home/singh/ros2_ws2/src/install/my_robot_description:/home/singh/ros2_ws4/install/gazebo_parking:/home/singh/ros2_sensor_ws/install/my_sensor_description:/home/singh/ros2_sensor_ws/src/install/my_sensor_description:/home/singh/ros2_sensor_ws/src/install/tf2_sensor_msgs:/home/singh/rtab_ws/install/rtabmap_python:/opt/ros/humble LD_LIBRARY_PATH=/home/singh/ros2_sensor_ws/install/tf2_msgs/lib:/home/singh/ros2_sensor_ws/install/tf2/lib:${LD_LIBRARY_PATH} PYTHONPATH=/home/singh/ros2_sensor_ws/install/tf2_msgs/local/lib/python3.10/dist-packages:${PYTHONPATH} /usr/bin/cmake --build /home/singh/ros2_sensor_ws/build/tf2_ros -- -j12 -l12
[40.246s] Invoking command in '/home/singh/ros2_sensor_ws/build/tf2_ros': AMENT_PREFIX_PATH=/home/singh/ros2_sensor_ws/install/tf2_msgs:/home/singh/ros2_sensor_ws/install/tf2:${AMENT_PREFIX_PATH} CMAKE_PREFIX_PATH=/home/singh/ros2_sensor_ws/install/tf2_msgs:/home/singh/ros2_sensor_ws/install/tf2:/home/singh/ros2_ws2/install/my_robot_bringup:/home/singh/ros2_ws2/install/my_robot_description:/home/singh/rtab_ws/install/rtabmap_msgs:/home/singh/turtlebot_ws/install/turtlebot3_simulations:/home/singh/turtlebot_ws/install/turtlebot3_gazebo:/home/singh/turtlebot_ws/install/turtlebot3_fake_node:/home/singh/ros2_ws2/src/install/my_robot_bringup:/home/singh/ros2_ws2/src/install/my_robot_description:/home/singh/ros2_ws4/install/gazebo_parking:/home/singh/ros2_sensor_ws/install/my_sensor_description:/home/singh/ros2_sensor_ws/src/install/my_sensor_description:/home/singh/ros2_sensor_ws/src/install/tf2_sensor_msgs:/home/singh/rtab_ws/install/rtabmap_python:/opt/ros/humble LD_LIBRARY_PATH=/home/singh/ros2_sensor_ws/install/tf2_msgs/lib:/home/singh/ros2_sensor_ws/install/tf2/lib:${LD_LIBRARY_PATH} PYTHONPATH=/home/singh/ros2_sensor_ws/install/tf2_msgs/local/lib/python3.10/dist-packages:${PYTHONPATH} /usr/bin/cmake --install /home/singh/ros2_sensor_ws/build/tf2_ros
[40.251s] -- Install configuration: ""
[40.252s] -- Installing: /home/singh/ros2_sensor_ws/install/tf2_ros/lib/libtf2_ros.so
[40.261s] -- Set runtime path of "/home/singh/ros2_sensor_ws/install/tf2_ros/lib/libtf2_ros.so" to ""
[40.261s] -- Installing: /home/singh/ros2_sensor_ws/install/tf2_ros/lib/libstatic_transform_broadcaster_node.so
[40.262s] -- Set runtime path of "/home/singh/ros2_sensor_ws/install/tf2_ros/lib/libstatic_transform_broadcaster_node.so" to ""
[40.263s] -- Installing: /home/singh/ros2_sensor_ws/install/tf2_ros/lib/tf2_ros/buffer_server
[40.263s] -- Set runtime path of "/home/singh/ros2_sensor_ws/install/tf2_ros/lib/tf2_ros/buffer_server" to ""
[40.263s] -- Installing: /home/singh/ros2_sensor_ws/install/tf2_ros/lib/tf2_ros/static_transform_publisher
[40.264s] -- Set runtime path of "/home/singh/ros2_sensor_ws/install/tf2_ros/lib/tf2_ros/static_transform_publisher" to ""
[40.264s] -- Installing: /home/singh/ros2_sensor_ws/install/tf2_ros/lib/tf2_ros/tf2_echo
[40.264s] -- Set runtime path of "/home/singh/ros2_sensor_ws/install/tf2_ros/lib/tf2_ros/tf2_echo" to ""
[40.264s] -- Installing: /home/singh/ros2_sensor_ws/install/tf2_ros/lib/tf2_ros/tf2_monitor
[40.268s] -- Set runtime path of "/home/singh/ros2_sensor_ws/install/tf2_ros/lib/tf2_ros/tf2_monitor" to ""
[40.268s] -- Installing: /home/singh/ros2_sensor_ws/install/tf2_ros/include/tf2_ros
[40.269s] -- Installing: /home/singh/ros2_sensor_ws/install/tf2_ros/include/tf2_ros/tf2_ros
[40.269s] -- Installing: /home/singh/ros2_sensor_ws/install/tf2_ros/include/tf2_ros/tf2_ros/static_transform_broadcaster.h
[40.269s] -- Installing: /home/singh/ros2_sensor_ws/install/tf2_ros/include/tf2_ros/tf2_ros/buffer_server.h
[40.270s] -- Installing: /home/singh/ros2_sensor_ws/install/tf2_ros/include/tf2_ros/tf2_ros/create_timer_interface.h
[40.270s] -- Installing: /home/singh/ros2_sensor_ws/install/tf2_ros/include/tf2_ros/tf2_ros/buffer.h
[40.270s] -- Installing: /home/singh/ros2_sensor_ws/install/tf2_ros/include/tf2_ros/tf2_ros/static_transform_broadcaster_node.hpp
[40.270s] -- Installing: /home/singh/ros2_sensor_ws/install/tf2_ros/include/tf2_ros/tf2_ros/message_filter.h
[40.271s] -- Installing: /home/singh/ros2_sensor_ws/install/tf2_ros/include/tf2_ros/tf2_ros/transform_listener.h
[40.271s] -- Installing: /home/singh/ros2_sensor_ws/install/tf2_ros/include/tf2_ros/tf2_ros/async_buffer_interface.h
[40.272s] -- Installing: /home/singh/ros2_sensor_ws/install/tf2_ros/include/tf2_ros/tf2_ros/static_transform_broadcaster_visibility_control.h
[40.272s] -- Installing: /home/singh/ros2_sensor_ws/install/tf2_ros/include/tf2_ros/tf2_ros/create_timer_ros.h
[40.272s] -- Installing: /home/singh/ros2_sensor_ws/install/tf2_ros/include/tf2_ros/tf2_ros/buffer_client.h
[40.272s] -- Installing: /home/singh/ros2_sensor_ws/install/tf2_ros/include/tf2_ros/tf2_ros/transform_broadcaster.h
[40.272s] -- Installing: /home/singh/ros2_sensor_ws/install/tf2_ros/include/tf2_ros/tf2_ros/buffer_interface.h
[40.273s] -- Installing: /home/singh/ros2_sensor_ws/install/tf2_ros/include/tf2_ros/tf2_ros/qos.hpp
[40.273s] -- Installing: /home/singh/ros2_sensor_ws/install/tf2_ros/include/tf2_ros/tf2_ros/visibility_control.h
[40.274s] -- Installing: /home/singh/ros2_sensor_ws/install/tf2_ros/share/tf2_ros/environment/library_path.sh
[40.274s] -- Installing: /home/singh/ros2_sensor_ws/install/tf2_ros/share/tf2_ros/environment/library_path.dsv
[40.276s] -- Installing: /home/singh/ros2_sensor_ws/install/tf2_ros/share/ament_index/resource_index/package_run_dependencies/tf2_ros
[40.276s] -- Installing: /home/singh/ros2_sensor_ws/install/tf2_ros/share/ament_index/resource_index/parent_prefix_path/tf2_ros
[40.278s] -- Installing: /home/singh/ros2_sensor_ws/install/tf2_ros/share/tf2_ros/environment/ament_prefix_path.sh
[40.278s] -- Installing: /home/singh/ros2_sensor_ws/install/tf2_ros/share/tf2_ros/environment/ament_prefix_path.dsv
[40.278s] -- Installing: /home/singh/ros2_sensor_ws/install/tf2_ros/share/tf2_ros/environment/path.sh
[40.279s] -- Installing: /home/singh/ros2_sensor_ws/install/tf2_ros/share/tf2_ros/environment/path.dsv
[40.279s] -- Installing: /home/singh/ros2_sensor_ws/install/tf2_ros/share/tf2_ros/local_setup.bash
[40.279s] -- Installing: /home/singh/ros2_sensor_ws/install/tf2_ros/share/tf2_ros/local_setup.sh
[40.280s] -- Installing: /home/singh/ros2_sensor_ws/install/tf2_ros/share/tf2_ros/local_setup.zsh
[40.280s] -- Installing: /home/singh/ros2_sensor_ws/install/tf2_ros/share/tf2_ros/local_setup.dsv
[40.281s] -- Installing: /home/singh/ros2_sensor_ws/install/tf2_ros/share/tf2_ros/package.dsv
[40.281s] -- Installing: /home/singh/ros2_sensor_ws/install/tf2_ros/share/ament_index/resource_index/packages/tf2_ros
[40.282s] -- Installing: /home/singh/ros2_sensor_ws/install/tf2_ros/share/ament_index/resource_index/rclcpp_components/tf2_ros
[40.283s] -- Installing: /home/singh/ros2_sensor_ws/install/tf2_ros/share/tf2_ros/cmake/export_tf2_rosExport.cmake
[40.283s] -- Installing: /home/singh/ros2_sensor_ws/install/tf2_ros/share/tf2_ros/cmake/export_tf2_rosExport-noconfig.cmake
[40.284s] -- Installing: /home/singh/ros2_sensor_ws/install/tf2_ros/share/tf2_ros/cmake/ament_cmake_export_include_directories-extras.cmake
[40.284s] -- Installing: /home/singh/ros2_sensor_ws/install/tf2_ros/share/tf2_ros/cmake/ament_cmake_export_libraries-extras.cmake
[40.284s] -- Installing: /home/singh/ros2_sensor_ws/install/tf2_ros/share/tf2_ros/cmake/ament_cmake_export_targets-extras.cmake
[40.284s] -- Installing: /home/singh/ros2_sensor_ws/install/tf2_ros/share/tf2_ros/cmake/ament_cmake_export_dependencies-extras.cmake
[40.284s] -- Installing: /home/singh/ros2_sensor_ws/install/tf2_ros/share/tf2_ros/cmake/tf2_rosConfig.cmake
[40.285s] -- Installing: /home/singh/ros2_sensor_ws/install/tf2_ros/share/tf2_ros/cmake/tf2_rosConfig-version.cmake
[40.285s] -- Installing: /home/singh/ros2_sensor_ws/install/tf2_ros/share/tf2_ros/package.xml
[40.288s] Invoked command in '/home/singh/ros2_sensor_ws/build/tf2_ros' returned '0': AMENT_PREFIX_PATH=/home/singh/ros2_sensor_ws/install/tf2_msgs:/home/singh/ros2_sensor_ws/install/tf2:${AMENT_PREFIX_PATH} CMAKE_PREFIX_PATH=/home/singh/ros2_sensor_ws/install/tf2_msgs:/home/singh/ros2_sensor_ws/install/tf2:/home/singh/ros2_ws2/install/my_robot_bringup:/home/singh/ros2_ws2/install/my_robot_description:/home/singh/rtab_ws/install/rtabmap_msgs:/home/singh/turtlebot_ws/install/turtlebot3_simulations:/home/singh/turtlebot_ws/install/turtlebot3_gazebo:/home/singh/turtlebot_ws/install/turtlebot3_fake_node:/home/singh/ros2_ws2/src/install/my_robot_bringup:/home/singh/ros2_ws2/src/install/my_robot_description:/home/singh/ros2_ws4/install/gazebo_parking:/home/singh/ros2_sensor_ws/install/my_sensor_description:/home/singh/ros2_sensor_ws/src/install/my_sensor_description:/home/singh/ros2_sensor_ws/src/install/tf2_sensor_msgs:/home/singh/rtab_ws/install/rtabmap_python:/opt/ros/humble LD_LIBRARY_PATH=/home/singh/ros2_sensor_ws/install/tf2_msgs/lib:/home/singh/ros2_sensor_ws/install/tf2/lib:${LD_LIBRARY_PATH} PYTHONPATH=/home/singh/ros2_sensor_ws/install/tf2_msgs/local/lib/python3.10/dist-packages:${PYTHONPATH} /usr/bin/cmake --install /home/singh/ros2_sensor_ws/build/tf2_ros
