[0.020s] Invoking command in '/home/singh/ros2_sensor_ws/build/rtabmap_msgs': CMAKE_PREFIX_PATH=${CMAKE_PREFIX_PATH}:/home/singh/ros2_sensor_ws/install/rtabmap_python:/home/singh/install/my_robot_controller:/opt/ros/humble /usr/bin/cmake /home/singh/ros2_sensor_ws/src/rtabmap_ros/rtabmap_msgs -DCMAKE_INSTALL_PREFIX=/home/singh/ros2_sensor_ws/install/rtabmap_msgs
[0.216s] -- The C compiler identification is GNU 11.4.0
[0.647s] -- The CXX compiler identification is GNU 11.4.0
[1.107s] -- Detecting C compiler ABI info
[1.247s] -- Detecting C compiler ABI info - done
[1.252s] -- Check for working C compiler: /usr/bin/cc - skipped
[1.253s] -- Detecting C compile features
[1.253s] -- Detecting C compile features - done
[1.255s] -- Detecting CXX compiler ABI info
[1.393s] -- Detecting CXX compiler ABI info - done
[1.399s] -- Check for working CXX compiler: /usr/bin/c++ - skipped
[1.399s] -- Detecting CXX compile features
[1.400s] -- Detecting CXX compile features - done
[1.402s] -- Found rosidl_default_generators: 1.2.0 (/opt/ros/humble/share/rosidl_default_generators/cmake)
[1.403s] -- Found ament_cmake_core: 1.3.11 (/opt/ros/humble/share/ament_cmake_core/cmake)
[1.514s] -- Found Python3: /usr/bin/python3 (found version "3.10.12") found components: Interpreter 
[1.565s] -- Using all available rosidl_typesupport_c: rosidl_typesupport_fastrtps_c;rosidl_typesupport_introspection_c
[1.571s] -- Found rosidl_adapter: 3.1.6 (/opt/ros/humble/share/rosidl_adapter/cmake)
[1.757s] -- Using all available rosidl_typesupport_cpp: rosidl_typesupport_fastrtps_cpp;rosidl_typesupport_introspection_cpp
[1.782s] -- Found builtin_interfaces: 1.2.1 (/opt/ros/humble/share/builtin_interfaces/cmake)
[1.791s] -- Found geometry_msgs: 4.2.4 (/opt/ros/humble/share/geometry_msgs/cmake)
[1.812s] -- Found sensor_msgs: 4.2.4 (/opt/ros/humble/share/sensor_msgs/cmake)
[1.825s] -- Found std_srvs: 4.2.4 (/opt/ros/humble/share/std_srvs/cmake)
[2.216s] -- Found ament_cmake_ros: 0.10.0 (/opt/ros/humble/share/ament_cmake_ros/cmake)
[2.413s] -- Using all available rosidl_typesupport_c: rosidl_typesupport_fastrtps_c;rosidl_typesupport_introspection_c
[2.679s] -- Using all available rosidl_typesupport_cpp: rosidl_typesupport_fastrtps_cpp;rosidl_typesupport_introspection_cpp
[2.743s] -- Found PythonInterp: /usr/bin/python3 (found suitable version "3.10.12", minimum required is "3.6") 
[2.745s] -- Found python_cmake_module: 0.10.0 (/opt/ros/humble/share/python_cmake_module/cmake)
[2.913s] -- Found PythonLibs: /usr/lib/x86_64-linux-gnu/libpython3.10.so (found suitable version "3.10.12", minimum required is "3.5") 
[2.913s] -- Using PYTHON_EXECUTABLE: /usr/bin/python3
[2.913s] -- Using PYTHON_INCLUDE_DIRS: /usr/include/python3.10
[2.913s] -- Using PYTHON_LIBRARIES: /usr/lib/x86_64-linux-gnu/libpython3.10.so
[2.928s] -- Found PythonExtra: .so  
[3.006s] -- Configuring done
[3.074s] -- Generating done
[3.087s] -- Build files have been written to: /home/singh/ros2_sensor_ws/build/rtabmap_msgs
[3.095s] Invoked command in '/home/singh/ros2_sensor_ws/build/rtabmap_msgs' returned '0': CMAKE_PREFIX_PATH=${CMAKE_PREFIX_PATH}:/home/singh/ros2_sensor_ws/install/rtabmap_python:/home/singh/install/my_robot_controller:/opt/ros/humble /usr/bin/cmake /home/singh/ros2_sensor_ws/src/rtabmap_ros/rtabmap_msgs -DCMAKE_INSTALL_PREFIX=/home/singh/ros2_sensor_ws/install/rtabmap_msgs
[3.096s] Invoking command in '/home/singh/ros2_sensor_ws/build/rtabmap_msgs': CMAKE_PREFIX_PATH=${CMAKE_PREFIX_PATH}:/home/singh/ros2_sensor_ws/install/rtabmap_python:/home/singh/install/my_robot_controller:/opt/ros/humble /usr/bin/cmake --build /home/singh/ros2_sensor_ws/build/rtabmap_msgs -- -j12 -l12
[3.137s] [  0%] [34m[1mGenerating C code for ROS interfaces[0m
[3.144s] [  0%] [34m[1mGenerating C++ code for ROS interfaces[0m
[3.155s] [  0%] Built target ament_cmake_python_copy_rtabmap_msgs
[3.388s] running egg_info
[3.389s] creating rtabmap_msgs.egg-info
[3.389s] writing rtabmap_msgs.egg-info/PKG-INFO
[3.389s] writing dependency_links to rtabmap_msgs.egg-info/dependency_links.txt
[3.389s] writing top-level names to rtabmap_msgs.egg-info/top_level.txt
[3.389s] writing manifest file 'rtabmap_msgs.egg-info/SOURCES.txt'
[3.390s] reading manifest file 'rtabmap_msgs.egg-info/SOURCES.txt'
[3.391s] writing manifest file 'rtabmap_msgs.egg-info/SOURCES.txt'
[3.419s] [  0%] Built target ament_cmake_python_build_rtabmap_msgs_egg
[5.956s] [  0%] Built target rtabmap_msgs__cpp
[5.965s] [  0%] [34m[1mGenerating C++ type support dispatch for ROS interfaces[0m
[5.966s] [  1%] [34m[1mGenerating C++ introspection for ROS interfaces[0m
[5.969s] [  1%] [34m[1mGenerating C++ type support for eProsima Fast-RTPS[0m
[5.980s] [  1%] [32mBuilding C object CMakeFiles/rtabmap_msgs__rosidl_generator_c.dir/rosidl_generator_c/rtabmap_msgs/msg/detail/global_descriptor__functions.c.o[0m
[5.981s] [  1%] [32mBuilding C object CMakeFiles/rtabmap_msgs__rosidl_generator_c.dir/rosidl_generator_c/rtabmap_msgs/msg/detail/map_graph__functions.c.o[0m
[5.983s] [  1%] [32mBuilding C object CMakeFiles/rtabmap_msgs__rosidl_generator_c.dir/rosidl_generator_c/rtabmap_msgs/msg/detail/key_point__functions.c.o[0m
[5.983s] [  2%] [32mBuilding C object CMakeFiles/rtabmap_msgs__rosidl_generator_c.dir/rosidl_generator_c/rtabmap_msgs/msg/detail/info__functions.c.o[0m
[5.984s] [  3%] [32mBuilding C object CMakeFiles/rtabmap_msgs__rosidl_generator_c.dir/rosidl_generator_c/rtabmap_msgs/msg/detail/sensor_data__functions.c.o[0m
[5.984s] [  4%] [32mBuilding C object CMakeFiles/rtabmap_msgs__rosidl_generator_c.dir/rosidl_generator_c/rtabmap_msgs/msg/detail/map_data__functions.c.o[0m
[5.984s] [  4%] [32mBuilding C object CMakeFiles/rtabmap_msgs__rosidl_generator_c.dir/rosidl_generator_c/rtabmap_msgs/msg/detail/scan_descriptor__functions.c.o[0m
[5.984s] [  4%] [32mBuilding C object CMakeFiles/rtabmap_msgs__rosidl_generator_c.dir/rosidl_generator_c/rtabmap_msgs/msg/detail/node__functions.c.o[0m
[5.985s] [  4%] [32mBuilding C object CMakeFiles/rtabmap_msgs__rosidl_generator_c.dir/rosidl_generator_c/rtabmap_msgs/msg/detail/link__functions.c.o[0m
[6.055s] [  5%] [32mBuilding C object CMakeFiles/rtabmap_msgs__rosidl_generator_c.dir/rosidl_generator_c/rtabmap_msgs/msg/detail/landmark_detections__functions.c.o[0m
[6.055s] [  6%] [32mBuilding C object CMakeFiles/rtabmap_msgs__rosidl_generator_c.dir/rosidl_generator_c/rtabmap_msgs/msg/detail/point3f__functions.c.o[0m
[6.056s] [  6%] [32mBuilding C object CMakeFiles/rtabmap_msgs__rosidl_generator_c.dir/rosidl_generator_c/rtabmap_msgs/msg/detail/point2f__functions.c.o[0m
[6.056s] [  6%] [32mBuilding C object CMakeFiles/rtabmap_msgs__rosidl_generator_c.dir/rosidl_generator_c/rtabmap_msgs/msg/detail/landmark_detection__functions.c.o[0m
[6.057s] [  6%] [32mBuilding C object CMakeFiles/rtabmap_msgs__rosidl_generator_c.dir/rosidl_generator_c/rtabmap_msgs/msg/detail/odom_info__functions.c.o[0m
[6.058s] [  6%] [32mBuilding C object CMakeFiles/rtabmap_msgs__rosidl_generator_c.dir/rosidl_generator_c/rtabmap_msgs/msg/detail/goal__functions.c.o[0m
[6.063s] [  6%] [32mBuilding C object CMakeFiles/rtabmap_msgs__rosidl_generator_c.dir/rosidl_generator_c/rtabmap_msgs/msg/detail/rgbd_image__functions.c.o[0m
[6.067s] [  6%] [32mBuilding C object CMakeFiles/rtabmap_msgs__rosidl_generator_c.dir/rosidl_generator_c/rtabmap_msgs/msg/detail/rgbd_images__functions.c.o[0m
[6.080s] [  7%] [32mBuilding C object CMakeFiles/rtabmap_msgs__rosidl_generator_c.dir/rosidl_generator_c/rtabmap_msgs/msg/detail/user_data__functions.c.o[0m
[6.101s] [  7%] [32mBuilding C object CMakeFiles/rtabmap_msgs__rosidl_generator_c.dir/rosidl_generator_c/rtabmap_msgs/msg/detail/gps__functions.c.o[0m
[6.114s] [  7%] [32mBuilding C object CMakeFiles/rtabmap_msgs__rosidl_generator_c.dir/rosidl_generator_c/rtabmap_msgs/msg/detail/path__functions.c.o[0m
[6.124s] [  9%] [32mBuilding C object CMakeFiles/rtabmap_msgs__rosidl_generator_c.dir/rosidl_generator_c/rtabmap_msgs/srv/detail/get_map__functions.c.o[0m
[6.124s] [  9%] [32mBuilding C object CMakeFiles/rtabmap_msgs__rosidl_generator_c.dir/rosidl_generator_c/rtabmap_msgs/msg/detail/env_sensor__functions.c.o[0m
[6.124s] [  9%] [32mBuilding C object CMakeFiles/rtabmap_msgs__rosidl_generator_c.dir/rosidl_generator_c/rtabmap_msgs/msg/detail/camera_model__functions.c.o[0m
[6.125s] [  9%] [32mBuilding C object CMakeFiles/rtabmap_msgs__rosidl_generator_c.dir/rosidl_generator_c/rtabmap_msgs/msg/detail/camera_models__functions.c.o[0m
[6.126s] [  9%] [32mBuilding C object CMakeFiles/rtabmap_msgs__rosidl_generator_c.dir/rosidl_generator_c/rtabmap_msgs/srv/detail/get_map2__functions.c.o[0m
[6.136s] [  9%] [32mBuilding C object CMakeFiles/rtabmap_msgs__rosidl_generator_c.dir/rosidl_generator_c/rtabmap_msgs/srv/detail/list_labels__functions.c.o[0m
[6.149s] [  9%] [32mBuilding C object CMakeFiles/rtabmap_msgs__rosidl_generator_c.dir/rosidl_generator_c/rtabmap_msgs/srv/detail/publish_map__functions.c.o[0m
[6.153s] [ 10%] [32mBuilding C object CMakeFiles/rtabmap_msgs__rosidl_generator_c.dir/rosidl_generator_c/rtabmap_msgs/srv/detail/reset_pose__functions.c.o[0m
[6.165s] [ 10%] [32mBuilding C object CMakeFiles/rtabmap_msgs__rosidl_generator_c.dir/rosidl_generator_c/rtabmap_msgs/srv/detail/set_goal__functions.c.o[0m
[6.193s] [ 11%] [32mBuilding C object CMakeFiles/rtabmap_msgs__rosidl_generator_c.dir/rosidl_generator_c/rtabmap_msgs/srv/detail/set_label__functions.c.o[0m
[6.194s] [ 11%] [32mBuilding C object CMakeFiles/rtabmap_msgs__rosidl_generator_c.dir/rosidl_generator_c/rtabmap_msgs/srv/detail/remove_label__functions.c.o[0m
[6.195s] [ 11%] [32mBuilding C object CMakeFiles/rtabmap_msgs__rosidl_generator_c.dir/rosidl_generator_c/rtabmap_msgs/srv/detail/add_link__functions.c.o[0m
[6.196s] [ 11%] [32mBuilding C object CMakeFiles/rtabmap_msgs__rosidl_generator_c.dir/rosidl_generator_c/rtabmap_msgs/srv/detail/get_plan__functions.c.o[0m
[6.209s] [ 12%] [32mBuilding C object CMakeFiles/rtabmap_msgs__rosidl_generator_c.dir/rosidl_generator_c/rtabmap_msgs/srv/detail/get_node_data__functions.c.o[0m
[6.214s] [ 12%] [32mBuilding C object CMakeFiles/rtabmap_msgs__rosidl_generator_c.dir/rosidl_generator_c/rtabmap_msgs/srv/detail/get_nodes_in_radius__functions.c.o[0m
[6.223s] [ 12%] [32mBuilding C object CMakeFiles/rtabmap_msgs__rosidl_generator_c.dir/rosidl_generator_c/rtabmap_msgs/srv/detail/load_database__functions.c.o[0m
[6.241s] [ 12%] [32mBuilding C object CMakeFiles/rtabmap_msgs__rosidl_generator_c.dir/rosidl_generator_c/rtabmap_msgs/srv/detail/detect_more_loop_closures__functions.c.o[0m
[6.243s] [ 13%] [32mBuilding C object CMakeFiles/rtabmap_msgs__rosidl_generator_c.dir/rosidl_generator_c/rtabmap_msgs/srv/detail/global_bundle_adjustment__functions.c.o[0m
[6.251s] [ 13%] [32mBuilding C object CMakeFiles/rtabmap_msgs__rosidl_generator_c.dir/rosidl_generator_c/rtabmap_msgs/srv/detail/cleanup_local_grids__functions.c.o[0m
[6.316s] [ 13%] [32m[1mLinking C shared library librtabmap_msgs__rosidl_generator_c.so[0m
[6.456s] [ 13%] Built target rtabmap_msgs__rosidl_generator_c
[6.468s] [ 14%] [34m[1mGenerating C introspection for ROS interfaces[0m
[6.473s] [ 15%] [34m[1mGenerating C type support for eProsima Fast-RTPS[0m
[6.473s] [ 16%] [34m[1mGenerating C type support dispatch for ROS interfaces[0m
[6.899s] Traceback (most recent call last):
[6.900s] gmake[2]: *** Deleting file 'rosidl_typesupport_c/rtabmap_msgs/msg/info__type_support.cpp'
[6.900s] gmake[2]: *** Deleting file 'rosidl_typesupport_introspection_cpp/rtabmap_msgs/msg/detail/info__rosidl_typesupport_introspection_cpp.hpp'
[6.900s] gmake[2]: *** Deleting file 'rosidl_typesupport_cpp/rtabmap_msgs/msg/info__type_support.cpp'
[6.901s]   File "/opt/ros/humble/lib/rosidl_typesupport_introspection_c/rosidl_typesupport_introspection_c", line 31, in <module>
[6.901s] Traceback (most recent call last):
[6.901s] Traceback (most recent call last):
[6.901s]   File "/opt/ros/humble/lib/rosidl_typesupport_fastrtps_c/rosidl_typesupport_fastrtps_c", line 33, in <module>
[6.901s]     sys.exit(main())
[6.901s]   File "/opt/ros/humble/lib/rosidl_typesupport_introspection_c/rosidl_typesupport_introspection_c", line 27, in main
[6.901s]     generate_c(args.generator_arguments_file)
[6.901s]   File "/opt/ros/humble/local/lib/python3.10/dist-packages/rosidl_typesupport_introspection_c/__init__.py", line 31, in generate_c
[6.901s]     return generate_files(generator_arguments_file, mapping)
[6.901s]   File "/opt/ros/humble/local/lib/python3.10/dist-packages/rosidl_cmake/__init__.py", line 87, in generate_files
[6.901s]     expand_template(
[6.901s]   File "/opt/ros/humble/local/lib/python3.10/dist-packages/rosidl_cmake/__init__.py", line 149, in expand_template
[6.901s]     sys.exit(main())
[6.902s]     interpreter.string(template_content, template_path, locals=data)
[6.902s]   File "/usr/lib/python3/dist-packages/em.py", line 2391, in string
[6.902s]   File "/opt/ros/humble/lib/rosidl_typesupport_fastrtps_c/rosidl_typesupport_fastrtps_c", line 29, in main
[6.902s]     generate_typesupport_fastrtps_c(args.generator_arguments_file)
[6.902s]   File "/opt/ros/humble/local/lib/python3.10/dist-packages/rosidl_typesupport_fastrtps_c/__init__.py", line 24, in generate_typesupport_fastrtps_c
[6.902s] Traceback (most recent call last):
[6.902s]   File "/opt/ros/humble/lib/rosidl_typesupport_cpp/rosidl_typesupport_cpp", line 28, in <module>
[6.902s]     return generate_files(generator_arguments_file, mapping)
[6.902s]   File "/opt/ros/humble/local/lib/python3.10/dist-packages/rosidl_cmake/__init__.py", line 87, in generate_files
[6.902s]     sys.exit(main())
[6.902s]   File "/opt/ros/humble/lib/rosidl_typesupport_cpp/rosidl_typesupport_cpp", line 24, in main
[6.902s]     generate_cpp(args.generator_arguments_file, args.typesupports)
[6.902s]   File "/opt/ros/humble/local/lib/python3.10/dist-packages/rosidl_typesupport_cpp/__init__.py", line 28, in generate_cpp
[6.902s]     return generate_files(
[6.902s]   File "/opt/ros/humble/local/lib/python3.10/dist-packages/rosidl_cmake/__init__.py", line 74, in generate_files
[6.902s]     idl_file = parse_idl_file(locator)
[6.902s]     self.safe(scanner, True, locals)
[6.903s]   File "/opt/ros/humble/local/lib/python3.10/dist-packages/rosidl_parser/parser.py", line 64, in parse_idl_file
[6.903s]   File "/usr/lib/python3/dist-packages/em.py", line 2401, in safe
[6.903s] gmake[2]: *** Deleting file 'rosidl_typesupport_fastrtps_c/rtabmap_msgs/msg/detail/info__rosidl_typesupport_fastrtps_c.h'
[6.903s] gmake[2]: *** Deleting file 'rosidl_typesupport_introspection_c/rtabmap_msgs/msg/detail/info__rosidl_typesupport_introspection_c.h'
[6.903s] Traceback (most recent call last):
[6.903s] Traceback (most recent call last):
[6.903s]   File "/opt/ros/humble/lib/rosidl_typesupport_c/rosidl_typesupport_c", line 28, in <module>
[6.903s]   File "/opt/ros/humble/lib/rosidl_typesupport_fastrtps_cpp/rosidl_typesupport_fastrtps_cpp", line 23, in <module>
[6.903s] gmake[2]: *** Deleting file 'rosidl_typesupport_fastrtps_cpp/rtabmap_msgs/msg/detail/dds_fastrtps/info__type_support.cpp'
[6.903s]     sys.exit(main())
[6.903s]   File "/opt/ros/humble/lib/rosidl_typesupport_c/rosidl_typesupport_c", line 24, in main
[6.903s]     sys.exit(main())
[6.903s]   File "/opt/ros/humble/lib/rosidl_typesupport_fastrtps_cpp/rosidl_typesupport_fastrtps_cpp", line 19, in main
[6.903s]     generate_c(args.generator_arguments_file, args.typesupports)
[6.903s]   File "/opt/ros/humble/local/lib/python3.10/dist-packages/rosidl_typesupport_c/__init__.py", line 28, in generate_c
[6.903s]   File "/opt/ros/humble/lib/rosidl_typesupport_introspection_cpp/rosidl_typesupport_introspection_cpp", line 31, in <module>
[6.903s]     content = parse_idl_string(string, png_file=png_file)
[6.903s]     expand_template(
[6.903s]   File "/opt/ros/humble/local/lib/python3.10/dist-packages/rosidl_parser/parser.py", line 72, in parse_idl_string
[6.903s]     generate_cpp(args.generator_arguments_file)
[6.903s]   File "/opt/ros/humble/local/lib/python3.10/dist-packages/rosidl_typesupport_fastrtps_cpp/__init__.py", line 24, in generate_cpp
[6.903s]   File "/opt/ros/humble/local/lib/python3.10/dist-packages/rosidl_cmake/__init__.py", line 149, in expand_template
[6.903s]     tree = get_ast_from_idl_string(idl_string)
[6.903s]   File "/opt/ros/humble/local/lib/python3.10/dist-packages/rosidl_parser/parser.py", line 89, in get_ast_from_idl_string
[6.903s]     return generate_files(
[6.903s]   File "/opt/ros/humble/local/lib/python3.10/dist-packages/rosidl_cmake/__init__.py", line 74, in generate_files
[6.903s]     self.parse(scanner, locals)
[6.903s]   File "/usr/lib/python3/dist-packages/em.py", line 2417, in parse
[6.904s]     return _parser.parse(idl_string)
[6.904s]   File "/usr/lib/python3/dist-packages/lark/lark.py", line 619, in parse
[6.904s]     return generate_files(generator_arguments_file, mapping)
[6.904s]   File "/opt/ros/humble/local/lib/python3.10/dist-packages/rosidl_cmake/__init__.py", line 74, in generate_files
[6.904s]     idl_file = parse_idl_file(locator)
[6.904s]   File "/opt/ros/humble/local/lib/python3.10/dist-packages/rosidl_parser/parser.py", line 64, in parse_idl_file
[6.904s]     content = parse_idl_string(string, png_file=png_file)
[6.904s]   File "/opt/ros/humble/local/lib/python3.10/dist-packages/rosidl_parser/parser.py", line 72, in parse_idl_string
[6.904s]     sys.exit(main())
[6.904s]     idl_file = parse_idl_file(locator)
[6.904s]     interpreter.string(template_content, template_path, locals=data)
[6.904s]     tree = get_ast_from_idl_string(idl_string)
[6.904s]     token = scanner.one()
[6.904s]   File "/opt/ros/humble/lib/rosidl_typesupport_introspection_cpp/rosidl_typesupport_introspection_cpp", line 27, in main
[6.904s]   File "/opt/ros/humble/local/lib/python3.10/dist-packages/rosidl_parser/parser.py", line 89, in get_ast_from_idl_string
[6.904s]   File "/usr/lib/python3/dist-packages/em.py", line 1984, in one
[6.904s]   File "/opt/ros/humble/local/lib/python3.10/dist-packages/rosidl_parser/parser.py", line 64, in parse_idl_file
[6.904s]   File "/usr/lib/python3/dist-packages/em.py", line 2391, in string
[6.904s]     return _parser.parse(idl_string)
[6.904s]     content = parse_idl_string(string, png_file=png_file)
[6.904s]   File "/opt/ros/humble/local/lib/python3.10/dist-packages/rosidl_parser/parser.py", line 72, in parse_idl_string
[6.904s]   File "/usr/lib/python3/dist-packages/lark/lark.py", line 619, in parse
[6.904s]     tree = get_ast_from_idl_string(idl_string)
[6.906s]   File "/opt/ros/humble/local/lib/python3.10/dist-packages/rosidl_parser/parser.py", line 89, in get_ast_from_idl_string
[6.906s]     token.scan(self)
[6.906s]     return _parser.parse(idl_string)
[6.906s]     generate_cpp(args.generator_arguments_file)
[6.906s]   File "/usr/lib/python3/dist-packages/lark/lark.py", line 619, in parse
[6.906s]   File "/usr/lib/python3/dist-packages/em.py", line 1468, in scan
[6.907s]     self.safe(scanner, True, locals)
[6.907s]   File "/opt/ros/humble/local/lib/python3.10/dist-packages/rosidl_typesupport_introspection_cpp/__init__.py", line 31, in generate_cpp
[6.907s]   File "/usr/lib/python3/dist-packages/em.py", line 2401, in safe
[6.907s]     return self.parser.parse(text, start=start, on_error=on_error)
[6.907s]   File "/usr/lib/python3/dist-packages/lark/parser_frontends.py", line 99, in parse
[6.907s]     return self.parser.parse(text, start=start, on_error=on_error)
[6.907s]   File "/usr/lib/python3/dist-packages/lark/parser_frontends.py", line 99, in parse
[6.907s]     return generate_files(generator_arguments_file, mapping)
[6.907s]   File "/opt/ros/humble/local/lib/python3.10/dist-packages/rosidl_cmake/__init__.py", line 87, in generate_files
[6.907s]     self.parse(scanner, locals)
[6.907s]   File "/usr/lib/python3/dist-packages/em.py", line 2421, in parse
[6.907s]     return self.parser.parse(text, start=start, on_error=on_error)
[6.907s]     expand_template(
[6.907s]   File "/opt/ros/humble/local/lib/python3.10/dist-packages/rosidl_cmake/__init__.py", line 149, in expand_template
[6.908s]   File "/usr/lib/python3/dist-packages/lark/parser_frontends.py", line 99, in parse
[6.908s]     self.subscan(scanner, self.type)
[6.908s]   File "/usr/lib/python3/dist-packages/em.py", line 1483, in subscan
[6.908s]     interpreter.string(template_content, template_path, locals=data)
[6.908s]     token.run(self, locals)
[6.908s]   File "/usr/lib/python3/dist-packages/em.py", line 1547, in run
[6.908s]   File "/usr/lib/python3/dist-packages/em.py", line 2391, in string
[6.908s]     token = scanner.one()
[6.908s]   File "/usr/lib/python3/dist-packages/em.py", line 1961, in one
[6.908s]     self.subrun(info[0][1], interpreter, locals)
[6.908s]   File "/usr/lib/python3/dist-packages/em.py", line 1631, in subrun
[6.908s]     token.run(interpreter, locals)
[6.908s]   File "/usr/lib/python3/dist-packages/em.py", line 1425, in run
[6.908s]     return self.parser.parse(stream, chosen_start, **kw)
[6.908s]     self.safe(scanner, True, locals)
[6.909s]   File "/usr/lib/python3/dist-packages/em.py", line 2401, in safe
[6.909s]     return self.parser.parse(stream, chosen_start, **kw)
[6.909s]     return self.parser.parse(stream, chosen_start, **kw)
[6.909s]   File "/usr/lib/python3/dist-packages/lark/parsers/earley.py", line 266, in parse
[6.909s]   File "/usr/lib/python3/dist-packages/lark/parsers/earley.py", line 266, in parse
[6.909s]   File "/usr/lib/python3/dist-packages/lark/parsers/earley.py", line 266, in parse
[6.909s]     interpreter.execute(self.code, locals)
[6.909s]   File "/usr/lib/python3/dist-packages/em.py", line 2596, in execute
[6.909s]     loc = self.find(self.prefix)
[6.909s]     _exec(statements, self.globals, locals)
[6.909s]   File "<string>", line 2, in <module>
[6.909s]   File "/usr/lib/python3/dist-packages/em.py", line 1794, in find
[6.909s]     to_scan = self._parse(lexer, columns, to_scan, start_symbol)
[6.909s]     self.parse(scanner, locals)
[6.909s]   File "/opt/ros/humble/local/lib/python3.10/dist-packages/rosidl_cmake/__init__.py", line 198, in _expand_template
[6.909s]   File "/usr/lib/python3/dist-packages/em.py", line 2421, in parse
[6.909s]   File "/usr/lib/python3/dist-packages/lark/parsers/xearley.py", line 146, in _parse
[6.909s]     to_scan = self._parse(lexer, columns, to_scan, start_symbol)
[6.909s]   File "/usr/lib/python3/dist-packages/lark/parsers/xearley.py", line 144, in _parse
[6.909s]     return self.rest().find(sub, start)
[6.909s]   File "/usr/lib/python3/dist-packages/em.py", line 1752, in rest
[6.909s]     interpreter.string(content, str(template_path), kwargs)
[6.909s]   File "/usr/lib/python3/dist-packages/em.py", line 2391, in string
[6.909s]     to_scan = self._parse(lexer, columns, to_scan, start_symbol)
[6.909s]   File "/usr/lib/python3/dist-packages/lark/parsers/xearley.py", line 144, in _parse
[6.909s]     token.run(self, locals)
[6.909s]     return self[:]
[6.909s]   File "/usr/lib/python3/dist-packages/em.py", line 1684, in __getitem__
[6.910s]   File "/usr/lib/python3/dist-packages/em.py", line 1547, in run
[6.910s]     self.safe(scanner, True, locals)
[6.910s]   File "/usr/lib/python3/dist-packages/em.py", line 2401, in safe
[6.910s]     to_scan = scan(i, to_scan)
[6.910s]     self.predict_and_complete(i, to_scan, columns, transitives)
[6.910s]     self.predict_and_complete(i, to_scan, columns, transitives)
[6.910s]     self.parse(scanner, locals)
[6.910s]   File "/usr/lib/python3/dist-packages/em.py", line 2421, in parse
[6.910s]   File "/usr/lib/python3/dist-packages/lark/parsers/earley.py", line 122, in predict_and_complete
[6.910s]   File "/usr/lib/python3/dist-packages/lark/parsers/xearley.py", line 76, in scan
[6.910s]   File "/usr/lib/python3/dist-packages/lark/parsers/earley.py", line 153, in predict_and_complete
[6.910s]     assert index.step is None or index.step == 1
[6.910s]     self.subrun(info[0][1], interpreter, locals)
[6.910s] KeyboardInterrupt
[6.910s]   File "/usr/lib/python3/dist-packages/em.py", line 1631, in subrun
[6.910s]     originators = [originator for originator in columns[item.start] if originator.expect is not None and originator.expect == item.s]
[6.910s]   File "/usr/lib/python3/dist-packages/lark/parsers/earley.py", line 122, in <listcomp>
[6.910s]     m = match(x, stream, i)
[6.910s]     to_scan.add(new_item)
[6.910s]   File "/usr/lib/python3/dist-packages/lark/parser_frontends.py", line 179, in match
[6.911s]   File "/usr/lib/python3/dist-packages/lark/parsers/earley_common.py", line 31, in __hash__
[6.911s]     originators = [originator for originator in columns[item.start] if originator.expect is not None and originator.expect == item.s]
[6.911s]   File "/usr/lib/python3/dist-packages/lark/grammar.py", line 18, in __eq__
[6.911s]     return self.regexps[term.name].match(text, index)
[6.911s]     token.run(self, locals)
[6.911s]   File "/usr/lib/python3/dist-packages/em.py", line 1547, in run
[6.911s] KeyboardInterrupt
[6.911s]     self.subrun(info[0][1], interpreter, locals)
[6.911s]   File "/usr/lib/python3/dist-packages/em.py", line 1631, in subrun
[6.911s]     token.run(interpreter, locals)
[6.911s]   File "/usr/lib/python3/dist-packages/em.py", line 1425, in run
[6.911s]     token.run(interpreter, locals)
[6.911s]   File "/usr/lib/python3/dist-packages/em.py", line 1526, in run
[6.911s]     def __hash__(self):
[6.911s] KeyboardInterrupt
[6.911s]     if interpreter.evaluate(secondary.rest, locals):
[6.911s]   File "/usr/lib/python3/dist-packages/em.py", line 2573, in evaluate
[6.911s]     def __eq__(self, other):
[6.911s] KeyboardInterrupt
[6.911s]     interpreter.execute(self.code, locals)
[6.911s]   File "/usr/lib/python3/dist-packages/em.py", line 2596, in execute
[6.911s]     result = eval(expression, self.globals, locals)
[6.911s]   File "<string>", line 1, in <module>
[6.911s] KeyboardInterrupt
[6.911s]     _exec(statements, self.globals, locals)
[6.911s]   File "<string>", line 2, in <module>
[6.911s]   File "/opt/ros/humble/local/lib/python3.10/dist-packages/rosidl_cmake/__init__.py", line 198, in _expand_template
[6.912s]     interpreter.string(content, str(template_path), kwargs)
[6.912s]   File "/usr/lib/python3/dist-packages/em.py", line 2391, in string
[6.912s]     self.safe(scanner, True, locals)
[6.912s]   File "/usr/lib/python3/dist-packages/em.py", line 2401, in safe
[6.912s]     self.parse(scanner, locals)
[6.912s]   File "/usr/lib/python3/dist-packages/em.py", line 2417, in parse
[6.912s]     token = scanner.one()
[6.912s]   File "/usr/lib/python3/dist-packages/em.py", line 1984, in one
[6.912s]     token.scan(self)
[6.912s]   File "/usr/lib/python3/dist-packages/em.py", line 1421, in scan
[6.912s]     i = scanner.complex('{', '}', 0)
[6.912s]   File "/usr/lib/python3/dist-packages/em.py", line 1894, in complex
[6.912s]     if newQuote:
[6.912s] KeyboardInterrupt
[6.919s] Exception ignored in: <function Interpreter.__del__ at 0x7fa7cba6bd00>
[6.919s] Traceback (most recent call last):
[6.920s]   File "/usr/lib/python3/dist-packages/em.py", line 2094, in __del__
[6.920s]   File "/usr/lib/python3/dist-packages/em.py", line 2157, in shutdown
[6.920s]   File "/usr/lib/python3/dist-packages/em.py", line 2647, in finalize
[6.920s]   File "/usr/lib/python3/dist-packages/em.py", line 2200, in push
[6.920s] AttributeError: '_io.TextIOWrapper' object has no attribute 'push'
[6.923s] Exception ignored in: <function Interpreter.__del__ at 0x7f8c42033d90>
[6.923s] Traceback (most recent call last):
[6.923s]   File "/usr/lib/python3/dist-packages/em.py", line 2094, in __del__
[6.923s]   File "/usr/lib/python3/dist-packages/em.py", line 2157, in shutdown
[6.923s]   File "/usr/lib/python3/dist-packages/em.py", line 2647, in finalize
[6.923s]   File "/usr/lib/python3/dist-packages/em.py", line 2200, in push
[6.923s] AttributeError: '_io.TextIOWrapper' object has no attribute 'push'
[6.931s] gmake[2]: *** [CMakeFiles/rtabmap_msgs__rosidl_typesupport_c.dir/build.make:211: rosidl_typesupport_c/rtabmap_msgs/msg/info__type_support.cpp] Interrupt
[6.932s] gmake[1]: *** [CMakeFiles/Makefile2:290: CMakeFiles/rtabmap_msgs__rosidl_typesupport_c.dir/all] Interrupt
[6.932s] gmake[2]: *** [CMakeFiles/rtabmap_msgs__rosidl_typesupport_fastrtps_c.dir/build.make:213: rosidl_typesupport_fastrtps_c/rtabmap_msgs/msg/detail/info__rosidl_typesupport_fastrtps_c.h] Interrupt
[6.932s] gmake[1]: *** [CMakeFiles/Makefile2:238: CMakeFiles/rtabmap_msgs__rosidl_typesupport_fastrtps_c.dir/all] Interrupt
[6.936s] Exception ignored in: <function Interpreter.__del__ at 0x7f7e6a3bfd90>
[6.936s] Traceback (most recent call last):
[6.936s]   File "/usr/lib/python3/dist-packages/em.py", line 2094, in __del__
[6.936s]   File "/usr/lib/python3/dist-packages/em.py", line 2157, in shutdown
[6.936s]   File "/usr/lib/python3/dist-packages/em.py", line 2647, in finalize
[6.936s]   File "/usr/lib/python3/dist-packages/em.py", line 2200, in push
[6.937s] AttributeError: '_io.TextIOWrapper' object has no attribute 'push'
[6.938s] gmake[2]: *** [CMakeFiles/rtabmap_msgs__rosidl_typesupport_introspection_c.dir/build.make:213: rosidl_typesupport_introspection_c/rtabmap_msgs/msg/detail/info__rosidl_typesupport_introspection_c.h] Interrupt
[6.938s] gmake[1]: *** [CMakeFiles/Makefile2:264: CMakeFiles/rtabmap_msgs__rosidl_typesupport_introspection_c.dir/all] Interrupt
[6.944s] gmake[2]: *** [CMakeFiles/rtabmap_msgs__rosidl_typesupport_introspection_cpp.dir/build.make:213: rosidl_typesupport_introspection_cpp/rtabmap_msgs/msg/detail/info__rosidl_typesupport_introspection_cpp.hpp] Interrupt
[6.945s] gmake[2]: *** [CMakeFiles/rtabmap_msgs__rosidl_typesupport_fastrtps_cpp.dir/build.make:213: rosidl_typesupport_fastrtps_cpp/rtabmap_msgs/msg/detail/dds_fastrtps/info__type_support.cpp] Interrupt
[6.945s] gmake[1]: *** [CMakeFiles/Makefile2:368: CMakeFiles/rtabmap_msgs__rosidl_typesupport_introspection_cpp.dir/all] Interrupt
[6.945s] gmake[1]: *** [CMakeFiles/Makefile2:342: CMakeFiles/rtabmap_msgs__rosidl_typesupport_fastrtps_cpp.dir/all] Interrupt
[6.949s] gmake[2]: *** [CMakeFiles/rtabmap_msgs__rosidl_typesupport_cpp.dir/build.make:211: rosidl_typesupport_cpp/rtabmap_msgs/msg/info__type_support.cpp] Interrupt
[6.949s] gmake[1]: *** [CMakeFiles/Makefile2:394: CMakeFiles/rtabmap_msgs__rosidl_typesupport_cpp.dir/all] Interrupt
[6.949s] gmake: *** [Makefile:146: all] Interrupt
[6.951s] Invoked command in '/home/singh/ros2_sensor_ws/build/rtabmap_msgs' returned '-2': CMAKE_PREFIX_PATH=${CMAKE_PREFIX_PATH}:/home/singh/ros2_sensor_ws/install/rtabmap_python:/home/singh/install/my_robot_controller:/opt/ros/humble /usr/bin/cmake --build /home/singh/ros2_sensor_ws/build/rtabmap_msgs -- -j12 -l12
