[0.010s] Invoking command in '/home/singh/ros2_sensor_ws/src/build/tf2_sensor_msgs': CMAKE_PREFIX_PATH=${CMAKE_PREFIX_PATH}:/home/singh/ros2_sensor_ws/install/tf2_tools:/home/singh/ros2_sensor_ws/install/examples_tf2_py:/home/singh/ros2_sensor_ws/install/tf2_ros_py:/opt/ros/humble /usr/bin/cmake /home/singh/ros2_sensor_ws/src/geometry2/tf2_sensor_msgs -DCMAKE_INSTALL_PREFIX=/home/singh/ros2_sensor_ws/src/install/tf2_sensor_msgs
[0.143s] -- The C compiler identification is GNU 11.4.0
[0.517s] -- The CXX compiler identification is GNU 11.4.0
[0.633s] -- Detecting C compiler ABI info
[0.704s] -- Detecting C compiler ABI info - done
[0.707s] -- Check for working C compiler: /usr/bin/cc - skipped
[0.707s] -- Detecting C compile features
[0.708s] -- Detecting C compile features - done
[0.711s] -- Detecting CXX compiler ABI info
[0.781s] -- Detecting CXX compiler ABI info - done
[0.784s] -- Check for working CXX compiler: /usr/bin/c++ - skipped
[0.784s] -- Detecting CXX compile features
[0.785s] -- Detecting CXX compile features - done
[0.793s] -- Found ament_cmake_auto: 1.3.11 (/opt/ros/humble/share/ament_cmake_auto/cmake)
[0.891s] -- Found Python3: /usr/bin/python3 (found version "3.10.12") found components: Interpreter 
[1.725s] -- Found rosidl_generator_c: 3.1.6 (/opt/ros/humble/share/rosidl_generator_c/cmake)
[1.730s] -- Found rosidl_adapter: 3.1.6 (/opt/ros/humble/share/rosidl_adapter/cmake)
[1.739s] -- Found rosidl_generator_cpp: 3.1.6 (/opt/ros/humble/share/rosidl_generator_cpp/cmake)
[1.756s] -- Using all available rosidl_typesupport_c: rosidl_typesupport_fastrtps_c;rosidl_typesupport_introspection_c
[1.773s] -- Using all available rosidl_typesupport_cpp: rosidl_typesupport_fastrtps_cpp;rosidl_typesupport_introspection_cpp
[1.906s] -- Found rmw_implementation_cmake: 6.1.2 (/opt/ros/humble/share/rmw_implementation_cmake/cmake)
[1.910s] -- Found rmw_cyclonedds_cpp: 1.3.4 (/opt/ros/humble/share/rmw_cyclonedds_cpp/cmake)
[1.935s] -- Using RMW implementation 'rmw_cyclonedds_cpp' as default
[1.945s] -- Looking for pthread.h
[2.073s] -- Looking for pthread.h - found
[2.074s] -- Performing Test CMAKE_HAVE_LIBC_PTHREAD
[2.177s] -- Performing Test CMAKE_HAVE_LIBC_PTHREAD - Success
[2.178s] -- Found Threads: TRUE  
[2.281s] -- Found Eigen3: TRUE (found version "3.4.0") 
[2.297s] -- Found ament_cmake_gtest: 1.3.11 (/opt/ros/humble/share/ament_cmake_gtest/cmake)
[2.300s] -- Found ament_lint_auto: 0.12.12 (/opt/ros/humble/share/ament_lint_auto/cmake)
[2.626s] -- Found gtest sources under '/opt/ros/humble/src/gtest_vendor': C++ tests using 'Google Test' will be built
[2.637s] -- Added test 'copyright' to check source files copyright and LICENSE
[2.639s] -- Added test 'cppcheck' to perform static code analysis on C / C++ code
[2.639s] -- Configured cppcheck language: c++
[2.639s] -- Configured cppcheck include dirs: /home/singh/ros2_sensor_ws/src/geometry2/tf2_sensor_msgs/include
[2.639s] -- Configured cppcheck exclude dirs and/or files: 
[2.640s] -- Added test 'cpplint' to check C / C++ code against the Google style
[2.640s] -- Configured cpplint exclude dirs and/or files: 
[2.641s] -- Added test 'flake8' to check Python code syntax and style conventions
[2.642s] -- Added test 'lint_cmake' to check CMake code style
[2.643s] -- Added test 'pep257' to check Python code against some of the docstring style conventions in PEP 257
[2.643s] -- Added test 'uncrustify' to check C / C++ code style
[2.644s] -- Configured uncrustify additional arguments: --language;CPP
[2.645s] -- Added test 'xmllint' to check XML markup files
[2.651s] -- Configuring done
[2.661s] -- Generating done
[2.665s] -- Build files have been written to: /home/singh/ros2_sensor_ws/src/build/tf2_sensor_msgs
[2.671s] Invoked command in '/home/singh/ros2_sensor_ws/src/build/tf2_sensor_msgs' returned '0': CMAKE_PREFIX_PATH=${CMAKE_PREFIX_PATH}:/home/singh/ros2_sensor_ws/install/tf2_tools:/home/singh/ros2_sensor_ws/install/examples_tf2_py:/home/singh/ros2_sensor_ws/install/tf2_ros_py:/opt/ros/humble /usr/bin/cmake /home/singh/ros2_sensor_ws/src/geometry2/tf2_sensor_msgs -DCMAKE_INSTALL_PREFIX=/home/singh/ros2_sensor_ws/src/install/tf2_sensor_msgs
[2.673s] Invoking command in '/home/singh/ros2_sensor_ws/src/build/tf2_sensor_msgs': CMAKE_PREFIX_PATH=${CMAKE_PREFIX_PATH}:/home/singh/ros2_sensor_ws/install/tf2_tools:/home/singh/ros2_sensor_ws/install/examples_tf2_py:/home/singh/ros2_sensor_ws/install/tf2_ros_py:/opt/ros/humble /usr/bin/cmake --build /home/singh/ros2_sensor_ws/src/build/tf2_sensor_msgs -- -j12 -l12
[2.703s] [ 16%] [32mBuilding CXX object gtest/CMakeFiles/gtest.dir/src/gtest-all.cc.o[0m
[2.705s] [ 33%] [32mBuilding CXX object gtest/CMakeFiles/gtest_main.dir/src/gtest_main.cc.o[0m
[2.709s] [ 33%] Built target ament_cmake_python_copy_tf2_sensor_msgs
[2.872s] running egg_info
[2.873s] creating tf2_sensor_msgs.egg-info
[2.873s] writing tf2_sensor_msgs.egg-info/PKG-INFO
[2.873s] writing dependency_links to tf2_sensor_msgs.egg-info/dependency_links.txt
[2.874s] writing top-level names to tf2_sensor_msgs.egg-info/top_level.txt
[2.874s] writing manifest file 'tf2_sensor_msgs.egg-info/SOURCES.txt'
[2.877s] reading manifest file 'tf2_sensor_msgs.egg-info/SOURCES.txt'
[2.877s] writing manifest file 'tf2_sensor_msgs.egg-info/SOURCES.txt'
[2.900s] [ 33%] Built target ament_cmake_python_build_tf2_sensor_msgs_egg
[3.211s] [ 50%] [32m[1mLinking CXX static library libgtest_main.a[0m
[3.233s] [ 50%] Built target gtest_main
[4.595s] [ 66%] [32m[1mLinking CXX static library libgtest.a[0m
[4.627s] [ 66%] Built target gtest
[4.638s] [ 83%] [32mBuilding CXX object CMakeFiles/test_tf2_sensor_msgs_cpp.dir/test/test_tf2_sensor_msgs.cpp.o[0m
[8.659s] [100%] [32m[1mLinking CXX executable test_tf2_sensor_msgs_cpp[0m
[8.966s] [100%] Built target test_tf2_sensor_msgs_cpp
[8.978s] Invoked command in '/home/singh/ros2_sensor_ws/src/build/tf2_sensor_msgs' returned '0': CMAKE_PREFIX_PATH=${CMAKE_PREFIX_PATH}:/home/singh/ros2_sensor_ws/install/tf2_tools:/home/singh/ros2_sensor_ws/install/examples_tf2_py:/home/singh/ros2_sensor_ws/install/tf2_ros_py:/opt/ros/humble /usr/bin/cmake --build /home/singh/ros2_sensor_ws/src/build/tf2_sensor_msgs -- -j12 -l12
[8.983s] Invoking command in '/home/singh/ros2_sensor_ws/src/build/tf2_sensor_msgs': CMAKE_PREFIX_PATH=${CMAKE_PREFIX_PATH}:/home/singh/ros2_sensor_ws/install/tf2_tools:/home/singh/ros2_sensor_ws/install/examples_tf2_py:/home/singh/ros2_sensor_ws/install/tf2_ros_py:/opt/ros/humble /usr/bin/cmake --install /home/singh/ros2_sensor_ws/src/build/tf2_sensor_msgs
[8.988s] -- Install configuration: ""
[8.988s] -- Installing: /home/singh/ros2_sensor_ws/src/install/tf2_sensor_msgs/share/tf2_sensor_msgs/environment/pythonpath.sh
[8.989s] -- Installing: /home/singh/ros2_sensor_ws/src/install/tf2_sensor_msgs/share/tf2_sensor_msgs/environment/pythonpath.dsv
[8.989s] -- Installing: /home/singh/ros2_sensor_ws/src/install/tf2_sensor_msgs/local/lib/python3.10/dist-packages/tf2_sensor_msgs-0.25.12-py3.10.egg-info
[8.989s] -- Installing: /home/singh/ros2_sensor_ws/src/install/tf2_sensor_msgs/local/lib/python3.10/dist-packages/tf2_sensor_msgs-0.25.12-py3.10.egg-info/top_level.txt
[8.990s] -- Installing: /home/singh/ros2_sensor_ws/src/install/tf2_sensor_msgs/local/lib/python3.10/dist-packages/tf2_sensor_msgs-0.25.12-py3.10.egg-info/SOURCES.txt
[8.990s] -- Installing: /home/singh/ros2_sensor_ws/src/install/tf2_sensor_msgs/local/lib/python3.10/dist-packages/tf2_sensor_msgs-0.25.12-py3.10.egg-info/dependency_links.txt
[8.991s] -- Installing: /home/singh/ros2_sensor_ws/src/install/tf2_sensor_msgs/local/lib/python3.10/dist-packages/tf2_sensor_msgs-0.25.12-py3.10.egg-info/PKG-INFO
[8.991s] -- Installing: /home/singh/ros2_sensor_ws/src/install/tf2_sensor_msgs/local/lib/python3.10/dist-packages/tf2_sensor_msgs
[8.991s] -- Installing: /home/singh/ros2_sensor_ws/src/install/tf2_sensor_msgs/local/lib/python3.10/dist-packages/tf2_sensor_msgs/tf2_sensor_msgs.py
[8.991s] -- Installing: /home/singh/ros2_sensor_ws/src/install/tf2_sensor_msgs/local/lib/python3.10/dist-packages/tf2_sensor_msgs/__init__.py
[9.016s] Listing '/home/singh/ros2_sensor_ws/src/install/tf2_sensor_msgs/local/lib/python3.10/dist-packages/tf2_sensor_msgs'...
[9.016s] Compiling '/home/singh/ros2_sensor_ws/src/install/tf2_sensor_msgs/local/lib/python3.10/dist-packages/tf2_sensor_msgs/__init__.py'...
[9.016s] Compiling '/home/singh/ros2_sensor_ws/src/install/tf2_sensor_msgs/local/lib/python3.10/dist-packages/tf2_sensor_msgs/tf2_sensor_msgs.py'...
[9.020s] -- Installing: /home/singh/ros2_sensor_ws/src/install/tf2_sensor_msgs/include
[9.020s] -- Installing: /home/singh/ros2_sensor_ws/src/install/tf2_sensor_msgs/include/tf2_sensor_msgs
[9.021s] -- Installing: /home/singh/ros2_sensor_ws/src/install/tf2_sensor_msgs/include/tf2_sensor_msgs/tf2_sensor_msgs.h
[9.021s] -- Installing: /home/singh/ros2_sensor_ws/src/install/tf2_sensor_msgs/include/tf2_sensor_msgs/tf2_sensor_msgs.hpp
[9.022s] -- Installing: /home/singh/ros2_sensor_ws/src/install/tf2_sensor_msgs/share/ament_index/resource_index/package_run_dependencies/tf2_sensor_msgs
[9.022s] -- Installing: /home/singh/ros2_sensor_ws/src/install/tf2_sensor_msgs/share/ament_index/resource_index/parent_prefix_path/tf2_sensor_msgs
[9.022s] -- Installing: /home/singh/ros2_sensor_ws/src/install/tf2_sensor_msgs/share/tf2_sensor_msgs/environment/ament_prefix_path.sh
[9.025s] -- Installing: /home/singh/ros2_sensor_ws/src/install/tf2_sensor_msgs/share/tf2_sensor_msgs/environment/ament_prefix_path.dsv
[9.025s] -- Installing: /home/singh/ros2_sensor_ws/src/install/tf2_sensor_msgs/share/tf2_sensor_msgs/environment/path.sh
[9.025s] -- Installing: /home/singh/ros2_sensor_ws/src/install/tf2_sensor_msgs/share/tf2_sensor_msgs/environment/path.dsv
[9.025s] -- Installing: /home/singh/ros2_sensor_ws/src/install/tf2_sensor_msgs/share/tf2_sensor_msgs/local_setup.bash
[9.025s] -- Installing: /home/singh/ros2_sensor_ws/src/install/tf2_sensor_msgs/share/tf2_sensor_msgs/local_setup.sh
[9.025s] -- Installing: /home/singh/ros2_sensor_ws/src/install/tf2_sensor_msgs/share/tf2_sensor_msgs/local_setup.zsh
[9.025s] -- Installing: /home/singh/ros2_sensor_ws/src/install/tf2_sensor_msgs/share/tf2_sensor_msgs/local_setup.dsv
[9.025s] -- Installing: /home/singh/ros2_sensor_ws/src/install/tf2_sensor_msgs/share/tf2_sensor_msgs/package.dsv
[9.025s] -- Installing: /home/singh/ros2_sensor_ws/src/install/tf2_sensor_msgs/share/ament_index/resource_index/packages/tf2_sensor_msgs
[9.025s] -- Installing: /home/singh/ros2_sensor_ws/src/install/tf2_sensor_msgs/share/tf2_sensor_msgs/cmake/ament_cmake_export_dependencies-extras.cmake
[9.025s] -- Installing: /home/singh/ros2_sensor_ws/src/install/tf2_sensor_msgs/share/tf2_sensor_msgs/cmake/ament_cmake_export_include_directories-extras.cmake
[9.025s] -- Installing: /home/singh/ros2_sensor_ws/src/install/tf2_sensor_msgs/share/tf2_sensor_msgs/cmake/tf2_sensor_msgsConfig.cmake
[9.025s] -- Installing: /home/singh/ros2_sensor_ws/src/install/tf2_sensor_msgs/share/tf2_sensor_msgs/cmake/tf2_sensor_msgsConfig-version.cmake
[9.025s] -- Installing: /home/singh/ros2_sensor_ws/src/install/tf2_sensor_msgs/share/tf2_sensor_msgs/package.xml
[9.025s] Invoked command in '/home/singh/ros2_sensor_ws/src/build/tf2_sensor_msgs' returned '0': CMAKE_PREFIX_PATH=${CMAKE_PREFIX_PATH}:/home/singh/ros2_sensor_ws/install/tf2_tools:/home/singh/ros2_sensor_ws/install/examples_tf2_py:/home/singh/ros2_sensor_ws/install/tf2_ros_py:/opt/ros/humble /usr/bin/cmake --install /home/singh/ros2_sensor_ws/src/build/tf2_sensor_msgs
