[0.526s] Invoking command in '/home/singh/ros2_sensor_ws/build/my_sensor_description': AMENT_PREFIX_PATH=/home/singh/ros2_sensor_ws/install/tf2_sensor_msgs:/home/singh/ros2_sensor_ws/install/tf2_ros_py:/home/singh/ros2_sensor_ws/install/tf2_ros:/home/singh/ros2_sensor_ws/install/tf2_py:/home/singh/ros2_sensor_ws/install/tf2_msgs:/home/singh/ros2_sensor_ws/install/tf2:${AMENT_PREFIX_PATH} CMAKE_PREFIX_PATH=/home/singh/ros2_sensor_ws/install/tf2_sensor_msgs:/home/singh/ros2_sensor_ws/install/tf2_ros:/home/singh/ros2_sensor_ws/install/tf2_py:/home/singh/ros2_sensor_ws/install/tf2_msgs:/home/singh/ros2_sensor_ws/install/tf2:/home/singh/ros2_ws2/install/my_robot_bringup:/home/singh/ros2_ws2/install/my_robot_description:/home/singh/rtab_ws/install/rtabmap_msgs:/home/singh/turtlebot_ws/install/turtlebot3_simulations:/home/singh/turtlebot_ws/install/turtlebot3_gazebo:/home/singh/turtlebot_ws/install/turtlebot3_fake_node:/home/singh/ros2_ws2/src/install/my_robot_bringup:/home/singh/ros2_ws2/src/install/my_robot_description:/home/singh/ros2_ws4/install/gazebo_parking:/home/singh/ros2_sensor_ws/install/my_sensor_description:/home/singh/ros2_sensor_ws/src/install/my_sensor_description:/home/singh/ros2_sensor_ws/src/install/tf2_sensor_msgs:/home/singh/rtab_ws/install/rtabmap_python:/opt/ros/humble LD_LIBRARY_PATH=/home/singh/ros2_sensor_ws/install/tf2_ros/lib:/home/singh/ros2_sensor_ws/install/tf2_msgs/lib:/home/singh/ros2_sensor_ws/install/tf2/lib:${LD_LIBRARY_PATH} PYTHONPATH=/home/singh/ros2_sensor_ws/install/tf2_sensor_msgs/local/lib/python3.10/dist-packages:/home/singh/ros2_sensor_ws/install/tf2_ros_py/lib/python3.10/site-packages:/home/singh/ros2_sensor_ws/install/tf2_py/local/lib/python3.10/dist-packages:/home/singh/ros2_sensor_ws/install/tf2_msgs/local/lib/python3.10/dist-packages:${PYTHONPATH} /usr/bin/cmake --build /home/singh/ros2_sensor_ws/build/my_sensor_description -- -j12 -l12
[0.572s] Invoked command in '/home/singh/ros2_sensor_ws/build/my_sensor_description' returned '0': AMENT_PREFIX_PATH=/home/singh/ros2_sensor_ws/install/tf2_sensor_msgs:/home/singh/ros2_sensor_ws/install/tf2_ros_py:/home/singh/ros2_sensor_ws/install/tf2_ros:/home/singh/ros2_sensor_ws/install/tf2_py:/home/singh/ros2_sensor_ws/install/tf2_msgs:/home/singh/ros2_sensor_ws/install/tf2:${AMENT_PREFIX_PATH} CMAKE_PREFIX_PATH=/home/singh/ros2_sensor_ws/install/tf2_sensor_msgs:/home/singh/ros2_sensor_ws/install/tf2_ros:/home/singh/ros2_sensor_ws/install/tf2_py:/home/singh/ros2_sensor_ws/install/tf2_msgs:/home/singh/ros2_sensor_ws/install/tf2:/home/singh/ros2_ws2/install/my_robot_bringup:/home/singh/ros2_ws2/install/my_robot_description:/home/singh/rtab_ws/install/rtabmap_msgs:/home/singh/turtlebot_ws/install/turtlebot3_simulations:/home/singh/turtlebot_ws/install/turtlebot3_gazebo:/home/singh/turtlebot_ws/install/turtlebot3_fake_node:/home/singh/ros2_ws2/src/install/my_robot_bringup:/home/singh/ros2_ws2/src/install/my_robot_description:/home/singh/ros2_ws4/install/gazebo_parking:/home/singh/ros2_sensor_ws/install/my_sensor_description:/home/singh/ros2_sensor_ws/src/install/my_sensor_description:/home/singh/ros2_sensor_ws/src/install/tf2_sensor_msgs:/home/singh/rtab_ws/install/rtabmap_python:/opt/ros/humble LD_LIBRARY_PATH=/home/singh/ros2_sensor_ws/install/tf2_ros/lib:/home/singh/ros2_sensor_ws/install/tf2_msgs/lib:/home/singh/ros2_sensor_ws/install/tf2/lib:${LD_LIBRARY_PATH} PYTHONPATH=/home/singh/ros2_sensor_ws/install/tf2_sensor_msgs/local/lib/python3.10/dist-packages:/home/singh/ros2_sensor_ws/install/tf2_ros_py/lib/python3.10/site-packages:/home/singh/ros2_sensor_ws/install/tf2_py/local/lib/python3.10/dist-packages:/home/singh/ros2_sensor_ws/install/tf2_msgs/local/lib/python3.10/dist-packages:${PYTHONPATH} /usr/bin/cmake --build /home/singh/ros2_sensor_ws/build/my_sensor_description -- -j12 -l12
[0.576s] Invoking command in '/home/singh/ros2_sensor_ws/build/my_sensor_description': AMENT_PREFIX_PATH=/home/singh/ros2_sensor_ws/install/tf2_sensor_msgs:/home/singh/ros2_sensor_ws/install/tf2_ros_py:/home/singh/ros2_sensor_ws/install/tf2_ros:/home/singh/ros2_sensor_ws/install/tf2_py:/home/singh/ros2_sensor_ws/install/tf2_msgs:/home/singh/ros2_sensor_ws/install/tf2:${AMENT_PREFIX_PATH} CMAKE_PREFIX_PATH=/home/singh/ros2_sensor_ws/install/tf2_sensor_msgs:/home/singh/ros2_sensor_ws/install/tf2_ros:/home/singh/ros2_sensor_ws/install/tf2_py:/home/singh/ros2_sensor_ws/install/tf2_msgs:/home/singh/ros2_sensor_ws/install/tf2:/home/singh/ros2_ws2/install/my_robot_bringup:/home/singh/ros2_ws2/install/my_robot_description:/home/singh/rtab_ws/install/rtabmap_msgs:/home/singh/turtlebot_ws/install/turtlebot3_simulations:/home/singh/turtlebot_ws/install/turtlebot3_gazebo:/home/singh/turtlebot_ws/install/turtlebot3_fake_node:/home/singh/ros2_ws2/src/install/my_robot_bringup:/home/singh/ros2_ws2/src/install/my_robot_description:/home/singh/ros2_ws4/install/gazebo_parking:/home/singh/ros2_sensor_ws/install/my_sensor_description:/home/singh/ros2_sensor_ws/src/install/my_sensor_description:/home/singh/ros2_sensor_ws/src/install/tf2_sensor_msgs:/home/singh/rtab_ws/install/rtabmap_python:/opt/ros/humble LD_LIBRARY_PATH=/home/singh/ros2_sensor_ws/install/tf2_ros/lib:/home/singh/ros2_sensor_ws/install/tf2_msgs/lib:/home/singh/ros2_sensor_ws/install/tf2/lib:${LD_LIBRARY_PATH} PYTHONPATH=/home/singh/ros2_sensor_ws/install/tf2_sensor_msgs/local/lib/python3.10/dist-packages:/home/singh/ros2_sensor_ws/install/tf2_ros_py/lib/python3.10/site-packages:/home/singh/ros2_sensor_ws/install/tf2_py/local/lib/python3.10/dist-packages:/home/singh/ros2_sensor_ws/install/tf2_msgs/local/lib/python3.10/dist-packages:${PYTHONPATH} /usr/bin/cmake --install /home/singh/ros2_sensor_ws/build/my_sensor_description
[0.583s] -- Install configuration: ""
[0.583s] -- Up-to-date: /home/singh/ros2_sensor_ws/install/my_sensor_description/share/my_sensor_description//urdf
[0.584s] -- Up-to-date: /home/singh/ros2_sensor_ws/install/my_sensor_description/share/my_sensor_description//urdf/lidar_camera_robot.urdf
[0.584s] -- Up-to-date: /home/singh/ros2_sensor_ws/install/my_sensor_description/share/my_sensor_description//launch
[0.584s] -- Up-to-date: /home/singh/ros2_sensor_ws/install/my_sensor_description/share/my_sensor_description//launch/sensor_Setup_ionic.launch.xml
[0.584s] -- Up-to-date: /home/singh/ros2_sensor_ws/install/my_sensor_description/share/my_sensor_description//launch/sensor_setup_try.launch.xml
[0.585s] -- Up-to-date: /home/singh/ros2_sensor_ws/install/my_sensor_description/share/my_sensor_description//launch/sensor_setup_rtab_1.launch.xml
[0.585s] -- Up-to-date: /home/singh/ros2_sensor_ws/install/my_sensor_description/share/my_sensor_description//launch/sensor_setup_rtab.launch.xml
[0.585s] -- Up-to-date: /home/singh/ros2_sensor_ws/install/my_sensor_description/share/my_sensor_description//launch/sensor_setup.launch.xml
[0.585s] -- Up-to-date: /home/singh/ros2_sensor_ws/install/my_sensor_description/share/my_sensor_description//rviz
[0.585s] -- Up-to-date: /home/singh/ros2_sensor_ws/install/my_sensor_description/share/my_sensor_description//rviz/sensor_config.rviz
[0.585s] -- Up-to-date: /home/singh/ros2_sensor_ws/install/my_sensor_description/share/my_sensor_description//worlds
[0.585s] -- Up-to-date: /home/singh/ros2_sensor_ws/install/my_sensor_description/share/my_sensor_description//worlds/test_world.world
[0.586s] -- Up-to-date: /home/singh/ros2_sensor_ws/install/my_sensor_description/share/my_sensor_description//worlds/model
[0.586s] -- Up-to-date: /home/singh/ros2_sensor_ws/install/my_sensor_description/share/my_sensor_description//worlds/model/MaleVisitorWalk.dae
[0.586s] -- Up-to-date: /home/singh/ros2_sensor_ws/install/my_sensor_description/share/my_sensor_description//worlds/model/MaleVisitorWalk.dae:Zone.Identifier
[0.586s] -- Up-to-date: /home/singh/ros2_sensor_ws/install/my_sensor_description/share/my_sensor_description//worlds/test_world_human.world
[0.587s] -- Up-to-date: /home/singh/ros2_sensor_ws/install/my_sensor_description/share/my_sensor_description//scripts
[0.587s] -- Up-to-date: /home/singh/ros2_sensor_ws/install/my_sensor_description/share/my_sensor_description//scripts/point_cloud_merger.py
[0.588s] -- Up-to-date: /home/singh/ros2_sensor_ws/install/my_sensor_description/share/my_sensor_description//scripts/point_cloud_merger_1.py
[0.588s] -- Up-to-date: /home/singh/ros2_sensor_ws/install/my_sensor_description/share/my_sensor_description//scripts/point_cloud_merger_2.py
[0.588s] -- Up-to-date: /home/singh/ros2_sensor_ws/install/my_sensor_description/share/my_sensor_description//scripts/grid_map_fusion_node.py
[0.588s] -- Up-to-date: /home/singh/ros2_sensor_ws/install/my_sensor_description/share/my_sensor_description//nodes
[0.588s] -- Up-to-date: /home/singh/ros2_sensor_ws/install/my_sensor_description/share/my_sensor_description//nodes/__init__.py
[0.588s] -- Up-to-date: /home/singh/ros2_sensor_ws/install/my_sensor_description/lib/my_sensor_description/point_cloud_merger.py
[0.589s] -- Up-to-date: /home/singh/ros2_sensor_ws/install/my_sensor_description/lib/my_sensor_description/point_cloud_merger_1.py
[0.589s] -- Up-to-date: /home/singh/ros2_sensor_ws/install/my_sensor_description/lib/my_sensor_description/point_cloud_merger_2.py
[0.589s] -- Up-to-date: /home/singh/ros2_sensor_ws/install/my_sensor_description/share/ament_index/resource_index/package_run_dependencies/my_sensor_description
[0.589s] -- Up-to-date: /home/singh/ros2_sensor_ws/install/my_sensor_description/share/ament_index/resource_index/parent_prefix_path/my_sensor_description
[0.589s] -- Up-to-date: /home/singh/ros2_sensor_ws/install/my_sensor_description/share/my_sensor_description/environment/ament_prefix_path.sh
[0.589s] -- Up-to-date: /home/singh/ros2_sensor_ws/install/my_sensor_description/share/my_sensor_description/environment/ament_prefix_path.dsv
[0.591s] -- Up-to-date: /home/singh/ros2_sensor_ws/install/my_sensor_description/share/my_sensor_description/environment/path.sh
[0.591s] -- Up-to-date: /home/singh/ros2_sensor_ws/install/my_sensor_description/share/my_sensor_description/environment/path.dsv
[0.592s] -- Up-to-date: /home/singh/ros2_sensor_ws/install/my_sensor_description/share/my_sensor_description/local_setup.bash
[0.592s] -- Up-to-date: /home/singh/ros2_sensor_ws/install/my_sensor_description/share/my_sensor_description/local_setup.sh
[0.592s] -- Up-to-date: /home/singh/ros2_sensor_ws/install/my_sensor_description/share/my_sensor_description/local_setup.zsh
[0.593s] -- Up-to-date: /home/singh/ros2_sensor_ws/install/my_sensor_description/share/my_sensor_description/local_setup.dsv
[0.593s] -- Installing: /home/singh/ros2_sensor_ws/install/my_sensor_description/share/my_sensor_description/package.dsv
[0.594s] -- Up-to-date: /home/singh/ros2_sensor_ws/install/my_sensor_description/share/ament_index/resource_index/packages/my_sensor_description
[0.594s] -- Up-to-date: /home/singh/ros2_sensor_ws/install/my_sensor_description/share/my_sensor_description/cmake/my_sensor_descriptionConfig.cmake
[0.594s] -- Up-to-date: /home/singh/ros2_sensor_ws/install/my_sensor_description/share/my_sensor_description/cmake/my_sensor_descriptionConfig-version.cmake
[0.595s] -- Up-to-date: /home/singh/ros2_sensor_ws/install/my_sensor_description/share/my_sensor_description/package.xml
[0.597s] Invoked command in '/home/singh/ros2_sensor_ws/build/my_sensor_description' returned '0': AMENT_PREFIX_PATH=/home/singh/ros2_sensor_ws/install/tf2_sensor_msgs:/home/singh/ros2_sensor_ws/install/tf2_ros_py:/home/singh/ros2_sensor_ws/install/tf2_ros:/home/singh/ros2_sensor_ws/install/tf2_py:/home/singh/ros2_sensor_ws/install/tf2_msgs:/home/singh/ros2_sensor_ws/install/tf2:${AMENT_PREFIX_PATH} CMAKE_PREFIX_PATH=/home/singh/ros2_sensor_ws/install/tf2_sensor_msgs:/home/singh/ros2_sensor_ws/install/tf2_ros:/home/singh/ros2_sensor_ws/install/tf2_py:/home/singh/ros2_sensor_ws/install/tf2_msgs:/home/singh/ros2_sensor_ws/install/tf2:/home/singh/ros2_ws2/install/my_robot_bringup:/home/singh/ros2_ws2/install/my_robot_description:/home/singh/rtab_ws/install/rtabmap_msgs:/home/singh/turtlebot_ws/install/turtlebot3_simulations:/home/singh/turtlebot_ws/install/turtlebot3_gazebo:/home/singh/turtlebot_ws/install/turtlebot3_fake_node:/home/singh/ros2_ws2/src/install/my_robot_bringup:/home/singh/ros2_ws2/src/install/my_robot_description:/home/singh/ros2_ws4/install/gazebo_parking:/home/singh/ros2_sensor_ws/install/my_sensor_description:/home/singh/ros2_sensor_ws/src/install/my_sensor_description:/home/singh/ros2_sensor_ws/src/install/tf2_sensor_msgs:/home/singh/rtab_ws/install/rtabmap_python:/opt/ros/humble LD_LIBRARY_PATH=/home/singh/ros2_sensor_ws/install/tf2_ros/lib:/home/singh/ros2_sensor_ws/install/tf2_msgs/lib:/home/singh/ros2_sensor_ws/install/tf2/lib:${LD_LIBRARY_PATH} PYTHONPATH=/home/singh/ros2_sensor_ws/install/tf2_sensor_msgs/local/lib/python3.10/dist-packages:/home/singh/ros2_sensor_ws/install/tf2_ros_py/lib/python3.10/site-packages:/home/singh/ros2_sensor_ws/install/tf2_py/local/lib/python3.10/dist-packages:/home/singh/ros2_sensor_ws/install/tf2_msgs/local/lib/python3.10/dist-packages:${PYTHONPATH} /usr/bin/cmake --install /home/singh/ros2_sensor_ws/build/my_sensor_description
