-- Install configuration: ""
-- Up-to-date: /home/singh/ros2_sensor_ws/install/my_sensor_description/share/my_sensor_description//urdf
-- Up-to-date: /home/singh/ros2_sensor_ws/install/my_sensor_description/share/my_sensor_description//urdf/lidar_camera_robot_1.urdf
-- Up-to-date: /home/singh/ros2_sensor_ws/install/my_sensor_description/share/my_sensor_description//urdf/lidar_camera_robot.urdf
-- Up-to-date: /home/singh/ros2_sensor_ws/install/my_sensor_description/share/my_sensor_description//launch
-- Up-to-date: /home/singh/ros2_sensor_ws/install/my_sensor_description/share/my_sensor_description//launch/sensor_Setup_ionic.launch.xml
-- Up-to-date: /home/singh/ros2_sensor_ws/install/my_sensor_description/share/my_sensor_description//launch/sensor_setup_try.launch.xml
-- Installing: /home/singh/ros2_sensor_ws/install/my_sensor_description/share/my_sensor_description//launch/sensor_setup_rtab_1.launch.xml
-- Up-to-date: /home/singh/ros2_sensor_ws/install/my_sensor_description/share/my_sensor_description//launch/sensor_setup_rtab.launch.xml
-- Up-to-date: /home/singh/ros2_sensor_ws/install/my_sensor_description/share/my_sensor_description//launch/sensor_setup.launch.xml
-- Up-to-date: /home/singh/ros2_sensor_ws/install/my_sensor_description/share/my_sensor_description//rviz
-- Up-to-date: /home/singh/ros2_sensor_ws/install/my_sensor_description/share/my_sensor_description//rviz/sensor_config.rviz
-- Up-to-date: /home/singh/ros2_sensor_ws/install/my_sensor_description/share/my_sensor_description//worlds
-- Up-to-date: /home/singh/ros2_sensor_ws/install/my_sensor_description/share/my_sensor_description//worlds/test_world.world
-- Up-to-date: /home/singh/ros2_sensor_ws/install/my_sensor_description/share/my_sensor_description//worlds/model
-- Up-to-date: /home/singh/ros2_sensor_ws/install/my_sensor_description/share/my_sensor_description//worlds/model/MaleVisitorWalk.dae
-- Up-to-date: /home/singh/ros2_sensor_ws/install/my_sensor_description/share/my_sensor_description//worlds/model/MaleVisitorWalk.dae:Zone.Identifier
-- Up-to-date: /home/singh/ros2_sensor_ws/install/my_sensor_description/share/my_sensor_description//worlds/test_world_human.world
-- Up-to-date: /home/singh/ros2_sensor_ws/install/my_sensor_description/share/my_sensor_description//scripts
-- Up-to-date: /home/singh/ros2_sensor_ws/install/my_sensor_description/share/my_sensor_description//scripts/point_cloud_merger.py
-- Up-to-date: /home/singh/ros2_sensor_ws/install/my_sensor_description/share/my_sensor_description//scripts/point_cloud_merger_1.py
-- Up-to-date: /home/singh/ros2_sensor_ws/install/my_sensor_description/share/my_sensor_description//scripts/point_cloud_merger_2.py
-- Up-to-date: /home/singh/ros2_sensor_ws/install/my_sensor_description/share/my_sensor_description//scripts/grid_map_fusion_node.py
-- Up-to-date: /home/singh/ros2_sensor_ws/install/my_sensor_description/share/my_sensor_description//nodes
-- Up-to-date: /home/singh/ros2_sensor_ws/install/my_sensor_description/share/my_sensor_description//nodes/__init__.py
-- Up-to-date: /home/singh/ros2_sensor_ws/install/my_sensor_description/lib/my_sensor_description/point_cloud_merger.py
-- Up-to-date: /home/singh/ros2_sensor_ws/install/my_sensor_description/lib/my_sensor_description/point_cloud_merger_1.py
-- Up-to-date: /home/singh/ros2_sensor_ws/install/my_sensor_description/lib/my_sensor_description/point_cloud_merger_2.py
-- Up-to-date: /home/singh/ros2_sensor_ws/install/my_sensor_description/share/ament_index/resource_index/package_run_dependencies/my_sensor_description
-- Up-to-date: /home/singh/ros2_sensor_ws/install/my_sensor_description/share/ament_index/resource_index/parent_prefix_path/my_sensor_description
-- Up-to-date: /home/singh/ros2_sensor_ws/install/my_sensor_description/share/my_sensor_description/environment/ament_prefix_path.sh
-- Up-to-date: /home/singh/ros2_sensor_ws/install/my_sensor_description/share/my_sensor_description/environment/ament_prefix_path.dsv
-- Up-to-date: /home/singh/ros2_sensor_ws/install/my_sensor_description/share/my_sensor_description/environment/path.sh
-- Up-to-date: /home/singh/ros2_sensor_ws/install/my_sensor_description/share/my_sensor_description/environment/path.dsv
-- Up-to-date: /home/singh/ros2_sensor_ws/install/my_sensor_description/share/my_sensor_description/local_setup.bash
-- Up-to-date: /home/singh/ros2_sensor_ws/install/my_sensor_description/share/my_sensor_description/local_setup.sh
-- Up-to-date: /home/singh/ros2_sensor_ws/install/my_sensor_description/share/my_sensor_description/local_setup.zsh
-- Up-to-date: /home/singh/ros2_sensor_ws/install/my_sensor_description/share/my_sensor_description/local_setup.dsv
-- Installing: /home/singh/ros2_sensor_ws/install/my_sensor_description/share/my_sensor_description/package.dsv
-- Up-to-date: /home/singh/ros2_sensor_ws/install/my_sensor_description/share/ament_index/resource_index/packages/my_sensor_description
-- Up-to-date: /home/singh/ros2_sensor_ws/install/my_sensor_description/share/my_sensor_description/cmake/my_sensor_descriptionConfig.cmake
-- Up-to-date: /home/singh/ros2_sensor_ws/install/my_sensor_description/share/my_sensor_description/cmake/my_sensor_descriptionConfig-version.cmake
-- Up-to-date: /home/singh/ros2_sensor_ws/install/my_sensor_description/share/my_sensor_description/package.xml
