[0.489s] Invoking command in '/home/singh/ros2_sensor_ws/src/rtabmap_ros/rtabmap_python': PYTHONPATH=/home/singh/ros2_sensor_ws/build/rtabmap_python/prefix_override:/usr/lib/python3/dist-packages/colcon_core/task/python/colcon_distutils_commands:/home/singh/ros2_sensor_ws/install/rtabmap_python/lib/python3.10/site-packages:${PYTHONPATH} /usr/bin/python3 -W ignore:setup.py install is deprecated -W ignore:easy_install command is deprecated setup.py egg_info --egg-base ../../../build/rtabmap_python build --build-base /home/singh/ros2_sensor_ws/build/rtabmap_python/build install --record /home/singh/ros2_sensor_ws/build/rtabmap_python/install.log --single-version-externally-managed install_data
[0.661s] running egg_info
[0.661s] creating ../../../build/rtabmap_python/rtabmap_python.egg-info
[0.662s] writing ../../../build/rtabmap_python/rtabmap_python.egg-info/PKG-INFO
[0.662s] writing dependency_links to ../../../build/rtabmap_python/rtabmap_python.egg-info/dependency_links.txt
[0.662s] writing entry points to ../../../build/rtabmap_python/rtabmap_python.egg-info/entry_points.txt
[0.662s] writing requirements to ../../../build/rtabmap_python/rtabmap_python.egg-info/requires.txt
[0.662s] writing top-level names to ../../../build/rtabmap_python/rtabmap_python.egg-info/top_level.txt
[0.662s] writing manifest file '../../../build/rtabmap_python/rtabmap_python.egg-info/SOURCES.txt'
[0.663s] reading manifest file '../../../build/rtabmap_python/rtabmap_python.egg-info/SOURCES.txt'
[0.664s] writing manifest file '../../../build/rtabmap_python/rtabmap_python.egg-info/SOURCES.txt'
[0.664s] running build
[0.664s] running build_py
[0.664s] creating /home/singh/ros2_sensor_ws/build/rtabmap_python/build
[0.664s] creating /home/singh/ros2_sensor_ws/build/rtabmap_python/build/lib
[0.664s] creating /home/singh/ros2_sensor_ws/build/rtabmap_python/build/lib/rtabmap_python
[0.664s] copying rtabmap_python/compression.py -> /home/singh/ros2_sensor_ws/build/rtabmap_python/build/lib/rtabmap_python
[0.664s] copying rtabmap_python/__init__.py -> /home/singh/ros2_sensor_ws/build/rtabmap_python/build/lib/rtabmap_python
[0.664s] running install
[0.665s] running install_lib
[0.665s] creating /home/singh/ros2_sensor_ws/install/rtabmap_python/lib/python3.10/site-packages/rtabmap_python
[0.665s] copying /home/singh/ros2_sensor_ws/build/rtabmap_python/build/lib/rtabmap_python/compression.py -> /home/singh/ros2_sensor_ws/install/rtabmap_python/lib/python3.10/site-packages/rtabmap_python
[0.665s] copying /home/singh/ros2_sensor_ws/build/rtabmap_python/build/lib/rtabmap_python/__init__.py -> /home/singh/ros2_sensor_ws/install/rtabmap_python/lib/python3.10/site-packages/rtabmap_python
[0.666s] byte-compiling /home/singh/ros2_sensor_ws/install/rtabmap_python/lib/python3.10/site-packages/rtabmap_python/compression.py to compression.cpython-310.pyc
[0.666s] byte-compiling /home/singh/ros2_sensor_ws/install/rtabmap_python/lib/python3.10/site-packages/rtabmap_python/__init__.py to __init__.cpython-310.pyc
[0.666s] running install_data
[0.666s] creating /home/singh/ros2_sensor_ws/install/rtabmap_python/share/ament_index
[0.667s] creating /home/singh/ros2_sensor_ws/install/rtabmap_python/share/ament_index/resource_index
[0.667s] creating /home/singh/ros2_sensor_ws/install/rtabmap_python/share/ament_index/resource_index/packages
[0.667s] copying resource/rtabmap_python -> /home/singh/ros2_sensor_ws/install/rtabmap_python/share/ament_index/resource_index/packages
[0.667s] copying package.xml -> /home/singh/ros2_sensor_ws/install/rtabmap_python/share/rtabmap_python
[0.667s] running install_egg_info
[0.668s] Copying ../../../build/rtabmap_python/rtabmap_python.egg-info to /home/singh/ros2_sensor_ws/install/rtabmap_python/lib/python3.10/site-packages/rtabmap_python-0.1.0-py3.10.egg-info
[0.668s] running install_scripts
[0.683s] writing list of installed files to '/home/singh/ros2_sensor_ws/build/rtabmap_python/install.log'
[0.703s] Invoked command in '/home/singh/ros2_sensor_ws/src/rtabmap_ros/rtabmap_python' returned '0': PYTHONPATH=/home/singh/ros2_sensor_ws/build/rtabmap_python/prefix_override:/usr/lib/python3/dist-packages/colcon_core/task/python/colcon_distutils_commands:/home/singh/ros2_sensor_ws/install/rtabmap_python/lib/python3.10/site-packages:${PYTHONPATH} /usr/bin/python3 -W ignore:setup.py install is deprecated -W ignore:easy_install command is deprecated setup.py egg_info --egg-base ../../../build/rtabmap_python build --build-base /home/singh/ros2_sensor_ws/build/rtabmap_python/build install --record /home/singh/ros2_sensor_ws/build/rtabmap_python/install.log --single-version-externally-managed install_data
