[0.010s] Invoking command in '/home/singh/ros2_sensor_ws/build/my_sensor_description': CMAKE_PREFIX_PATH=${CMAKE_PREFIX_PATH}:/home/singh/rtab_ws/install/rtabmap_python:/home/singh/ros2_sensor_ws/install/yolov5_ros:/home/singh/ros2_sensor_ws/install/tf2_tools:/home/singh/ros2_sensor_ws/install/examples_tf2_py:/home/singh/ros2_sensor_ws/install/tf2_ros_py:/opt/ros/humble /usr/bin/cmake /home/singh/ros2_sensor_ws/src/my_sensor_description -DCMAKE_INSTALL_PREFIX=/home/singh/ros2_sensor_ws/install/my_sensor_description
[0.117s] -- The C compiler identification is GNU 11.4.0
[0.631s] -- The CXX compiler identification is GNU 11.4.0
[0.984s] -- Detecting C compiler ABI info
[1.126s] -- Detecting C compiler ABI info - done
[1.131s] -- Check for working C compiler: /usr/bin/cc - skipped
[1.131s] -- Detecting C compile features
[1.132s] -- Detecting C compile features - done
[1.134s] -- Detecting CXX compiler ABI info
[1.293s] -- Detecting CXX compiler ABI info - done
[1.299s] -- Check for working CXX compiler: /usr/bin/c++ - skipped
[1.299s] -- Detecting CXX compile features
[1.299s] -- Detecting CXX compile features - done
[1.302s] -- Found ament_cmake: 1.3.11 (/opt/ros/humble/share/ament_cmake/cmake)
[1.433s] -- Found Python3: /usr/bin/python3 (found version "3.10.12") found components: Interpreter 
[1.579s] -- Configuring done
[1.581s] -- Generating done
[1.582s] -- Build files have been written to: /home/singh/ros2_sensor_ws/build/my_sensor_description
[1.585s] Invoked command in '/home/singh/ros2_sensor_ws/build/my_sensor_description' returned '0': CMAKE_PREFIX_PATH=${CMAKE_PREFIX_PATH}:/home/singh/rtab_ws/install/rtabmap_python:/home/singh/ros2_sensor_ws/install/yolov5_ros:/home/singh/ros2_sensor_ws/install/tf2_tools:/home/singh/ros2_sensor_ws/install/examples_tf2_py:/home/singh/ros2_sensor_ws/install/tf2_ros_py:/opt/ros/humble /usr/bin/cmake /home/singh/ros2_sensor_ws/src/my_sensor_description -DCMAKE_INSTALL_PREFIX=/home/singh/ros2_sensor_ws/install/my_sensor_description
[1.588s] Invoking command in '/home/singh/ros2_sensor_ws/build/my_sensor_description': CMAKE_PREFIX_PATH=${CMAKE_PREFIX_PATH}:/home/singh/rtab_ws/install/rtabmap_python:/home/singh/ros2_sensor_ws/install/yolov5_ros:/home/singh/ros2_sensor_ws/install/tf2_tools:/home/singh/ros2_sensor_ws/install/examples_tf2_py:/home/singh/ros2_sensor_ws/install/tf2_ros_py:/opt/ros/humble /usr/bin/cmake --build /home/singh/ros2_sensor_ws/build/my_sensor_description -- -j12 -l12
[1.615s] Invoked command in '/home/singh/ros2_sensor_ws/build/my_sensor_description' returned '0': CMAKE_PREFIX_PATH=${CMAKE_PREFIX_PATH}:/home/singh/rtab_ws/install/rtabmap_python:/home/singh/ros2_sensor_ws/install/yolov5_ros:/home/singh/ros2_sensor_ws/install/tf2_tools:/home/singh/ros2_sensor_ws/install/examples_tf2_py:/home/singh/ros2_sensor_ws/install/tf2_ros_py:/opt/ros/humble /usr/bin/cmake --build /home/singh/ros2_sensor_ws/build/my_sensor_description -- -j12 -l12
[1.624s] Invoking command in '/home/singh/ros2_sensor_ws/build/my_sensor_description': CMAKE_PREFIX_PATH=${CMAKE_PREFIX_PATH}:/home/singh/rtab_ws/install/rtabmap_python:/home/singh/ros2_sensor_ws/install/yolov5_ros:/home/singh/ros2_sensor_ws/install/tf2_tools:/home/singh/ros2_sensor_ws/install/examples_tf2_py:/home/singh/ros2_sensor_ws/install/tf2_ros_py:/opt/ros/humble /usr/bin/cmake --install /home/singh/ros2_sensor_ws/build/my_sensor_description
[1.629s] -- Install configuration: ""
[1.629s] -- Installing: /home/singh/ros2_sensor_ws/install/my_sensor_description/share/my_sensor_description//urdf
[1.630s] -- Installing: /home/singh/ros2_sensor_ws/install/my_sensor_description/share/my_sensor_description//urdf/lidar_camera_robot.urdf
[1.631s] -- Installing: /home/singh/ros2_sensor_ws/install/my_sensor_description/share/my_sensor_description//launch
[1.631s] -- Installing: /home/singh/ros2_sensor_ws/install/my_sensor_description/share/my_sensor_description//launch/sensor_Setup_ionic.launch.xml
[1.631s] -- Installing: /home/singh/ros2_sensor_ws/install/my_sensor_description/share/my_sensor_description//launch/sensor_setup_try.launch.xml
[1.631s] -- Installing: /home/singh/ros2_sensor_ws/install/my_sensor_description/share/my_sensor_description//launch/sensor_setup_rtab_1.launch.xml
[1.632s] -- Installing: /home/singh/ros2_sensor_ws/install/my_sensor_description/share/my_sensor_description//launch/sensor_setup_rtab.launch.xml
[1.632s] -- Installing: /home/singh/ros2_sensor_ws/install/my_sensor_description/share/my_sensor_description//launch/sensor_setup.launch.xml
[1.633s] -- Installing: /home/singh/ros2_sensor_ws/install/my_sensor_description/share/my_sensor_description//rviz
[1.633s] -- Installing: /home/singh/ros2_sensor_ws/install/my_sensor_description/share/my_sensor_description//rviz/sensor_config.rviz
[1.633s] -- Installing: /home/singh/ros2_sensor_ws/install/my_sensor_description/share/my_sensor_description//worlds
[1.633s] -- Installing: /home/singh/ros2_sensor_ws/install/my_sensor_description/share/my_sensor_description//worlds/test_world.world
[1.633s] -- Installing: /home/singh/ros2_sensor_ws/install/my_sensor_description/share/my_sensor_description//worlds/model
[1.634s] -- Installing: /home/singh/ros2_sensor_ws/install/my_sensor_description/share/my_sensor_description//worlds/model/MaleVisitorWalk.dae
[1.634s] -- Installing: /home/singh/ros2_sensor_ws/install/my_sensor_description/share/my_sensor_description//worlds/model/MaleVisitorWalk.dae:Zone.Identifier
[1.634s] -- Installing: /home/singh/ros2_sensor_ws/install/my_sensor_description/share/my_sensor_description//worlds/test_world_human.world
[1.634s] -- Installing: /home/singh/ros2_sensor_ws/install/my_sensor_description/share/my_sensor_description//scripts
[1.634s] -- Installing: /home/singh/ros2_sensor_ws/install/my_sensor_description/share/my_sensor_description//scripts/point_cloud_merger.py
[1.635s] -- Installing: /home/singh/ros2_sensor_ws/install/my_sensor_description/share/my_sensor_description//scripts/point_cloud_merger_1.py
[1.635s] -- Installing: /home/singh/ros2_sensor_ws/install/my_sensor_description/share/my_sensor_description//scripts/point_cloud_merger_2.py
[1.635s] -- Installing: /home/singh/ros2_sensor_ws/install/my_sensor_description/share/my_sensor_description//scripts/grid_map_fusion_node.py
[1.635s] -- Installing: /home/singh/ros2_sensor_ws/install/my_sensor_description/share/my_sensor_description//nodes
[1.635s] -- Installing: /home/singh/ros2_sensor_ws/install/my_sensor_description/share/my_sensor_description//nodes/__init__.py
[1.635s] -- Installing: /home/singh/ros2_sensor_ws/install/my_sensor_description/lib/my_sensor_description/point_cloud_merger.py
[1.635s] -- Installing: /home/singh/ros2_sensor_ws/install/my_sensor_description/share/ament_index/resource_index/package_run_dependencies/my_sensor_description
[1.636s] -- Installing: /home/singh/ros2_sensor_ws/install/my_sensor_description/share/ament_index/resource_index/parent_prefix_path/my_sensor_description
[1.636s] -- Installing: /home/singh/ros2_sensor_ws/install/my_sensor_description/share/my_sensor_description/environment/ament_prefix_path.sh
[1.636s] -- Installing: /home/singh/ros2_sensor_ws/install/my_sensor_description/share/my_sensor_description/environment/ament_prefix_path.dsv
[1.636s] -- Installing: /home/singh/ros2_sensor_ws/install/my_sensor_description/share/my_sensor_description/environment/path.sh
[1.637s] -- Installing: /home/singh/ros2_sensor_ws/install/my_sensor_description/share/my_sensor_description/environment/path.dsv
[1.637s] -- Installing: /home/singh/ros2_sensor_ws/install/my_sensor_description/share/my_sensor_description/local_setup.bash
[1.637s] -- Installing: /home/singh/ros2_sensor_ws/install/my_sensor_description/share/my_sensor_description/local_setup.sh
[1.637s] -- Installing: /home/singh/ros2_sensor_ws/install/my_sensor_description/share/my_sensor_description/local_setup.zsh
[1.637s] -- Installing: /home/singh/ros2_sensor_ws/install/my_sensor_description/share/my_sensor_description/local_setup.dsv
[1.637s] -- Installing: /home/singh/ros2_sensor_ws/install/my_sensor_description/share/my_sensor_description/package.dsv
[1.637s] -- Installing: /home/singh/ros2_sensor_ws/install/my_sensor_description/share/ament_index/resource_index/packages/my_sensor_description
[1.638s] -- Installing: /home/singh/ros2_sensor_ws/install/my_sensor_description/share/my_sensor_description/cmake/my_sensor_descriptionConfig.cmake
[1.638s] -- Installing: /home/singh/ros2_sensor_ws/install/my_sensor_description/share/my_sensor_description/cmake/my_sensor_descriptionConfig-version.cmake
[1.638s] -- Installing: /home/singh/ros2_sensor_ws/install/my_sensor_description/share/my_sensor_description/package.xml
[1.640s] Invoked command in '/home/singh/ros2_sensor_ws/build/my_sensor_description' returned '0': CMAKE_PREFIX_PATH=${CMAKE_PREFIX_PATH}:/home/singh/rtab_ws/install/rtabmap_python:/home/singh/ros2_sensor_ws/install/yolov5_ros:/home/singh/ros2_sensor_ws/install/tf2_tools:/home/singh/ros2_sensor_ws/install/examples_tf2_py:/home/singh/ros2_sensor_ws/install/tf2_ros_py:/opt/ros/humble /usr/bin/cmake --install /home/singh/ros2_sensor_ws/build/my_sensor_description
