-- Found ament_cmake: 1.3.11 (/opt/ros/humble/share/ament_cmake/cmake)
-- Override CMake install command with custom implementation using symlinks instead of copying resources
-- Configuring done
-- Generating done
-- Build files have been written to: /home/singh/ros2_sensor_ws/build/my_sensor_description
-- Install configuration: ""
-- Execute custom install script
-- Symlinking: /home/singh/ros2_sensor_ws/install/my_sensor_description/share/my_sensor_description//urdf/lidar_camera_robot.urdf
-- Symlinking: /home/singh/ros2_sensor_ws/install/my_sensor_description/share/my_sensor_description//launch/sensor_Setup_ionic.launch.xml
-- Symlinking: /home/singh/ros2_sensor_ws/install/my_sensor_description/share/my_sensor_description//launch/sensor_setup.launch.xml
-- Symlinking: /home/singh/ros2_sensor_ws/install/my_sensor_description/share/my_sensor_description//launch/sensor_setup_rtab.launch.xml
-- Symlinking: /home/singh/ros2_sensor_ws/install/my_sensor_description/share/my_sensor_description//rviz/sensor_config.rviz
-- Symlinking: /home/singh/ros2_sensor_ws/install/my_sensor_description/share/my_sensor_description//worlds/test_world.world
-- Symlinking: /home/singh/ros2_sensor_ws/install/my_sensor_description/share/ament_index/resource_index/package_run_dependencies/my_sensor_description
-- Symlinking: /home/singh/ros2_sensor_ws/install/my_sensor_description/share/ament_index/resource_index/parent_prefix_path/my_sensor_description
-- Symlinking: /home/singh/ros2_sensor_ws/install/my_sensor_description/share/my_sensor_description/environment/ament_prefix_path.sh
-- Symlinking: /home/singh/ros2_sensor_ws/install/my_sensor_description/share/my_sensor_description/environment/ament_prefix_path.dsv
-- Symlinking: /home/singh/ros2_sensor_ws/install/my_sensor_description/share/my_sensor_description/environment/path.sh
-- Symlinking: /home/singh/ros2_sensor_ws/install/my_sensor_description/share/my_sensor_description/environment/path.dsv
-- Symlinking: /home/singh/ros2_sensor_ws/install/my_sensor_description/share/my_sensor_description/local_setup.bash
-- Symlinking: /home/singh/ros2_sensor_ws/install/my_sensor_description/share/my_sensor_description/local_setup.sh
-- Symlinking: /home/singh/ros2_sensor_ws/install/my_sensor_description/share/my_sensor_description/local_setup.zsh
-- Symlinking: /home/singh/ros2_sensor_ws/install/my_sensor_description/share/my_sensor_description/local_setup.dsv
-- Symlinking: /home/singh/ros2_sensor_ws/install/my_sensor_description/share/my_sensor_description/package.dsv
-- Symlinking: /home/singh/ros2_sensor_ws/install/my_sensor_description/share/ament_index/resource_index/packages/my_sensor_description
-- Symlinking: /home/singh/ros2_sensor_ws/install/my_sensor_description/share/my_sensor_description/cmake/my_sensor_descriptionConfig.cmake
-- Symlinking: /home/singh/ros2_sensor_ws/install/my_sensor_description/share/my_sensor_description/cmake/my_sensor_descriptionConfig-version.cmake
-- Symlinking: /home/singh/ros2_sensor_ws/install/my_sensor_description/share/my_sensor_description/package.xml
