[0.028s] Invoking command in '/home/singh/ros2_sensor_ws/build/my_sensor_description': CMAKE_PREFIX_PATH=${CMAKE_PREFIX_PATH}:/home/singh/ros2_sensor_ws/install/rtabmap_python:/home/singh/install/my_robot_controller:/opt/ros/humble /usr/bin/cmake /home/singh/ros2_sensor_ws/src/my_sensor_description -DAMENT_CMAKE_SYMLINK_INSTALL=1 -DCMAKE_INSTALL_PREFIX=/home/singh/ros2_sensor_ws/install/my_sensor_description
[0.065s] -- Found ament_cmake: 1.3.11 (/opt/ros/humble/share/ament_cmake/cmake)
[0.338s] -- Override CMake install command with custom implementation using symlinks instead of copying resources
[0.528s] -- Configuring done
[0.547s] -- Generating done
[0.553s] -- Build files have been written to: /home/singh/ros2_sensor_ws/build/my_sensor_description
[0.563s] Invoked command in '/home/singh/ros2_sensor_ws/build/my_sensor_description' returned '0': CMAKE_PREFIX_PATH=${CMAKE_PREFIX_PATH}:/home/singh/ros2_sensor_ws/install/rtabmap_python:/home/singh/install/my_robot_controller:/opt/ros/humble /usr/bin/cmake /home/singh/ros2_sensor_ws/src/my_sensor_description -DAMENT_CMAKE_SYMLINK_INSTALL=1 -DCMAKE_INSTALL_PREFIX=/home/singh/ros2_sensor_ws/install/my_sensor_description
[0.569s] Invoking command in '/home/singh/ros2_sensor_ws/build/my_sensor_description': CMAKE_PREFIX_PATH=${CMAKE_PREFIX_PATH}:/home/singh/ros2_sensor_ws/install/rtabmap_python:/home/singh/install/my_robot_controller:/opt/ros/humble /usr/bin/cmake --build /home/singh/ros2_sensor_ws/build/my_sensor_description -- -j12 -l12
[0.618s] Invoked command in '/home/singh/ros2_sensor_ws/build/my_sensor_description' returned '0': CMAKE_PREFIX_PATH=${CMAKE_PREFIX_PATH}:/home/singh/ros2_sensor_ws/install/rtabmap_python:/home/singh/install/my_robot_controller:/opt/ros/humble /usr/bin/cmake --build /home/singh/ros2_sensor_ws/build/my_sensor_description -- -j12 -l12
[0.639s] Invoking command in '/home/singh/ros2_sensor_ws/build/my_sensor_description': CMAKE_PREFIX_PATH=${CMAKE_PREFIX_PATH}:/home/singh/ros2_sensor_ws/install/rtabmap_python:/home/singh/install/my_robot_controller:/opt/ros/humble /usr/bin/cmake --install /home/singh/ros2_sensor_ws/build/my_sensor_description
[0.650s] -- Install configuration: ""
[0.650s] -- Execute custom install script
[0.650s] -- Symlinking: /home/singh/ros2_sensor_ws/install/my_sensor_description/share/my_sensor_description//urdf/lidar_camera_robot.urdf
[0.668s] -- Symlinking: /home/singh/ros2_sensor_ws/install/my_sensor_description/share/my_sensor_description//launch/sensor_Setup_ionic.launch.xml
[0.682s] -- Symlinking: /home/singh/ros2_sensor_ws/install/my_sensor_description/share/my_sensor_description//launch/sensor_setup.launch.xml
[0.697s] -- Symlinking: /home/singh/ros2_sensor_ws/install/my_sensor_description/share/my_sensor_description//launch/sensor_setup_rtab.launch.xml
[0.713s] -- Symlinking: /home/singh/ros2_sensor_ws/install/my_sensor_description/share/my_sensor_description//rviz/sensor_config.rviz
[0.726s] -- Symlinking: /home/singh/ros2_sensor_ws/install/my_sensor_description/share/my_sensor_description//worlds/test_world.world
[0.737s] -- Symlinking: /home/singh/ros2_sensor_ws/install/my_sensor_description/share/ament_index/resource_index/package_run_dependencies/my_sensor_description
[0.751s] -- Symlinking: /home/singh/ros2_sensor_ws/install/my_sensor_description/share/ament_index/resource_index/parent_prefix_path/my_sensor_description
[0.764s] -- Symlinking: /home/singh/ros2_sensor_ws/install/my_sensor_description/share/my_sensor_description/environment/ament_prefix_path.sh
[0.778s] -- Symlinking: /home/singh/ros2_sensor_ws/install/my_sensor_description/share/my_sensor_description/environment/ament_prefix_path.dsv
[0.790s] -- Symlinking: /home/singh/ros2_sensor_ws/install/my_sensor_description/share/my_sensor_description/environment/path.sh
[0.802s] -- Symlinking: /home/singh/ros2_sensor_ws/install/my_sensor_description/share/my_sensor_description/environment/path.dsv
[0.815s] -- Symlinking: /home/singh/ros2_sensor_ws/install/my_sensor_description/share/my_sensor_description/local_setup.bash
[0.825s] -- Symlinking: /home/singh/ros2_sensor_ws/install/my_sensor_description/share/my_sensor_description/local_setup.sh
[0.843s] -- Symlinking: /home/singh/ros2_sensor_ws/install/my_sensor_description/share/my_sensor_description/local_setup.zsh
[0.861s] -- Symlinking: /home/singh/ros2_sensor_ws/install/my_sensor_description/share/my_sensor_description/local_setup.dsv
[0.874s] -- Symlinking: /home/singh/ros2_sensor_ws/install/my_sensor_description/share/my_sensor_description/package.dsv
[0.890s] -- Symlinking: /home/singh/ros2_sensor_ws/install/my_sensor_description/share/ament_index/resource_index/packages/my_sensor_description
[0.901s] -- Symlinking: /home/singh/ros2_sensor_ws/install/my_sensor_description/share/my_sensor_description/cmake/my_sensor_descriptionConfig.cmake
[0.915s] -- Symlinking: /home/singh/ros2_sensor_ws/install/my_sensor_description/share/my_sensor_description/cmake/my_sensor_descriptionConfig-version.cmake
[0.930s] -- Symlinking: /home/singh/ros2_sensor_ws/install/my_sensor_description/share/my_sensor_description/package.xml
[0.950s] Invoked command in '/home/singh/ros2_sensor_ws/build/my_sensor_description' returned '0': CMAKE_PREFIX_PATH=${CMAKE_PREFIX_PATH}:/home/singh/ros2_sensor_ws/install/rtabmap_python:/home/singh/install/my_robot_controller:/opt/ros/humble /usr/bin/cmake --install /home/singh/ros2_sensor_ws/build/my_sensor_description
