[0.278s] Invoking command in '/home/singh/ros2_sensor_ws/build/tf2_geometry_msgs': AMENT_PREFIX_PATH=/home/singh/ros2_sensor_ws/install/tf2_ros_py:/home/singh/ros2_sensor_ws/install/tf2_ros:/home/singh/ros2_sensor_ws/install/tf2_py:/home/singh/ros2_sensor_ws/install/tf2_msgs:/home/singh/ros2_sensor_ws/install/tf2:${AMENT_PREFIX_PATH} CMAKE_PREFIX_PATH=/home/singh/ros2_sensor_ws/install/tf2_ros:/home/singh/ros2_sensor_ws/install/tf2_py:/home/singh/ros2_sensor_ws/install/tf2_msgs:/home/singh/ros2_sensor_ws/install/tf2:/home/singh/ros2_ws2/install/my_robot_bringup:/home/singh/ros2_ws2/install/my_robot_description:/home/singh/rtab_ws/install/rtabmap_msgs:/home/singh/turtlebot_ws/install/turtlebot3_simulations:/home/singh/turtlebot_ws/install/turtlebot3_gazebo:/home/singh/turtlebot_ws/install/turtlebot3_fake_node:/home/singh/ros2_ws2/src/install/my_robot_bringup:/home/singh/ros2_ws2/src/install/my_robot_description:/home/singh/ros2_ws4/install/gazebo_parking:/home/singh/ros2_sensor_ws/install/my_sensor_description:/home/singh/ros2_sensor_ws/src/install/my_sensor_description:/home/singh/ros2_sensor_ws/src/install/tf2_sensor_msgs:/home/singh/rtab_ws/install/rtabmap_python:/opt/ros/humble LD_LIBRARY_PATH=/home/singh/ros2_sensor_ws/install/tf2_ros/lib:/home/singh/ros2_sensor_ws/install/tf2_msgs/lib:/home/singh/ros2_sensor_ws/install/tf2/lib:${LD_LIBRARY_PATH} PYTHONPATH=/home/singh/ros2_sensor_ws/install/tf2_ros_py/lib/python3.10/site-packages:/home/singh/ros2_sensor_ws/install/tf2_py/local/lib/python3.10/dist-packages:/home/singh/ros2_sensor_ws/install/tf2_msgs/local/lib/python3.10/dist-packages:${PYTHONPATH} /usr/bin/cmake /home/singh/ros2_sensor_ws/src/geometry2/tf2_geometry_msgs -DCMAKE_INSTALL_PREFIX=/home/singh/ros2_sensor_ws/install/tf2_geometry_msgs
[0.383s] -- The C compiler identification is GNU 11.4.0
[0.826s] -- The CXX compiler identification is GNU 11.4.0
[1.147s] -- Detecting C compiler ABI info
[1.282s] -- Detecting C compiler ABI info - done
[1.287s] -- Check for working C compiler: /usr/bin/cc - skipped
[1.288s] -- Detecting C compile features
[1.288s] -- Detecting C compile features - done
[1.291s] -- Detecting CXX compiler ABI info
[1.447s] -- Detecting CXX compiler ABI info - done
[1.453s] -- Check for working CXX compiler: /usr/bin/c++ - skipped
[1.453s] -- Detecting CXX compile features
[1.453s] -- Detecting CXX compile features - done
[1.825s] -- Found Python3: /usr/bin/python3 (found version "3.10.12") found components: Interpreter Development Development.Module Development.Embed 
[1.831s] -- Found geometry_msgs: 4.8.0 (/opt/ros/humble/share/geometry_msgs/cmake)
[2.134s] -- Found rosidl_generator_c: 3.1.6 (/opt/ros/humble/share/rosidl_generator_c/cmake)
[2.138s] -- Found rosidl_adapter: 3.1.6 (/opt/ros/humble/share/rosidl_adapter/cmake)
[2.148s] -- Found rosidl_generator_cpp: 3.1.6 (/opt/ros/humble/share/rosidl_generator_cpp/cmake)
[2.159s] -- Using all available rosidl_typesupport_c: rosidl_typesupport_fastrtps_c;rosidl_typesupport_introspection_c
[2.175s] -- Using all available rosidl_typesupport_cpp: rosidl_typesupport_fastrtps_cpp;rosidl_typesupport_introspection_cpp
[2.218s] -- Found orocos_kdl_vendor: 0.2.5 (/opt/ros/humble/share/orocos_kdl_vendor/cmake)
[2.264s] -- Found eigen3_cmake_module: 0.1.1 (/opt/ros/humble/share/eigen3_cmake_module/cmake)
[2.265s] -- Found Eigen3: TRUE (found version "3.4.0") 
[2.265s] -- Ensuring Eigen3 include directory is part of orocos-kdl CMake target
[2.267s] -- Found tf2: 0.25.12 (/home/singh/ros2_sensor_ws/install/tf2/share/tf2/cmake)
[2.280s] -- Found tf2_ros: 0.25.12 (/home/singh/ros2_sensor_ws/install/tf2_ros/share/tf2_ros/cmake)
[2.346s] -- Found rmw_implementation_cmake: 6.1.2 (/opt/ros/humble/share/rmw_implementation_cmake/cmake)
[2.349s] -- Found rmw_cyclonedds_cpp: 1.3.4 (/opt/ros/humble/share/rmw_cyclonedds_cpp/cmake)
[2.372s] -- Using RMW implementation 'rmw_cyclonedds_cpp' as default
[2.383s] -- Looking for pthread.h
[2.504s] -- Looking for pthread.h - found
[2.505s] -- Performing Test CMAKE_HAVE_LIBC_PTHREAD
[2.626s] -- Performing Test CMAKE_HAVE_LIBC_PTHREAD - Success
[2.627s] -- Found Threads: TRUE  
[2.901s] -- Found ament_lint_auto: 0.12.12 (/opt/ros/humble/share/ament_lint_auto/cmake)
[4.168s] -- Found gtest sources under '/opt/ros/humble/src/gtest_vendor': C++ tests using 'Google Test' will be built
[4.184s] -- Added test 'copyright' to check source files copyright and LICENSE
[4.187s] -- Added test 'cpplint' to check C / C++ code against the Google style
[4.187s] -- Configured cpplint exclude dirs and/or files: 
[4.189s] -- Added test 'flake8' to check Python code syntax and style conventions
[4.190s] -- Added test 'lint_cmake' to check CMake code style
[4.193s] -- Added test 'pep257' to check Python code against some of the docstring style conventions in PEP 257
[4.196s] -- Added test 'uncrustify' to check C / C++ code style
[4.196s] -- Configured uncrustify additional arguments: 
[4.198s] -- Added test 'xmllint' to check XML markup files
[4.204s] -- Configuring done
[4.218s] -- Generating done
[4.226s] -- Build files have been written to: /home/singh/ros2_sensor_ws/build/tf2_geometry_msgs
[4.239s] Invoked command in '/home/singh/ros2_sensor_ws/build/tf2_geometry_msgs' returned '0': AMENT_PREFIX_PATH=/home/singh/ros2_sensor_ws/install/tf2_ros_py:/home/singh/ros2_sensor_ws/install/tf2_ros:/home/singh/ros2_sensor_ws/install/tf2_py:/home/singh/ros2_sensor_ws/install/tf2_msgs:/home/singh/ros2_sensor_ws/install/tf2:${AMENT_PREFIX_PATH} CMAKE_PREFIX_PATH=/home/singh/ros2_sensor_ws/install/tf2_ros:/home/singh/ros2_sensor_ws/install/tf2_py:/home/singh/ros2_sensor_ws/install/tf2_msgs:/home/singh/ros2_sensor_ws/install/tf2:/home/singh/ros2_ws2/install/my_robot_bringup:/home/singh/ros2_ws2/install/my_robot_description:/home/singh/rtab_ws/install/rtabmap_msgs:/home/singh/turtlebot_ws/install/turtlebot3_simulations:/home/singh/turtlebot_ws/install/turtlebot3_gazebo:/home/singh/turtlebot_ws/install/turtlebot3_fake_node:/home/singh/ros2_ws2/src/install/my_robot_bringup:/home/singh/ros2_ws2/src/install/my_robot_description:/home/singh/ros2_ws4/install/gazebo_parking:/home/singh/ros2_sensor_ws/install/my_sensor_description:/home/singh/ros2_sensor_ws/src/install/my_sensor_description:/home/singh/ros2_sensor_ws/src/install/tf2_sensor_msgs:/home/singh/rtab_ws/install/rtabmap_python:/opt/ros/humble LD_LIBRARY_PATH=/home/singh/ros2_sensor_ws/install/tf2_ros/lib:/home/singh/ros2_sensor_ws/install/tf2_msgs/lib:/home/singh/ros2_sensor_ws/install/tf2/lib:${LD_LIBRARY_PATH} PYTHONPATH=/home/singh/ros2_sensor_ws/install/tf2_ros_py/lib/python3.10/site-packages:/home/singh/ros2_sensor_ws/install/tf2_py/local/lib/python3.10/dist-packages:/home/singh/ros2_sensor_ws/install/tf2_msgs/local/lib/python3.10/dist-packages:${PYTHONPATH} /usr/bin/cmake /home/singh/ros2_sensor_ws/src/geometry2/tf2_geometry_msgs -DCMAKE_INSTALL_PREFIX=/home/singh/ros2_sensor_ws/install/tf2_geometry_msgs
[4.241s] Invoking command in '/home/singh/ros2_sensor_ws/build/tf2_geometry_msgs': AMENT_PREFIX_PATH=/home/singh/ros2_sensor_ws/install/tf2_ros_py:/home/singh/ros2_sensor_ws/install/tf2_ros:/home/singh/ros2_sensor_ws/install/tf2_py:/home/singh/ros2_sensor_ws/install/tf2_msgs:/home/singh/ros2_sensor_ws/install/tf2:${AMENT_PREFIX_PATH} CMAKE_PREFIX_PATH=/home/singh/ros2_sensor_ws/install/tf2_ros:/home/singh/ros2_sensor_ws/install/tf2_py:/home/singh/ros2_sensor_ws/install/tf2_msgs:/home/singh/ros2_sensor_ws/install/tf2:/home/singh/ros2_ws2/install/my_robot_bringup:/home/singh/ros2_ws2/install/my_robot_description:/home/singh/rtab_ws/install/rtabmap_msgs:/home/singh/turtlebot_ws/install/turtlebot3_simulations:/home/singh/turtlebot_ws/install/turtlebot3_gazebo:/home/singh/turtlebot_ws/install/turtlebot3_fake_node:/home/singh/ros2_ws2/src/install/my_robot_bringup:/home/singh/ros2_ws2/src/install/my_robot_description:/home/singh/ros2_ws4/install/gazebo_parking:/home/singh/ros2_sensor_ws/install/my_sensor_description:/home/singh/ros2_sensor_ws/src/install/my_sensor_description:/home/singh/ros2_sensor_ws/src/install/tf2_sensor_msgs:/home/singh/rtab_ws/install/rtabmap_python:/opt/ros/humble LD_LIBRARY_PATH=/home/singh/ros2_sensor_ws/install/tf2_ros/lib:/home/singh/ros2_sensor_ws/install/tf2_msgs/lib:/home/singh/ros2_sensor_ws/install/tf2/lib:${LD_LIBRARY_PATH} PYTHONPATH=/home/singh/ros2_sensor_ws/install/tf2_ros_py/lib/python3.10/site-packages:/home/singh/ros2_sensor_ws/install/tf2_py/local/lib/python3.10/dist-packages:/home/singh/ros2_sensor_ws/install/tf2_msgs/local/lib/python3.10/dist-packages:${PYTHONPATH} /usr/bin/cmake --build /home/singh/ros2_sensor_ws/build/tf2_geometry_msgs -- -j12 -l12
[4.306s] [ 33%] [32mBuilding CXX object gtest/CMakeFiles/gtest_main.dir/src/gtest_main.cc.o[0m
[4.306s] [ 33%] [32mBuilding CXX object gtest/CMakeFiles/gtest.dir/src/gtest-all.cc.o[0m
[4.307s] [ 33%] Built target ament_cmake_python_copy_tf2_geometry_msgs
[4.714s] running egg_info
[4.715s] creating tf2_geometry_msgs.egg-info
[4.715s] writing tf2_geometry_msgs.egg-info/PKG-INFO
[4.720s] writing dependency_links to tf2_geometry_msgs.egg-info/dependency_links.txt
[4.720s] writing top-level names to tf2_geometry_msgs.egg-info/top_level.txt
[4.720s] writing manifest file 'tf2_geometry_msgs.egg-info/SOURCES.txt'
[4.720s] reading manifest file 'tf2_geometry_msgs.egg-info/SOURCES.txt'
[4.720s] writing manifest file 'tf2_geometry_msgs.egg-info/SOURCES.txt'
[4.780s] [ 33%] Built target ament_cmake_python_build_tf2_geometry_msgs_egg
[5.541s] [ 50%] [32m[1mLinking CXX static library libgtest_main.a[0m
[5.583s] [ 50%] Built target gtest_main
[10.682s] [ 66%] [32m[1mLinking CXX static library libgtest.a[0m
[10.793s] [ 66%] Built target gtest
[10.825s] [ 83%] [32mBuilding CXX object CMakeFiles/test_tf2_geometry_msgs.dir/test/test_tf2_geometry_msgs.cpp.o[0m
[19.266s] [100%] [32m[1mLinking CXX executable test_tf2_geometry_msgs[0m
[19.777s] [100%] Built target test_tf2_geometry_msgs
[19.791s] Invoked command in '/home/singh/ros2_sensor_ws/build/tf2_geometry_msgs' returned '0': AMENT_PREFIX_PATH=/home/singh/ros2_sensor_ws/install/tf2_ros_py:/home/singh/ros2_sensor_ws/install/tf2_ros:/home/singh/ros2_sensor_ws/install/tf2_py:/home/singh/ros2_sensor_ws/install/tf2_msgs:/home/singh/ros2_sensor_ws/install/tf2:${AMENT_PREFIX_PATH} CMAKE_PREFIX_PATH=/home/singh/ros2_sensor_ws/install/tf2_ros:/home/singh/ros2_sensor_ws/install/tf2_py:/home/singh/ros2_sensor_ws/install/tf2_msgs:/home/singh/ros2_sensor_ws/install/tf2:/home/singh/ros2_ws2/install/my_robot_bringup:/home/singh/ros2_ws2/install/my_robot_description:/home/singh/rtab_ws/install/rtabmap_msgs:/home/singh/turtlebot_ws/install/turtlebot3_simulations:/home/singh/turtlebot_ws/install/turtlebot3_gazebo:/home/singh/turtlebot_ws/install/turtlebot3_fake_node:/home/singh/ros2_ws2/src/install/my_robot_bringup:/home/singh/ros2_ws2/src/install/my_robot_description:/home/singh/ros2_ws4/install/gazebo_parking:/home/singh/ros2_sensor_ws/install/my_sensor_description:/home/singh/ros2_sensor_ws/src/install/my_sensor_description:/home/singh/ros2_sensor_ws/src/install/tf2_sensor_msgs:/home/singh/rtab_ws/install/rtabmap_python:/opt/ros/humble LD_LIBRARY_PATH=/home/singh/ros2_sensor_ws/install/tf2_ros/lib:/home/singh/ros2_sensor_ws/install/tf2_msgs/lib:/home/singh/ros2_sensor_ws/install/tf2/lib:${LD_LIBRARY_PATH} PYTHONPATH=/home/singh/ros2_sensor_ws/install/tf2_ros_py/lib/python3.10/site-packages:/home/singh/ros2_sensor_ws/install/tf2_py/local/lib/python3.10/dist-packages:/home/singh/ros2_sensor_ws/install/tf2_msgs/local/lib/python3.10/dist-packages:${PYTHONPATH} /usr/bin/cmake --build /home/singh/ros2_sensor_ws/build/tf2_geometry_msgs -- -j12 -l12
[19.795s] Invoking command in '/home/singh/ros2_sensor_ws/build/tf2_geometry_msgs': AMENT_PREFIX_PATH=/home/singh/ros2_sensor_ws/install/tf2_ros_py:/home/singh/ros2_sensor_ws/install/tf2_ros:/home/singh/ros2_sensor_ws/install/tf2_py:/home/singh/ros2_sensor_ws/install/tf2_msgs:/home/singh/ros2_sensor_ws/install/tf2:${AMENT_PREFIX_PATH} CMAKE_PREFIX_PATH=/home/singh/ros2_sensor_ws/install/tf2_ros:/home/singh/ros2_sensor_ws/install/tf2_py:/home/singh/ros2_sensor_ws/install/tf2_msgs:/home/singh/ros2_sensor_ws/install/tf2:/home/singh/ros2_ws2/install/my_robot_bringup:/home/singh/ros2_ws2/install/my_robot_description:/home/singh/rtab_ws/install/rtabmap_msgs:/home/singh/turtlebot_ws/install/turtlebot3_simulations:/home/singh/turtlebot_ws/install/turtlebot3_gazebo:/home/singh/turtlebot_ws/install/turtlebot3_fake_node:/home/singh/ros2_ws2/src/install/my_robot_bringup:/home/singh/ros2_ws2/src/install/my_robot_description:/home/singh/ros2_ws4/install/gazebo_parking:/home/singh/ros2_sensor_ws/install/my_sensor_description:/home/singh/ros2_sensor_ws/src/install/my_sensor_description:/home/singh/ros2_sensor_ws/src/install/tf2_sensor_msgs:/home/singh/rtab_ws/install/rtabmap_python:/opt/ros/humble LD_LIBRARY_PATH=/home/singh/ros2_sensor_ws/install/tf2_ros/lib:/home/singh/ros2_sensor_ws/install/tf2_msgs/lib:/home/singh/ros2_sensor_ws/install/tf2/lib:${LD_LIBRARY_PATH} PYTHONPATH=/home/singh/ros2_sensor_ws/install/tf2_ros_py/lib/python3.10/site-packages:/home/singh/ros2_sensor_ws/install/tf2_py/local/lib/python3.10/dist-packages:/home/singh/ros2_sensor_ws/install/tf2_msgs/local/lib/python3.10/dist-packages:${PYTHONPATH} /usr/bin/cmake --install /home/singh/ros2_sensor_ws/build/tf2_geometry_msgs
[19.803s] -- Install configuration: ""
[19.804s] -- Installing: /home/singh/ros2_sensor_ws/install/tf2_geometry_msgs/share/tf2_geometry_msgs/environment/pythonpath.sh
[19.805s] -- Installing: /home/singh/ros2_sensor_ws/install/tf2_geometry_msgs/share/tf2_geometry_msgs/environment/pythonpath.dsv
[19.805s] -- Installing: /home/singh/ros2_sensor_ws/install/tf2_geometry_msgs/local/lib/python3.10/dist-packages/tf2_geometry_msgs-0.25.12-py3.10.egg-info
[19.806s] -- Installing: /home/singh/ros2_sensor_ws/install/tf2_geometry_msgs/local/lib/python3.10/dist-packages/tf2_geometry_msgs-0.25.12-py3.10.egg-info/top_level.txt
[19.806s] -- Installing: /home/singh/ros2_sensor_ws/install/tf2_geometry_msgs/local/lib/python3.10/dist-packages/tf2_geometry_msgs-0.25.12-py3.10.egg-info/SOURCES.txt
[19.807s] -- Installing: /home/singh/ros2_sensor_ws/install/tf2_geometry_msgs/local/lib/python3.10/dist-packages/tf2_geometry_msgs-0.25.12-py3.10.egg-info/dependency_links.txt
[19.807s] -- Installing: /home/singh/ros2_sensor_ws/install/tf2_geometry_msgs/local/lib/python3.10/dist-packages/tf2_geometry_msgs-0.25.12-py3.10.egg-info/PKG-INFO
[19.807s] -- Installing: /home/singh/ros2_sensor_ws/install/tf2_geometry_msgs/local/lib/python3.10/dist-packages/tf2_geometry_msgs
[19.807s] -- Installing: /home/singh/ros2_sensor_ws/install/tf2_geometry_msgs/local/lib/python3.10/dist-packages/tf2_geometry_msgs/tf2_geometry_msgs.py
[19.807s] -- Installing: /home/singh/ros2_sensor_ws/install/tf2_geometry_msgs/local/lib/python3.10/dist-packages/tf2_geometry_msgs/__init__.py
[19.856s] Listing '/home/singh/ros2_sensor_ws/install/tf2_geometry_msgs/local/lib/python3.10/dist-packages/tf2_geometry_msgs'...
[19.857s] Compiling '/home/singh/ros2_sensor_ws/install/tf2_geometry_msgs/local/lib/python3.10/dist-packages/tf2_geometry_msgs/__init__.py'...
[19.857s] Compiling '/home/singh/ros2_sensor_ws/install/tf2_geometry_msgs/local/lib/python3.10/dist-packages/tf2_geometry_msgs/tf2_geometry_msgs.py'...
[19.862s] -- Installing: /home/singh/ros2_sensor_ws/install/tf2_geometry_msgs/include/tf2_geometry_msgs
[19.862s] -- Installing: /home/singh/ros2_sensor_ws/install/tf2_geometry_msgs/include/tf2_geometry_msgs/tf2_geometry_msgs
[19.863s] -- Installing: /home/singh/ros2_sensor_ws/install/tf2_geometry_msgs/include/tf2_geometry_msgs/tf2_geometry_msgs/tf2_geometry_msgs.h
[19.872s] -- Installing: /home/singh/ros2_sensor_ws/install/tf2_geometry_msgs/include/tf2_geometry_msgs/tf2_geometry_msgs/tf2_geometry_msgs.hpp
[19.873s] -- Installing: /home/singh/ros2_sensor_ws/install/tf2_geometry_msgs/share/ament_index/resource_index/package_run_dependencies/tf2_geometry_msgs
[19.873s] -- Installing: /home/singh/ros2_sensor_ws/install/tf2_geometry_msgs/share/ament_index/resource_index/parent_prefix_path/tf2_geometry_msgs
[19.873s] -- Installing: /home/singh/ros2_sensor_ws/install/tf2_geometry_msgs/share/tf2_geometry_msgs/environment/ament_prefix_path.sh
[19.874s] -- Installing: /home/singh/ros2_sensor_ws/install/tf2_geometry_msgs/share/tf2_geometry_msgs/environment/ament_prefix_path.dsv
[19.874s] -- Installing: /home/singh/ros2_sensor_ws/install/tf2_geometry_msgs/share/tf2_geometry_msgs/environment/path.sh
[19.874s] -- Installing: /home/singh/ros2_sensor_ws/install/tf2_geometry_msgs/share/tf2_geometry_msgs/environment/path.dsv
[19.875s] -- Installing: /home/singh/ros2_sensor_ws/install/tf2_geometry_msgs/share/tf2_geometry_msgs/local_setup.bash
[19.875s] -- Installing: /home/singh/ros2_sensor_ws/install/tf2_geometry_msgs/share/tf2_geometry_msgs/local_setup.sh
[19.875s] -- Installing: /home/singh/ros2_sensor_ws/install/tf2_geometry_msgs/share/tf2_geometry_msgs/local_setup.zsh
[19.875s] -- Installing: /home/singh/ros2_sensor_ws/install/tf2_geometry_msgs/share/tf2_geometry_msgs/local_setup.dsv
[19.876s] -- Installing: /home/singh/ros2_sensor_ws/install/tf2_geometry_msgs/share/tf2_geometry_msgs/package.dsv
[19.876s] -- Installing: /home/singh/ros2_sensor_ws/install/tf2_geometry_msgs/share/ament_index/resource_index/packages/tf2_geometry_msgs
[19.877s] -- Installing: /home/singh/ros2_sensor_ws/install/tf2_geometry_msgs/share/tf2_geometry_msgs/cmake/export_tf2_geometry_msgsExport.cmake
[19.877s] -- Installing: /home/singh/ros2_sensor_ws/install/tf2_geometry_msgs/share/tf2_geometry_msgs/cmake/ament_cmake_export_include_directories-extras.cmake
[19.878s] -- Installing: /home/singh/ros2_sensor_ws/install/tf2_geometry_msgs/share/tf2_geometry_msgs/cmake/ament_cmake_export_targets-extras.cmake
[19.878s] -- Installing: /home/singh/ros2_sensor_ws/install/tf2_geometry_msgs/share/tf2_geometry_msgs/cmake/ament_cmake_export_dependencies-extras.cmake
[19.878s] -- Installing: /home/singh/ros2_sensor_ws/install/tf2_geometry_msgs/share/tf2_geometry_msgs/cmake/tf2_geometry_msgsConfig.cmake
[19.879s] -- Installing: /home/singh/ros2_sensor_ws/install/tf2_geometry_msgs/share/tf2_geometry_msgs/cmake/tf2_geometry_msgsConfig-version.cmake
[19.879s] -- Installing: /home/singh/ros2_sensor_ws/install/tf2_geometry_msgs/share/tf2_geometry_msgs/package.xml
[19.882s] Invoked command in '/home/singh/ros2_sensor_ws/build/tf2_geometry_msgs' returned '0': AMENT_PREFIX_PATH=/home/singh/ros2_sensor_ws/install/tf2_ros_py:/home/singh/ros2_sensor_ws/install/tf2_ros:/home/singh/ros2_sensor_ws/install/tf2_py:/home/singh/ros2_sensor_ws/install/tf2_msgs:/home/singh/ros2_sensor_ws/install/tf2:${AMENT_PREFIX_PATH} CMAKE_PREFIX_PATH=/home/singh/ros2_sensor_ws/install/tf2_ros:/home/singh/ros2_sensor_ws/install/tf2_py:/home/singh/ros2_sensor_ws/install/tf2_msgs:/home/singh/ros2_sensor_ws/install/tf2:/home/singh/ros2_ws2/install/my_robot_bringup:/home/singh/ros2_ws2/install/my_robot_description:/home/singh/rtab_ws/install/rtabmap_msgs:/home/singh/turtlebot_ws/install/turtlebot3_simulations:/home/singh/turtlebot_ws/install/turtlebot3_gazebo:/home/singh/turtlebot_ws/install/turtlebot3_fake_node:/home/singh/ros2_ws2/src/install/my_robot_bringup:/home/singh/ros2_ws2/src/install/my_robot_description:/home/singh/ros2_ws4/install/gazebo_parking:/home/singh/ros2_sensor_ws/install/my_sensor_description:/home/singh/ros2_sensor_ws/src/install/my_sensor_description:/home/singh/ros2_sensor_ws/src/install/tf2_sensor_msgs:/home/singh/rtab_ws/install/rtabmap_python:/opt/ros/humble LD_LIBRARY_PATH=/home/singh/ros2_sensor_ws/install/tf2_ros/lib:/home/singh/ros2_sensor_ws/install/tf2_msgs/lib:/home/singh/ros2_sensor_ws/install/tf2/lib:${LD_LIBRARY_PATH} PYTHONPATH=/home/singh/ros2_sensor_ws/install/tf2_ros_py/lib/python3.10/site-packages:/home/singh/ros2_sensor_ws/install/tf2_py/local/lib/python3.10/dist-packages:/home/singh/ros2_sensor_ws/install/tf2_msgs/local/lib/python3.10/dist-packages:${PYTHONPATH} /usr/bin/cmake --install /home/singh/ros2_sensor_ws/build/tf2_geometry_msgs
