-- The C compiler identification is GNU 11.4.0
-- The CXX compiler identification is GNU 11.4.0
-- Detecting C compiler ABI info
-- Detecting C compiler ABI info - done
-- Check for working C compiler: /usr/bin/cc - skipped
-- Detecting C compile features
-- Detecting C compile features - done
-- Detecting CXX compiler ABI info
-- Detecting CXX compiler ABI info - done
-- Check for working CXX compiler: /usr/bin/c++ - skipped
-- Detecting CXX compile features
-- Detecting CXX compile features - done
-- Found ament_cmake_auto: 1.3.11 (/opt/ros/humble/share/ament_cmake_auto/cmake)
-- Found Python3: /usr/bin/python3 (found version "3.10.12") found components: Interpreter 
-- Found rosidl_generator_c: 3.1.6 (/opt/ros/humble/share/rosidl_generator_c/cmake)
-- Found rosidl_adapter: 3.1.6 (/opt/ros/humble/share/rosidl_adapter/cmake)
-- Found rosidl_generator_cpp: 3.1.6 (/opt/ros/humble/share/rosidl_generator_cpp/cmake)
-- Using all available rosidl_typesupport_c: rosidl_typesupport_fastrtps_c;rosidl_typesupport_introspection_c
-- Using all available rosidl_typesupport_cpp: rosidl_typesupport_fastrtps_cpp;rosidl_typesupport_introspection_cpp
-- Found rmw_implementation_cmake: 6.1.2 (/opt/ros/humble/share/rmw_implementation_cmake/cmake)
-- Found rmw_cyclonedds_cpp: 1.3.4 (/opt/ros/humble/share/rmw_cyclonedds_cpp/cmake)
-- Using RMW implementation 'rmw_cyclonedds_cpp' as default
-- Looking for pthread.h
-- Looking for pthread.h - found
-- Performing Test CMAKE_HAVE_LIBC_PTHREAD
-- Performing Test CMAKE_HAVE_LIBC_PTHREAD - Success
-- Found Threads: TRUE  
-- Found Eigen3: TRUE (found version "3.4.0") 
-- Found ament_cmake_gtest: 1.3.11 (/opt/ros/humble/share/ament_cmake_gtest/cmake)
-- Found ament_lint_auto: 0.12.12 (/opt/ros/humble/share/ament_lint_auto/cmake)
-- Found gtest sources under '/opt/ros/humble/src/gtest_vendor': C++ tests using 'Google Test' will be built
-- Added test 'copyright' to check source files copyright and LICENSE
-- Added test 'cppcheck' to perform static code analysis on C / C++ code
-- Configured cppcheck language: c++
-- Configured cppcheck include dirs: /home/singh/ros2_sensor_ws/src/geometry2/tf2_sensor_msgs/include
-- Configured cppcheck exclude dirs and/or files: 
-- Added test 'cpplint' to check C / C++ code against the Google style
-- Configured cpplint exclude dirs and/or files: 
-- Added test 'flake8' to check Python code syntax and style conventions
-- Added test 'lint_cmake' to check CMake code style
-- Added test 'pep257' to check Python code against some of the docstring style conventions in PEP 257
-- Added test 'uncrustify' to check C / C++ code style
-- Configured uncrustify additional arguments: --language;CPP
-- Added test 'xmllint' to check XML markup files
-- Configuring done
-- Generating done
-- Build files have been written to: /home/singh/ros2_sensor_ws/build/tf2_sensor_msgs
[ 16%] [32mBuilding CXX object gtest/CMakeFiles/gtest_main.dir/src/gtest_main.cc.o[0m
[ 33%] [32mBuilding CXX object gtest/CMakeFiles/gtest.dir/src/gtest-all.cc.o[0m
[ 33%] Built target ament_cmake_python_copy_tf2_sensor_msgs
running egg_info
creating tf2_sensor_msgs.egg-info
writing tf2_sensor_msgs.egg-info/PKG-INFO
writing dependency_links to tf2_sensor_msgs.egg-info/dependency_links.txt
writing top-level names to tf2_sensor_msgs.egg-info/top_level.txt
writing manifest file 'tf2_sensor_msgs.egg-info/SOURCES.txt'
reading manifest file 'tf2_sensor_msgs.egg-info/SOURCES.txt'
writing manifest file 'tf2_sensor_msgs.egg-info/SOURCES.txt'
[ 33%] Built target ament_cmake_python_build_tf2_sensor_msgs_egg
[ 50%] [32m[1mLinking CXX static library libgtest_main.a[0m
[ 50%] Built target gtest_main
[ 66%] [32m[1mLinking CXX static library libgtest.a[0m
[ 66%] Built target gtest
[ 83%] [32mBuilding CXX object CMakeFiles/test_tf2_sensor_msgs_cpp.dir/test/test_tf2_sensor_msgs.cpp.o[0m
[100%] [32m[1mLinking CXX executable test_tf2_sensor_msgs_cpp[0m
[100%] Built target test_tf2_sensor_msgs_cpp
-- Install configuration: ""
-- Installing: /home/singh/ros2_sensor_ws/install/tf2_sensor_msgs/share/tf2_sensor_msgs/environment/pythonpath.sh
-- Installing: /home/singh/ros2_sensor_ws/install/tf2_sensor_msgs/share/tf2_sensor_msgs/environment/pythonpath.dsv
-- Installing: /home/singh/ros2_sensor_ws/install/tf2_sensor_msgs/local/lib/python3.10/dist-packages/tf2_sensor_msgs-0.25.12-py3.10.egg-info
-- Installing: /home/singh/ros2_sensor_ws/install/tf2_sensor_msgs/local/lib/python3.10/dist-packages/tf2_sensor_msgs-0.25.12-py3.10.egg-info/top_level.txt
-- Installing: /home/singh/ros2_sensor_ws/install/tf2_sensor_msgs/local/lib/python3.10/dist-packages/tf2_sensor_msgs-0.25.12-py3.10.egg-info/SOURCES.txt
-- Installing: /home/singh/ros2_sensor_ws/install/tf2_sensor_msgs/local/lib/python3.10/dist-packages/tf2_sensor_msgs-0.25.12-py3.10.egg-info/dependency_links.txt
-- Installing: /home/singh/ros2_sensor_ws/install/tf2_sensor_msgs/local/lib/python3.10/dist-packages/tf2_sensor_msgs-0.25.12-py3.10.egg-info/PKG-INFO
-- Installing: /home/singh/ros2_sensor_ws/install/tf2_sensor_msgs/local/lib/python3.10/dist-packages/tf2_sensor_msgs
-- Installing: /home/singh/ros2_sensor_ws/install/tf2_sensor_msgs/local/lib/python3.10/dist-packages/tf2_sensor_msgs/tf2_sensor_msgs.py
-- Installing: /home/singh/ros2_sensor_ws/install/tf2_sensor_msgs/local/lib/python3.10/dist-packages/tf2_sensor_msgs/__init__.py
Listing '/home/singh/ros2_sensor_ws/install/tf2_sensor_msgs/local/lib/python3.10/dist-packages/tf2_sensor_msgs'...
Compiling '/home/singh/ros2_sensor_ws/install/tf2_sensor_msgs/local/lib/python3.10/dist-packages/tf2_sensor_msgs/__init__.py'...
Compiling '/home/singh/ros2_sensor_ws/install/tf2_sensor_msgs/local/lib/python3.10/dist-packages/tf2_sensor_msgs/tf2_sensor_msgs.py'...
-- Installing: /home/singh/ros2_sensor_ws/install/tf2_sensor_msgs/include
-- Installing: /home/singh/ros2_sensor_ws/install/tf2_sensor_msgs/include/tf2_sensor_msgs
-- Installing: /home/singh/ros2_sensor_ws/install/tf2_sensor_msgs/include/tf2_sensor_msgs/tf2_sensor_msgs.h
-- Installing: /home/singh/ros2_sensor_ws/install/tf2_sensor_msgs/include/tf2_sensor_msgs/tf2_sensor_msgs.hpp
-- Installing: /home/singh/ros2_sensor_ws/install/tf2_sensor_msgs/share/ament_index/resource_index/package_run_dependencies/tf2_sensor_msgs
-- Installing: /home/singh/ros2_sensor_ws/install/tf2_sensor_msgs/share/ament_index/resource_index/parent_prefix_path/tf2_sensor_msgs
-- Installing: /home/singh/ros2_sensor_ws/install/tf2_sensor_msgs/share/tf2_sensor_msgs/environment/ament_prefix_path.sh
-- Installing: /home/singh/ros2_sensor_ws/install/tf2_sensor_msgs/share/tf2_sensor_msgs/environment/ament_prefix_path.dsv
-- Installing: /home/singh/ros2_sensor_ws/install/tf2_sensor_msgs/share/tf2_sensor_msgs/environment/path.sh
-- Installing: /home/singh/ros2_sensor_ws/install/tf2_sensor_msgs/share/tf2_sensor_msgs/environment/path.dsv
-- Installing: /home/singh/ros2_sensor_ws/install/tf2_sensor_msgs/share/tf2_sensor_msgs/local_setup.bash
-- Installing: /home/singh/ros2_sensor_ws/install/tf2_sensor_msgs/share/tf2_sensor_msgs/local_setup.sh
-- Installing: /home/singh/ros2_sensor_ws/install/tf2_sensor_msgs/share/tf2_sensor_msgs/local_setup.zsh
-- Installing: /home/singh/ros2_sensor_ws/install/tf2_sensor_msgs/share/tf2_sensor_msgs/local_setup.dsv
-- Installing: /home/singh/ros2_sensor_ws/install/tf2_sensor_msgs/share/tf2_sensor_msgs/package.dsv
-- Installing: /home/singh/ros2_sensor_ws/install/tf2_sensor_msgs/share/ament_index/resource_index/packages/tf2_sensor_msgs
-- Installing: /home/singh/ros2_sensor_ws/install/tf2_sensor_msgs/share/tf2_sensor_msgs/cmake/ament_cmake_export_dependencies-extras.cmake
-- Installing: /home/singh/ros2_sensor_ws/install/tf2_sensor_msgs/share/tf2_sensor_msgs/cmake/ament_cmake_export_include_directories-extras.cmake
-- Installing: /home/singh/ros2_sensor_ws/install/tf2_sensor_msgs/share/tf2_sensor_msgs/cmake/tf2_sensor_msgsConfig.cmake
-- Installing: /home/singh/ros2_sensor_ws/install/tf2_sensor_msgs/share/tf2_sensor_msgs/cmake/tf2_sensor_msgsConfig-version.cmake
-- Installing: /home/singh/ros2_sensor_ws/install/tf2_sensor_msgs/share/tf2_sensor_msgs/package.xml
