[0.302s] Invoking command in '/home/singh/ros2_sensor_ws/build/tf2_sensor_msgs': AMENT_PREFIX_PATH=/home/singh/ros2_sensor_ws/install/tf2_ros_py:/home/singh/ros2_sensor_ws/install/tf2_ros:/home/singh/ros2_sensor_ws/install/tf2_py:/home/singh/ros2_sensor_ws/install/tf2_msgs:/home/singh/ros2_sensor_ws/install/tf2:${AMENT_PREFIX_PATH} CMAKE_PREFIX_PATH=/home/singh/ros2_sensor_ws/install/tf2_ros:/home/singh/ros2_sensor_ws/install/tf2_py:/home/singh/ros2_sensor_ws/install/tf2_msgs:/home/singh/ros2_sensor_ws/install/tf2:/home/singh/ros2_ws2/install/my_robot_bringup:/home/singh/ros2_ws2/install/my_robot_description:/home/singh/rtab_ws/install/rtabmap_msgs:/home/singh/turtlebot_ws/install/turtlebot3_simulations:/home/singh/turtlebot_ws/install/turtlebot3_gazebo:/home/singh/turtlebot_ws/install/turtlebot3_fake_node:/home/singh/ros2_ws2/src/install/my_robot_bringup:/home/singh/ros2_ws2/src/install/my_robot_description:/home/singh/ros2_ws4/install/gazebo_parking:/home/singh/ros2_sensor_ws/install/my_sensor_description:/home/singh/ros2_sensor_ws/src/install/my_sensor_description:/home/singh/ros2_sensor_ws/src/install/tf2_sensor_msgs:/home/singh/rtab_ws/install/rtabmap_python:/opt/ros/humble LD_LIBRARY_PATH=/home/singh/ros2_sensor_ws/install/tf2_ros/lib:/home/singh/ros2_sensor_ws/install/tf2_msgs/lib:/home/singh/ros2_sensor_ws/install/tf2/lib:${LD_LIBRARY_PATH} PYTHONPATH=/home/singh/ros2_sensor_ws/install/tf2_ros_py/lib/python3.10/site-packages:/home/singh/ros2_sensor_ws/install/tf2_py/local/lib/python3.10/dist-packages:/home/singh/ros2_sensor_ws/install/tf2_msgs/local/lib/python3.10/dist-packages:${PYTHONPATH} /usr/bin/cmake /home/singh/ros2_sensor_ws/src/geometry2/tf2_sensor_msgs -DCMAKE_INSTALL_PREFIX=/home/singh/ros2_sensor_ws/install/tf2_sensor_msgs
[0.417s] -- The C compiler identification is GNU 11.4.0
[0.817s] -- The CXX compiler identification is GNU 11.4.0
[1.164s] -- Detecting C compiler ABI info
[1.327s] -- Detecting C compiler ABI info - done
[1.334s] -- Check for working C compiler: /usr/bin/cc - skipped
[1.335s] -- Detecting C compile features
[1.337s] -- Detecting C compile features - done
[1.342s] -- Detecting CXX compiler ABI info
[1.528s] -- Detecting CXX compiler ABI info - done
[1.536s] -- Check for working CXX compiler: /usr/bin/c++ - skipped
[1.537s] -- Detecting CXX compile features
[1.537s] -- Detecting CXX compile features - done
[1.551s] -- Found ament_cmake_auto: 1.3.11 (/opt/ros/humble/share/ament_cmake_auto/cmake)
[1.787s] -- Found Python3: /usr/bin/python3 (found version "3.10.12") found components: Interpreter 
[3.735s] -- Found rosidl_generator_c: 3.1.6 (/opt/ros/humble/share/rosidl_generator_c/cmake)
[3.743s] -- Found rosidl_adapter: 3.1.6 (/opt/ros/humble/share/rosidl_adapter/cmake)
[3.757s] -- Found rosidl_generator_cpp: 3.1.6 (/opt/ros/humble/share/rosidl_generator_cpp/cmake)
[3.783s] -- Using all available rosidl_typesupport_c: rosidl_typesupport_fastrtps_c;rosidl_typesupport_introspection_c
[3.811s] -- Using all available rosidl_typesupport_cpp: rosidl_typesupport_fastrtps_cpp;rosidl_typesupport_introspection_cpp
[4.037s] -- Found rmw_implementation_cmake: 6.1.2 (/opt/ros/humble/share/rmw_implementation_cmake/cmake)
[4.043s] -- Found rmw_cyclonedds_cpp: 1.3.4 (/opt/ros/humble/share/rmw_cyclonedds_cpp/cmake)
[4.086s] -- Using RMW implementation 'rmw_cyclonedds_cpp' as default
[4.100s] -- Looking for pthread.h
[4.284s] -- Looking for pthread.h - found
[4.284s] -- Performing Test CMAKE_HAVE_LIBC_PTHREAD
[4.499s] -- Performing Test CMAKE_HAVE_LIBC_PTHREAD - Success
[4.501s] -- Found Threads: TRUE  
[4.714s] -- Found Eigen3: TRUE (found version "3.4.0") 
[4.776s] -- Found ament_cmake_gtest: 1.3.11 (/opt/ros/humble/share/ament_cmake_gtest/cmake)
[4.785s] -- Found ament_lint_auto: 0.12.12 (/opt/ros/humble/share/ament_lint_auto/cmake)
[5.418s] -- Found gtest sources under '/opt/ros/humble/src/gtest_vendor': C++ tests using 'Google Test' will be built
[5.456s] -- Added test 'copyright' to check source files copyright and LICENSE
[5.462s] -- Added test 'cppcheck' to perform static code analysis on C / C++ code
[5.462s] -- Configured cppcheck language: c++
[5.462s] -- Configured cppcheck include dirs: /home/singh/ros2_sensor_ws/src/geometry2/tf2_sensor_msgs/include
[5.462s] -- Configured cppcheck exclude dirs and/or files: 
[5.462s] -- Added test 'cpplint' to check C / C++ code against the Google style
[5.462s] -- Configured cpplint exclude dirs and/or files: 
[5.462s] -- Added test 'flake8' to check Python code syntax and style conventions
[5.466s] -- Added test 'lint_cmake' to check CMake code style
[5.470s] -- Added test 'pep257' to check Python code against some of the docstring style conventions in PEP 257
[5.472s] -- Added test 'uncrustify' to check C / C++ code style
[5.473s] -- Configured uncrustify additional arguments: --language;CPP
[5.475s] -- Added test 'xmllint' to check XML markup files
[5.487s] -- Configuring done
[5.514s] -- Generating done
[5.527s] -- Build files have been written to: /home/singh/ros2_sensor_ws/build/tf2_sensor_msgs
[5.549s] Invoked command in '/home/singh/ros2_sensor_ws/build/tf2_sensor_msgs' returned '0': AMENT_PREFIX_PATH=/home/singh/ros2_sensor_ws/install/tf2_ros_py:/home/singh/ros2_sensor_ws/install/tf2_ros:/home/singh/ros2_sensor_ws/install/tf2_py:/home/singh/ros2_sensor_ws/install/tf2_msgs:/home/singh/ros2_sensor_ws/install/tf2:${AMENT_PREFIX_PATH} CMAKE_PREFIX_PATH=/home/singh/ros2_sensor_ws/install/tf2_ros:/home/singh/ros2_sensor_ws/install/tf2_py:/home/singh/ros2_sensor_ws/install/tf2_msgs:/home/singh/ros2_sensor_ws/install/tf2:/home/singh/ros2_ws2/install/my_robot_bringup:/home/singh/ros2_ws2/install/my_robot_description:/home/singh/rtab_ws/install/rtabmap_msgs:/home/singh/turtlebot_ws/install/turtlebot3_simulations:/home/singh/turtlebot_ws/install/turtlebot3_gazebo:/home/singh/turtlebot_ws/install/turtlebot3_fake_node:/home/singh/ros2_ws2/src/install/my_robot_bringup:/home/singh/ros2_ws2/src/install/my_robot_description:/home/singh/ros2_ws4/install/gazebo_parking:/home/singh/ros2_sensor_ws/install/my_sensor_description:/home/singh/ros2_sensor_ws/src/install/my_sensor_description:/home/singh/ros2_sensor_ws/src/install/tf2_sensor_msgs:/home/singh/rtab_ws/install/rtabmap_python:/opt/ros/humble LD_LIBRARY_PATH=/home/singh/ros2_sensor_ws/install/tf2_ros/lib:/home/singh/ros2_sensor_ws/install/tf2_msgs/lib:/home/singh/ros2_sensor_ws/install/tf2/lib:${LD_LIBRARY_PATH} PYTHONPATH=/home/singh/ros2_sensor_ws/install/tf2_ros_py/lib/python3.10/site-packages:/home/singh/ros2_sensor_ws/install/tf2_py/local/lib/python3.10/dist-packages:/home/singh/ros2_sensor_ws/install/tf2_msgs/local/lib/python3.10/dist-packages:${PYTHONPATH} /usr/bin/cmake /home/singh/ros2_sensor_ws/src/geometry2/tf2_sensor_msgs -DCMAKE_INSTALL_PREFIX=/home/singh/ros2_sensor_ws/install/tf2_sensor_msgs
[5.552s] Invoking command in '/home/singh/ros2_sensor_ws/build/tf2_sensor_msgs': AMENT_PREFIX_PATH=/home/singh/ros2_sensor_ws/install/tf2_ros_py:/home/singh/ros2_sensor_ws/install/tf2_ros:/home/singh/ros2_sensor_ws/install/tf2_py:/home/singh/ros2_sensor_ws/install/tf2_msgs:/home/singh/ros2_sensor_ws/install/tf2:${AMENT_PREFIX_PATH} CMAKE_PREFIX_PATH=/home/singh/ros2_sensor_ws/install/tf2_ros:/home/singh/ros2_sensor_ws/install/tf2_py:/home/singh/ros2_sensor_ws/install/tf2_msgs:/home/singh/ros2_sensor_ws/install/tf2:/home/singh/ros2_ws2/install/my_robot_bringup:/home/singh/ros2_ws2/install/my_robot_description:/home/singh/rtab_ws/install/rtabmap_msgs:/home/singh/turtlebot_ws/install/turtlebot3_simulations:/home/singh/turtlebot_ws/install/turtlebot3_gazebo:/home/singh/turtlebot_ws/install/turtlebot3_fake_node:/home/singh/ros2_ws2/src/install/my_robot_bringup:/home/singh/ros2_ws2/src/install/my_robot_description:/home/singh/ros2_ws4/install/gazebo_parking:/home/singh/ros2_sensor_ws/install/my_sensor_description:/home/singh/ros2_sensor_ws/src/install/my_sensor_description:/home/singh/ros2_sensor_ws/src/install/tf2_sensor_msgs:/home/singh/rtab_ws/install/rtabmap_python:/opt/ros/humble LD_LIBRARY_PATH=/home/singh/ros2_sensor_ws/install/tf2_ros/lib:/home/singh/ros2_sensor_ws/install/tf2_msgs/lib:/home/singh/ros2_sensor_ws/install/tf2/lib:${LD_LIBRARY_PATH} PYTHONPATH=/home/singh/ros2_sensor_ws/install/tf2_ros_py/lib/python3.10/site-packages:/home/singh/ros2_sensor_ws/install/tf2_py/local/lib/python3.10/dist-packages:/home/singh/ros2_sensor_ws/install/tf2_msgs/local/lib/python3.10/dist-packages:${PYTHONPATH} /usr/bin/cmake --build /home/singh/ros2_sensor_ws/build/tf2_sensor_msgs -- -j12 -l12
[5.633s] [ 16%] [32mBuilding CXX object gtest/CMakeFiles/gtest_main.dir/src/gtest_main.cc.o[0m
[5.640s] [ 33%] [32mBuilding CXX object gtest/CMakeFiles/gtest.dir/src/gtest-all.cc.o[0m
[5.646s] [ 33%] Built target ament_cmake_python_copy_tf2_sensor_msgs
[6.082s] running egg_info
[6.084s] creating tf2_sensor_msgs.egg-info
[6.084s] writing tf2_sensor_msgs.egg-info/PKG-INFO
[6.084s] writing dependency_links to tf2_sensor_msgs.egg-info/dependency_links.txt
[6.084s] writing top-level names to tf2_sensor_msgs.egg-info/top_level.txt
[6.084s] writing manifest file 'tf2_sensor_msgs.egg-info/SOURCES.txt'
[6.088s] reading manifest file 'tf2_sensor_msgs.egg-info/SOURCES.txt'
[6.089s] writing manifest file 'tf2_sensor_msgs.egg-info/SOURCES.txt'
[6.139s] [ 33%] Built target ament_cmake_python_build_tf2_sensor_msgs_egg
[7.014s] [ 50%] [32m[1mLinking CXX static library libgtest_main.a[0m
[7.082s] [ 50%] Built target gtest_main
[11.743s] [ 66%] [32m[1mLinking CXX static library libgtest.a[0m
[11.829s] [ 66%] Built target gtest
[11.863s] [ 83%] [32mBuilding CXX object CMakeFiles/test_tf2_sensor_msgs_cpp.dir/test/test_tf2_sensor_msgs.cpp.o[0m
[21.354s] [100%] [32m[1mLinking CXX executable test_tf2_sensor_msgs_cpp[0m
[21.859s] [100%] Built target test_tf2_sensor_msgs_cpp
[21.874s] Invoked command in '/home/singh/ros2_sensor_ws/build/tf2_sensor_msgs' returned '0': AMENT_PREFIX_PATH=/home/singh/ros2_sensor_ws/install/tf2_ros_py:/home/singh/ros2_sensor_ws/install/tf2_ros:/home/singh/ros2_sensor_ws/install/tf2_py:/home/singh/ros2_sensor_ws/install/tf2_msgs:/home/singh/ros2_sensor_ws/install/tf2:${AMENT_PREFIX_PATH} CMAKE_PREFIX_PATH=/home/singh/ros2_sensor_ws/install/tf2_ros:/home/singh/ros2_sensor_ws/install/tf2_py:/home/singh/ros2_sensor_ws/install/tf2_msgs:/home/singh/ros2_sensor_ws/install/tf2:/home/singh/ros2_ws2/install/my_robot_bringup:/home/singh/ros2_ws2/install/my_robot_description:/home/singh/rtab_ws/install/rtabmap_msgs:/home/singh/turtlebot_ws/install/turtlebot3_simulations:/home/singh/turtlebot_ws/install/turtlebot3_gazebo:/home/singh/turtlebot_ws/install/turtlebot3_fake_node:/home/singh/ros2_ws2/src/install/my_robot_bringup:/home/singh/ros2_ws2/src/install/my_robot_description:/home/singh/ros2_ws4/install/gazebo_parking:/home/singh/ros2_sensor_ws/install/my_sensor_description:/home/singh/ros2_sensor_ws/src/install/my_sensor_description:/home/singh/ros2_sensor_ws/src/install/tf2_sensor_msgs:/home/singh/rtab_ws/install/rtabmap_python:/opt/ros/humble LD_LIBRARY_PATH=/home/singh/ros2_sensor_ws/install/tf2_ros/lib:/home/singh/ros2_sensor_ws/install/tf2_msgs/lib:/home/singh/ros2_sensor_ws/install/tf2/lib:${LD_LIBRARY_PATH} PYTHONPATH=/home/singh/ros2_sensor_ws/install/tf2_ros_py/lib/python3.10/site-packages:/home/singh/ros2_sensor_ws/install/tf2_py/local/lib/python3.10/dist-packages:/home/singh/ros2_sensor_ws/install/tf2_msgs/local/lib/python3.10/dist-packages:${PYTHONPATH} /usr/bin/cmake --build /home/singh/ros2_sensor_ws/build/tf2_sensor_msgs -- -j12 -l12
[21.877s] Invoking command in '/home/singh/ros2_sensor_ws/build/tf2_sensor_msgs': AMENT_PREFIX_PATH=/home/singh/ros2_sensor_ws/install/tf2_ros_py:/home/singh/ros2_sensor_ws/install/tf2_ros:/home/singh/ros2_sensor_ws/install/tf2_py:/home/singh/ros2_sensor_ws/install/tf2_msgs:/home/singh/ros2_sensor_ws/install/tf2:${AMENT_PREFIX_PATH} CMAKE_PREFIX_PATH=/home/singh/ros2_sensor_ws/install/tf2_ros:/home/singh/ros2_sensor_ws/install/tf2_py:/home/singh/ros2_sensor_ws/install/tf2_msgs:/home/singh/ros2_sensor_ws/install/tf2:/home/singh/ros2_ws2/install/my_robot_bringup:/home/singh/ros2_ws2/install/my_robot_description:/home/singh/rtab_ws/install/rtabmap_msgs:/home/singh/turtlebot_ws/install/turtlebot3_simulations:/home/singh/turtlebot_ws/install/turtlebot3_gazebo:/home/singh/turtlebot_ws/install/turtlebot3_fake_node:/home/singh/ros2_ws2/src/install/my_robot_bringup:/home/singh/ros2_ws2/src/install/my_robot_description:/home/singh/ros2_ws4/install/gazebo_parking:/home/singh/ros2_sensor_ws/install/my_sensor_description:/home/singh/ros2_sensor_ws/src/install/my_sensor_description:/home/singh/ros2_sensor_ws/src/install/tf2_sensor_msgs:/home/singh/rtab_ws/install/rtabmap_python:/opt/ros/humble LD_LIBRARY_PATH=/home/singh/ros2_sensor_ws/install/tf2_ros/lib:/home/singh/ros2_sensor_ws/install/tf2_msgs/lib:/home/singh/ros2_sensor_ws/install/tf2/lib:${LD_LIBRARY_PATH} PYTHONPATH=/home/singh/ros2_sensor_ws/install/tf2_ros_py/lib/python3.10/site-packages:/home/singh/ros2_sensor_ws/install/tf2_py/local/lib/python3.10/dist-packages:/home/singh/ros2_sensor_ws/install/tf2_msgs/local/lib/python3.10/dist-packages:${PYTHONPATH} /usr/bin/cmake --install /home/singh/ros2_sensor_ws/build/tf2_sensor_msgs
[21.883s] -- Install configuration: ""
[21.883s] -- Installing: /home/singh/ros2_sensor_ws/install/tf2_sensor_msgs/share/tf2_sensor_msgs/environment/pythonpath.sh
[21.884s] -- Installing: /home/singh/ros2_sensor_ws/install/tf2_sensor_msgs/share/tf2_sensor_msgs/environment/pythonpath.dsv
[21.884s] -- Installing: /home/singh/ros2_sensor_ws/install/tf2_sensor_msgs/local/lib/python3.10/dist-packages/tf2_sensor_msgs-0.25.12-py3.10.egg-info
[21.885s] -- Installing: /home/singh/ros2_sensor_ws/install/tf2_sensor_msgs/local/lib/python3.10/dist-packages/tf2_sensor_msgs-0.25.12-py3.10.egg-info/top_level.txt
[21.885s] -- Installing: /home/singh/ros2_sensor_ws/install/tf2_sensor_msgs/local/lib/python3.10/dist-packages/tf2_sensor_msgs-0.25.12-py3.10.egg-info/SOURCES.txt
[21.885s] -- Installing: /home/singh/ros2_sensor_ws/install/tf2_sensor_msgs/local/lib/python3.10/dist-packages/tf2_sensor_msgs-0.25.12-py3.10.egg-info/dependency_links.txt
[21.886s] -- Installing: /home/singh/ros2_sensor_ws/install/tf2_sensor_msgs/local/lib/python3.10/dist-packages/tf2_sensor_msgs-0.25.12-py3.10.egg-info/PKG-INFO
[21.886s] -- Installing: /home/singh/ros2_sensor_ws/install/tf2_sensor_msgs/local/lib/python3.10/dist-packages/tf2_sensor_msgs
[21.887s] -- Installing: /home/singh/ros2_sensor_ws/install/tf2_sensor_msgs/local/lib/python3.10/dist-packages/tf2_sensor_msgs/tf2_sensor_msgs.py
[21.887s] -- Installing: /home/singh/ros2_sensor_ws/install/tf2_sensor_msgs/local/lib/python3.10/dist-packages/tf2_sensor_msgs/__init__.py
[21.925s] Listing '/home/singh/ros2_sensor_ws/install/tf2_sensor_msgs/local/lib/python3.10/dist-packages/tf2_sensor_msgs'...
[21.925s] Compiling '/home/singh/ros2_sensor_ws/install/tf2_sensor_msgs/local/lib/python3.10/dist-packages/tf2_sensor_msgs/__init__.py'...
[21.925s] Compiling '/home/singh/ros2_sensor_ws/install/tf2_sensor_msgs/local/lib/python3.10/dist-packages/tf2_sensor_msgs/tf2_sensor_msgs.py'...
[21.930s] -- Installing: /home/singh/ros2_sensor_ws/install/tf2_sensor_msgs/include
[21.930s] -- Installing: /home/singh/ros2_sensor_ws/install/tf2_sensor_msgs/include/tf2_sensor_msgs
[21.930s] -- Installing: /home/singh/ros2_sensor_ws/install/tf2_sensor_msgs/include/tf2_sensor_msgs/tf2_sensor_msgs.h
[21.939s] -- Installing: /home/singh/ros2_sensor_ws/install/tf2_sensor_msgs/include/tf2_sensor_msgs/tf2_sensor_msgs.hpp
[21.939s] -- Installing: /home/singh/ros2_sensor_ws/install/tf2_sensor_msgs/share/ament_index/resource_index/package_run_dependencies/tf2_sensor_msgs
[21.940s] -- Installing: /home/singh/ros2_sensor_ws/install/tf2_sensor_msgs/share/ament_index/resource_index/parent_prefix_path/tf2_sensor_msgs
[21.940s] -- Installing: /home/singh/ros2_sensor_ws/install/tf2_sensor_msgs/share/tf2_sensor_msgs/environment/ament_prefix_path.sh
[21.941s] -- Installing: /home/singh/ros2_sensor_ws/install/tf2_sensor_msgs/share/tf2_sensor_msgs/environment/ament_prefix_path.dsv
[21.941s] -- Installing: /home/singh/ros2_sensor_ws/install/tf2_sensor_msgs/share/tf2_sensor_msgs/environment/path.sh
[21.941s] -- Installing: /home/singh/ros2_sensor_ws/install/tf2_sensor_msgs/share/tf2_sensor_msgs/environment/path.dsv
[21.942s] -- Installing: /home/singh/ros2_sensor_ws/install/tf2_sensor_msgs/share/tf2_sensor_msgs/local_setup.bash
[21.942s] -- Installing: /home/singh/ros2_sensor_ws/install/tf2_sensor_msgs/share/tf2_sensor_msgs/local_setup.sh
[21.942s] -- Installing: /home/singh/ros2_sensor_ws/install/tf2_sensor_msgs/share/tf2_sensor_msgs/local_setup.zsh
[21.942s] -- Installing: /home/singh/ros2_sensor_ws/install/tf2_sensor_msgs/share/tf2_sensor_msgs/local_setup.dsv
[21.942s] -- Installing: /home/singh/ros2_sensor_ws/install/tf2_sensor_msgs/share/tf2_sensor_msgs/package.dsv
[21.943s] -- Installing: /home/singh/ros2_sensor_ws/install/tf2_sensor_msgs/share/ament_index/resource_index/packages/tf2_sensor_msgs
[21.943s] -- Installing: /home/singh/ros2_sensor_ws/install/tf2_sensor_msgs/share/tf2_sensor_msgs/cmake/ament_cmake_export_dependencies-extras.cmake
[21.943s] -- Installing: /home/singh/ros2_sensor_ws/install/tf2_sensor_msgs/share/tf2_sensor_msgs/cmake/ament_cmake_export_include_directories-extras.cmake
[21.944s] -- Installing: /home/singh/ros2_sensor_ws/install/tf2_sensor_msgs/share/tf2_sensor_msgs/cmake/tf2_sensor_msgsConfig.cmake
[21.944s] -- Installing: /home/singh/ros2_sensor_ws/install/tf2_sensor_msgs/share/tf2_sensor_msgs/cmake/tf2_sensor_msgsConfig-version.cmake
[21.944s] -- Installing: /home/singh/ros2_sensor_ws/install/tf2_sensor_msgs/share/tf2_sensor_msgs/package.xml
[21.947s] Invoked command in '/home/singh/ros2_sensor_ws/build/tf2_sensor_msgs' returned '0': AMENT_PREFIX_PATH=/home/singh/ros2_sensor_ws/install/tf2_ros_py:/home/singh/ros2_sensor_ws/install/tf2_ros:/home/singh/ros2_sensor_ws/install/tf2_py:/home/singh/ros2_sensor_ws/install/tf2_msgs:/home/singh/ros2_sensor_ws/install/tf2:${AMENT_PREFIX_PATH} CMAKE_PREFIX_PATH=/home/singh/ros2_sensor_ws/install/tf2_ros:/home/singh/ros2_sensor_ws/install/tf2_py:/home/singh/ros2_sensor_ws/install/tf2_msgs:/home/singh/ros2_sensor_ws/install/tf2:/home/singh/ros2_ws2/install/my_robot_bringup:/home/singh/ros2_ws2/install/my_robot_description:/home/singh/rtab_ws/install/rtabmap_msgs:/home/singh/turtlebot_ws/install/turtlebot3_simulations:/home/singh/turtlebot_ws/install/turtlebot3_gazebo:/home/singh/turtlebot_ws/install/turtlebot3_fake_node:/home/singh/ros2_ws2/src/install/my_robot_bringup:/home/singh/ros2_ws2/src/install/my_robot_description:/home/singh/ros2_ws4/install/gazebo_parking:/home/singh/ros2_sensor_ws/install/my_sensor_description:/home/singh/ros2_sensor_ws/src/install/my_sensor_description:/home/singh/ros2_sensor_ws/src/install/tf2_sensor_msgs:/home/singh/rtab_ws/install/rtabmap_python:/opt/ros/humble LD_LIBRARY_PATH=/home/singh/ros2_sensor_ws/install/tf2_ros/lib:/home/singh/ros2_sensor_ws/install/tf2_msgs/lib:/home/singh/ros2_sensor_ws/install/tf2/lib:${LD_LIBRARY_PATH} PYTHONPATH=/home/singh/ros2_sensor_ws/install/tf2_ros_py/lib/python3.10/site-packages:/home/singh/ros2_sensor_ws/install/tf2_py/local/lib/python3.10/dist-packages:/home/singh/ros2_sensor_ws/install/tf2_msgs/local/lib/python3.10/dist-packages:${PYTHONPATH} /usr/bin/cmake --install /home/singh/ros2_sensor_ws/build/tf2_sensor_msgs
