[0.151s] DEBUG:colcon:Command line arguments: ['/usr/bin/colcon', 'build', '--packages-select', 'tf2_sensor_msgs']
[0.151s] DEBUG:colcon:Parsed command line arguments: Namespace(log_base=None, log_level=None, verb_name='build', build_base='build', install_base='install', merge_install=False, symlink_install=False, test_result_base=None, continue_on_error=False, executor='parallel', parallel_workers=12, event_handlers=None, ignore_user_meta=False, metas=['./colcon.meta'], base_paths=['.'], packages_ignore=None, packages_ignore_regex=None, paths=None, packages_up_to=None, packages_up_to_regex=None, packages_above=None, packages_above_and_dependencies=None, packages_above_depth=None, packages_select_by_dep=None, packages_skip_by_dep=None, packages_skip_up_to=None, packages_select_build_failed=False, packages_skip_build_finished=False, packages_select_test_failures=False, packages_skip_test_passed=False, packages_select=['tf2_sensor_msgs'], packages_skip=None, packages_select_regex=None, packages_skip_regex=None, packages_start=None, packages_end=None, allow_overriding=[], cmake_args=None, cmake_target=None, cmake_target_skip_unavailable=False, cmake_clean_cache=False, cmake_clean_first=False, cmake_force_configure=False, ament_cmake_args=None, catkin_cmake_args=None, catkin_skip_building_tests=False, verb_parser=<colcon_defaults.argument_parser.defaults.DefaultArgumentsDecorator object at 0x7f4b247f5180>, verb_extension=<colcon_core.verb.build.BuildVerb object at 0x7f4b24976650>, main=<bound method BuildVerb.main of <colcon_core.verb.build.BuildVerb object at 0x7f4b24976650>>)
[0.363s] Level 1:colcon.colcon_core.package_discovery:discover_packages(colcon_meta) check parameters
[0.364s] Level 1:colcon.colcon_core.package_discovery:discover_packages(recursive) check parameters
[0.364s] Level 1:colcon.colcon_core.package_discovery:discover_packages(ignore) check parameters
[0.364s] Level 1:colcon.colcon_core.package_discovery:discover_packages(path) check parameters
[0.364s] Level 1:colcon.colcon_core.package_discovery:discover_packages(colcon_meta) discover
[0.364s] Level 1:colcon.colcon_core.package_discovery:discover_packages(recursive) discover
[0.364s] INFO:colcon.colcon_core.package_discovery:Crawling recursively for packages in '/home/singh/ros2_sensor_ws/src'
[0.364s] Level 1:colcon.colcon_core.package_identification:_identify(.) by extensions ['ignore', 'ignore_ament_install']
[0.364s] Level 1:colcon.colcon_core.package_identification:_identify(.) by extension 'ignore'
[0.364s] Level 1:colcon.colcon_core.package_identification:_identify(.) by extension 'ignore_ament_install'
[0.364s] Level 1:colcon.colcon_core.package_identification:_identify(.) by extensions ['colcon_pkg']
[0.364s] Level 1:colcon.colcon_core.package_identification:_identify(.) by extension 'colcon_pkg'
[0.364s] Level 1:colcon.colcon_core.package_identification:_identify(.) by extensions ['colcon_meta']
[0.364s] Level 1:colcon.colcon_core.package_identification:_identify(.) by extension 'colcon_meta'
[0.364s] Level 1:colcon.colcon_core.package_identification:_identify(.) by extensions ['ros']
[0.364s] Level 1:colcon.colcon_core.package_identification:_identify(.) by extension 'ros'
[0.375s] Level 1:colcon.colcon_core.package_identification:_identify(.) by extensions ['cmake', 'python']
[0.375s] Level 1:colcon.colcon_core.package_identification:_identify(.) by extension 'cmake'
[0.375s] Level 1:colcon.colcon_core.package_identification:_identify(.) by extension 'python'
[0.375s] Level 1:colcon.colcon_core.package_identification:_identify(.) by extensions ['python_setup_py']
[0.375s] Level 1:colcon.colcon_core.package_identification:_identify(.) by extension 'python_setup_py'
[0.375s] Level 1:colcon.colcon_core.package_identification:_identify(build) by extensions ['ignore', 'ignore_ament_install']
[0.375s] Level 1:colcon.colcon_core.package_identification:_identify(build) by extension 'ignore'
[0.375s] Level 1:colcon.colcon_core.package_identification:_identify(build) ignored
[0.375s] Level 1:colcon.colcon_core.package_identification:_identify(geometry2) by extensions ['ignore', 'ignore_ament_install']
[0.375s] Level 1:colcon.colcon_core.package_identification:_identify(geometry2) by extension 'ignore'
[0.375s] Level 1:colcon.colcon_core.package_identification:_identify(geometry2) by extension 'ignore_ament_install'
[0.375s] Level 1:colcon.colcon_core.package_identification:_identify(geometry2) by extensions ['colcon_pkg']
[0.375s] Level 1:colcon.colcon_core.package_identification:_identify(geometry2) by extension 'colcon_pkg'
[0.375s] Level 1:colcon.colcon_core.package_identification:_identify(geometry2) by extensions ['colcon_meta']
[0.375s] Level 1:colcon.colcon_core.package_identification:_identify(geometry2) by extension 'colcon_meta'
[0.375s] Level 1:colcon.colcon_core.package_identification:_identify(geometry2) by extensions ['ros']
[0.375s] Level 1:colcon.colcon_core.package_identification:_identify(geometry2) by extension 'ros'
[0.375s] Level 1:colcon.colcon_core.package_identification:_identify(geometry2) by extensions ['cmake', 'python']
[0.375s] Level 1:colcon.colcon_core.package_identification:_identify(geometry2) by extension 'cmake'
[0.375s] Level 1:colcon.colcon_core.package_identification:_identify(geometry2) by extension 'python'
[0.375s] Level 1:colcon.colcon_core.package_identification:_identify(geometry2) by extensions ['python_setup_py']
[0.375s] Level 1:colcon.colcon_core.package_identification:_identify(geometry2) by extension 'python_setup_py'
[0.376s] Level 1:colcon.colcon_core.package_identification:_identify(geometry2/examples_tf2_py) by extensions ['ignore', 'ignore_ament_install']
[0.376s] Level 1:colcon.colcon_core.package_identification:_identify(geometry2/examples_tf2_py) by extension 'ignore'
[0.376s] Level 1:colcon.colcon_core.package_identification:_identify(geometry2/examples_tf2_py) by extension 'ignore_ament_install'
[0.376s] Level 1:colcon.colcon_core.package_identification:_identify(geometry2/examples_tf2_py) by extensions ['colcon_pkg']
[0.376s] Level 1:colcon.colcon_core.package_identification:_identify(geometry2/examples_tf2_py) by extension 'colcon_pkg'
[0.376s] Level 1:colcon.colcon_core.package_identification:_identify(geometry2/examples_tf2_py) by extensions ['colcon_meta']
[0.376s] Level 1:colcon.colcon_core.package_identification:_identify(geometry2/examples_tf2_py) by extension 'colcon_meta'
[0.376s] Level 1:colcon.colcon_core.package_identification:_identify(geometry2/examples_tf2_py) by extensions ['ros']
[0.376s] Level 1:colcon.colcon_core.package_identification:_identify(geometry2/examples_tf2_py) by extension 'ros'
[0.378s] DEBUG:colcon.colcon_core.package_identification:Package 'geometry2/examples_tf2_py' with type 'ros.ament_python' and name 'examples_tf2_py'
[0.379s] Level 1:colcon.colcon_core.package_identification:_identify(geometry2/geometry2) by extensions ['ignore', 'ignore_ament_install']
[0.379s] Level 1:colcon.colcon_core.package_identification:_identify(geometry2/geometry2) by extension 'ignore'
[0.379s] Level 1:colcon.colcon_core.package_identification:_identify(geometry2/geometry2) by extension 'ignore_ament_install'
[0.379s] Level 1:colcon.colcon_core.package_identification:_identify(geometry2/geometry2) by extensions ['colcon_pkg']
[0.379s] Level 1:colcon.colcon_core.package_identification:_identify(geometry2/geometry2) by extension 'colcon_pkg'
[0.379s] Level 1:colcon.colcon_core.package_identification:_identify(geometry2/geometry2) by extensions ['colcon_meta']
[0.379s] Level 1:colcon.colcon_core.package_identification:_identify(geometry2/geometry2) by extension 'colcon_meta'
[0.379s] Level 1:colcon.colcon_core.package_identification:_identify(geometry2/geometry2) by extensions ['ros']
[0.379s] Level 1:colcon.colcon_core.package_identification:_identify(geometry2/geometry2) by extension 'ros'
[0.380s] DEBUG:colcon.colcon_core.package_identification:Package 'geometry2/geometry2' with type 'ros.ament_cmake' and name 'geometry2'
[0.381s] Level 1:colcon.colcon_core.package_identification:_identify(geometry2/test_tf2) by extensions ['ignore', 'ignore_ament_install']
[0.381s] Level 1:colcon.colcon_core.package_identification:_identify(geometry2/test_tf2) by extension 'ignore'
[0.381s] Level 1:colcon.colcon_core.package_identification:_identify(geometry2/test_tf2) by extension 'ignore_ament_install'
[0.381s] Level 1:colcon.colcon_core.package_identification:_identify(geometry2/test_tf2) by extensions ['colcon_pkg']
[0.381s] Level 1:colcon.colcon_core.package_identification:_identify(geometry2/test_tf2) by extension 'colcon_pkg'
[0.381s] Level 1:colcon.colcon_core.package_identification:_identify(geometry2/test_tf2) by extensions ['colcon_meta']
[0.381s] Level 1:colcon.colcon_core.package_identification:_identify(geometry2/test_tf2) by extension 'colcon_meta'
[0.381s] Level 1:colcon.colcon_core.package_identification:_identify(geometry2/test_tf2) by extensions ['ros']
[0.381s] Level 1:colcon.colcon_core.package_identification:_identify(geometry2/test_tf2) by extension 'ros'
[0.382s] DEBUG:colcon.colcon_core.package_identification:Package 'geometry2/test_tf2' with type 'ros.ament_cmake' and name 'test_tf2'
[0.382s] Level 1:colcon.colcon_core.package_identification:_identify(geometry2/tf2) by extensions ['ignore', 'ignore_ament_install']
[0.382s] Level 1:colcon.colcon_core.package_identification:_identify(geometry2/tf2) by extension 'ignore'
[0.382s] Level 1:colcon.colcon_core.package_identification:_identify(geometry2/tf2) by extension 'ignore_ament_install'
[0.382s] Level 1:colcon.colcon_core.package_identification:_identify(geometry2/tf2) by extensions ['colcon_pkg']
[0.382s] Level 1:colcon.colcon_core.package_identification:_identify(geometry2/tf2) by extension 'colcon_pkg'
[0.382s] Level 1:colcon.colcon_core.package_identification:_identify(geometry2/tf2) by extensions ['colcon_meta']
[0.383s] Level 1:colcon.colcon_core.package_identification:_identify(geometry2/tf2) by extension 'colcon_meta'
[0.383s] Level 1:colcon.colcon_core.package_identification:_identify(geometry2/tf2) by extensions ['ros']
[0.383s] Level 1:colcon.colcon_core.package_identification:_identify(geometry2/tf2) by extension 'ros'
[0.383s] DEBUG:colcon.colcon_core.package_identification:Package 'geometry2/tf2' with type 'ros.ament_cmake' and name 'tf2'
[0.384s] Level 1:colcon.colcon_core.package_identification:_identify(geometry2/tf2_bullet) by extensions ['ignore', 'ignore_ament_install']
[0.384s] Level 1:colcon.colcon_core.package_identification:_identify(geometry2/tf2_bullet) by extension 'ignore'
[0.384s] Level 1:colcon.colcon_core.package_identification:_identify(geometry2/tf2_bullet) by extension 'ignore_ament_install'
[0.384s] Level 1:colcon.colcon_core.package_identification:_identify(geometry2/tf2_bullet) by extensions ['colcon_pkg']
[0.384s] Level 1:colcon.colcon_core.package_identification:_identify(geometry2/tf2_bullet) by extension 'colcon_pkg'
[0.384s] Level 1:colcon.colcon_core.package_identification:_identify(geometry2/tf2_bullet) by extensions ['colcon_meta']
[0.384s] Level 1:colcon.colcon_core.package_identification:_identify(geometry2/tf2_bullet) by extension 'colcon_meta'
[0.384s] Level 1:colcon.colcon_core.package_identification:_identify(geometry2/tf2_bullet) by extensions ['ros']
[0.384s] Level 1:colcon.colcon_core.package_identification:_identify(geometry2/tf2_bullet) by extension 'ros'
[0.385s] DEBUG:colcon.colcon_core.package_identification:Package 'geometry2/tf2_bullet' with type 'ros.ament_cmake' and name 'tf2_bullet'
[0.385s] Level 1:colcon.colcon_core.package_identification:_identify(geometry2/tf2_eigen) by extensions ['ignore', 'ignore_ament_install']
[0.385s] Level 1:colcon.colcon_core.package_identification:_identify(geometry2/tf2_eigen) by extension 'ignore'
[0.385s] Level 1:colcon.colcon_core.package_identification:_identify(geometry2/tf2_eigen) by extension 'ignore_ament_install'
[0.385s] Level 1:colcon.colcon_core.package_identification:_identify(geometry2/tf2_eigen) by extensions ['colcon_pkg']
[0.385s] Level 1:colcon.colcon_core.package_identification:_identify(geometry2/tf2_eigen) by extension 'colcon_pkg'
[0.385s] Level 1:colcon.colcon_core.package_identification:_identify(geometry2/tf2_eigen) by extensions ['colcon_meta']
[0.385s] Level 1:colcon.colcon_core.package_identification:_identify(geometry2/tf2_eigen) by extension 'colcon_meta'
[0.385s] Level 1:colcon.colcon_core.package_identification:_identify(geometry2/tf2_eigen) by extensions ['ros']
[0.386s] Level 1:colcon.colcon_core.package_identification:_identify(geometry2/tf2_eigen) by extension 'ros'
[0.391s] DEBUG:colcon.colcon_core.package_identification:Package 'geometry2/tf2_eigen' with type 'ros.ament_cmake' and name 'tf2_eigen'
[0.392s] Level 1:colcon.colcon_core.package_identification:_identify(geometry2/tf2_eigen_kdl) by extensions ['ignore', 'ignore_ament_install']
[0.392s] Level 1:colcon.colcon_core.package_identification:_identify(geometry2/tf2_eigen_kdl) by extension 'ignore'
[0.392s] Level 1:colcon.colcon_core.package_identification:_identify(geometry2/tf2_eigen_kdl) by extension 'ignore_ament_install'
[0.392s] Level 1:colcon.colcon_core.package_identification:_identify(geometry2/tf2_eigen_kdl) by extensions ['colcon_pkg']
[0.392s] Level 1:colcon.colcon_core.package_identification:_identify(geometry2/tf2_eigen_kdl) by extension 'colcon_pkg'
[0.392s] Level 1:colcon.colcon_core.package_identification:_identify(geometry2/tf2_eigen_kdl) by extensions ['colcon_meta']
[0.392s] Level 1:colcon.colcon_core.package_identification:_identify(geometry2/tf2_eigen_kdl) by extension 'colcon_meta'
[0.392s] Level 1:colcon.colcon_core.package_identification:_identify(geometry2/tf2_eigen_kdl) by extensions ['ros']
[0.392s] Level 1:colcon.colcon_core.package_identification:_identify(geometry2/tf2_eigen_kdl) by extension 'ros'
[0.393s] DEBUG:colcon.colcon_core.package_identification:Package 'geometry2/tf2_eigen_kdl' with type 'ros.ament_cmake' and name 'tf2_eigen_kdl'
[0.394s] Level 1:colcon.colcon_core.package_identification:_identify(geometry2/tf2_geometry_msgs) by extensions ['ignore', 'ignore_ament_install']
[0.394s] Level 1:colcon.colcon_core.package_identification:_identify(geometry2/tf2_geometry_msgs) by extension 'ignore'
[0.394s] Level 1:colcon.colcon_core.package_identification:_identify(geometry2/tf2_geometry_msgs) by extension 'ignore_ament_install'
[0.394s] Level 1:colcon.colcon_core.package_identification:_identify(geometry2/tf2_geometry_msgs) by extensions ['colcon_pkg']
[0.394s] Level 1:colcon.colcon_core.package_identification:_identify(geometry2/tf2_geometry_msgs) by extension 'colcon_pkg'
[0.394s] Level 1:colcon.colcon_core.package_identification:_identify(geometry2/tf2_geometry_msgs) by extensions ['colcon_meta']
[0.394s] Level 1:colcon.colcon_core.package_identification:_identify(geometry2/tf2_geometry_msgs) by extension 'colcon_meta'
[0.394s] Level 1:colcon.colcon_core.package_identification:_identify(geometry2/tf2_geometry_msgs) by extensions ['ros']
[0.394s] Level 1:colcon.colcon_core.package_identification:_identify(geometry2/tf2_geometry_msgs) by extension 'ros'
[0.395s] DEBUG:colcon.colcon_core.package_identification:Package 'geometry2/tf2_geometry_msgs' with type 'ros.ament_cmake' and name 'tf2_geometry_msgs'
[0.395s] Level 1:colcon.colcon_core.package_identification:_identify(geometry2/tf2_kdl) by extensions ['ignore', 'ignore_ament_install']
[0.395s] Level 1:colcon.colcon_core.package_identification:_identify(geometry2/tf2_kdl) by extension 'ignore'
[0.395s] Level 1:colcon.colcon_core.package_identification:_identify(geometry2/tf2_kdl) by extension 'ignore_ament_install'
[0.395s] Level 1:colcon.colcon_core.package_identification:_identify(geometry2/tf2_kdl) by extensions ['colcon_pkg']
[0.395s] Level 1:colcon.colcon_core.package_identification:_identify(geometry2/tf2_kdl) by extension 'colcon_pkg'
[0.395s] Level 1:colcon.colcon_core.package_identification:_identify(geometry2/tf2_kdl) by extensions ['colcon_meta']
[0.395s] Level 1:colcon.colcon_core.package_identification:_identify(geometry2/tf2_kdl) by extension 'colcon_meta'
[0.395s] Level 1:colcon.colcon_core.package_identification:_identify(geometry2/tf2_kdl) by extensions ['ros']
[0.395s] Level 1:colcon.colcon_core.package_identification:_identify(geometry2/tf2_kdl) by extension 'ros'
[0.396s] DEBUG:colcon.colcon_core.package_identification:Package 'geometry2/tf2_kdl' with type 'ros.ament_cmake' and name 'tf2_kdl'
[0.396s] Level 1:colcon.colcon_core.package_identification:_identify(geometry2/tf2_msgs) by extensions ['ignore', 'ignore_ament_install']
[0.396s] Level 1:colcon.colcon_core.package_identification:_identify(geometry2/tf2_msgs) by extension 'ignore'
[0.396s] Level 1:colcon.colcon_core.package_identification:_identify(geometry2/tf2_msgs) by extension 'ignore_ament_install'
[0.396s] Level 1:colcon.colcon_core.package_identification:_identify(geometry2/tf2_msgs) by extensions ['colcon_pkg']
[0.396s] Level 1:colcon.colcon_core.package_identification:_identify(geometry2/tf2_msgs) by extension 'colcon_pkg'
[0.396s] Level 1:colcon.colcon_core.package_identification:_identify(geometry2/tf2_msgs) by extensions ['colcon_meta']
[0.396s] Level 1:colcon.colcon_core.package_identification:_identify(geometry2/tf2_msgs) by extension 'colcon_meta'
[0.396s] Level 1:colcon.colcon_core.package_identification:_identify(geometry2/tf2_msgs) by extensions ['ros']
[0.397s] Level 1:colcon.colcon_core.package_identification:_identify(geometry2/tf2_msgs) by extension 'ros'
[0.397s] DEBUG:colcon.colcon_core.package_identification:Package 'geometry2/tf2_msgs' with type 'ros.ament_cmake' and name 'tf2_msgs'
[0.397s] Level 1:colcon.colcon_core.package_identification:_identify(geometry2/tf2_py) by extensions ['ignore', 'ignore_ament_install']
[0.397s] Level 1:colcon.colcon_core.package_identification:_identify(geometry2/tf2_py) by extension 'ignore'
[0.398s] Level 1:colcon.colcon_core.package_identification:_identify(geometry2/tf2_py) by extension 'ignore_ament_install'
[0.398s] Level 1:colcon.colcon_core.package_identification:_identify(geometry2/tf2_py) by extensions ['colcon_pkg']
[0.398s] Level 1:colcon.colcon_core.package_identification:_identify(geometry2/tf2_py) by extension 'colcon_pkg'
[0.398s] Level 1:colcon.colcon_core.package_identification:_identify(geometry2/tf2_py) by extensions ['colcon_meta']
[0.398s] Level 1:colcon.colcon_core.package_identification:_identify(geometry2/tf2_py) by extension 'colcon_meta'
[0.398s] Level 1:colcon.colcon_core.package_identification:_identify(geometry2/tf2_py) by extensions ['ros']
[0.398s] Level 1:colcon.colcon_core.package_identification:_identify(geometry2/tf2_py) by extension 'ros'
[0.398s] DEBUG:colcon.colcon_core.package_identification:Package 'geometry2/tf2_py' with type 'ros.ament_cmake' and name 'tf2_py'
[0.399s] Level 1:colcon.colcon_core.package_identification:_identify(geometry2/tf2_ros) by extensions ['ignore', 'ignore_ament_install']
[0.399s] Level 1:colcon.colcon_core.package_identification:_identify(geometry2/tf2_ros) by extension 'ignore'
[0.399s] Level 1:colcon.colcon_core.package_identification:_identify(geometry2/tf2_ros) by extension 'ignore_ament_install'
[0.399s] Level 1:colcon.colcon_core.package_identification:_identify(geometry2/tf2_ros) by extensions ['colcon_pkg']
[0.399s] Level 1:colcon.colcon_core.package_identification:_identify(geometry2/tf2_ros) by extension 'colcon_pkg'
[0.399s] Level 1:colcon.colcon_core.package_identification:_identify(geometry2/tf2_ros) by extensions ['colcon_meta']
[0.399s] Level 1:colcon.colcon_core.package_identification:_identify(geometry2/tf2_ros) by extension 'colcon_meta'
[0.399s] Level 1:colcon.colcon_core.package_identification:_identify(geometry2/tf2_ros) by extensions ['ros']
[0.399s] Level 1:colcon.colcon_core.package_identification:_identify(geometry2/tf2_ros) by extension 'ros'
[0.400s] DEBUG:colcon.colcon_core.package_identification:Package 'geometry2/tf2_ros' with type 'ros.ament_cmake' and name 'tf2_ros'
[0.400s] Level 1:colcon.colcon_core.package_identification:_identify(geometry2/tf2_ros_py) by extensions ['ignore', 'ignore_ament_install']
[0.400s] Level 1:colcon.colcon_core.package_identification:_identify(geometry2/tf2_ros_py) by extension 'ignore'
[0.400s] Level 1:colcon.colcon_core.package_identification:_identify(geometry2/tf2_ros_py) by extension 'ignore_ament_install'
[0.400s] Level 1:colcon.colcon_core.package_identification:_identify(geometry2/tf2_ros_py) by extensions ['colcon_pkg']
[0.400s] Level 1:colcon.colcon_core.package_identification:_identify(geometry2/tf2_ros_py) by extension 'colcon_pkg'
[0.400s] Level 1:colcon.colcon_core.package_identification:_identify(geometry2/tf2_ros_py) by extensions ['colcon_meta']
[0.400s] Level 1:colcon.colcon_core.package_identification:_identify(geometry2/tf2_ros_py) by extension 'colcon_meta'
[0.400s] Level 1:colcon.colcon_core.package_identification:_identify(geometry2/tf2_ros_py) by extensions ['ros']
[0.400s] Level 1:colcon.colcon_core.package_identification:_identify(geometry2/tf2_ros_py) by extension 'ros'
[0.401s] DEBUG:colcon.colcon_core.package_identification:Package 'geometry2/tf2_ros_py' with type 'ros.ament_python' and name 'tf2_ros_py'
[0.401s] Level 1:colcon.colcon_core.package_identification:_identify(geometry2/tf2_sensor_msgs) by extensions ['ignore', 'ignore_ament_install']
[0.401s] Level 1:colcon.colcon_core.package_identification:_identify(geometry2/tf2_sensor_msgs) by extension 'ignore'
[0.401s] Level 1:colcon.colcon_core.package_identification:_identify(geometry2/tf2_sensor_msgs) by extension 'ignore_ament_install'
[0.401s] Level 1:colcon.colcon_core.package_identification:_identify(geometry2/tf2_sensor_msgs) by extensions ['colcon_pkg']
[0.401s] Level 1:colcon.colcon_core.package_identification:_identify(geometry2/tf2_sensor_msgs) by extension 'colcon_pkg'
[0.401s] Level 1:colcon.colcon_core.package_identification:_identify(geometry2/tf2_sensor_msgs) by extensions ['colcon_meta']
[0.401s] Level 1:colcon.colcon_core.package_identification:_identify(geometry2/tf2_sensor_msgs) by extension 'colcon_meta'
[0.401s] Level 1:colcon.colcon_core.package_identification:_identify(geometry2/tf2_sensor_msgs) by extensions ['ros']
[0.401s] Level 1:colcon.colcon_core.package_identification:_identify(geometry2/tf2_sensor_msgs) by extension 'ros'
[0.402s] DEBUG:colcon.colcon_core.package_identification:Package 'geometry2/tf2_sensor_msgs' with type 'ros.ament_cmake' and name 'tf2_sensor_msgs'
[0.403s] Level 1:colcon.colcon_core.package_identification:_identify(geometry2/tf2_tools) by extensions ['ignore', 'ignore_ament_install']
[0.403s] Level 1:colcon.colcon_core.package_identification:_identify(geometry2/tf2_tools) by extension 'ignore'
[0.403s] Level 1:colcon.colcon_core.package_identification:_identify(geometry2/tf2_tools) by extension 'ignore_ament_install'
[0.403s] Level 1:colcon.colcon_core.package_identification:_identify(geometry2/tf2_tools) by extensions ['colcon_pkg']
[0.403s] Level 1:colcon.colcon_core.package_identification:_identify(geometry2/tf2_tools) by extension 'colcon_pkg'
[0.403s] Level 1:colcon.colcon_core.package_identification:_identify(geometry2/tf2_tools) by extensions ['colcon_meta']
[0.403s] Level 1:colcon.colcon_core.package_identification:_identify(geometry2/tf2_tools) by extension 'colcon_meta'
[0.403s] Level 1:colcon.colcon_core.package_identification:_identify(geometry2/tf2_tools) by extensions ['ros']
[0.403s] Level 1:colcon.colcon_core.package_identification:_identify(geometry2/tf2_tools) by extension 'ros'
[0.403s] DEBUG:colcon.colcon_core.package_identification:Package 'geometry2/tf2_tools' with type 'ros.ament_python' and name 'tf2_tools'
[0.404s] Level 1:colcon.colcon_core.package_identification:_identify(install) by extensions ['ignore', 'ignore_ament_install']
[0.404s] Level 1:colcon.colcon_core.package_identification:_identify(install) by extension 'ignore'
[0.404s] Level 1:colcon.colcon_core.package_identification:_identify(install) ignored
[0.404s] Level 1:colcon.colcon_core.package_identification:_identify(log) by extensions ['ignore', 'ignore_ament_install']
[0.404s] Level 1:colcon.colcon_core.package_identification:_identify(log) by extension 'ignore'
[0.404s] Level 1:colcon.colcon_core.package_identification:_identify(log) ignored
[0.404s] Level 1:colcon.colcon_core.package_identification:_identify(my_sensor_description) by extensions ['ignore', 'ignore_ament_install']
[0.404s] Level 1:colcon.colcon_core.package_identification:_identify(my_sensor_description) by extension 'ignore'
[0.404s] Level 1:colcon.colcon_core.package_identification:_identify(my_sensor_description) by extension 'ignore_ament_install'
[0.404s] Level 1:colcon.colcon_core.package_identification:_identify(my_sensor_description) by extensions ['colcon_pkg']
[0.404s] Level 1:colcon.colcon_core.package_identification:_identify(my_sensor_description) by extension 'colcon_pkg'
[0.405s] Level 1:colcon.colcon_core.package_identification:_identify(my_sensor_description) by extensions ['colcon_meta']
[0.405s] Level 1:colcon.colcon_core.package_identification:_identify(my_sensor_description) by extension 'colcon_meta'
[0.405s] Level 1:colcon.colcon_core.package_identification:_identify(my_sensor_description) by extensions ['ros']
[0.405s] Level 1:colcon.colcon_core.package_identification:_identify(my_sensor_description) by extension 'ros'
[0.405s] DEBUG:colcon.colcon_core.package_identification:Package 'my_sensor_description' with type 'ros.ament_cmake' and name 'my_sensor_description'
[0.405s] Level 1:colcon.colcon_core.package_discovery:discover_packages(recursive) using defaults
[0.405s] Level 1:colcon.colcon_core.package_discovery:discover_packages(ignore) discover
[0.405s] Level 1:colcon.colcon_core.package_discovery:discover_packages(ignore) using defaults
[0.405s] Level 1:colcon.colcon_core.package_discovery:discover_packages(path) discover
[0.405s] Level 1:colcon.colcon_core.package_discovery:discover_packages(path) using defaults
[0.430s] INFO:colcon.colcon_core.package_selection:Skipping not selected package 'tf2' in 'geometry2/tf2'
[0.430s] INFO:colcon.colcon_core.package_selection:Skipping not selected package 'tf2_msgs' in 'geometry2/tf2_msgs'
[0.430s] INFO:colcon.colcon_core.package_selection:Skipping not selected package 'tf2_eigen_kdl' in 'geometry2/tf2_eigen_kdl'
[0.430s] INFO:colcon.colcon_core.package_selection:Skipping not selected package 'tf2_py' in 'geometry2/tf2_py'
[0.430s] INFO:colcon.colcon_core.package_selection:Skipping not selected package 'tf2_ros' in 'geometry2/tf2_ros'
[0.430s] INFO:colcon.colcon_core.package_selection:Skipping not selected package 'tf2_bullet' in 'geometry2/tf2_bullet'
[0.430s] INFO:colcon.colcon_core.package_selection:Skipping not selected package 'tf2_eigen' in 'geometry2/tf2_eigen'
[0.430s] INFO:colcon.colcon_core.package_selection:Skipping not selected package 'tf2_ros_py' in 'geometry2/tf2_ros_py'
[0.430s] INFO:colcon.colcon_core.package_selection:Skipping not selected package 'examples_tf2_py' in 'geometry2/examples_tf2_py'
[0.430s] INFO:colcon.colcon_core.package_selection:Skipping not selected package 'tf2_geometry_msgs' in 'geometry2/tf2_geometry_msgs'
[0.430s] INFO:colcon.colcon_core.package_selection:Skipping not selected package 'tf2_kdl' in 'geometry2/tf2_kdl'
[0.430s] INFO:colcon.colcon_core.package_selection:Skipping not selected package 'tf2_tools' in 'geometry2/tf2_tools'
[0.430s] INFO:colcon.colcon_core.package_selection:Skipping not selected package 'geometry2' in 'geometry2/geometry2'
[0.430s] INFO:colcon.colcon_core.package_selection:Skipping not selected package 'my_sensor_description' in 'my_sensor_description'
[0.430s] INFO:colcon.colcon_core.package_selection:Skipping not selected package 'test_tf2' in 'geometry2/test_tf2'
[0.431s] Level 1:colcon.colcon_core.package_discovery:discover_packages(prefix_path) check parameters
[0.431s] Level 1:colcon.colcon_core.package_discovery:discover_packages(prefix_path) discover
[0.433s] WARNING:colcon.colcon_ros.prefix_path.ament:The path '/home/singh/ros2_sensor_ws/install/geometry2' in the environment variable AMENT_PREFIX_PATH doesn't exist
[0.433s] WARNING:colcon.colcon_ros.prefix_path.ament:The path '/home/singh/ros2_sensor_ws/install/tf2_tools' in the environment variable AMENT_PREFIX_PATH doesn't exist
[0.433s] WARNING:colcon.colcon_ros.prefix_path.ament:The path '/home/singh/ros2_sensor_ws/install/tf2_sensor_msgs' in the environment variable AMENT_PREFIX_PATH doesn't exist
[0.433s] WARNING:colcon.colcon_ros.prefix_path.ament:The path '/home/singh/ros2_sensor_ws/install/test_tf2' in the environment variable AMENT_PREFIX_PATH doesn't exist
[0.433s] WARNING:colcon.colcon_ros.prefix_path.ament:The path '/home/singh/ros2_sensor_ws/install/tf2_kdl' in the environment variable AMENT_PREFIX_PATH doesn't exist
[0.433s] WARNING:colcon.colcon_ros.prefix_path.ament:The path '/home/singh/ros2_sensor_ws/install/tf2_geometry_msgs' in the environment variable AMENT_PREFIX_PATH doesn't exist
[0.433s] WARNING:colcon.colcon_ros.prefix_path.ament:The path '/home/singh/ros2_sensor_ws/install/examples_tf2_py' in the environment variable AMENT_PREFIX_PATH doesn't exist
[0.433s] WARNING:colcon.colcon_ros.prefix_path.ament:The path '/home/singh/ros2_sensor_ws/install/tf2_ros_py' in the environment variable AMENT_PREFIX_PATH doesn't exist
[0.433s] WARNING:colcon.colcon_ros.prefix_path.ament:The path '/home/singh/ros2_sensor_ws/install/tf2_eigen' in the environment variable AMENT_PREFIX_PATH doesn't exist
[0.433s] WARNING:colcon.colcon_ros.prefix_path.ament:The path '/home/singh/ros2_sensor_ws/install/tf2_bullet' in the environment variable AMENT_PREFIX_PATH doesn't exist
[0.434s] WARNING:colcon.colcon_ros.prefix_path.ament:The path '/home/singh/ros2_sensor_ws/install/tf2_ros' in the environment variable AMENT_PREFIX_PATH doesn't exist
[0.434s] WARNING:colcon.colcon_ros.prefix_path.ament:The path '/home/singh/ros2_sensor_ws/install/tf2_py' in the environment variable AMENT_PREFIX_PATH doesn't exist
[0.434s] WARNING:colcon.colcon_ros.prefix_path.ament:The path '/home/singh/ros2_sensor_ws/install/tf2_msgs' in the environment variable AMENT_PREFIX_PATH doesn't exist
[0.434s] WARNING:colcon.colcon_ros.prefix_path.ament:The path '/home/singh/ros2_sensor_ws/install/tf2_eigen_kdl' in the environment variable AMENT_PREFIX_PATH doesn't exist
[0.434s] WARNING:colcon.colcon_ros.prefix_path.ament:The path '/home/singh/ros2_sensor_ws/install/tf2' in the environment variable AMENT_PREFIX_PATH doesn't exist
[0.435s] WARNING:colcon.colcon_ros.prefix_path.catkin:The path '/home/singh/ros2_sensor_ws/install/geometry2' in the environment variable CMAKE_PREFIX_PATH doesn't exist
[0.435s] WARNING:colcon.colcon_ros.prefix_path.catkin:The path '/home/singh/ros2_sensor_ws/install/tf2_sensor_msgs' in the environment variable CMAKE_PREFIX_PATH doesn't exist
[0.435s] WARNING:colcon.colcon_ros.prefix_path.catkin:The path '/home/singh/ros2_sensor_ws/install/test_tf2' in the environment variable CMAKE_PREFIX_PATH doesn't exist
[0.435s] WARNING:colcon.colcon_ros.prefix_path.catkin:The path '/home/singh/ros2_sensor_ws/install/tf2_kdl' in the environment variable CMAKE_PREFIX_PATH doesn't exist
[0.435s] WARNING:colcon.colcon_ros.prefix_path.catkin:The path '/home/singh/ros2_sensor_ws/install/tf2_geometry_msgs' in the environment variable CMAKE_PREFIX_PATH doesn't exist
[0.435s] WARNING:colcon.colcon_ros.prefix_path.catkin:The path '/home/singh/ros2_sensor_ws/install/tf2_eigen' in the environment variable CMAKE_PREFIX_PATH doesn't exist
[0.435s] WARNING:colcon.colcon_ros.prefix_path.catkin:The path '/home/singh/ros2_sensor_ws/install/tf2_bullet' in the environment variable CMAKE_PREFIX_PATH doesn't exist
[0.435s] WARNING:colcon.colcon_ros.prefix_path.catkin:The path '/home/singh/ros2_sensor_ws/install/tf2_ros' in the environment variable CMAKE_PREFIX_PATH doesn't exist
[0.435s] WARNING:colcon.colcon_ros.prefix_path.catkin:The path '/home/singh/ros2_sensor_ws/install/tf2_py' in the environment variable CMAKE_PREFIX_PATH doesn't exist
[0.435s] WARNING:colcon.colcon_ros.prefix_path.catkin:The path '/home/singh/ros2_sensor_ws/install/tf2_msgs' in the environment variable CMAKE_PREFIX_PATH doesn't exist
[0.435s] WARNING:colcon.colcon_ros.prefix_path.catkin:The path '/home/singh/ros2_sensor_ws/install/tf2_eigen_kdl' in the environment variable CMAKE_PREFIX_PATH doesn't exist
[0.435s] WARNING:colcon.colcon_ros.prefix_path.catkin:The path '/home/singh/ros2_sensor_ws/install/tf2' in the environment variable CMAKE_PREFIX_PATH doesn't exist
[0.436s] DEBUG:colcon.colcon_installed_package_information.package_discovery:Found 3 installed packages in /home/singh/turtlebot_ws/install
[0.437s] DEBUG:colcon.colcon_installed_package_information.package_discovery:Found 0 installed packages in /home/singh/turtlebot_ws/src/turtlebot3_gazebo/launch/install
[0.437s] DEBUG:colcon.colcon_installed_package_information.package_discovery:Found 2 installed packages in /home/singh/ros2_ws2/install
[0.437s] DEBUG:colcon.colcon_installed_package_information.package_discovery:Found 2 installed packages in /home/singh/ros2_ws2/src/install
[0.438s] DEBUG:colcon.colcon_installed_package_information.package_discovery:Found 1 installed packages in /home/singh/ros2_ws4/install
[0.438s] DEBUG:colcon.colcon_installed_package_information.package_discovery:Found 0 installed packages in /home/singh/install
[0.439s] DEBUG:colcon.colcon_installed_package_information.package_discovery:Found 1 installed packages in /home/singh/ros2_sensor_ws/install
[0.440s] DEBUG:colcon.colcon_installed_package_information.package_discovery:Found 297 installed packages in /opt/ros/humble
[0.441s] Level 1:colcon.colcon_core.package_discovery:discover_packages(prefix_path) using defaults
[0.502s] WARNING:colcon.colcon_core.package_selection:Some selected packages are already built in one or more underlay workspaces:
	'tf2_sensor_msgs' is in: /opt/ros/humble
If a package in a merged underlay workspace is overridden and it installs headers, then all packages in the overlay must sort their include directories by workspace order. Failure to do so may result in build failures or undefined behavior at run time.
If the overridden package is used by another package in any underlay, then the overriding package in the overlay must be API and ABI compatible or undefined behavior at run time may occur.

If you understand the risks and want to override a package anyways, add the following to the command line:
	--allow-overriding tf2_sensor_msgs

This may be promoted to an error in a future release of colcon-override-check.
[0.503s] Level 5:colcon.colcon_core.verb:set package 'tf2_sensor_msgs' build argument 'cmake_args' from command line to 'None'
[0.503s] Level 5:colcon.colcon_core.verb:set package 'tf2_sensor_msgs' build argument 'cmake_target' from command line to 'None'
[0.503s] Level 5:colcon.colcon_core.verb:set package 'tf2_sensor_msgs' build argument 'cmake_target_skip_unavailable' from command line to 'False'
[0.503s] Level 5:colcon.colcon_core.verb:set package 'tf2_sensor_msgs' build argument 'cmake_clean_cache' from command line to 'False'
[0.503s] Level 5:colcon.colcon_core.verb:set package 'tf2_sensor_msgs' build argument 'cmake_clean_first' from command line to 'False'
[0.503s] Level 5:colcon.colcon_core.verb:set package 'tf2_sensor_msgs' build argument 'cmake_force_configure' from command line to 'False'
[0.503s] Level 5:colcon.colcon_core.verb:set package 'tf2_sensor_msgs' build argument 'ament_cmake_args' from command line to 'None'
[0.503s] Level 5:colcon.colcon_core.verb:set package 'tf2_sensor_msgs' build argument 'catkin_cmake_args' from command line to 'None'
[0.503s] Level 5:colcon.colcon_core.verb:set package 'tf2_sensor_msgs' build argument 'catkin_skip_building_tests' from command line to 'False'
[0.503s] DEBUG:colcon.colcon_core.verb:Building package 'tf2_sensor_msgs' with the following arguments: {'ament_cmake_args': None, 'build_base': '/home/singh/ros2_sensor_ws/src/build/tf2_sensor_msgs', 'catkin_cmake_args': None, 'catkin_skip_building_tests': False, 'cmake_args': None, 'cmake_clean_cache': False, 'cmake_clean_first': False, 'cmake_force_configure': False, 'cmake_target': None, 'cmake_target_skip_unavailable': False, 'install_base': '/home/singh/ros2_sensor_ws/src/install/tf2_sensor_msgs', 'merge_install': False, 'path': '/home/singh/ros2_sensor_ws/src/geometry2/tf2_sensor_msgs', 'symlink_install': False, 'test_result_base': None}
[0.503s] INFO:colcon.colcon_core.executor:Executing jobs using 'parallel' executor
[0.504s] DEBUG:colcon.colcon_parallel_executor.executor.parallel:run_until_complete
[0.504s] INFO:colcon.colcon_ros.task.ament_cmake.build:Building ROS package in '/home/singh/ros2_sensor_ws/src/geometry2/tf2_sensor_msgs' with build type 'ament_cmake'
[0.504s] INFO:colcon.colcon_cmake.task.cmake.build:Building CMake package in '/home/singh/ros2_sensor_ws/src/geometry2/tf2_sensor_msgs'
[0.508s] INFO:colcon.colcon_core.plugin_system:Skipping extension 'colcon_core.shell.bat': Not used on non-Windows systems
[0.508s] INFO:colcon.colcon_core.shell:Skip shell extension 'powershell' for command environment: Not usable outside of PowerShell
[0.508s] DEBUG:colcon.colcon_core.shell:Skip shell extension 'dsv' for command environment
[0.510s] WARNING:colcon.colcon_core.shell:The following packages are in the workspace but haven't been built:
- tf2
- tf2_msgs
- tf2_py
- tf2_ros
- tf2_ros_py
They are being used from the following locations instead:
- /opt/ros/humble
- /opt/ros/humble
- /opt/ros/humble
- /opt/ros/humble
- /opt/ros/humble
To suppress this warning ignore these packages in the workspace:
--packages-ignore tf2 tf2_msgs tf2_py tf2_ros tf2_ros_py
[0.514s] DEBUG:colcon.colcon_core.event_handler.log_command:Invoking command in '/home/singh/ros2_sensor_ws/src/build/tf2_sensor_msgs': CMAKE_PREFIX_PATH=${CMAKE_PREFIX_PATH}:/home/singh/ros2_sensor_ws/install/tf2_tools:/home/singh/ros2_sensor_ws/install/examples_tf2_py:/home/singh/ros2_sensor_ws/install/tf2_ros_py:/opt/ros/humble /usr/bin/cmake /home/singh/ros2_sensor_ws/src/geometry2/tf2_sensor_msgs -DCMAKE_INSTALL_PREFIX=/home/singh/ros2_sensor_ws/src/install/tf2_sensor_msgs
[3.176s] DEBUG:colcon.colcon_core.event_handler.log_command:Invoked command in '/home/singh/ros2_sensor_ws/src/build/tf2_sensor_msgs' returned '0': CMAKE_PREFIX_PATH=${CMAKE_PREFIX_PATH}:/home/singh/ros2_sensor_ws/install/tf2_tools:/home/singh/ros2_sensor_ws/install/examples_tf2_py:/home/singh/ros2_sensor_ws/install/tf2_ros_py:/opt/ros/humble /usr/bin/cmake /home/singh/ros2_sensor_ws/src/geometry2/tf2_sensor_msgs -DCMAKE_INSTALL_PREFIX=/home/singh/ros2_sensor_ws/src/install/tf2_sensor_msgs
[3.177s] DEBUG:colcon.colcon_core.event_handler.log_command:Invoking command in '/home/singh/ros2_sensor_ws/src/build/tf2_sensor_msgs': CMAKE_PREFIX_PATH=${CMAKE_PREFIX_PATH}:/home/singh/ros2_sensor_ws/install/tf2_tools:/home/singh/ros2_sensor_ws/install/examples_tf2_py:/home/singh/ros2_sensor_ws/install/tf2_ros_py:/opt/ros/humble /usr/bin/cmake --build /home/singh/ros2_sensor_ws/src/build/tf2_sensor_msgs -- -j12 -l12
[9.482s] DEBUG:colcon.colcon_core.event_handler.log_command:Invoked command in '/home/singh/ros2_sensor_ws/src/build/tf2_sensor_msgs' returned '0': CMAKE_PREFIX_PATH=${CMAKE_PREFIX_PATH}:/home/singh/ros2_sensor_ws/install/tf2_tools:/home/singh/ros2_sensor_ws/install/examples_tf2_py:/home/singh/ros2_sensor_ws/install/tf2_ros_py:/opt/ros/humble /usr/bin/cmake --build /home/singh/ros2_sensor_ws/src/build/tf2_sensor_msgs -- -j12 -l12
[9.488s] DEBUG:colcon.colcon_core.event_handler.log_command:Invoking command in '/home/singh/ros2_sensor_ws/src/build/tf2_sensor_msgs': CMAKE_PREFIX_PATH=${CMAKE_PREFIX_PATH}:/home/singh/ros2_sensor_ws/install/tf2_tools:/home/singh/ros2_sensor_ws/install/examples_tf2_py:/home/singh/ros2_sensor_ws/install/tf2_ros_py:/opt/ros/humble /usr/bin/cmake --install /home/singh/ros2_sensor_ws/src/build/tf2_sensor_msgs
[9.529s] Level 1:colcon.colcon_core.environment:create_environment_scripts_only(tf2_sensor_msgs)
[9.530s] DEBUG:colcon.colcon_core.event_handler.log_command:Invoked command in '/home/singh/ros2_sensor_ws/src/build/tf2_sensor_msgs' returned '0': CMAKE_PREFIX_PATH=${CMAKE_PREFIX_PATH}:/home/singh/ros2_sensor_ws/install/tf2_tools:/home/singh/ros2_sensor_ws/install/examples_tf2_py:/home/singh/ros2_sensor_ws/install/tf2_ros_py:/opt/ros/humble /usr/bin/cmake --install /home/singh/ros2_sensor_ws/src/build/tf2_sensor_msgs
[9.536s] Level 1:colcon.colcon_core.environment:checking '/home/singh/ros2_sensor_ws/src/install/tf2_sensor_msgs' for CMake module files
[9.536s] Level 1:colcon.colcon_core.environment:checking '/home/singh/ros2_sensor_ws/src/install/tf2_sensor_msgs' for CMake config files
[9.536s] Level 1:colcon.colcon_core.shell:create_environment_hook('tf2_sensor_msgs', 'cmake_prefix_path')
[9.537s] INFO:colcon.colcon_core.shell:Creating environment hook '/home/singh/ros2_sensor_ws/src/install/tf2_sensor_msgs/share/tf2_sensor_msgs/hook/cmake_prefix_path.ps1'
[9.537s] INFO:colcon.colcon_core.shell:Creating environment descriptor '/home/singh/ros2_sensor_ws/src/install/tf2_sensor_msgs/share/tf2_sensor_msgs/hook/cmake_prefix_path.dsv'
[9.538s] INFO:colcon.colcon_core.shell:Creating environment hook '/home/singh/ros2_sensor_ws/src/install/tf2_sensor_msgs/share/tf2_sensor_msgs/hook/cmake_prefix_path.sh'
[9.539s] Level 1:colcon.colcon_core.environment:checking '/home/singh/ros2_sensor_ws/src/install/tf2_sensor_msgs/bin'
[9.539s] Level 1:colcon.colcon_core.environment:checking '/home/singh/ros2_sensor_ws/src/install/tf2_sensor_msgs/lib/pkgconfig/tf2_sensor_msgs.pc'
[9.539s] Level 1:colcon.colcon_core.environment:checking '/home/singh/ros2_sensor_ws/src/install/tf2_sensor_msgs/lib/python3.10/site-packages'
[9.539s] Level 1:colcon.colcon_core.environment:checking '/home/singh/ros2_sensor_ws/src/install/tf2_sensor_msgs/bin'
[9.539s] INFO:colcon.colcon_core.shell:Creating package script '/home/singh/ros2_sensor_ws/src/install/tf2_sensor_msgs/share/tf2_sensor_msgs/package.ps1'
[9.540s] INFO:colcon.colcon_core.shell:Creating package descriptor '/home/singh/ros2_sensor_ws/src/install/tf2_sensor_msgs/share/tf2_sensor_msgs/package.dsv'
[9.540s] INFO:colcon.colcon_core.shell:Creating package script '/home/singh/ros2_sensor_ws/src/install/tf2_sensor_msgs/share/tf2_sensor_msgs/package.sh'
[9.541s] INFO:colcon.colcon_core.shell:Creating package script '/home/singh/ros2_sensor_ws/src/install/tf2_sensor_msgs/share/tf2_sensor_msgs/package.bash'
[9.541s] INFO:colcon.colcon_core.shell:Creating package script '/home/singh/ros2_sensor_ws/src/install/tf2_sensor_msgs/share/tf2_sensor_msgs/package.zsh'
[9.542s] Level 1:colcon.colcon_core.environment:create_file_with_runtime_dependencies(/home/singh/ros2_sensor_ws/src/install/tf2_sensor_msgs/share/colcon-core/packages/tf2_sensor_msgs)
[9.543s] Level 1:colcon.colcon_core.environment:create_environment_scripts_only(tf2_sensor_msgs)
[9.543s] Level 1:colcon.colcon_core.environment:checking '/home/singh/ros2_sensor_ws/src/install/tf2_sensor_msgs' for CMake module files
[9.543s] Level 1:colcon.colcon_core.environment:checking '/home/singh/ros2_sensor_ws/src/install/tf2_sensor_msgs' for CMake config files
[9.543s] Level 1:colcon.colcon_core.shell:create_environment_hook('tf2_sensor_msgs', 'cmake_prefix_path')
[9.543s] INFO:colcon.colcon_core.shell:Creating environment hook '/home/singh/ros2_sensor_ws/src/install/tf2_sensor_msgs/share/tf2_sensor_msgs/hook/cmake_prefix_path.ps1'
[9.544s] INFO:colcon.colcon_core.shell:Creating environment descriptor '/home/singh/ros2_sensor_ws/src/install/tf2_sensor_msgs/share/tf2_sensor_msgs/hook/cmake_prefix_path.dsv'
[9.544s] INFO:colcon.colcon_core.shell:Creating environment hook '/home/singh/ros2_sensor_ws/src/install/tf2_sensor_msgs/share/tf2_sensor_msgs/hook/cmake_prefix_path.sh'
[9.545s] Level 1:colcon.colcon_core.environment:checking '/home/singh/ros2_sensor_ws/src/install/tf2_sensor_msgs/bin'
[9.545s] Level 1:colcon.colcon_core.environment:checking '/home/singh/ros2_sensor_ws/src/install/tf2_sensor_msgs/lib/pkgconfig/tf2_sensor_msgs.pc'
[9.546s] Level 1:colcon.colcon_core.environment:checking '/home/singh/ros2_sensor_ws/src/install/tf2_sensor_msgs/lib/python3.10/site-packages'
[9.546s] Level 1:colcon.colcon_core.environment:checking '/home/singh/ros2_sensor_ws/src/install/tf2_sensor_msgs/bin'
[9.546s] INFO:colcon.colcon_core.shell:Creating package script '/home/singh/ros2_sensor_ws/src/install/tf2_sensor_msgs/share/tf2_sensor_msgs/package.ps1'
[9.547s] INFO:colcon.colcon_core.shell:Creating package descriptor '/home/singh/ros2_sensor_ws/src/install/tf2_sensor_msgs/share/tf2_sensor_msgs/package.dsv'
[9.547s] INFO:colcon.colcon_core.shell:Creating package script '/home/singh/ros2_sensor_ws/src/install/tf2_sensor_msgs/share/tf2_sensor_msgs/package.sh'
[9.548s] INFO:colcon.colcon_core.shell:Creating package script '/home/singh/ros2_sensor_ws/src/install/tf2_sensor_msgs/share/tf2_sensor_msgs/package.bash'
[9.548s] INFO:colcon.colcon_core.shell:Creating package script '/home/singh/ros2_sensor_ws/src/install/tf2_sensor_msgs/share/tf2_sensor_msgs/package.zsh'
[9.548s] Level 1:colcon.colcon_core.environment:create_file_with_runtime_dependencies(/home/singh/ros2_sensor_ws/src/install/tf2_sensor_msgs/share/colcon-core/packages/tf2_sensor_msgs)
[9.549s] DEBUG:colcon.colcon_parallel_executor.executor.parallel:closing loop
[9.549s] DEBUG:colcon.colcon_parallel_executor.executor.parallel:loop closed
[9.550s] DEBUG:colcon.colcon_parallel_executor.executor.parallel:run_until_complete finished with '0'
[9.550s] DEBUG:colcon.colcon_core.event_reactor:joining thread
[9.570s] INFO:colcon.colcon_core.plugin_system:Skipping extension 'colcon_notification.desktop_notification.notify_send': Could not find 'notify-send'
[9.570s] INFO:colcon.colcon_core.plugin_system:Skipping extension 'colcon_notification.desktop_notification.terminal_notifier': Not used on non-Darwin systems
[9.570s] INFO:colcon.colcon_core.plugin_system:Skipping extension 'colcon_notification.desktop_notification.win32': Not used on non-Windows systems
[9.570s] INFO:colcon.colcon_notification.desktop_notification:Sending desktop notification using 'notify2'
[9.571s] DEBUG:colcon.colcon_notification.desktop_notification.notify2:Failed to initialize notify2: org.freedesktop.DBus.Error.ServiceUnknown: The name org.freedesktop.Notifications was not provided by any .service files
[9.572s] DEBUG:colcon.colcon_core.event_reactor:joined thread
[9.572s] INFO:colcon.colcon_core.shell:Creating prefix script '/home/singh/ros2_sensor_ws/src/install/local_setup.ps1'
[9.573s] INFO:colcon.colcon_core.shell:Creating prefix util module '/home/singh/ros2_sensor_ws/src/install/_local_setup_util_ps1.py'
[9.574s] INFO:colcon.colcon_core.shell:Creating prefix chain script '/home/singh/ros2_sensor_ws/src/install/setup.ps1'
[9.575s] INFO:colcon.colcon_core.shell:Creating prefix script '/home/singh/ros2_sensor_ws/src/install/local_setup.sh'
[9.576s] INFO:colcon.colcon_core.shell:Creating prefix util module '/home/singh/ros2_sensor_ws/src/install/_local_setup_util_sh.py'
[9.576s] INFO:colcon.colcon_core.shell:Creating prefix chain script '/home/singh/ros2_sensor_ws/src/install/setup.sh'
[9.578s] INFO:colcon.colcon_core.shell:Creating prefix script '/home/singh/ros2_sensor_ws/src/install/local_setup.bash'
[9.578s] INFO:colcon.colcon_core.shell:Creating prefix chain script '/home/singh/ros2_sensor_ws/src/install/setup.bash'
[9.579s] INFO:colcon.colcon_core.shell:Creating prefix script '/home/singh/ros2_sensor_ws/src/install/local_setup.zsh'
[9.580s] INFO:colcon.colcon_core.shell:Creating prefix chain script '/home/singh/ros2_sensor_ws/src/install/setup.zsh'
