[1.469s] Invoking command in '/home/singh/ros2_sensor_ws/src/YOLOv5-ROS/yolov5_ros': AMENT_PREFIX_PATH=/home/singh/ros2_sensor_ws/install/bboxes_ex_msgs:${AMENT_PREFIX_PATH} CMAKE_PREFIX_PATH=/home/singh/ros2_sensor_ws/install/bboxes_ex_msgs:${CMAKE_PREFIX_PATH} LD_LIBRARY_PATH=/home/singh/ros2_sensor_ws/install/bboxes_ex_msgs/lib:${LD_LIBRARY_PATH} PYTHONPATH=/home/singh/ros2_sensor_ws/build/yolov5_ros/prefix_override:/usr/lib/python3/dist-packages/colcon_core/task/python/colcon_distutils_commands:/home/singh/ros2_sensor_ws/install/yolov5_ros/lib/python3.10/site-packages:/home/singh/ros2_sensor_ws/install/bboxes_ex_msgs/local/lib/python3.10/dist-packages:${PYTHONPATH} /usr/bin/python3 -W ignore:setup.py install is deprecated -W ignore:easy_install command is deprecated setup.py egg_info --egg-base ../../../build/yolov5_ros build --build-base /home/singh/ros2_sensor_ws/build/yolov5_ros/build install --record /home/singh/ros2_sensor_ws/build/yolov5_ros/install.log --single-version-externally-managed install_data
[1.897s] running egg_info
[1.898s] creating ../../../build/yolov5_ros/yolov5_ros.egg-info
[1.898s] writing ../../../build/yolov5_ros/yolov5_ros.egg-info/PKG-INFO
[1.899s] writing dependency_links to ../../../build/yolov5_ros/yolov5_ros.egg-info/dependency_links.txt
[1.899s] writing entry points to ../../../build/yolov5_ros/yolov5_ros.egg-info/entry_points.txt
[1.899s] writing requirements to ../../../build/yolov5_ros/yolov5_ros.egg-info/requires.txt
[1.900s] writing top-level names to ../../../build/yolov5_ros/yolov5_ros.egg-info/top_level.txt
[1.900s] writing manifest file '../../../build/yolov5_ros/yolov5_ros.egg-info/SOURCES.txt'
[1.904s] reading manifest file '../../../build/yolov5_ros/yolov5_ros.egg-info/SOURCES.txt'
[1.905s] writing manifest file '../../../build/yolov5_ros/yolov5_ros.egg-info/SOURCES.txt'
[1.906s] running build
[1.906s] running build_py
[1.906s] creating /home/singh/ros2_sensor_ws/build/yolov5_ros/build
[1.906s] creating /home/singh/ros2_sensor_ws/build/yolov5_ros/build/lib
[1.906s] creating /home/singh/ros2_sensor_ws/build/yolov5_ros/build/lib/yolov5_ros
[1.907s] copying yolov5_ros/__init__.py -> /home/singh/ros2_sensor_ws/build/yolov5_ros/build/lib/yolov5_ros
[1.907s] copying yolov5_ros/export.py -> /home/singh/ros2_sensor_ws/build/yolov5_ros/build/lib/yolov5_ros
[1.907s] copying yolov5_ros/main.py -> /home/singh/ros2_sensor_ws/build/yolov5_ros/build/lib/yolov5_ros
[1.908s] creating /home/singh/ros2_sensor_ws/build/yolov5_ros/build/lib/yolov5_ros/utils
[1.908s] copying yolov5_ros/utils/datasets.py -> /home/singh/ros2_sensor_ws/build/yolov5_ros/build/lib/yolov5_ros/utils
[1.908s] copying yolov5_ros/utils/autobatch.py -> /home/singh/ros2_sensor_ws/build/yolov5_ros/build/lib/yolov5_ros/utils
[1.908s] copying yolov5_ros/utils/augmentations.py -> /home/singh/ros2_sensor_ws/build/yolov5_ros/build/lib/yolov5_ros/utils
[1.908s] copying yolov5_ros/utils/autoanchor.py -> /home/singh/ros2_sensor_ws/build/yolov5_ros/build/lib/yolov5_ros/utils
[1.909s] copying yolov5_ros/utils/callbacks.py -> /home/singh/ros2_sensor_ws/build/yolov5_ros/build/lib/yolov5_ros/utils
[1.909s] copying yolov5_ros/utils/activations.py -> /home/singh/ros2_sensor_ws/build/yolov5_ros/build/lib/yolov5_ros/utils
[1.909s] copying yolov5_ros/utils/loss.py -> /home/singh/ros2_sensor_ws/build/yolov5_ros/build/lib/yolov5_ros/utils
[1.910s] copying yolov5_ros/utils/metrics.py -> /home/singh/ros2_sensor_ws/build/yolov5_ros/build/lib/yolov5_ros/utils
[1.911s] copying yolov5_ros/utils/__init__.py -> /home/singh/ros2_sensor_ws/build/yolov5_ros/build/lib/yolov5_ros/utils
[1.912s] copying yolov5_ros/utils/plots.py -> /home/singh/ros2_sensor_ws/build/yolov5_ros/build/lib/yolov5_ros/utils
[1.912s] copying yolov5_ros/utils/benchmarks.py -> /home/singh/ros2_sensor_ws/build/yolov5_ros/build/lib/yolov5_ros/utils
[1.912s] copying yolov5_ros/utils/downloads.py -> /home/singh/ros2_sensor_ws/build/yolov5_ros/build/lib/yolov5_ros/utils
[1.912s] copying yolov5_ros/utils/general.py -> /home/singh/ros2_sensor_ws/build/yolov5_ros/build/lib/yolov5_ros/utils
[1.915s] copying yolov5_ros/utils/torch_utils.py -> /home/singh/ros2_sensor_ws/build/yolov5_ros/build/lib/yolov5_ros/utils
[1.915s] creating /home/singh/ros2_sensor_ws/build/yolov5_ros/build/lib/yolov5_ros/models
[1.916s] copying yolov5_ros/models/yolo.py -> /home/singh/ros2_sensor_ws/build/yolov5_ros/build/lib/yolov5_ros/models
[1.916s] copying yolov5_ros/models/common.py -> /home/singh/ros2_sensor_ws/build/yolov5_ros/build/lib/yolov5_ros/models
[1.916s] copying yolov5_ros/models/tf.py -> /home/singh/ros2_sensor_ws/build/yolov5_ros/build/lib/yolov5_ros/models
[1.916s] copying yolov5_ros/models/__init__.py -> /home/singh/ros2_sensor_ws/build/yolov5_ros/build/lib/yolov5_ros/models
[1.916s] copying yolov5_ros/models/experimental.py -> /home/singh/ros2_sensor_ws/build/yolov5_ros/build/lib/yolov5_ros/models
[1.917s] creating /home/singh/ros2_sensor_ws/build/yolov5_ros/build/lib/yolov5_ros/utils/aws
[1.917s] copying yolov5_ros/utils/aws/__init__.py -> /home/singh/ros2_sensor_ws/build/yolov5_ros/build/lib/yolov5_ros/utils/aws
[1.917s] copying yolov5_ros/utils/aws/resume.py -> /home/singh/ros2_sensor_ws/build/yolov5_ros/build/lib/yolov5_ros/utils/aws
[1.918s] creating /home/singh/ros2_sensor_ws/build/yolov5_ros/build/lib/yolov5_ros/utils/loggers
[1.918s] copying yolov5_ros/utils/loggers/__init__.py -> /home/singh/ros2_sensor_ws/build/yolov5_ros/build/lib/yolov5_ros/utils/loggers
[1.918s] creating /home/singh/ros2_sensor_ws/build/yolov5_ros/build/lib/yolov5_ros/utils/loggers/wandb
[1.919s] copying yolov5_ros/utils/loggers/wandb/log_dataset.py -> /home/singh/ros2_sensor_ws/build/yolov5_ros/build/lib/yolov5_ros/utils/loggers/wandb
[1.919s] copying yolov5_ros/utils/loggers/wandb/__init__.py -> /home/singh/ros2_sensor_ws/build/yolov5_ros/build/lib/yolov5_ros/utils/loggers/wandb
[1.920s] copying yolov5_ros/utils/loggers/wandb/wandb_utils.py -> /home/singh/ros2_sensor_ws/build/yolov5_ros/build/lib/yolov5_ros/utils/loggers/wandb
[1.920s] copying yolov5_ros/utils/loggers/wandb/sweep.py -> /home/singh/ros2_sensor_ws/build/yolov5_ros/build/lib/yolov5_ros/utils/loggers/wandb
[1.921s] running install
[1.921s] running install_lib
[1.923s] creating /home/singh/ros2_sensor_ws/install/yolov5_ros/lib/python3.10/site-packages/yolov5_ros
[1.924s] creating /home/singh/ros2_sensor_ws/install/yolov5_ros/lib/python3.10/site-packages/yolov5_ros/utils
[1.924s] copying /home/singh/ros2_sensor_ws/build/yolov5_ros/build/lib/yolov5_ros/utils/datasets.py -> /home/singh/ros2_sensor_ws/install/yolov5_ros/lib/python3.10/site-packages/yolov5_ros/utils
[1.926s] copying /home/singh/ros2_sensor_ws/build/yolov5_ros/build/lib/yolov5_ros/utils/autobatch.py -> /home/singh/ros2_sensor_ws/install/yolov5_ros/lib/python3.10/site-packages/yolov5_ros/utils
[1.927s] creating /home/singh/ros2_sensor_ws/install/yolov5_ros/lib/python3.10/site-packages/yolov5_ros/utils/aws
[1.928s] copying /home/singh/ros2_sensor_ws/build/yolov5_ros/build/lib/yolov5_ros/utils/aws/__init__.py -> /home/singh/ros2_sensor_ws/install/yolov5_ros/lib/python3.10/site-packages/yolov5_ros/utils/aws
[1.929s] copying /home/singh/ros2_sensor_ws/build/yolov5_ros/build/lib/yolov5_ros/utils/aws/resume.py -> /home/singh/ros2_sensor_ws/install/yolov5_ros/lib/python3.10/site-packages/yolov5_ros/utils/aws
[1.930s] copying /home/singh/ros2_sensor_ws/build/yolov5_ros/build/lib/yolov5_ros/utils/augmentations.py -> /home/singh/ros2_sensor_ws/install/yolov5_ros/lib/python3.10/site-packages/yolov5_ros/utils
[1.931s] copying /home/singh/ros2_sensor_ws/build/yolov5_ros/build/lib/yolov5_ros/utils/autoanchor.py -> /home/singh/ros2_sensor_ws/install/yolov5_ros/lib/python3.10/site-packages/yolov5_ros/utils
[1.931s] copying /home/singh/ros2_sensor_ws/build/yolov5_ros/build/lib/yolov5_ros/utils/callbacks.py -> /home/singh/ros2_sensor_ws/install/yolov5_ros/lib/python3.10/site-packages/yolov5_ros/utils
[1.931s] copying /home/singh/ros2_sensor_ws/build/yolov5_ros/build/lib/yolov5_ros/utils/activations.py -> /home/singh/ros2_sensor_ws/install/yolov5_ros/lib/python3.10/site-packages/yolov5_ros/utils
[1.931s] copying /home/singh/ros2_sensor_ws/build/yolov5_ros/build/lib/yolov5_ros/utils/loss.py -> /home/singh/ros2_sensor_ws/install/yolov5_ros/lib/python3.10/site-packages/yolov5_ros/utils
[1.932s] copying /home/singh/ros2_sensor_ws/build/yolov5_ros/build/lib/yolov5_ros/utils/metrics.py -> /home/singh/ros2_sensor_ws/install/yolov5_ros/lib/python3.10/site-packages/yolov5_ros/utils
[1.932s] copying /home/singh/ros2_sensor_ws/build/yolov5_ros/build/lib/yolov5_ros/utils/__init__.py -> /home/singh/ros2_sensor_ws/install/yolov5_ros/lib/python3.10/site-packages/yolov5_ros/utils
[1.932s] copying /home/singh/ros2_sensor_ws/build/yolov5_ros/build/lib/yolov5_ros/utils/plots.py -> /home/singh/ros2_sensor_ws/install/yolov5_ros/lib/python3.10/site-packages/yolov5_ros/utils
[1.932s] copying /home/singh/ros2_sensor_ws/build/yolov5_ros/build/lib/yolov5_ros/utils/benchmarks.py -> /home/singh/ros2_sensor_ws/install/yolov5_ros/lib/python3.10/site-packages/yolov5_ros/utils
[1.932s] copying /home/singh/ros2_sensor_ws/build/yolov5_ros/build/lib/yolov5_ros/utils/downloads.py -> /home/singh/ros2_sensor_ws/install/yolov5_ros/lib/python3.10/site-packages/yolov5_ros/utils
[1.932s] copying /home/singh/ros2_sensor_ws/build/yolov5_ros/build/lib/yolov5_ros/utils/general.py -> /home/singh/ros2_sensor_ws/install/yolov5_ros/lib/python3.10/site-packages/yolov5_ros/utils
[1.932s] copying /home/singh/ros2_sensor_ws/build/yolov5_ros/build/lib/yolov5_ros/utils/torch_utils.py -> /home/singh/ros2_sensor_ws/install/yolov5_ros/lib/python3.10/site-packages/yolov5_ros/utils
[1.932s] creating /home/singh/ros2_sensor_ws/install/yolov5_ros/lib/python3.10/site-packages/yolov5_ros/utils/loggers
[1.932s] creating /home/singh/ros2_sensor_ws/install/yolov5_ros/lib/python3.10/site-packages/yolov5_ros/utils/loggers/wandb
[1.933s] copying /home/singh/ros2_sensor_ws/build/yolov5_ros/build/lib/yolov5_ros/utils/loggers/wandb/log_dataset.py -> /home/singh/ros2_sensor_ws/install/yolov5_ros/lib/python3.10/site-packages/yolov5_ros/utils/loggers/wandb
[1.933s] copying /home/singh/ros2_sensor_ws/build/yolov5_ros/build/lib/yolov5_ros/utils/loggers/wandb/__init__.py -> /home/singh/ros2_sensor_ws/install/yolov5_ros/lib/python3.10/site-packages/yolov5_ros/utils/loggers/wandb
[1.933s] copying /home/singh/ros2_sensor_ws/build/yolov5_ros/build/lib/yolov5_ros/utils/loggers/wandb/wandb_utils.py -> /home/singh/ros2_sensor_ws/install/yolov5_ros/lib/python3.10/site-packages/yolov5_ros/utils/loggers/wandb
[1.933s] copying /home/singh/ros2_sensor_ws/build/yolov5_ros/build/lib/yolov5_ros/utils/loggers/wandb/sweep.py -> /home/singh/ros2_sensor_ws/install/yolov5_ros/lib/python3.10/site-packages/yolov5_ros/utils/loggers/wandb
[1.933s] copying /home/singh/ros2_sensor_ws/build/yolov5_ros/build/lib/yolov5_ros/utils/loggers/__init__.py -> /home/singh/ros2_sensor_ws/install/yolov5_ros/lib/python3.10/site-packages/yolov5_ros/utils/loggers
[1.933s] creating /home/singh/ros2_sensor_ws/install/yolov5_ros/lib/python3.10/site-packages/yolov5_ros/models
[1.933s] copying /home/singh/ros2_sensor_ws/build/yolov5_ros/build/lib/yolov5_ros/models/yolo.py -> /home/singh/ros2_sensor_ws/install/yolov5_ros/lib/python3.10/site-packages/yolov5_ros/models
[1.933s] copying /home/singh/ros2_sensor_ws/build/yolov5_ros/build/lib/yolov5_ros/models/common.py -> /home/singh/ros2_sensor_ws/install/yolov5_ros/lib/python3.10/site-packages/yolov5_ros/models
[1.934s] copying /home/singh/ros2_sensor_ws/build/yolov5_ros/build/lib/yolov5_ros/models/tf.py -> /home/singh/ros2_sensor_ws/install/yolov5_ros/lib/python3.10/site-packages/yolov5_ros/models
[1.934s] copying /home/singh/ros2_sensor_ws/build/yolov5_ros/build/lib/yolov5_ros/models/__init__.py -> /home/singh/ros2_sensor_ws/install/yolov5_ros/lib/python3.10/site-packages/yolov5_ros/models
[1.934s] copying /home/singh/ros2_sensor_ws/build/yolov5_ros/build/lib/yolov5_ros/models/experimental.py -> /home/singh/ros2_sensor_ws/install/yolov5_ros/lib/python3.10/site-packages/yolov5_ros/models
[1.934s] copying /home/singh/ros2_sensor_ws/build/yolov5_ros/build/lib/yolov5_ros/__init__.py -> /home/singh/ros2_sensor_ws/install/yolov5_ros/lib/python3.10/site-packages/yolov5_ros
[1.934s] copying /home/singh/ros2_sensor_ws/build/yolov5_ros/build/lib/yolov5_ros/export.py -> /home/singh/ros2_sensor_ws/install/yolov5_ros/lib/python3.10/site-packages/yolov5_ros
[1.934s] copying /home/singh/ros2_sensor_ws/build/yolov5_ros/build/lib/yolov5_ros/main.py -> /home/singh/ros2_sensor_ws/install/yolov5_ros/lib/python3.10/site-packages/yolov5_ros
[1.934s] byte-compiling /home/singh/ros2_sensor_ws/install/yolov5_ros/lib/python3.10/site-packages/yolov5_ros/utils/datasets.py to datasets.cpython-310.pyc
[1.939s] byte-compiling /home/singh/ros2_sensor_ws/install/yolov5_ros/lib/python3.10/site-packages/yolov5_ros/utils/autobatch.py to autobatch.cpython-310.pyc
[1.940s] byte-compiling /home/singh/ros2_sensor_ws/install/yolov5_ros/lib/python3.10/site-packages/yolov5_ros/utils/aws/__init__.py to __init__.cpython-310.pyc
[1.940s] byte-compiling /home/singh/ros2_sensor_ws/install/yolov5_ros/lib/python3.10/site-packages/yolov5_ros/utils/aws/resume.py to resume.cpython-310.pyc
[1.940s] byte-compiling /home/singh/ros2_sensor_ws/install/yolov5_ros/lib/python3.10/site-packages/yolov5_ros/utils/augmentations.py to augmentations.cpython-310.pyc
[1.942s] byte-compiling /home/singh/ros2_sensor_ws/install/yolov5_ros/lib/python3.10/site-packages/yolov5_ros/utils/autoanchor.py to autoanchor.cpython-310.pyc
[1.944s] byte-compiling /home/singh/ros2_sensor_ws/install/yolov5_ros/lib/python3.10/site-packages/yolov5_ros/utils/callbacks.py to callbacks.cpython-310.pyc
[1.944s] byte-compiling /home/singh/ros2_sensor_ws/install/yolov5_ros/lib/python3.10/site-packages/yolov5_ros/utils/activations.py to activations.cpython-310.pyc
[1.945s] byte-compiling /home/singh/ros2_sensor_ws/install/yolov5_ros/lib/python3.10/site-packages/yolov5_ros/utils/loss.py to loss.cpython-310.pyc
[1.946s] byte-compiling /home/singh/ros2_sensor_ws/install/yolov5_ros/lib/python3.10/site-packages/yolov5_ros/utils/metrics.py to metrics.cpython-310.pyc
[1.949s] byte-compiling /home/singh/ros2_sensor_ws/install/yolov5_ros/lib/python3.10/site-packages/yolov5_ros/utils/__init__.py to __init__.cpython-310.pyc
[1.949s] byte-compiling /home/singh/ros2_sensor_ws/install/yolov5_ros/lib/python3.10/site-packages/yolov5_ros/utils/plots.py to plots.cpython-310.pyc
[1.953s] byte-compiling /home/singh/ros2_sensor_ws/install/yolov5_ros/lib/python3.10/site-packages/yolov5_ros/utils/benchmarks.py to benchmarks.cpython-310.pyc
[1.955s] byte-compiling /home/singh/ros2_sensor_ws/install/yolov5_ros/lib/python3.10/site-packages/yolov5_ros/utils/downloads.py to downloads.cpython-310.pyc
[1.956s] byte-compiling /home/singh/ros2_sensor_ws/install/yolov5_ros/lib/python3.10/site-packages/yolov5_ros/utils/general.py to general.cpython-310.pyc
[1.969s] byte-compiling /home/singh/ros2_sensor_ws/install/yolov5_ros/lib/python3.10/site-packages/yolov5_ros/utils/torch_utils.py to torch_utils.cpython-310.pyc
[1.972s] byte-compiling /home/singh/ros2_sensor_ws/install/yolov5_ros/lib/python3.10/site-packages/yolov5_ros/utils/loggers/wandb/log_dataset.py to log_dataset.cpython-310.pyc
[1.973s] byte-compiling /home/singh/ros2_sensor_ws/install/yolov5_ros/lib/python3.10/site-packages/yolov5_ros/utils/loggers/wandb/__init__.py to __init__.cpython-310.pyc
[1.974s] byte-compiling /home/singh/ros2_sensor_ws/install/yolov5_ros/lib/python3.10/site-packages/yolov5_ros/utils/loggers/wandb/wandb_utils.py to wandb_utils.cpython-310.pyc
[1.980s] byte-compiling /home/singh/ros2_sensor_ws/install/yolov5_ros/lib/python3.10/site-packages/yolov5_ros/utils/loggers/wandb/sweep.py to sweep.cpython-310.pyc
[1.981s] byte-compiling /home/singh/ros2_sensor_ws/install/yolov5_ros/lib/python3.10/site-packages/yolov5_ros/utils/loggers/__init__.py to __init__.cpython-310.pyc
[1.984s] byte-compiling /home/singh/ros2_sensor_ws/install/yolov5_ros/lib/python3.10/site-packages/yolov5_ros/models/yolo.py to yolo.cpython-310.pyc
[1.986s] byte-compiling /home/singh/ros2_sensor_ws/install/yolov5_ros/lib/python3.10/site-packages/yolov5_ros/models/common.py to common.cpython-310.pyc
[1.991s] byte-compiling /home/singh/ros2_sensor_ws/install/yolov5_ros/lib/python3.10/site-packages/yolov5_ros/models/tf.py to tf.cpython-310.pyc
[1.994s] byte-compiling /home/singh/ros2_sensor_ws/install/yolov5_ros/lib/python3.10/site-packages/yolov5_ros/models/__init__.py to __init__.cpython-310.pyc
[1.995s] byte-compiling /home/singh/ros2_sensor_ws/install/yolov5_ros/lib/python3.10/site-packages/yolov5_ros/models/experimental.py to experimental.cpython-310.pyc
[1.996s] byte-compiling /home/singh/ros2_sensor_ws/install/yolov5_ros/lib/python3.10/site-packages/yolov5_ros/__init__.py to __init__.cpython-310.pyc
[1.997s] byte-compiling /home/singh/ros2_sensor_ws/install/yolov5_ros/lib/python3.10/site-packages/yolov5_ros/export.py to export.cpython-310.pyc
[2.000s] byte-compiling /home/singh/ros2_sensor_ws/install/yolov5_ros/lib/python3.10/site-packages/yolov5_ros/main.py to main.cpython-310.pyc
[2.002s] running install_data
[2.002s] creating /home/singh/ros2_sensor_ws/install/yolov5_ros/share/ament_index
[2.002s] creating /home/singh/ros2_sensor_ws/install/yolov5_ros/share/ament_index/resource_index
[2.003s] creating /home/singh/ros2_sensor_ws/install/yolov5_ros/share/ament_index/resource_index/packages
[2.003s] copying resource/yolov5_ros -> /home/singh/ros2_sensor_ws/install/yolov5_ros/share/ament_index/resource_index/packages
[2.003s] copying package.xml -> /home/singh/ros2_sensor_ws/install/yolov5_ros/share/yolov5_ros
[2.003s] copying ./launch/yolov5s_simple.launch.py -> /home/singh/ros2_sensor_ws/install/yolov5_ros/share/yolov5_ros
[2.003s] running install_egg_info
[2.004s] Copying ../../../build/yolov5_ros/yolov5_ros.egg-info to /home/singh/ros2_sensor_ws/install/yolov5_ros/lib/python3.10/site-packages/yolov5_ros-0.2.0-py3.10.egg-info
[2.004s] running install_scripts
[2.020s] Installing yolov5_ros script to /home/singh/ros2_sensor_ws/install/yolov5_ros/lib/yolov5_ros
[2.022s] writing list of installed files to '/home/singh/ros2_sensor_ws/build/yolov5_ros/install.log'
[2.074s] Invoked command in '/home/singh/ros2_sensor_ws/src/YOLOv5-ROS/yolov5_ros' returned '0': AMENT_PREFIX_PATH=/home/singh/ros2_sensor_ws/install/bboxes_ex_msgs:${AMENT_PREFIX_PATH} CMAKE_PREFIX_PATH=/home/singh/ros2_sensor_ws/install/bboxes_ex_msgs:${CMAKE_PREFIX_PATH} LD_LIBRARY_PATH=/home/singh/ros2_sensor_ws/install/bboxes_ex_msgs/lib:${LD_LIBRARY_PATH} PYTHONPATH=/home/singh/ros2_sensor_ws/build/yolov5_ros/prefix_override:/usr/lib/python3/dist-packages/colcon_core/task/python/colcon_distutils_commands:/home/singh/ros2_sensor_ws/install/yolov5_ros/lib/python3.10/site-packages:/home/singh/ros2_sensor_ws/install/bboxes_ex_msgs/local/lib/python3.10/dist-packages:${PYTHONPATH} /usr/bin/python3 -W ignore:setup.py install is deprecated -W ignore:easy_install command is deprecated setup.py egg_info --egg-base ../../../build/yolov5_ros build --build-base /home/singh/ros2_sensor_ws/build/yolov5_ros/build install --record /home/singh/ros2_sensor_ws/build/yolov5_ros/install.log --single-version-externally-managed install_data
