[0.024s] Invoking command in '/home/singh/ros2_sensor_ws/build/bboxes_ex_msgs': CMAKE_PREFIX_PATH=${CMAKE_PREFIX_PATH}:/home/singh/rtab_ws/install/rtabmap_python:/opt/ros/humble /usr/bin/cmake /home/singh/ros2_sensor_ws/src/bbox_ex_msgs -DCMAKE_INSTALL_PREFIX=/home/singh/ros2_sensor_ws/install/bboxes_ex_msgs
[0.174s] -- The C compiler identification is GNU 11.4.0
[0.601s] -- The CXX compiler identification is GNU 11.4.0
[0.731s] -- Detecting C compiler ABI info
[0.852s] -- Detecting C compiler ABI info - done
[0.857s] -- Check for working C compiler: /usr/bin/cc - skipped
[0.857s] -- Detecting C compile features
[0.858s] -- Detecting C compile features - done
[0.860s] -- Detecting CXX compiler ABI info
[0.986s] -- Detecting CXX compiler ABI info - done
[0.990s] -- Check for working CXX compiler: /usr/bin/c++ - skipped
[0.991s] -- Detecting CXX compile features
[0.991s] -- Detecting CXX compile features - done
[0.993s] -- Found ament_cmake: 1.3.11 (/opt/ros/humble/share/ament_cmake/cmake)
[1.104s] -- Found Python3: /usr/bin/python3 (found version "3.10.12") found components: Interpreter 
[1.208s] -- Found builtin_interfaces: 1.2.1 (/opt/ros/humble/share/builtin_interfaces/cmake)
[1.345s] -- Found rosidl_generator_c: 3.1.6 (/opt/ros/humble/share/rosidl_generator_c/cmake)
[1.349s] -- Found rosidl_adapter: 3.1.6 (/opt/ros/humble/share/rosidl_adapter/cmake)
[1.357s] -- Found rosidl_generator_cpp: 3.1.6 (/opt/ros/humble/share/rosidl_generator_cpp/cmake)
[1.372s] -- Using all available rosidl_typesupport_c: rosidl_typesupport_fastrtps_c;rosidl_typesupport_introspection_c
[1.394s] -- Using all available rosidl_typesupport_cpp: rosidl_typesupport_fastrtps_cpp;rosidl_typesupport_introspection_cpp
[1.414s] -- Found std_msgs: 4.8.0 (/opt/ros/humble/share/std_msgs/cmake)
[1.430s] -- Found rosidl_default_generators: 1.2.0 (/opt/ros/humble/share/rosidl_default_generators/cmake)
[1.675s] -- Found ament_cmake_ros: 0.10.0 (/opt/ros/humble/share/ament_cmake_ros/cmake)
[2.020s] -- Using all available rosidl_typesupport_c: rosidl_typesupport_fastrtps_c;rosidl_typesupport_introspection_c
[2.212s] -- Using all available rosidl_typesupport_cpp: rosidl_typesupport_fastrtps_cpp;rosidl_typesupport_introspection_cpp
[2.358s] -- Found PythonInterp: /usr/bin/python3 (found suitable version "3.10.12", minimum required is "3.6") 
[2.362s] -- Found python_cmake_module: 0.10.0 (/opt/ros/humble/share/python_cmake_module/cmake)
[2.602s] -- Found PythonLibs: /usr/lib/x86_64-linux-gnu/libpython3.10.so (found suitable version "3.10.12", minimum required is "3.5") 
[2.602s] -- Using PYTHON_EXECUTABLE: /usr/bin/python3
[2.602s] -- Using PYTHON_INCLUDE_DIRS: /usr/include/python3.10
[2.602s] -- Using PYTHON_LIBRARIES: /usr/lib/x86_64-linux-gnu/libpython3.10.so
[2.628s] -- Found PythonExtra: .so  
[2.726s] -- Configuring done
[2.761s] -- Generating done
[2.775s] -- Build files have been written to: /home/singh/ros2_sensor_ws/build/bboxes_ex_msgs
[2.782s] Invoked command in '/home/singh/ros2_sensor_ws/build/bboxes_ex_msgs' returned '0': CMAKE_PREFIX_PATH=${CMAKE_PREFIX_PATH}:/home/singh/rtab_ws/install/rtabmap_python:/opt/ros/humble /usr/bin/cmake /home/singh/ros2_sensor_ws/src/bbox_ex_msgs -DCMAKE_INSTALL_PREFIX=/home/singh/ros2_sensor_ws/install/bboxes_ex_msgs
[2.784s] Invoking command in '/home/singh/ros2_sensor_ws/build/bboxes_ex_msgs': CMAKE_PREFIX_PATH=${CMAKE_PREFIX_PATH}:/home/singh/rtab_ws/install/rtabmap_python:/opt/ros/humble /usr/bin/cmake --build /home/singh/ros2_sensor_ws/build/bboxes_ex_msgs -- -j12 -l12
[2.815s] [  2%] [34m[1mGenerating C code for ROS interfaces[0m
[2.829s] [  5%] [34m[1mGenerating C++ code for ROS interfaces[0m
[2.837s] [  5%] Built target ament_cmake_python_copy_bboxes_ex_msgs
[3.233s] running egg_info
[3.235s] creating bboxes_ex_msgs.egg-info
[3.236s] writing bboxes_ex_msgs.egg-info/PKG-INFO
[3.238s] writing dependency_links to bboxes_ex_msgs.egg-info/dependency_links.txt
[3.239s] writing top-level names to bboxes_ex_msgs.egg-info/top_level.txt
[3.239s] writing manifest file 'bboxes_ex_msgs.egg-info/SOURCES.txt'
[3.243s] [  7%] [32mBuilding C object CMakeFiles/bboxes_ex_msgs__rosidl_generator_c.dir/rosidl_generator_c/bboxes_ex_msgs/msg/detail/bounding_boxes__functions.c.o[0m
[3.243s] [ 10%] [32mBuilding C object CMakeFiles/bboxes_ex_msgs__rosidl_generator_c.dir/rosidl_generator_c/bboxes_ex_msgs/msg/detail/bounding_box__functions.c.o[0m
[3.246s] reading manifest file 'bboxes_ex_msgs.egg-info/SOURCES.txt'
[3.247s] writing manifest file 'bboxes_ex_msgs.egg-info/SOURCES.txt'
[3.251s] [ 10%] Built target bboxes_ex_msgs__cpp
[3.267s] [ 15%] [34m[1mGenerating C++ introspection for ROS interfaces[0m
[3.268s] [ 15%] [34m[1mGenerating C++ type support dispatch for ROS interfaces[0m
[3.285s] [ 17%] [34m[1mGenerating C++ type support for eProsima Fast-RTPS[0m
[3.309s] [ 17%] Built target ament_cmake_python_build_bboxes_ex_msgs_egg
[3.348s] [ 20%] [32m[1mLinking C shared library libbboxes_ex_msgs__rosidl_generator_c.so[0m
[3.491s] [ 20%] Built target bboxes_ex_msgs__rosidl_generator_c
[3.504s] [ 23%] [34m[1mGenerating C type support for eProsima Fast-RTPS[0m
[3.508s] [ 25%] [34m[1mGenerating C introspection for ROS interfaces[0m
[3.513s] [ 28%] [34m[1mGenerating C type support dispatch for ROS interfaces[0m
[3.706s] [ 30%] [32mBuilding CXX object CMakeFiles/bboxes_ex_msgs__rosidl_typesupport_cpp.dir/rosidl_typesupport_cpp/bboxes_ex_msgs/msg/bounding_box__type_support.cpp.o[0m
[3.708s] [ 33%] [32mBuilding CXX object CMakeFiles/bboxes_ex_msgs__rosidl_typesupport_cpp.dir/rosidl_typesupport_cpp/bboxes_ex_msgs/msg/bounding_boxes__type_support.cpp.o[0m
[3.801s] [ 35%] [32mBuilding CXX object CMakeFiles/bboxes_ex_msgs__rosidl_typesupport_fastrtps_cpp.dir/rosidl_typesupport_fastrtps_cpp/bboxes_ex_msgs/msg/detail/dds_fastrtps/bounding_box__type_support.cpp.o[0m
[3.802s] [ 38%] [32mBuilding CXX object CMakeFiles/bboxes_ex_msgs__rosidl_typesupport_fastrtps_cpp.dir/rosidl_typesupport_fastrtps_cpp/bboxes_ex_msgs/msg/detail/dds_fastrtps/bounding_boxes__type_support.cpp.o[0m
[3.808s] [ 41%] [32mBuilding CXX object CMakeFiles/bboxes_ex_msgs__rosidl_typesupport_introspection_cpp.dir/rosidl_typesupport_introspection_cpp/bboxes_ex_msgs/msg/detail/bounding_box__type_support.cpp.o[0m
[3.830s] [ 43%] [32mBuilding CXX object CMakeFiles/bboxes_ex_msgs__rosidl_typesupport_introspection_cpp.dir/rosidl_typesupport_introspection_cpp/bboxes_ex_msgs/msg/detail/bounding_boxes__type_support.cpp.o[0m
[3.981s] [ 46%] [32mBuilding C object CMakeFiles/bboxes_ex_msgs__rosidl_typesupport_introspection_c.dir/rosidl_typesupport_introspection_c/bboxes_ex_msgs/msg/detail/bounding_box__type_support.c.o[0m
[4.005s] [ 51%] [32mBuilding C object CMakeFiles/bboxes_ex_msgs__rosidl_typesupport_introspection_c.dir/rosidl_typesupport_introspection_c/bboxes_ex_msgs/msg/detail/bounding_boxes__type_support.c.o[0m
[4.006s] [ 53%] [32mBuilding CXX object CMakeFiles/bboxes_ex_msgs__rosidl_typesupport_fastrtps_c.dir/rosidl_typesupport_fastrtps_c/bboxes_ex_msgs/msg/detail/bounding_boxes__type_support_c.cpp.o[0m
[4.015s] [ 53%] [32mBuilding CXX object CMakeFiles/bboxes_ex_msgs__rosidl_typesupport_fastrtps_c.dir/rosidl_typesupport_fastrtps_c/bboxes_ex_msgs/msg/detail/bounding_box__type_support_c.cpp.o[0m
[4.092s] [ 56%] [32mBuilding CXX object CMakeFiles/bboxes_ex_msgs__rosidl_typesupport_c.dir/rosidl_typesupport_c/bboxes_ex_msgs/msg/bounding_boxes__type_support.cpp.o[0m
[4.121s] [ 58%] [32mBuilding CXX object CMakeFiles/bboxes_ex_msgs__rosidl_typesupport_c.dir/rosidl_typesupport_c/bboxes_ex_msgs/msg/bounding_box__type_support.cpp.o[0m
[4.176s] [ 61%] [32m[1mLinking C shared library libbboxes_ex_msgs__rosidl_typesupport_introspection_c.so[0m
[4.189s] [ 64%] [32m[1mLinking CXX shared library libbboxes_ex_msgs__rosidl_typesupport_c.so[0m
[4.375s] [ 64%] Built target bboxes_ex_msgs__rosidl_typesupport_introspection_c
[4.460s] [ 64%] Built target bboxes_ex_msgs__rosidl_typesupport_c
[4.587s] [ 66%] [32m[1mLinking CXX shared library libbboxes_ex_msgs__rosidl_typesupport_cpp.so[0m
[4.864s] [ 66%] Built target bboxes_ex_msgs__rosidl_typesupport_cpp
[4.949s] [ 69%] [32m[1mLinking CXX shared library libbboxes_ex_msgs__rosidl_typesupport_fastrtps_cpp.so[0m
[4.965s] [ 71%] [32m[1mLinking CXX shared library libbboxes_ex_msgs__rosidl_typesupport_fastrtps_c.so[0m
[4.966s] [ 74%] [32m[1mLinking CXX shared library libbboxes_ex_msgs__rosidl_typesupport_introspection_cpp.so[0m
[5.160s] [ 74%] Built target bboxes_ex_msgs__rosidl_typesupport_introspection_cpp
[5.195s] [ 74%] Built target bboxes_ex_msgs__rosidl_typesupport_fastrtps_cpp
[5.231s] [ 74%] Built target bboxes_ex_msgs__rosidl_typesupport_fastrtps_c
[5.282s] [ 74%] Built target bboxes_ex_msgs
[5.369s] [ 76%] [34m[1mGenerating Python code for ROS interfaces[0m
[6.329s] [ 76%] Built target bboxes_ex_msgs__py
[6.389s] [ 79%] [32mBuilding C object CMakeFiles/bboxes_ex_msgs__rosidl_generator_py.dir/rosidl_generator_py/bboxes_ex_msgs/msg/_bounding_box_s.c.o[0m
[6.402s] [ 82%] [32mBuilding C object CMakeFiles/bboxes_ex_msgs__rosidl_generator_py.dir/rosidl_generator_py/bboxes_ex_msgs/msg/_bounding_boxes_s.c.o[0m
[6.923s] [ 84%] [32m[1mLinking C shared library rosidl_generator_py/bboxes_ex_msgs/libbboxes_ex_msgs__rosidl_generator_py.so[0m
[7.107s] [ 84%] Built target bboxes_ex_msgs__rosidl_generator_py
[7.184s] [ 87%] [32mBuilding C object CMakeFiles/bboxes_ex_msgs__rosidl_typesupport_introspection_c__pyext.dir/rosidl_generator_py/bboxes_ex_msgs/_bboxes_ex_msgs_s.ep.rosidl_typesupport_introspection_c.c.o[0m
[7.193s] [ 89%] [32mBuilding C object CMakeFiles/bboxes_ex_msgs__rosidl_typesupport_fastrtps_c__pyext.dir/rosidl_generator_py/bboxes_ex_msgs/_bboxes_ex_msgs_s.ep.rosidl_typesupport_fastrtps_c.c.o[0m
[7.196s] [ 92%] [32mBuilding C object CMakeFiles/bboxes_ex_msgs__rosidl_typesupport_c__pyext.dir/rosidl_generator_py/bboxes_ex_msgs/_bboxes_ex_msgs_s.ep.rosidl_typesupport_c.c.o[0m
[7.332s] [ 94%] [32m[1mLinking C shared library rosidl_generator_py/bboxes_ex_msgs/bboxes_ex_msgs_s__rosidl_typesupport_introspection_c.cpython-310-x86_64-linux-gnu.so[0m
[7.363s] [ 97%] [32m[1mLinking C shared library rosidl_generator_py/bboxes_ex_msgs/bboxes_ex_msgs_s__rosidl_typesupport_fastrtps_c.cpython-310-x86_64-linux-gnu.so[0m
[7.365s] [100%] [32m[1mLinking C shared library rosidl_generator_py/bboxes_ex_msgs/bboxes_ex_msgs_s__rosidl_typesupport_c.cpython-310-x86_64-linux-gnu.so[0m
[7.476s] [100%] Built target bboxes_ex_msgs__rosidl_typesupport_introspection_c__pyext
[7.480s] [100%] Built target bboxes_ex_msgs__rosidl_typesupport_fastrtps_c__pyext
[7.485s] [100%] Built target bboxes_ex_msgs__rosidl_typesupport_c__pyext
[7.506s] Invoked command in '/home/singh/ros2_sensor_ws/build/bboxes_ex_msgs' returned '0': CMAKE_PREFIX_PATH=${CMAKE_PREFIX_PATH}:/home/singh/rtab_ws/install/rtabmap_python:/opt/ros/humble /usr/bin/cmake --build /home/singh/ros2_sensor_ws/build/bboxes_ex_msgs -- -j12 -l12
[7.521s] Invoking command in '/home/singh/ros2_sensor_ws/build/bboxes_ex_msgs': CMAKE_PREFIX_PATH=${CMAKE_PREFIX_PATH}:/home/singh/rtab_ws/install/rtabmap_python:/opt/ros/humble /usr/bin/cmake --install /home/singh/ros2_sensor_ws/build/bboxes_ex_msgs
[7.531s] -- Install configuration: ""
[7.533s] -- Installing: /home/singh/ros2_sensor_ws/install/bboxes_ex_msgs/share/ament_index/resource_index/rosidl_interfaces/bboxes_ex_msgs
[7.533s] -- Installing: /home/singh/ros2_sensor_ws/install/bboxes_ex_msgs/include/bboxes_ex_msgs/bboxes_ex_msgs
[7.535s] -- Installing: /home/singh/ros2_sensor_ws/install/bboxes_ex_msgs/include/bboxes_ex_msgs/bboxes_ex_msgs/msg
[7.535s] -- Installing: /home/singh/ros2_sensor_ws/install/bboxes_ex_msgs/include/bboxes_ex_msgs/bboxes_ex_msgs/msg/rosidl_generator_c__visibility_control.h
[7.537s] -- Installing: /home/singh/ros2_sensor_ws/install/bboxes_ex_msgs/include/bboxes_ex_msgs/bboxes_ex_msgs/msg/bounding_boxes.h
[7.539s] -- Installing: /home/singh/ros2_sensor_ws/install/bboxes_ex_msgs/include/bboxes_ex_msgs/bboxes_ex_msgs/msg/detail
[7.540s] -- Installing: /home/singh/ros2_sensor_ws/install/bboxes_ex_msgs/include/bboxes_ex_msgs/bboxes_ex_msgs/msg/detail/bounding_boxes__functions.h
[7.540s] -- Installing: /home/singh/ros2_sensor_ws/install/bboxes_ex_msgs/include/bboxes_ex_msgs/bboxes_ex_msgs/msg/detail/bounding_box__struct.h
[7.540s] -- Installing: /home/singh/ros2_sensor_ws/install/bboxes_ex_msgs/include/bboxes_ex_msgs/bboxes_ex_msgs/msg/detail/bounding_boxes__type_support.h
[7.540s] -- Installing: /home/singh/ros2_sensor_ws/install/bboxes_ex_msgs/include/bboxes_ex_msgs/bboxes_ex_msgs/msg/detail/bounding_boxes__struct.h
[7.540s] -- Installing: /home/singh/ros2_sensor_ws/install/bboxes_ex_msgs/include/bboxes_ex_msgs/bboxes_ex_msgs/msg/detail/bounding_box__functions.h
[7.540s] -- Installing: /home/singh/ros2_sensor_ws/install/bboxes_ex_msgs/include/bboxes_ex_msgs/bboxes_ex_msgs/msg/detail/bounding_boxes__functions.c
[7.540s] -- Installing: /home/singh/ros2_sensor_ws/install/bboxes_ex_msgs/include/bboxes_ex_msgs/bboxes_ex_msgs/msg/detail/bounding_box__type_support.h
[7.540s] -- Installing: /home/singh/ros2_sensor_ws/install/bboxes_ex_msgs/include/bboxes_ex_msgs/bboxes_ex_msgs/msg/detail/bounding_box__functions.c
[7.541s] -- Installing: /home/singh/ros2_sensor_ws/install/bboxes_ex_msgs/include/bboxes_ex_msgs/bboxes_ex_msgs/msg/bounding_box.h
[7.541s] -- Installing: /home/singh/ros2_sensor_ws/install/bboxes_ex_msgs/share/bboxes_ex_msgs/environment/library_path.sh
[7.541s] -- Installing: /home/singh/ros2_sensor_ws/install/bboxes_ex_msgs/share/bboxes_ex_msgs/environment/library_path.dsv
[7.541s] -- Installing: /home/singh/ros2_sensor_ws/install/bboxes_ex_msgs/lib/libbboxes_ex_msgs__rosidl_generator_c.so
[7.542s] -- Set runtime path of "/home/singh/ros2_sensor_ws/install/bboxes_ex_msgs/lib/libbboxes_ex_msgs__rosidl_generator_c.so" to ""
[7.543s] -- Up-to-date: /home/singh/ros2_sensor_ws/install/bboxes_ex_msgs/include/bboxes_ex_msgs/bboxes_ex_msgs
[7.543s] -- Up-to-date: /home/singh/ros2_sensor_ws/install/bboxes_ex_msgs/include/bboxes_ex_msgs/bboxes_ex_msgs/msg
[7.543s] -- Installing: /home/singh/ros2_sensor_ws/install/bboxes_ex_msgs/include/bboxes_ex_msgs/bboxes_ex_msgs/msg/rosidl_typesupport_fastrtps_c__visibility_control.h
[7.543s] -- Up-to-date: /home/singh/ros2_sensor_ws/install/bboxes_ex_msgs/include/bboxes_ex_msgs/bboxes_ex_msgs/msg/detail
[7.543s] -- Installing: /home/singh/ros2_sensor_ws/install/bboxes_ex_msgs/include/bboxes_ex_msgs/bboxes_ex_msgs/msg/detail/bounding_boxes__rosidl_typesupport_fastrtps_c.h
[7.543s] -- Installing: /home/singh/ros2_sensor_ws/install/bboxes_ex_msgs/include/bboxes_ex_msgs/bboxes_ex_msgs/msg/detail/bounding_box__rosidl_typesupport_fastrtps_c.h
[7.544s] -- Installing: /home/singh/ros2_sensor_ws/install/bboxes_ex_msgs/lib/libbboxes_ex_msgs__rosidl_typesupport_fastrtps_c.so
[7.544s] -- Set runtime path of "/home/singh/ros2_sensor_ws/install/bboxes_ex_msgs/lib/libbboxes_ex_msgs__rosidl_typesupport_fastrtps_c.so" to ""
[7.545s] -- Up-to-date: /home/singh/ros2_sensor_ws/install/bboxes_ex_msgs/include/bboxes_ex_msgs/bboxes_ex_msgs
[7.545s] -- Up-to-date: /home/singh/ros2_sensor_ws/install/bboxes_ex_msgs/include/bboxes_ex_msgs/bboxes_ex_msgs/msg
[7.546s] -- Installing: /home/singh/ros2_sensor_ws/install/bboxes_ex_msgs/include/bboxes_ex_msgs/bboxes_ex_msgs/msg/bounding_boxes.hpp
[7.546s] -- Installing: /home/singh/ros2_sensor_ws/install/bboxes_ex_msgs/include/bboxes_ex_msgs/bboxes_ex_msgs/msg/rosidl_generator_cpp__visibility_control.hpp
[7.547s] -- Installing: /home/singh/ros2_sensor_ws/install/bboxes_ex_msgs/include/bboxes_ex_msgs/bboxes_ex_msgs/msg/bounding_box.hpp
[7.547s] -- Up-to-date: /home/singh/ros2_sensor_ws/install/bboxes_ex_msgs/include/bboxes_ex_msgs/bboxes_ex_msgs/msg/detail
[7.547s] -- Installing: /home/singh/ros2_sensor_ws/install/bboxes_ex_msgs/include/bboxes_ex_msgs/bboxes_ex_msgs/msg/detail/bounding_box__builder.hpp
[7.547s] -- Installing: /home/singh/ros2_sensor_ws/install/bboxes_ex_msgs/include/bboxes_ex_msgs/bboxes_ex_msgs/msg/detail/bounding_boxes__traits.hpp
[7.548s] -- Installing: /home/singh/ros2_sensor_ws/install/bboxes_ex_msgs/include/bboxes_ex_msgs/bboxes_ex_msgs/msg/detail/bounding_boxes__type_support.hpp
[7.548s] -- Installing: /home/singh/ros2_sensor_ws/install/bboxes_ex_msgs/include/bboxes_ex_msgs/bboxes_ex_msgs/msg/detail/bounding_box__type_support.hpp
[7.548s] -- Installing: /home/singh/ros2_sensor_ws/install/bboxes_ex_msgs/include/bboxes_ex_msgs/bboxes_ex_msgs/msg/detail/bounding_box__struct.hpp
[7.549s] -- Installing: /home/singh/ros2_sensor_ws/install/bboxes_ex_msgs/include/bboxes_ex_msgs/bboxes_ex_msgs/msg/detail/bounding_boxes__builder.hpp
[7.549s] -- Installing: /home/singh/ros2_sensor_ws/install/bboxes_ex_msgs/include/bboxes_ex_msgs/bboxes_ex_msgs/msg/detail/bounding_box__traits.hpp
[7.549s] -- Installing: /home/singh/ros2_sensor_ws/install/bboxes_ex_msgs/include/bboxes_ex_msgs/bboxes_ex_msgs/msg/detail/bounding_boxes__struct.hpp
[7.549s] -- Up-to-date: /home/singh/ros2_sensor_ws/install/bboxes_ex_msgs/include/bboxes_ex_msgs/bboxes_ex_msgs
[7.550s] -- Up-to-date: /home/singh/ros2_sensor_ws/install/bboxes_ex_msgs/include/bboxes_ex_msgs/bboxes_ex_msgs/msg
[7.550s] -- Up-to-date: /home/singh/ros2_sensor_ws/install/bboxes_ex_msgs/include/bboxes_ex_msgs/bboxes_ex_msgs/msg/detail
[7.550s] -- Installing: /home/singh/ros2_sensor_ws/install/bboxes_ex_msgs/include/bboxes_ex_msgs/bboxes_ex_msgs/msg/detail/bounding_boxes__rosidl_typesupport_fastrtps_cpp.hpp
[7.550s] -- Installing: /home/singh/ros2_sensor_ws/install/bboxes_ex_msgs/include/bboxes_ex_msgs/bboxes_ex_msgs/msg/detail/dds_fastrtps
[7.550s] -- Installing: /home/singh/ros2_sensor_ws/install/bboxes_ex_msgs/include/bboxes_ex_msgs/bboxes_ex_msgs/msg/detail/bounding_box__rosidl_typesupport_fastrtps_cpp.hpp
[7.550s] -- Installing: /home/singh/ros2_sensor_ws/install/bboxes_ex_msgs/include/bboxes_ex_msgs/bboxes_ex_msgs/msg/rosidl_typesupport_fastrtps_cpp__visibility_control.h
[7.551s] -- Installing: /home/singh/ros2_sensor_ws/install/bboxes_ex_msgs/lib/libbboxes_ex_msgs__rosidl_typesupport_fastrtps_cpp.so
[7.551s] -- Set runtime path of "/home/singh/ros2_sensor_ws/install/bboxes_ex_msgs/lib/libbboxes_ex_msgs__rosidl_typesupport_fastrtps_cpp.so" to ""
[7.551s] -- Up-to-date: /home/singh/ros2_sensor_ws/install/bboxes_ex_msgs/include/bboxes_ex_msgs/bboxes_ex_msgs
[7.551s] -- Up-to-date: /home/singh/ros2_sensor_ws/install/bboxes_ex_msgs/include/bboxes_ex_msgs/bboxes_ex_msgs/msg
[7.551s] -- Installing: /home/singh/ros2_sensor_ws/install/bboxes_ex_msgs/include/bboxes_ex_msgs/bboxes_ex_msgs/msg/rosidl_typesupport_introspection_c__visibility_control.h
[7.551s] -- Up-to-date: /home/singh/ros2_sensor_ws/install/bboxes_ex_msgs/include/bboxes_ex_msgs/bboxes_ex_msgs/msg/detail
[7.552s] -- Installing: /home/singh/ros2_sensor_ws/install/bboxes_ex_msgs/include/bboxes_ex_msgs/bboxes_ex_msgs/msg/detail/bounding_box__rosidl_typesupport_introspection_c.h
[7.552s] -- Installing: /home/singh/ros2_sensor_ws/install/bboxes_ex_msgs/include/bboxes_ex_msgs/bboxes_ex_msgs/msg/detail/bounding_boxes__type_support.c
[7.552s] -- Installing: /home/singh/ros2_sensor_ws/install/bboxes_ex_msgs/include/bboxes_ex_msgs/bboxes_ex_msgs/msg/detail/bounding_box__type_support.c
[7.552s] -- Installing: /home/singh/ros2_sensor_ws/install/bboxes_ex_msgs/include/bboxes_ex_msgs/bboxes_ex_msgs/msg/detail/bounding_boxes__rosidl_typesupport_introspection_c.h
[7.552s] -- Installing: /home/singh/ros2_sensor_ws/install/bboxes_ex_msgs/lib/libbboxes_ex_msgs__rosidl_typesupport_introspection_c.so
[7.552s] -- Set runtime path of "/home/singh/ros2_sensor_ws/install/bboxes_ex_msgs/lib/libbboxes_ex_msgs__rosidl_typesupport_introspection_c.so" to ""
[7.552s] -- Installing: /home/singh/ros2_sensor_ws/install/bboxes_ex_msgs/lib/libbboxes_ex_msgs__rosidl_typesupport_c.so
[7.552s] -- Set runtime path of "/home/singh/ros2_sensor_ws/install/bboxes_ex_msgs/lib/libbboxes_ex_msgs__rosidl_typesupport_c.so" to ""
[7.552s] -- Up-to-date: /home/singh/ros2_sensor_ws/install/bboxes_ex_msgs/include/bboxes_ex_msgs/bboxes_ex_msgs
[7.553s] -- Up-to-date: /home/singh/ros2_sensor_ws/install/bboxes_ex_msgs/include/bboxes_ex_msgs/bboxes_ex_msgs/msg
[7.553s] -- Up-to-date: /home/singh/ros2_sensor_ws/install/bboxes_ex_msgs/include/bboxes_ex_msgs/bboxes_ex_msgs/msg/detail
[7.553s] -- Installing: /home/singh/ros2_sensor_ws/install/bboxes_ex_msgs/include/bboxes_ex_msgs/bboxes_ex_msgs/msg/detail/bounding_boxes__rosidl_typesupport_introspection_cpp.hpp
[7.553s] -- Installing: /home/singh/ros2_sensor_ws/install/bboxes_ex_msgs/include/bboxes_ex_msgs/bboxes_ex_msgs/msg/detail/bounding_box__type_support.cpp
[7.553s] -- Installing: /home/singh/ros2_sensor_ws/install/bboxes_ex_msgs/include/bboxes_ex_msgs/bboxes_ex_msgs/msg/detail/bounding_boxes__type_support.cpp
[7.553s] -- Installing: /home/singh/ros2_sensor_ws/install/bboxes_ex_msgs/include/bboxes_ex_msgs/bboxes_ex_msgs/msg/detail/bounding_box__rosidl_typesupport_introspection_cpp.hpp
[7.553s] -- Installing: /home/singh/ros2_sensor_ws/install/bboxes_ex_msgs/lib/libbboxes_ex_msgs__rosidl_typesupport_introspection_cpp.so
[7.553s] -- Set runtime path of "/home/singh/ros2_sensor_ws/install/bboxes_ex_msgs/lib/libbboxes_ex_msgs__rosidl_typesupport_introspection_cpp.so" to ""
[7.553s] -- Installing: /home/singh/ros2_sensor_ws/install/bboxes_ex_msgs/lib/libbboxes_ex_msgs__rosidl_typesupport_cpp.so
[7.553s] -- Set runtime path of "/home/singh/ros2_sensor_ws/install/bboxes_ex_msgs/lib/libbboxes_ex_msgs__rosidl_typesupport_cpp.so" to ""
[7.554s] -- Installing: /home/singh/ros2_sensor_ws/install/bboxes_ex_msgs/share/bboxes_ex_msgs/environment/pythonpath.sh
[7.554s] -- Installing: /home/singh/ros2_sensor_ws/install/bboxes_ex_msgs/share/bboxes_ex_msgs/environment/pythonpath.dsv
[7.554s] -- Installing: /home/singh/ros2_sensor_ws/install/bboxes_ex_msgs/local/lib/python3.10/dist-packages/bboxes_ex_msgs-0.0.0-py3.10.egg-info
[7.554s] -- Installing: /home/singh/ros2_sensor_ws/install/bboxes_ex_msgs/local/lib/python3.10/dist-packages/bboxes_ex_msgs-0.0.0-py3.10.egg-info/top_level.txt
[7.554s] -- Installing: /home/singh/ros2_sensor_ws/install/bboxes_ex_msgs/local/lib/python3.10/dist-packages/bboxes_ex_msgs-0.0.0-py3.10.egg-info/SOURCES.txt
[7.554s] -- Installing: /home/singh/ros2_sensor_ws/install/bboxes_ex_msgs/local/lib/python3.10/dist-packages/bboxes_ex_msgs-0.0.0-py3.10.egg-info/dependency_links.txt
[7.555s] -- Installing: /home/singh/ros2_sensor_ws/install/bboxes_ex_msgs/local/lib/python3.10/dist-packages/bboxes_ex_msgs-0.0.0-py3.10.egg-info/PKG-INFO
[7.555s] -- Installing: /home/singh/ros2_sensor_ws/install/bboxes_ex_msgs/local/lib/python3.10/dist-packages/bboxes_ex_msgs
[7.556s] -- Installing: /home/singh/ros2_sensor_ws/install/bboxes_ex_msgs/local/lib/python3.10/dist-packages/bboxes_ex_msgs/bboxes_ex_msgs_s__rosidl_typesupport_c.cpython-310-x86_64-linux-gnu.so
[7.556s] -- Installing: /home/singh/ros2_sensor_ws/install/bboxes_ex_msgs/local/lib/python3.10/dist-packages/bboxes_ex_msgs/_bboxes_ex_msgs_s.ep.rosidl_typesupport_fastrtps_c.c
[7.556s] -- Installing: /home/singh/ros2_sensor_ws/install/bboxes_ex_msgs/local/lib/python3.10/dist-packages/bboxes_ex_msgs/msg
[7.556s] -- Installing: /home/singh/ros2_sensor_ws/install/bboxes_ex_msgs/local/lib/python3.10/dist-packages/bboxes_ex_msgs/msg/_bounding_box_s.c
[7.557s] -- Installing: /home/singh/ros2_sensor_ws/install/bboxes_ex_msgs/local/lib/python3.10/dist-packages/bboxes_ex_msgs/msg/__init__.py
[7.557s] -- Installing: /home/singh/ros2_sensor_ws/install/bboxes_ex_msgs/local/lib/python3.10/dist-packages/bboxes_ex_msgs/msg/_bounding_boxes.py
[7.557s] -- Installing: /home/singh/ros2_sensor_ws/install/bboxes_ex_msgs/local/lib/python3.10/dist-packages/bboxes_ex_msgs/msg/_bounding_box.py
[7.558s] -- Installing: /home/singh/ros2_sensor_ws/install/bboxes_ex_msgs/local/lib/python3.10/dist-packages/bboxes_ex_msgs/msg/_bounding_boxes_s.c
[7.558s] -- Installing: /home/singh/ros2_sensor_ws/install/bboxes_ex_msgs/local/lib/python3.10/dist-packages/bboxes_ex_msgs/_bboxes_ex_msgs_s.ep.rosidl_typesupport_c.c
[7.559s] -- Installing: /home/singh/ros2_sensor_ws/install/bboxes_ex_msgs/local/lib/python3.10/dist-packages/bboxes_ex_msgs/__init__.py
[7.559s] -- Installing: /home/singh/ros2_sensor_ws/install/bboxes_ex_msgs/local/lib/python3.10/dist-packages/bboxes_ex_msgs/bboxes_ex_msgs_s__rosidl_typesupport_introspection_c.cpython-310-x86_64-linux-gnu.so
[7.559s] -- Installing: /home/singh/ros2_sensor_ws/install/bboxes_ex_msgs/local/lib/python3.10/dist-packages/bboxes_ex_msgs/libbboxes_ex_msgs__rosidl_generator_py.so
[7.559s] -- Installing: /home/singh/ros2_sensor_ws/install/bboxes_ex_msgs/local/lib/python3.10/dist-packages/bboxes_ex_msgs/bboxes_ex_msgs_s__rosidl_typesupport_fastrtps_c.cpython-310-x86_64-linux-gnu.so
[7.559s] -- Installing: /home/singh/ros2_sensor_ws/install/bboxes_ex_msgs/local/lib/python3.10/dist-packages/bboxes_ex_msgs/_bboxes_ex_msgs_s.ep.rosidl_typesupport_introspection_c.c
[7.630s] Listing '/home/singh/ros2_sensor_ws/install/bboxes_ex_msgs/local/lib/python3.10/dist-packages/bboxes_ex_msgs'...
[7.630s] Compiling '/home/singh/ros2_sensor_ws/install/bboxes_ex_msgs/local/lib/python3.10/dist-packages/bboxes_ex_msgs/__init__.py'...
[7.630s] Listing '/home/singh/ros2_sensor_ws/install/bboxes_ex_msgs/local/lib/python3.10/dist-packages/bboxes_ex_msgs/msg'...
[7.630s] Compiling '/home/singh/ros2_sensor_ws/install/bboxes_ex_msgs/local/lib/python3.10/dist-packages/bboxes_ex_msgs/msg/__init__.py'...
[7.630s] Compiling '/home/singh/ros2_sensor_ws/install/bboxes_ex_msgs/local/lib/python3.10/dist-packages/bboxes_ex_msgs/msg/_bounding_box.py'...
[7.630s] Compiling '/home/singh/ros2_sensor_ws/install/bboxes_ex_msgs/local/lib/python3.10/dist-packages/bboxes_ex_msgs/msg/_bounding_boxes.py'...
[7.636s] -- Installing: /home/singh/ros2_sensor_ws/install/bboxes_ex_msgs/local/lib/python3.10/dist-packages/bboxes_ex_msgs/bboxes_ex_msgs_s__rosidl_typesupport_fastrtps_c.cpython-310-x86_64-linux-gnu.so
[7.637s] -- Set runtime path of "/home/singh/ros2_sensor_ws/install/bboxes_ex_msgs/local/lib/python3.10/dist-packages/bboxes_ex_msgs/bboxes_ex_msgs_s__rosidl_typesupport_fastrtps_c.cpython-310-x86_64-linux-gnu.so" to ""
[7.637s] -- Installing: /home/singh/ros2_sensor_ws/install/bboxes_ex_msgs/local/lib/python3.10/dist-packages/bboxes_ex_msgs/bboxes_ex_msgs_s__rosidl_typesupport_introspection_c.cpython-310-x86_64-linux-gnu.so
[7.638s] -- Set runtime path of "/home/singh/ros2_sensor_ws/install/bboxes_ex_msgs/local/lib/python3.10/dist-packages/bboxes_ex_msgs/bboxes_ex_msgs_s__rosidl_typesupport_introspection_c.cpython-310-x86_64-linux-gnu.so" to ""
[7.638s] -- Installing: /home/singh/ros2_sensor_ws/install/bboxes_ex_msgs/local/lib/python3.10/dist-packages/bboxes_ex_msgs/bboxes_ex_msgs_s__rosidl_typesupport_c.cpython-310-x86_64-linux-gnu.so
[7.639s] -- Set runtime path of "/home/singh/ros2_sensor_ws/install/bboxes_ex_msgs/local/lib/python3.10/dist-packages/bboxes_ex_msgs/bboxes_ex_msgs_s__rosidl_typesupport_c.cpython-310-x86_64-linux-gnu.so" to ""
[7.639s] -- Installing: /home/singh/ros2_sensor_ws/install/bboxes_ex_msgs/lib/libbboxes_ex_msgs__rosidl_generator_py.so
[7.639s] -- Set runtime path of "/home/singh/ros2_sensor_ws/install/bboxes_ex_msgs/lib/libbboxes_ex_msgs__rosidl_generator_py.so" to ""
[7.640s] -- Installing: /home/singh/ros2_sensor_ws/install/bboxes_ex_msgs/share/bboxes_ex_msgs/msg/BoundingBox.idl
[7.640s] -- Installing: /home/singh/ros2_sensor_ws/install/bboxes_ex_msgs/share/bboxes_ex_msgs/msg/BoundingBoxes.idl
[7.640s] -- Installing: /home/singh/ros2_sensor_ws/install/bboxes_ex_msgs/share/bboxes_ex_msgs/msg/BoundingBox.msg
[7.641s] -- Installing: /home/singh/ros2_sensor_ws/install/bboxes_ex_msgs/share/bboxes_ex_msgs/msg/BoundingBoxes.msg
[7.641s] -- Installing: /home/singh/ros2_sensor_ws/install/bboxes_ex_msgs/share/ament_index/resource_index/package_run_dependencies/bboxes_ex_msgs
[7.641s] -- Installing: /home/singh/ros2_sensor_ws/install/bboxes_ex_msgs/share/ament_index/resource_index/parent_prefix_path/bboxes_ex_msgs
[7.642s] -- Installing: /home/singh/ros2_sensor_ws/install/bboxes_ex_msgs/share/bboxes_ex_msgs/environment/ament_prefix_path.sh
[7.642s] -- Installing: /home/singh/ros2_sensor_ws/install/bboxes_ex_msgs/share/bboxes_ex_msgs/environment/ament_prefix_path.dsv
[7.642s] -- Installing: /home/singh/ros2_sensor_ws/install/bboxes_ex_msgs/share/bboxes_ex_msgs/environment/path.sh
[7.642s] -- Installing: /home/singh/ros2_sensor_ws/install/bboxes_ex_msgs/share/bboxes_ex_msgs/environment/path.dsv
[7.643s] -- Installing: /home/singh/ros2_sensor_ws/install/bboxes_ex_msgs/share/bboxes_ex_msgs/local_setup.bash
[7.644s] -- Installing: /home/singh/ros2_sensor_ws/install/bboxes_ex_msgs/share/bboxes_ex_msgs/local_setup.sh
[7.644s] -- Installing: /home/singh/ros2_sensor_ws/install/bboxes_ex_msgs/share/bboxes_ex_msgs/local_setup.zsh
[7.645s] -- Installing: /home/singh/ros2_sensor_ws/install/bboxes_ex_msgs/share/bboxes_ex_msgs/local_setup.dsv
[7.645s] -- Installing: /home/singh/ros2_sensor_ws/install/bboxes_ex_msgs/share/bboxes_ex_msgs/package.dsv
[7.646s] -- Installing: /home/singh/ros2_sensor_ws/install/bboxes_ex_msgs/share/ament_index/resource_index/packages/bboxes_ex_msgs
[7.646s] -- Installing: /home/singh/ros2_sensor_ws/install/bboxes_ex_msgs/share/bboxes_ex_msgs/cmake/export_bboxes_ex_msgs__rosidl_generator_cExport.cmake
[7.646s] -- Installing: /home/singh/ros2_sensor_ws/install/bboxes_ex_msgs/share/bboxes_ex_msgs/cmake/export_bboxes_ex_msgs__rosidl_generator_cExport-noconfig.cmake
[7.646s] -- Installing: /home/singh/ros2_sensor_ws/install/bboxes_ex_msgs/share/bboxes_ex_msgs/cmake/export_bboxes_ex_msgs__rosidl_typesupport_fastrtps_cExport.cmake
[7.646s] -- Installing: /home/singh/ros2_sensor_ws/install/bboxes_ex_msgs/share/bboxes_ex_msgs/cmake/export_bboxes_ex_msgs__rosidl_typesupport_fastrtps_cExport-noconfig.cmake
[7.646s] -- Installing: /home/singh/ros2_sensor_ws/install/bboxes_ex_msgs/share/bboxes_ex_msgs/cmake/export_bboxes_ex_msgs__rosidl_generator_cppExport.cmake
[7.646s] -- Installing: /home/singh/ros2_sensor_ws/install/bboxes_ex_msgs/share/bboxes_ex_msgs/cmake/export_bboxes_ex_msgs__rosidl_typesupport_fastrtps_cppExport.cmake
[7.646s] -- Installing: /home/singh/ros2_sensor_ws/install/bboxes_ex_msgs/share/bboxes_ex_msgs/cmake/export_bboxes_ex_msgs__rosidl_typesupport_fastrtps_cppExport-noconfig.cmake
[7.646s] -- Installing: /home/singh/ros2_sensor_ws/install/bboxes_ex_msgs/share/bboxes_ex_msgs/cmake/bboxes_ex_msgs__rosidl_typesupport_introspection_cExport.cmake
[7.647s] -- Installing: /home/singh/ros2_sensor_ws/install/bboxes_ex_msgs/share/bboxes_ex_msgs/cmake/bboxes_ex_msgs__rosidl_typesupport_introspection_cExport-noconfig.cmake
[7.647s] -- Installing: /home/singh/ros2_sensor_ws/install/bboxes_ex_msgs/share/bboxes_ex_msgs/cmake/bboxes_ex_msgs__rosidl_typesupport_cExport.cmake
[7.647s] -- Installing: /home/singh/ros2_sensor_ws/install/bboxes_ex_msgs/share/bboxes_ex_msgs/cmake/bboxes_ex_msgs__rosidl_typesupport_cExport-noconfig.cmake
[7.647s] -- Installing: /home/singh/ros2_sensor_ws/install/bboxes_ex_msgs/share/bboxes_ex_msgs/cmake/bboxes_ex_msgs__rosidl_typesupport_introspection_cppExport.cmake
[7.647s] -- Installing: /home/singh/ros2_sensor_ws/install/bboxes_ex_msgs/share/bboxes_ex_msgs/cmake/bboxes_ex_msgs__rosidl_typesupport_introspection_cppExport-noconfig.cmake
[7.648s] -- Installing: /home/singh/ros2_sensor_ws/install/bboxes_ex_msgs/share/bboxes_ex_msgs/cmake/bboxes_ex_msgs__rosidl_typesupport_cppExport.cmake
[7.648s] -- Installing: /home/singh/ros2_sensor_ws/install/bboxes_ex_msgs/share/bboxes_ex_msgs/cmake/bboxes_ex_msgs__rosidl_typesupport_cppExport-noconfig.cmake
[7.648s] -- Installing: /home/singh/ros2_sensor_ws/install/bboxes_ex_msgs/share/bboxes_ex_msgs/cmake/export_bboxes_ex_msgs__rosidl_generator_pyExport.cmake
[7.648s] -- Installing: /home/singh/ros2_sensor_ws/install/bboxes_ex_msgs/share/bboxes_ex_msgs/cmake/export_bboxes_ex_msgs__rosidl_generator_pyExport-noconfig.cmake
[7.648s] -- Installing: /home/singh/ros2_sensor_ws/install/bboxes_ex_msgs/share/bboxes_ex_msgs/cmake/rosidl_cmake-extras.cmake
[7.648s] -- Installing: /home/singh/ros2_sensor_ws/install/bboxes_ex_msgs/share/bboxes_ex_msgs/cmake/ament_cmake_export_dependencies-extras.cmake
[7.649s] -- Installing: /home/singh/ros2_sensor_ws/install/bboxes_ex_msgs/share/bboxes_ex_msgs/cmake/ament_cmake_export_include_directories-extras.cmake
[7.649s] -- Installing: /home/singh/ros2_sensor_ws/install/bboxes_ex_msgs/share/bboxes_ex_msgs/cmake/ament_cmake_export_libraries-extras.cmake
[7.649s] -- Installing: /home/singh/ros2_sensor_ws/install/bboxes_ex_msgs/share/bboxes_ex_msgs/cmake/ament_cmake_export_targets-extras.cmake
[7.650s] -- Installing: /home/singh/ros2_sensor_ws/install/bboxes_ex_msgs/share/bboxes_ex_msgs/cmake/rosidl_cmake_export_typesupport_targets-extras.cmake
[7.650s] -- Installing: /home/singh/ros2_sensor_ws/install/bboxes_ex_msgs/share/bboxes_ex_msgs/cmake/rosidl_cmake_export_typesupport_libraries-extras.cmake
[7.651s] -- Installing: /home/singh/ros2_sensor_ws/install/bboxes_ex_msgs/share/bboxes_ex_msgs/cmake/bboxes_ex_msgsConfig.cmake
[7.651s] -- Installing: /home/singh/ros2_sensor_ws/install/bboxes_ex_msgs/share/bboxes_ex_msgs/cmake/bboxes_ex_msgsConfig-version.cmake
[7.651s] -- Installing: /home/singh/ros2_sensor_ws/install/bboxes_ex_msgs/share/bboxes_ex_msgs/package.xml
[7.654s] Invoked command in '/home/singh/ros2_sensor_ws/build/bboxes_ex_msgs' returned '0': CMAKE_PREFIX_PATH=${CMAKE_PREFIX_PATH}:/home/singh/rtab_ws/install/rtabmap_python:/opt/ros/humble /usr/bin/cmake --install /home/singh/ros2_sensor_ws/build/bboxes_ex_msgs
