[2.419s] Invoking command in '/home/singh/ros2_sensor_ws/src/geometry2/tf2_ros_py': AMENT_PREFIX_PATH=/home/singh/ros2_sensor_ws/install/tf2_py:/home/singh/ros2_sensor_ws/install/tf2_msgs:/home/singh/ros2_sensor_ws/install/tf2:${AMENT_PREFIX_PATH} CMAKE_PREFIX_PATH=/home/singh/ros2_sensor_ws/install/tf2_py:/home/singh/ros2_sensor_ws/install/tf2_msgs:/home/singh/ros2_sensor_ws/install/tf2:${CMAKE_PREFIX_PATH} LD_LIBRARY_PATH=/home/singh/ros2_sensor_ws/install/tf2_msgs/lib:/home/singh/ros2_sensor_ws/install/tf2/lib:${LD_LIBRARY_PATH} PYTHONPATH=/home/singh/ros2_sensor_ws/build/tf2_ros_py/prefix_override:/usr/lib/python3/dist-packages/colcon_core/task/python/colcon_distutils_commands:/home/singh/ros2_sensor_ws/install/tf2_ros_py/lib/python3.10/site-packages:/home/singh/ros2_sensor_ws/install/tf2_py/local/lib/python3.10/dist-packages:/home/singh/ros2_sensor_ws/install/tf2_msgs/local/lib/python3.10/dist-packages:${PYTHONPATH} /usr/bin/python3 -W ignore:setup.py install is deprecated -W ignore:easy_install command is deprecated setup.py egg_info --egg-base ../../../build/tf2_ros_py build --build-base /home/singh/ros2_sensor_ws/build/tf2_ros_py/build install --record /home/singh/ros2_sensor_ws/build/tf2_ros_py/install.log --single-version-externally-managed install_data
[3.165s] running egg_info
[3.165s] creating ../../../build/tf2_ros_py/tf2_ros_py.egg-info
[3.166s] writing ../../../build/tf2_ros_py/tf2_ros_py.egg-info/PKG-INFO
[3.170s] writing dependency_links to ../../../build/tf2_ros_py/tf2_ros_py.egg-info/dependency_links.txt
[3.172s] writing requirements to ../../../build/tf2_ros_py/tf2_ros_py.egg-info/requires.txt
[3.172s] writing top-level names to ../../../build/tf2_ros_py/tf2_ros_py.egg-info/top_level.txt
[3.172s] writing manifest file '../../../build/tf2_ros_py/tf2_ros_py.egg-info/SOURCES.txt'
[3.181s] reading manifest file '../../../build/tf2_ros_py/tf2_ros_py.egg-info/SOURCES.txt'
[3.182s] writing manifest file '../../../build/tf2_ros_py/tf2_ros_py.egg-info/SOURCES.txt'
[3.182s] running build
[3.183s] running build_py
[3.183s] creating /home/singh/ros2_sensor_ws/build/tf2_ros_py/build
[3.183s] creating /home/singh/ros2_sensor_ws/build/tf2_ros_py/build/lib
[3.184s] creating /home/singh/ros2_sensor_ws/build/tf2_ros_py/build/lib/tf2_ros
[3.184s] copying tf2_ros/buffer_interface.py -> /home/singh/ros2_sensor_ws/build/tf2_ros_py/build/lib/tf2_ros
[3.191s] copying tf2_ros/buffer.py -> /home/singh/ros2_sensor_ws/build/tf2_ros_py/build/lib/tf2_ros
[3.192s] copying tf2_ros/transform_listener.py -> /home/singh/ros2_sensor_ws/build/tf2_ros_py/build/lib/tf2_ros
[3.192s] copying tf2_ros/buffer_client.py -> /home/singh/ros2_sensor_ws/build/tf2_ros_py/build/lib/tf2_ros
[3.192s] copying tf2_ros/__init__.py -> /home/singh/ros2_sensor_ws/build/tf2_ros_py/build/lib/tf2_ros
[3.192s] copying tf2_ros/transform_broadcaster.py -> /home/singh/ros2_sensor_ws/build/tf2_ros_py/build/lib/tf2_ros
[3.192s] copying tf2_ros/static_transform_broadcaster.py -> /home/singh/ros2_sensor_ws/build/tf2_ros_py/build/lib/tf2_ros
[3.192s] running install
[3.192s] running install_lib
[3.192s] creating /home/singh/ros2_sensor_ws/install/tf2_ros_py/lib/python3.10/site-packages/tf2_ros
[3.192s] copying /home/singh/ros2_sensor_ws/build/tf2_ros_py/build/lib/tf2_ros/buffer_interface.py -> /home/singh/ros2_sensor_ws/install/tf2_ros_py/lib/python3.10/site-packages/tf2_ros
[3.195s] copying /home/singh/ros2_sensor_ws/build/tf2_ros_py/build/lib/tf2_ros/buffer.py -> /home/singh/ros2_sensor_ws/install/tf2_ros_py/lib/python3.10/site-packages/tf2_ros
[3.195s] copying /home/singh/ros2_sensor_ws/build/tf2_ros_py/build/lib/tf2_ros/transform_listener.py -> /home/singh/ros2_sensor_ws/install/tf2_ros_py/lib/python3.10/site-packages/tf2_ros
[3.195s] copying /home/singh/ros2_sensor_ws/build/tf2_ros_py/build/lib/tf2_ros/buffer_client.py -> /home/singh/ros2_sensor_ws/install/tf2_ros_py/lib/python3.10/site-packages/tf2_ros
[3.195s] copying /home/singh/ros2_sensor_ws/build/tf2_ros_py/build/lib/tf2_ros/__init__.py -> /home/singh/ros2_sensor_ws/install/tf2_ros_py/lib/python3.10/site-packages/tf2_ros
[3.195s] copying /home/singh/ros2_sensor_ws/build/tf2_ros_py/build/lib/tf2_ros/transform_broadcaster.py -> /home/singh/ros2_sensor_ws/install/tf2_ros_py/lib/python3.10/site-packages/tf2_ros
[3.195s] copying /home/singh/ros2_sensor_ws/build/tf2_ros_py/build/lib/tf2_ros/static_transform_broadcaster.py -> /home/singh/ros2_sensor_ws/install/tf2_ros_py/lib/python3.10/site-packages/tf2_ros
[3.195s] byte-compiling /home/singh/ros2_sensor_ws/install/tf2_ros_py/lib/python3.10/site-packages/tf2_ros/buffer_interface.py to buffer_interface.cpython-310.pyc
[3.200s] byte-compiling /home/singh/ros2_sensor_ws/install/tf2_ros_py/lib/python3.10/site-packages/tf2_ros/buffer.py to buffer.cpython-310.pyc
[3.205s] byte-compiling /home/singh/ros2_sensor_ws/install/tf2_ros_py/lib/python3.10/site-packages/tf2_ros/transform_listener.py to transform_listener.cpython-310.pyc
[3.207s] byte-compiling /home/singh/ros2_sensor_ws/install/tf2_ros_py/lib/python3.10/site-packages/tf2_ros/buffer_client.py to buffer_client.cpython-310.pyc
[3.212s] byte-compiling /home/singh/ros2_sensor_ws/install/tf2_ros_py/lib/python3.10/site-packages/tf2_ros/__init__.py to __init__.cpython-310.pyc
[3.212s] byte-compiling /home/singh/ros2_sensor_ws/install/tf2_ros_py/lib/python3.10/site-packages/tf2_ros/transform_broadcaster.py to transform_broadcaster.cpython-310.pyc
[3.213s] byte-compiling /home/singh/ros2_sensor_ws/install/tf2_ros_py/lib/python3.10/site-packages/tf2_ros/static_transform_broadcaster.py to static_transform_broadcaster.cpython-310.pyc
[3.214s] running install_data
[3.214s] creating /home/singh/ros2_sensor_ws/install/tf2_ros_py/share/ament_index
[3.215s] creating /home/singh/ros2_sensor_ws/install/tf2_ros_py/share/ament_index/resource_index
[3.215s] creating /home/singh/ros2_sensor_ws/install/tf2_ros_py/share/ament_index/resource_index/packages
[3.215s] copying resource/tf2_ros_py -> /home/singh/ros2_sensor_ws/install/tf2_ros_py/share/ament_index/resource_index/packages
[3.215s] copying package.xml -> /home/singh/ros2_sensor_ws/install/tf2_ros_py/share/tf2_ros_py
[3.216s] running install_egg_info
[3.228s] Copying ../../../build/tf2_ros_py/tf2_ros_py.egg-info to /home/singh/ros2_sensor_ws/install/tf2_ros_py/lib/python3.10/site-packages/tf2_ros_py-0.25.12-py3.10.egg-info
[3.229s] running install_scripts
[3.298s] writing list of installed files to '/home/singh/ros2_sensor_ws/build/tf2_ros_py/install.log'
[3.411s] Invoked command in '/home/singh/ros2_sensor_ws/src/geometry2/tf2_ros_py' returned '0': AMENT_PREFIX_PATH=/home/singh/ros2_sensor_ws/install/tf2_py:/home/singh/ros2_sensor_ws/install/tf2_msgs:/home/singh/ros2_sensor_ws/install/tf2:${AMENT_PREFIX_PATH} CMAKE_PREFIX_PATH=/home/singh/ros2_sensor_ws/install/tf2_py:/home/singh/ros2_sensor_ws/install/tf2_msgs:/home/singh/ros2_sensor_ws/install/tf2:${CMAKE_PREFIX_PATH} LD_LIBRARY_PATH=/home/singh/ros2_sensor_ws/install/tf2_msgs/lib:/home/singh/ros2_sensor_ws/install/tf2/lib:${LD_LIBRARY_PATH} PYTHONPATH=/home/singh/ros2_sensor_ws/build/tf2_ros_py/prefix_override:/usr/lib/python3/dist-packages/colcon_core/task/python/colcon_distutils_commands:/home/singh/ros2_sensor_ws/install/tf2_ros_py/lib/python3.10/site-packages:/home/singh/ros2_sensor_ws/install/tf2_py/local/lib/python3.10/dist-packages:/home/singh/ros2_sensor_ws/install/tf2_msgs/local/lib/python3.10/dist-packages:${PYTHONPATH} /usr/bin/python3 -W ignore:setup.py install is deprecated -W ignore:easy_install command is deprecated setup.py egg_info --egg-base ../../../build/tf2_ros_py build --build-base /home/singh/ros2_sensor_ws/build/tf2_ros_py/build install --record /home/singh/ros2_sensor_ws/build/tf2_ros_py/install.log --single-version-externally-managed install_data
