[0.025s] Invoking command in '/home/singh/ros2_sensor_ws/build/tf2': CMAKE_PREFIX_PATH=${CMAKE_PREFIX_PATH}:/home/singh/rtab_ws/install/rtabmap_python:/opt/ros/humble /usr/bin/cmake /home/singh/ros2_sensor_ws/src/geometry2/tf2 -DCMAKE_INSTALL_PREFIX=/home/singh/ros2_sensor_ws/install/tf2
[0.189s] -- The C compiler identification is GNU 11.4.0
[0.571s] -- The CXX compiler identification is GNU 11.4.0
[0.693s] -- Detecting C compiler ABI info
[0.816s] -- Detecting C compiler ABI info - done
[0.821s] -- Check for working C compiler: /usr/bin/cc - skipped
[0.822s] -- Detecting C compile features
[0.822s] -- Detecting C compile features - done
[0.825s] -- Detecting CXX compiler ABI info
[0.957s] -- Detecting CXX compiler ABI info - done
[0.962s] -- Check for working CXX compiler: /usr/bin/c++ - skipped
[0.962s] -- Detecting CXX compile features
[0.963s] -- Detecting CXX compile features - done
[0.976s] -- Found ament_cmake: 1.3.11 (/opt/ros/humble/share/ament_cmake/cmake)
[1.123s] -- Found Python3: /usr/bin/python3 (found version "3.10.12") found components: Interpreter 
[1.223s] -- Found console_bridge_vendor: 1.4.1 (/opt/ros/humble/share/console_bridge_vendor/cmake)
[1.231s] -- Found builtin_interfaces: 1.2.1 (/opt/ros/humble/share/builtin_interfaces/cmake)
[1.360s] -- Found rosidl_generator_c: 3.1.6 (/opt/ros/humble/share/rosidl_generator_c/cmake)
[1.364s] -- Found rosidl_adapter: 3.1.6 (/opt/ros/humble/share/rosidl_adapter/cmake)
[1.373s] -- Found rosidl_generator_cpp: 3.1.6 (/opt/ros/humble/share/rosidl_generator_cpp/cmake)
[1.389s] -- Using all available rosidl_typesupport_c: rosidl_typesupport_fastrtps_c;rosidl_typesupport_introspection_c
[1.409s] -- Using all available rosidl_typesupport_cpp: rosidl_typesupport_fastrtps_cpp;rosidl_typesupport_introspection_cpp
[1.430s] -- Found geometry_msgs: 4.8.0 (/opt/ros/humble/share/geometry_msgs/cmake)
[1.462s] -- Found ament_cmake_google_benchmark: 1.3.11 (/opt/ros/humble/share/ament_cmake_google_benchmark/cmake)
[1.466s] -- Found ament_cmake_copyright: 0.12.12 (/opt/ros/humble/share/ament_cmake_copyright/cmake)
[1.469s] -- Found ament_cmake_cppcheck: 0.12.12 (/opt/ros/humble/share/ament_cmake_cppcheck/cmake)
[1.473s] -- Found ament_cmake_cpplint: 0.12.12 (/opt/ros/humble/share/ament_cmake_cpplint/cmake)
[1.477s] -- Found ament_cmake_lint_cmake: 0.12.12 (/opt/ros/humble/share/ament_cmake_lint_cmake/cmake)
[1.479s] -- Found ament_cmake_uncrustify: 0.12.12 (/opt/ros/humble/share/ament_cmake_uncrustify/cmake)
[1.483s] -- Found ament_cmake_xmllint: 0.12.12 (/opt/ros/humble/share/ament_cmake_xmllint/cmake)
[1.488s] -- Found ament_cmake_gtest: 1.3.11 (/opt/ros/humble/share/ament_cmake_gtest/cmake)
[1.496s] -- Found gtest sources under '/opt/ros/humble/src/gtest_vendor': C++ tests using 'Google Test' will be built
[1.502s] -- Looking for pthread.h
[1.623s] -- Looking for pthread.h - found
[1.623s] -- Performing Test CMAKE_HAVE_LIBC_PTHREAD
[1.761s] -- Performing Test CMAKE_HAVE_LIBC_PTHREAD - Success
[1.762s] -- Found Threads: TRUE  
[1.765s] -- Performance tests are disabled by default, so Google Benchmark tests will be skipped. To enable these tests, set the CMake variable 'AMENT_RUN_PERFORMANCE_TESTS'.
[1.831s] -- Configuring done
[1.854s] -- Generating done
[1.865s] -- Build files have been written to: /home/singh/ros2_sensor_ws/build/tf2
[1.871s] Invoked command in '/home/singh/ros2_sensor_ws/build/tf2' returned '0': CMAKE_PREFIX_PATH=${CMAKE_PREFIX_PATH}:/home/singh/rtab_ws/install/rtabmap_python:/opt/ros/humble /usr/bin/cmake /home/singh/ros2_sensor_ws/src/geometry2/tf2 -DCMAKE_INSTALL_PREFIX=/home/singh/ros2_sensor_ws/install/tf2
[1.874s] Invoking command in '/home/singh/ros2_sensor_ws/build/tf2': CMAKE_PREFIX_PATH=${CMAKE_PREFIX_PATH}:/home/singh/rtab_ws/install/rtabmap_python:/opt/ros/humble /usr/bin/cmake --build /home/singh/ros2_sensor_ws/build/tf2 -- -j12 -l12
[1.909s] [  4%] [32mBuilding CXX object gtest/CMakeFiles/gtest.dir/src/gtest-all.cc.o[0m
[1.911s] [ 14%] [32mBuilding CXX object gtest/CMakeFiles/gtest_main.dir/src/gtest_main.cc.o[0m
[1.912s] [ 14%] [32mBuilding CXX object CMakeFiles/tf2.dir/src/buffer_core.cpp.o[0m
[1.912s] [ 23%] [32mBuilding CXX object CMakeFiles/tf2.dir/src/static_cache.cpp.o[0m
[1.912s] [ 23%] [32mBuilding CXX object CMakeFiles/tf2.dir/src/cache.cpp.o[0m
[1.913s] [ 28%] [32mBuilding CXX object CMakeFiles/tf2.dir/src/time.cpp.o[0m
[2.718s] [ 33%] [32m[1mLinking CXX static library libgtest_main.a[0m
[2.749s] [ 33%] Built target gtest_main
[4.327s] [ 38%] [32m[1mLinking CXX shared library libtf2.so[0m
[4.834s] [ 38%] Built target tf2
[4.851s] [ 42%] [32mBuilding CXX object CMakeFiles/cache_benchmark.dir/test/cache_benchmark.cpp.o[0m
[6.390s] [ 47%] [32m[1mLinking CXX executable cache_benchmark[0m
[6.935s] [ 47%] Built target cache_benchmark
[7.682s] [ 52%] [32m[1mLinking CXX static library libgtest.a[0m
[7.745s] [ 52%] Built target gtest
[7.776s] [ 57%] [32mBuilding CXX object CMakeFiles/test_time.dir/test/test_time.cpp.o[0m
[7.777s] [ 61%] [32mBuilding CXX object CMakeFiles/test_simple_tf2_core.dir/test/simple_tf2_core.cpp.o[0m
[7.778s] [ 66%] [32mBuilding CXX object CMakeFiles/test_static_cache_unittest.dir/test/static_cache_test.cpp.o[0m
[7.779s] [ 71%] [32mBuilding CXX object CMakeFiles/test_cache_unittest.dir/test/cache_unittest.cpp.o[0m
[7.779s] [ 76%] [32mBuilding CXX object CMakeFiles/test_storage.dir/test/test_storage.cpp.o[0m
[8.974s] [ 80%] [32m[1mLinking CXX executable test_storage[0m
[9.044s] [ 85%] [32m[1mLinking CXX executable test_static_cache_unittest[0m
[9.270s] [ 85%] Built target test_storage
[9.295s] [ 90%] [32m[1mLinking CXX executable test_time[0m
[9.352s] [ 90%] Built target test_static_cache_unittest
[9.467s] [ 95%] [32m[1mLinking CXX executable test_cache_unittest[0m
[9.630s] [ 95%] Built target test_time
[9.773s] [ 95%] Built target test_cache_unittest
[9.776s] [100%] [32m[1mLinking CXX executable test_simple_tf2_core[0m
[10.059s] [100%] Built target test_simple_tf2_core
[10.075s] Invoked command in '/home/singh/ros2_sensor_ws/build/tf2' returned '0': CMAKE_PREFIX_PATH=${CMAKE_PREFIX_PATH}:/home/singh/rtab_ws/install/rtabmap_python:/opt/ros/humble /usr/bin/cmake --build /home/singh/ros2_sensor_ws/build/tf2 -- -j12 -l12
[10.077s] Invoking command in '/home/singh/ros2_sensor_ws/build/tf2': CMAKE_PREFIX_PATH=${CMAKE_PREFIX_PATH}:/home/singh/rtab_ws/install/rtabmap_python:/opt/ros/humble /usr/bin/cmake --install /home/singh/ros2_sensor_ws/build/tf2
[10.087s] -- Install configuration: ""
[10.087s] -- Installing: /home/singh/ros2_sensor_ws/install/tf2/lib/libtf2.so
[10.089s] -- Set runtime path of "/home/singh/ros2_sensor_ws/install/tf2/lib/libtf2.so" to ""
[10.089s] -- Installing: /home/singh/ros2_sensor_ws/install/tf2/include/tf2
[10.089s] -- Installing: /home/singh/ros2_sensor_ws/install/tf2/include/tf2/tf2
[10.089s] -- Installing: /home/singh/ros2_sensor_ws/install/tf2/include/tf2/tf2/exceptions.hpp
[10.089s] -- Installing: /home/singh/ros2_sensor_ws/install/tf2/include/tf2/tf2/transform_storage.h
[10.090s] -- Installing: /home/singh/ros2_sensor_ws/install/tf2/include/tf2/tf2/time.hpp
[10.091s] -- Installing: /home/singh/ros2_sensor_ws/install/tf2/include/tf2/tf2/impl
[10.091s] -- Installing: /home/singh/ros2_sensor_ws/install/tf2/include/tf2/tf2/impl/convert.h
[10.091s] -- Installing: /home/singh/ros2_sensor_ws/install/tf2/include/tf2/tf2/impl/convert.hpp
[10.092s] -- Installing: /home/singh/ros2_sensor_ws/install/tf2/include/tf2/tf2/impl/utils.hpp
[10.092s] -- Installing: /home/singh/ros2_sensor_ws/install/tf2/include/tf2/tf2/impl/utils.h
[10.092s] -- Installing: /home/singh/ros2_sensor_ws/install/tf2/include/tf2/tf2/exceptions.h
[10.093s] -- Installing: /home/singh/ros2_sensor_ws/install/tf2/include/tf2/tf2/buffer_core_interface.hpp
[10.093s] -- Installing: /home/singh/ros2_sensor_ws/install/tf2/include/tf2/tf2/convert.h
[10.094s] -- Installing: /home/singh/ros2_sensor_ws/install/tf2/include/tf2/tf2/convert.hpp
[10.094s] -- Installing: /home/singh/ros2_sensor_ws/install/tf2/include/tf2/tf2/transform_datatypes.h
[10.095s] -- Installing: /home/singh/ros2_sensor_ws/install/tf2/include/tf2/tf2/utils.hpp
[10.095s] -- Installing: /home/singh/ros2_sensor_ws/install/tf2/include/tf2/tf2/time_cache.hpp
[10.095s] -- Installing: /home/singh/ros2_sensor_ws/install/tf2/include/tf2/tf2/transform_datatypes.hpp
[10.095s] -- Installing: /home/singh/ros2_sensor_ws/install/tf2/include/tf2/tf2/LinearMath
[10.095s] -- Installing: /home/singh/ros2_sensor_ws/install/tf2/include/tf2/tf2/LinearMath/Matrix3x3.hpp
[10.096s] -- Installing: /home/singh/ros2_sensor_ws/install/tf2/include/tf2/tf2/LinearMath/Vector3.hpp
[10.096s] -- Installing: /home/singh/ros2_sensor_ws/install/tf2/include/tf2/tf2/LinearMath/QuadWord.hpp
[10.096s] -- Installing: /home/singh/ros2_sensor_ws/install/tf2/include/tf2/tf2/LinearMath/MinMax.h
[10.096s] -- Installing: /home/singh/ros2_sensor_ws/install/tf2/include/tf2/tf2/LinearMath/Scalar.hpp
[10.096s] -- Installing: /home/singh/ros2_sensor_ws/install/tf2/include/tf2/tf2/LinearMath/Scalar.h
[10.097s] -- Installing: /home/singh/ros2_sensor_ws/install/tf2/include/tf2/tf2/LinearMath/Transform.h
[10.098s] -- Installing: /home/singh/ros2_sensor_ws/install/tf2/include/tf2/tf2/LinearMath/QuadWord.h
[10.098s] -- Installing: /home/singh/ros2_sensor_ws/install/tf2/include/tf2/tf2/LinearMath/Transform.hpp
[10.098s] -- Installing: /home/singh/ros2_sensor_ws/install/tf2/include/tf2/tf2/LinearMath/Matrix3x3.h
[10.099s] -- Installing: /home/singh/ros2_sensor_ws/install/tf2/include/tf2/tf2/LinearMath/Vector3.h
[10.099s] -- Installing: /home/singh/ros2_sensor_ws/install/tf2/include/tf2/tf2/LinearMath/Quaternion.hpp
[10.100s] -- Installing: /home/singh/ros2_sensor_ws/install/tf2/include/tf2/tf2/LinearMath/Quaternion.h
[10.105s] -- Installing: /home/singh/ros2_sensor_ws/install/tf2/include/tf2/tf2/LinearMath/MinMax.hpp
[10.106s] -- Installing: /home/singh/ros2_sensor_ws/install/tf2/include/tf2/tf2/time.h
[10.106s] -- Installing: /home/singh/ros2_sensor_ws/install/tf2/include/tf2/tf2/utils.h
[10.106s] -- Installing: /home/singh/ros2_sensor_ws/install/tf2/include/tf2/tf2/buffer_core.h
[10.106s] -- Installing: /home/singh/ros2_sensor_ws/install/tf2/include/tf2/tf2/buffer_core.hpp
[10.106s] -- Installing: /home/singh/ros2_sensor_ws/install/tf2/include/tf2/tf2/buffer_core_interface.h
[10.108s] -- Installing: /home/singh/ros2_sensor_ws/install/tf2/include/tf2/tf2/transform_storage.hpp
[10.108s] -- Installing: /home/singh/ros2_sensor_ws/install/tf2/include/tf2/tf2/time_cache.h
[10.108s] -- Installing: /home/singh/ros2_sensor_ws/install/tf2/include/tf2/tf2/visibility_control.h
[10.108s] -- Installing: /home/singh/ros2_sensor_ws/install/tf2/share/tf2/environment/library_path.sh
[10.108s] -- Installing: /home/singh/ros2_sensor_ws/install/tf2/share/tf2/environment/library_path.dsv
[10.108s] -- Installing: /home/singh/ros2_sensor_ws/install/tf2/share/ament_index/resource_index/package_run_dependencies/tf2
[10.108s] -- Installing: /home/singh/ros2_sensor_ws/install/tf2/share/ament_index/resource_index/parent_prefix_path/tf2
[10.108s] -- Installing: /home/singh/ros2_sensor_ws/install/tf2/share/tf2/environment/ament_prefix_path.sh
[10.108s] -- Installing: /home/singh/ros2_sensor_ws/install/tf2/share/tf2/environment/ament_prefix_path.dsv
[10.108s] -- Installing: /home/singh/ros2_sensor_ws/install/tf2/share/tf2/environment/path.sh
[10.108s] -- Installing: /home/singh/ros2_sensor_ws/install/tf2/share/tf2/environment/path.dsv
[10.108s] -- Installing: /home/singh/ros2_sensor_ws/install/tf2/share/tf2/local_setup.bash
[10.109s] -- Installing: /home/singh/ros2_sensor_ws/install/tf2/share/tf2/local_setup.sh
[10.110s] -- Installing: /home/singh/ros2_sensor_ws/install/tf2/share/tf2/local_setup.zsh
[10.111s] -- Installing: /home/singh/ros2_sensor_ws/install/tf2/share/tf2/local_setup.dsv
[10.112s] -- Installing: /home/singh/ros2_sensor_ws/install/tf2/share/tf2/package.dsv
[10.113s] -- Installing: /home/singh/ros2_sensor_ws/install/tf2/share/ament_index/resource_index/packages/tf2
[10.113s] -- Installing: /home/singh/ros2_sensor_ws/install/tf2/share/tf2/cmake/export_tf2Export.cmake
[10.114s] -- Installing: /home/singh/ros2_sensor_ws/install/tf2/share/tf2/cmake/export_tf2Export-noconfig.cmake
[10.115s] -- Installing: /home/singh/ros2_sensor_ws/install/tf2/share/tf2/cmake/ament_cmake_export_dependencies-extras.cmake
[10.115s] -- Installing: /home/singh/ros2_sensor_ws/install/tf2/share/tf2/cmake/ament_cmake_export_include_directories-extras.cmake
[10.115s] -- Installing: /home/singh/ros2_sensor_ws/install/tf2/share/tf2/cmake/ament_cmake_export_libraries-extras.cmake
[10.115s] -- Installing: /home/singh/ros2_sensor_ws/install/tf2/share/tf2/cmake/ament_cmake_export_targets-extras.cmake
[10.115s] -- Installing: /home/singh/ros2_sensor_ws/install/tf2/share/tf2/cmake/tf2Config.cmake
[10.115s] -- Installing: /home/singh/ros2_sensor_ws/install/tf2/share/tf2/cmake/tf2Config-version.cmake
[10.116s] -- Installing: /home/singh/ros2_sensor_ws/install/tf2/share/tf2/package.xml
[10.123s] Invoked command in '/home/singh/ros2_sensor_ws/build/tf2' returned '0': CMAKE_PREFIX_PATH=${CMAKE_PREFIX_PATH}:/home/singh/rtab_ws/install/rtabmap_python:/opt/ros/humble /usr/bin/cmake --install /home/singh/ros2_sensor_ws/build/tf2
