[0.208s] Invoking command in '/home/singh/ros2_sensor_ws/build/my_sensor_description': CMAKE_PREFIX_PATH=${CMAKE_PREFIX_PATH}:/home/singh/ros2_sensor_ws/install/rtabmap_python:/home/singh/install/my_robot_controller:/opt/ros/humble /usr/bin/cmake /home/singh/ros2_sensor_ws/src/my_sensor_description -DCMAKE_INSTALL_PREFIX=/home/singh/ros2_sensor_ws/install/my_sensor_description
[0.322s] -- The C compiler identification is GNU 11.4.0
[0.840s] -- The CXX compiler identification is GNU 11.4.0
[1.290s] -- Detecting C compiler ABI info
[1.412s] -- Detecting C compiler ABI info - done
[1.417s] -- Check for working C compiler: /usr/bin/cc - skipped
[1.417s] -- Detecting C compile features
[1.418s] -- Detecting C compile features - done
[1.420s] -- Detecting CXX compiler ABI info
[1.550s] -- Detecting CXX compiler ABI info - done
[1.555s] -- Check for working CXX compiler: /usr/bin/c++ - skipped
[1.555s] -- Detecting CXX compile features
[1.556s] -- Detecting CXX compile features - done
[1.557s] -- Found ament_cmake: 1.3.11 (/opt/ros/humble/share/ament_cmake/cmake)
[1.667s] -- Found Python3: /usr/bin/python3 (found version "3.10.12") found components: Interpreter 
[1.779s] -- Configuring done
[1.781s] -- Generating done
[1.781s] -- Build files have been written to: /home/singh/ros2_sensor_ws/build/my_sensor_description
[1.786s] Invoked command in '/home/singh/ros2_sensor_ws/build/my_sensor_description' returned '0': CMAKE_PREFIX_PATH=${CMAKE_PREFIX_PATH}:/home/singh/ros2_sensor_ws/install/rtabmap_python:/home/singh/install/my_robot_controller:/opt/ros/humble /usr/bin/cmake /home/singh/ros2_sensor_ws/src/my_sensor_description -DCMAKE_INSTALL_PREFIX=/home/singh/ros2_sensor_ws/install/my_sensor_description
[1.786s] Invoking command in '/home/singh/ros2_sensor_ws/build/my_sensor_description': CMAKE_PREFIX_PATH=${CMAKE_PREFIX_PATH}:/home/singh/ros2_sensor_ws/install/rtabmap_python:/home/singh/install/my_robot_controller:/opt/ros/humble /usr/bin/cmake --build /home/singh/ros2_sensor_ws/build/my_sensor_description -- -j12 -l12
[1.810s] Invoked command in '/home/singh/ros2_sensor_ws/build/my_sensor_description' returned '0': CMAKE_PREFIX_PATH=${CMAKE_PREFIX_PATH}:/home/singh/ros2_sensor_ws/install/rtabmap_python:/home/singh/install/my_robot_controller:/opt/ros/humble /usr/bin/cmake --build /home/singh/ros2_sensor_ws/build/my_sensor_description -- -j12 -l12
[1.819s] Invoking command in '/home/singh/ros2_sensor_ws/build/my_sensor_description': CMAKE_PREFIX_PATH=${CMAKE_PREFIX_PATH}:/home/singh/ros2_sensor_ws/install/rtabmap_python:/home/singh/install/my_robot_controller:/opt/ros/humble /usr/bin/cmake --install /home/singh/ros2_sensor_ws/build/my_sensor_description
[1.821s] -- Install configuration: ""
[1.821s] -- Installing: /home/singh/ros2_sensor_ws/install/my_sensor_description/share/my_sensor_description//urdf
[1.821s] -- Installing: /home/singh/ros2_sensor_ws/install/my_sensor_description/share/my_sensor_description//urdf/lidar_camera_robot.urdf
[1.821s] -- Installing: /home/singh/ros2_sensor_ws/install/my_sensor_description/share/my_sensor_description//launch
[1.821s] -- Installing: /home/singh/ros2_sensor_ws/install/my_sensor_description/share/my_sensor_description//launch/sensor_Setup_ionic.launch.xml
[1.821s] -- Installing: /home/singh/ros2_sensor_ws/install/my_sensor_description/share/my_sensor_description//launch/sensor_setup_rtab.launch.xml
[1.821s] -- Installing: /home/singh/ros2_sensor_ws/install/my_sensor_description/share/my_sensor_description//launch/sensor_setup.launch.xml
[1.821s] -- Installing: /home/singh/ros2_sensor_ws/install/my_sensor_description/share/my_sensor_description//rviz
[1.821s] -- Installing: /home/singh/ros2_sensor_ws/install/my_sensor_description/share/my_sensor_description//rviz/sensor_config.rviz
[1.821s] -- Installing: /home/singh/ros2_sensor_ws/install/my_sensor_description/share/my_sensor_description//worlds
[1.821s] -- Installing: /home/singh/ros2_sensor_ws/install/my_sensor_description/share/my_sensor_description//worlds/test_world.world
[1.821s] -- Installing: /home/singh/ros2_sensor_ws/install/my_sensor_description/share/my_sensor_description//script
[1.822s] -- Installing: /home/singh/ros2_sensor_ws/install/my_sensor_description/share/ament_index/resource_index/package_run_dependencies/my_sensor_description
[1.822s] -- Installing: /home/singh/ros2_sensor_ws/install/my_sensor_description/share/ament_index/resource_index/parent_prefix_path/my_sensor_description
[1.822s] -- Installing: /home/singh/ros2_sensor_ws/install/my_sensor_description/share/my_sensor_description/environment/ament_prefix_path.sh
[1.822s] -- Installing: /home/singh/ros2_sensor_ws/install/my_sensor_description/share/my_sensor_description/environment/ament_prefix_path.dsv
[1.822s] -- Installing: /home/singh/ros2_sensor_ws/install/my_sensor_description/share/my_sensor_description/environment/path.sh
[1.822s] -- Installing: /home/singh/ros2_sensor_ws/install/my_sensor_description/share/my_sensor_description/environment/path.dsv
[1.823s] -- Installing: /home/singh/ros2_sensor_ws/install/my_sensor_description/share/my_sensor_description/local_setup.bash
[1.823s] -- Installing: /home/singh/ros2_sensor_ws/install/my_sensor_description/share/my_sensor_description/local_setup.sh
[1.823s] -- Installing: /home/singh/ros2_sensor_ws/install/my_sensor_description/share/my_sensor_description/local_setup.zsh
[1.823s] -- Installing: /home/singh/ros2_sensor_ws/install/my_sensor_description/share/my_sensor_description/local_setup.dsv
[1.823s] -- Installing: /home/singh/ros2_sensor_ws/install/my_sensor_description/share/my_sensor_description/package.dsv
[1.823s] -- Installing: /home/singh/ros2_sensor_ws/install/my_sensor_description/share/ament_index/resource_index/packages/my_sensor_description
[1.823s] -- Installing: /home/singh/ros2_sensor_ws/install/my_sensor_description/share/my_sensor_description/cmake/my_sensor_descriptionConfig.cmake
[1.823s] -- Installing: /home/singh/ros2_sensor_ws/install/my_sensor_description/share/my_sensor_description/cmake/my_sensor_descriptionConfig-version.cmake
[1.824s] -- Installing: /home/singh/ros2_sensor_ws/install/my_sensor_description/share/my_sensor_description/package.xml
[1.826s] Invoked command in '/home/singh/ros2_sensor_ws/build/my_sensor_description' returned '0': CMAKE_PREFIX_PATH=${CMAKE_PREFIX_PATH}:/home/singh/ros2_sensor_ws/install/rtabmap_python:/home/singh/install/my_robot_controller:/opt/ros/humble /usr/bin/cmake --install /home/singh/ros2_sensor_ws/build/my_sensor_description
