[0.154s] DEBUG:colcon:Command line arguments: ['/usr/bin/colcon', 'build', '--packages-select', 'my_sensor_description']
[0.154s] DEBUG:colcon:Parsed command line arguments: Namespace(log_base=None, log_level=None, verb_name='build', build_base='build', install_base='install', merge_install=False, symlink_install=False, test_result_base=None, continue_on_error=False, executor='parallel', parallel_workers=12, event_handlers=None, ignore_user_meta=False, metas=['./colcon.meta'], base_paths=['.'], packages_ignore=None, packages_ignore_regex=None, paths=None, packages_up_to=None, packages_up_to_regex=None, packages_above=None, packages_above_and_dependencies=None, packages_above_depth=None, packages_select_by_dep=None, packages_skip_by_dep=None, packages_skip_up_to=None, packages_select_build_failed=False, packages_skip_build_finished=False, packages_select_test_failures=False, packages_skip_test_passed=False, packages_select=['my_sensor_description'], packages_skip=None, packages_select_regex=None, packages_skip_regex=None, packages_start=None, packages_end=None, allow_overriding=[], cmake_args=None, cmake_target=None, cmake_target_skip_unavailable=False, cmake_clean_cache=False, cmake_clean_first=False, cmake_force_configure=False, ament_cmake_args=None, catkin_cmake_args=None, catkin_skip_building_tests=False, verb_parser=<colcon_defaults.argument_parser.defaults.DefaultArgumentsDecorator object at 0x7fa6b28123b0>, verb_extension=<colcon_core.verb.build.BuildVerb object at 0x7fa6b2997880>, main=<bound method BuildVerb.main of <colcon_core.verb.build.BuildVerb object at 0x7fa6b2997880>>)
[0.418s] Level 1:colcon.colcon_core.package_discovery:discover_packages(colcon_meta) check parameters
[0.418s] Level 1:colcon.colcon_core.package_discovery:discover_packages(recursive) check parameters
[0.418s] Level 1:colcon.colcon_core.package_discovery:discover_packages(ignore) check parameters
[0.418s] Level 1:colcon.colcon_core.package_discovery:discover_packages(path) check parameters
[0.418s] Level 1:colcon.colcon_core.package_discovery:discover_packages(colcon_meta) discover
[0.418s] Level 1:colcon.colcon_core.package_discovery:discover_packages(recursive) discover
[0.418s] INFO:colcon.colcon_core.package_discovery:Crawling recursively for packages in '/home/singh/ros2_sensor_ws/src'
[0.418s] Level 1:colcon.colcon_core.package_identification:_identify(.) by extensions ['ignore', 'ignore_ament_install']
[0.418s] Level 1:colcon.colcon_core.package_identification:_identify(.) by extension 'ignore'
[0.418s] Level 1:colcon.colcon_core.package_identification:_identify(.) by extension 'ignore_ament_install'
[0.419s] Level 1:colcon.colcon_core.package_identification:_identify(.) by extensions ['colcon_pkg']
[0.419s] Level 1:colcon.colcon_core.package_identification:_identify(.) by extension 'colcon_pkg'
[0.419s] Level 1:colcon.colcon_core.package_identification:_identify(.) by extensions ['colcon_meta']
[0.419s] Level 1:colcon.colcon_core.package_identification:_identify(.) by extension 'colcon_meta'
[0.419s] Level 1:colcon.colcon_core.package_identification:_identify(.) by extensions ['ros']
[0.419s] Level 1:colcon.colcon_core.package_identification:_identify(.) by extension 'ros'
[0.427s] Level 1:colcon.colcon_core.package_identification:_identify(.) by extensions ['cmake', 'python']
[0.427s] Level 1:colcon.colcon_core.package_identification:_identify(.) by extension 'cmake'
[0.427s] Level 1:colcon.colcon_core.package_identification:_identify(.) by extension 'python'
[0.427s] Level 1:colcon.colcon_core.package_identification:_identify(.) by extensions ['python_setup_py']
[0.427s] Level 1:colcon.colcon_core.package_identification:_identify(.) by extension 'python_setup_py'
[0.428s] Level 1:colcon.colcon_core.package_identification:_identify(YOLOv5-ROS) by extensions ['ignore', 'ignore_ament_install']
[0.428s] Level 1:colcon.colcon_core.package_identification:_identify(YOLOv5-ROS) by extension 'ignore'
[0.428s] Level 1:colcon.colcon_core.package_identification:_identify(YOLOv5-ROS) by extension 'ignore_ament_install'
[0.428s] Level 1:colcon.colcon_core.package_identification:_identify(YOLOv5-ROS) by extensions ['colcon_pkg']
[0.428s] Level 1:colcon.colcon_core.package_identification:_identify(YOLOv5-ROS) by extension 'colcon_pkg'
[0.428s] Level 1:colcon.colcon_core.package_identification:_identify(YOLOv5-ROS) by extensions ['colcon_meta']
[0.428s] Level 1:colcon.colcon_core.package_identification:_identify(YOLOv5-ROS) by extension 'colcon_meta'
[0.428s] Level 1:colcon.colcon_core.package_identification:_identify(YOLOv5-ROS) by extensions ['ros']
[0.428s] Level 1:colcon.colcon_core.package_identification:_identify(YOLOv5-ROS) by extension 'ros'
[0.428s] Level 1:colcon.colcon_core.package_identification:_identify(YOLOv5-ROS) by extensions ['cmake', 'python']
[0.428s] Level 1:colcon.colcon_core.package_identification:_identify(YOLOv5-ROS) by extension 'cmake'
[0.428s] Level 1:colcon.colcon_core.package_identification:_identify(YOLOv5-ROS) by extension 'python'
[0.428s] Level 1:colcon.colcon_core.package_identification:_identify(YOLOv5-ROS) by extensions ['python_setup_py']
[0.428s] Level 1:colcon.colcon_core.package_identification:_identify(YOLOv5-ROS) by extension 'python_setup_py'
[0.428s] Level 1:colcon.colcon_core.package_identification:_identify(YOLOv5-ROS/yolov5_ros) by extensions ['ignore', 'ignore_ament_install']
[0.428s] Level 1:colcon.colcon_core.package_identification:_identify(YOLOv5-ROS/yolov5_ros) by extension 'ignore'
[0.428s] Level 1:colcon.colcon_core.package_identification:_identify(YOLOv5-ROS/yolov5_ros) by extension 'ignore_ament_install'
[0.428s] Level 1:colcon.colcon_core.package_identification:_identify(YOLOv5-ROS/yolov5_ros) by extensions ['colcon_pkg']
[0.428s] Level 1:colcon.colcon_core.package_identification:_identify(YOLOv5-ROS/yolov5_ros) by extension 'colcon_pkg'
[0.428s] Level 1:colcon.colcon_core.package_identification:_identify(YOLOv5-ROS/yolov5_ros) by extensions ['colcon_meta']
[0.428s] Level 1:colcon.colcon_core.package_identification:_identify(YOLOv5-ROS/yolov5_ros) by extension 'colcon_meta'
[0.428s] Level 1:colcon.colcon_core.package_identification:_identify(YOLOv5-ROS/yolov5_ros) by extensions ['ros']
[0.428s] Level 1:colcon.colcon_core.package_identification:_identify(YOLOv5-ROS/yolov5_ros) by extension 'ros'
[0.431s] DEBUG:colcon.colcon_core.package_identification:Package 'YOLOv5-ROS/yolov5_ros' with type 'ros.ament_python' and name 'yolov5_ros'
[0.431s] Level 1:colcon.colcon_core.package_identification:_identify(bbox_ex_msgs) by extensions ['ignore', 'ignore_ament_install']
[0.431s] Level 1:colcon.colcon_core.package_identification:_identify(bbox_ex_msgs) by extension 'ignore'
[0.431s] Level 1:colcon.colcon_core.package_identification:_identify(bbox_ex_msgs) by extension 'ignore_ament_install'
[0.431s] Level 1:colcon.colcon_core.package_identification:_identify(bbox_ex_msgs) by extensions ['colcon_pkg']
[0.431s] Level 1:colcon.colcon_core.package_identification:_identify(bbox_ex_msgs) by extension 'colcon_pkg'
[0.431s] Level 1:colcon.colcon_core.package_identification:_identify(bbox_ex_msgs) by extensions ['colcon_meta']
[0.431s] Level 1:colcon.colcon_core.package_identification:_identify(bbox_ex_msgs) by extension 'colcon_meta'
[0.431s] Level 1:colcon.colcon_core.package_identification:_identify(bbox_ex_msgs) by extensions ['ros']
[0.431s] Level 1:colcon.colcon_core.package_identification:_identify(bbox_ex_msgs) by extension 'ros'
[0.437s] DEBUG:colcon.colcon_core.package_identification:Package 'bbox_ex_msgs' with type 'ros.ament_cmake' and name 'bboxes_ex_msgs'
[0.438s] Level 1:colcon.colcon_core.package_identification:_identify(build) by extensions ['ignore', 'ignore_ament_install']
[0.438s] Level 1:colcon.colcon_core.package_identification:_identify(build) by extension 'ignore'
[0.438s] Level 1:colcon.colcon_core.package_identification:_identify(build) ignored
[0.438s] Level 1:colcon.colcon_core.package_identification:_identify(geometry2) by extensions ['ignore', 'ignore_ament_install']
[0.438s] Level 1:colcon.colcon_core.package_identification:_identify(geometry2) by extension 'ignore'
[0.438s] Level 1:colcon.colcon_core.package_identification:_identify(geometry2) by extension 'ignore_ament_install'
[0.438s] Level 1:colcon.colcon_core.package_identification:_identify(geometry2) by extensions ['colcon_pkg']
[0.438s] Level 1:colcon.colcon_core.package_identification:_identify(geometry2) by extension 'colcon_pkg'
[0.438s] Level 1:colcon.colcon_core.package_identification:_identify(geometry2) by extensions ['colcon_meta']
[0.438s] Level 1:colcon.colcon_core.package_identification:_identify(geometry2) by extension 'colcon_meta'
[0.438s] Level 1:colcon.colcon_core.package_identification:_identify(geometry2) by extensions ['ros']
[0.438s] Level 1:colcon.colcon_core.package_identification:_identify(geometry2) by extension 'ros'
[0.438s] Level 1:colcon.colcon_core.package_identification:_identify(geometry2) by extensions ['cmake', 'python']
[0.438s] Level 1:colcon.colcon_core.package_identification:_identify(geometry2) by extension 'cmake'
[0.438s] Level 1:colcon.colcon_core.package_identification:_identify(geometry2) by extension 'python'
[0.438s] Level 1:colcon.colcon_core.package_identification:_identify(geometry2) by extensions ['python_setup_py']
[0.438s] Level 1:colcon.colcon_core.package_identification:_identify(geometry2) by extension 'python_setup_py'
[0.439s] Level 1:colcon.colcon_core.package_identification:_identify(geometry2/examples_tf2_py) by extensions ['ignore', 'ignore_ament_install']
[0.439s] Level 1:colcon.colcon_core.package_identification:_identify(geometry2/examples_tf2_py) by extension 'ignore'
[0.439s] Level 1:colcon.colcon_core.package_identification:_identify(geometry2/examples_tf2_py) by extension 'ignore_ament_install'
[0.439s] Level 1:colcon.colcon_core.package_identification:_identify(geometry2/examples_tf2_py) by extensions ['colcon_pkg']
[0.439s] Level 1:colcon.colcon_core.package_identification:_identify(geometry2/examples_tf2_py) by extension 'colcon_pkg'
[0.439s] Level 1:colcon.colcon_core.package_identification:_identify(geometry2/examples_tf2_py) by extensions ['colcon_meta']
[0.439s] Level 1:colcon.colcon_core.package_identification:_identify(geometry2/examples_tf2_py) by extension 'colcon_meta'
[0.439s] Level 1:colcon.colcon_core.package_identification:_identify(geometry2/examples_tf2_py) by extensions ['ros']
[0.439s] Level 1:colcon.colcon_core.package_identification:_identify(geometry2/examples_tf2_py) by extension 'ros'
[0.440s] DEBUG:colcon.colcon_core.package_identification:Package 'geometry2/examples_tf2_py' with type 'ros.ament_python' and name 'examples_tf2_py'
[0.440s] Level 1:colcon.colcon_core.package_identification:_identify(geometry2/geometry2) by extensions ['ignore', 'ignore_ament_install']
[0.440s] Level 1:colcon.colcon_core.package_identification:_identify(geometry2/geometry2) by extension 'ignore'
[0.440s] Level 1:colcon.colcon_core.package_identification:_identify(geometry2/geometry2) by extension 'ignore_ament_install'
[0.440s] Level 1:colcon.colcon_core.package_identification:_identify(geometry2/geometry2) by extensions ['colcon_pkg']
[0.440s] Level 1:colcon.colcon_core.package_identification:_identify(geometry2/geometry2) by extension 'colcon_pkg'
[0.440s] Level 1:colcon.colcon_core.package_identification:_identify(geometry2/geometry2) by extensions ['colcon_meta']
[0.440s] Level 1:colcon.colcon_core.package_identification:_identify(geometry2/geometry2) by extension 'colcon_meta'
[0.440s] Level 1:colcon.colcon_core.package_identification:_identify(geometry2/geometry2) by extensions ['ros']
[0.440s] Level 1:colcon.colcon_core.package_identification:_identify(geometry2/geometry2) by extension 'ros'
[0.441s] DEBUG:colcon.colcon_core.package_identification:Package 'geometry2/geometry2' with type 'ros.ament_cmake' and name 'geometry2'
[0.441s] Level 1:colcon.colcon_core.package_identification:_identify(geometry2/test_tf2) by extensions ['ignore', 'ignore_ament_install']
[0.441s] Level 1:colcon.colcon_core.package_identification:_identify(geometry2/test_tf2) by extension 'ignore'
[0.441s] Level 1:colcon.colcon_core.package_identification:_identify(geometry2/test_tf2) by extension 'ignore_ament_install'
[0.441s] Level 1:colcon.colcon_core.package_identification:_identify(geometry2/test_tf2) by extensions ['colcon_pkg']
[0.441s] Level 1:colcon.colcon_core.package_identification:_identify(geometry2/test_tf2) by extension 'colcon_pkg'
[0.441s] Level 1:colcon.colcon_core.package_identification:_identify(geometry2/test_tf2) by extensions ['colcon_meta']
[0.441s] Level 1:colcon.colcon_core.package_identification:_identify(geometry2/test_tf2) by extension 'colcon_meta'
[0.441s] Level 1:colcon.colcon_core.package_identification:_identify(geometry2/test_tf2) by extensions ['ros']
[0.441s] Level 1:colcon.colcon_core.package_identification:_identify(geometry2/test_tf2) by extension 'ros'
[0.442s] DEBUG:colcon.colcon_core.package_identification:Package 'geometry2/test_tf2' with type 'ros.ament_cmake' and name 'test_tf2'
[0.442s] Level 1:colcon.colcon_core.package_identification:_identify(geometry2/tf2) by extensions ['ignore', 'ignore_ament_install']
[0.442s] Level 1:colcon.colcon_core.package_identification:_identify(geometry2/tf2) by extension 'ignore'
[0.442s] Level 1:colcon.colcon_core.package_identification:_identify(geometry2/tf2) by extension 'ignore_ament_install'
[0.442s] Level 1:colcon.colcon_core.package_identification:_identify(geometry2/tf2) by extensions ['colcon_pkg']
[0.442s] Level 1:colcon.colcon_core.package_identification:_identify(geometry2/tf2) by extension 'colcon_pkg'
[0.442s] Level 1:colcon.colcon_core.package_identification:_identify(geometry2/tf2) by extensions ['colcon_meta']
[0.442s] Level 1:colcon.colcon_core.package_identification:_identify(geometry2/tf2) by extension 'colcon_meta'
[0.442s] Level 1:colcon.colcon_core.package_identification:_identify(geometry2/tf2) by extensions ['ros']
[0.442s] Level 1:colcon.colcon_core.package_identification:_identify(geometry2/tf2) by extension 'ros'
[0.443s] DEBUG:colcon.colcon_core.package_identification:Package 'geometry2/tf2' with type 'ros.ament_cmake' and name 'tf2'
[0.443s] Level 1:colcon.colcon_core.package_identification:_identify(geometry2/tf2_bullet) by extensions ['ignore', 'ignore_ament_install']
[0.443s] Level 1:colcon.colcon_core.package_identification:_identify(geometry2/tf2_bullet) by extension 'ignore'
[0.443s] Level 1:colcon.colcon_core.package_identification:_identify(geometry2/tf2_bullet) by extension 'ignore_ament_install'
[0.443s] Level 1:colcon.colcon_core.package_identification:_identify(geometry2/tf2_bullet) by extensions ['colcon_pkg']
[0.443s] Level 1:colcon.colcon_core.package_identification:_identify(geometry2/tf2_bullet) by extension 'colcon_pkg'
[0.443s] Level 1:colcon.colcon_core.package_identification:_identify(geometry2/tf2_bullet) by extensions ['colcon_meta']
[0.443s] Level 1:colcon.colcon_core.package_identification:_identify(geometry2/tf2_bullet) by extension 'colcon_meta'
[0.443s] Level 1:colcon.colcon_core.package_identification:_identify(geometry2/tf2_bullet) by extensions ['ros']
[0.443s] Level 1:colcon.colcon_core.package_identification:_identify(geometry2/tf2_bullet) by extension 'ros'
[0.444s] DEBUG:colcon.colcon_core.package_identification:Package 'geometry2/tf2_bullet' with type 'ros.ament_cmake' and name 'tf2_bullet'
[0.444s] Level 1:colcon.colcon_core.package_identification:_identify(geometry2/tf2_eigen) by extensions ['ignore', 'ignore_ament_install']
[0.444s] Level 1:colcon.colcon_core.package_identification:_identify(geometry2/tf2_eigen) by extension 'ignore'
[0.444s] Level 1:colcon.colcon_core.package_identification:_identify(geometry2/tf2_eigen) by extension 'ignore_ament_install'
[0.444s] Level 1:colcon.colcon_core.package_identification:_identify(geometry2/tf2_eigen) by extensions ['colcon_pkg']
[0.444s] Level 1:colcon.colcon_core.package_identification:_identify(geometry2/tf2_eigen) by extension 'colcon_pkg'
[0.444s] Level 1:colcon.colcon_core.package_identification:_identify(geometry2/tf2_eigen) by extensions ['colcon_meta']
[0.444s] Level 1:colcon.colcon_core.package_identification:_identify(geometry2/tf2_eigen) by extension 'colcon_meta'
[0.444s] Level 1:colcon.colcon_core.package_identification:_identify(geometry2/tf2_eigen) by extensions ['ros']
[0.444s] Level 1:colcon.colcon_core.package_identification:_identify(geometry2/tf2_eigen) by extension 'ros'
[0.444s] DEBUG:colcon.colcon_core.package_identification:Package 'geometry2/tf2_eigen' with type 'ros.ament_cmake' and name 'tf2_eigen'
[0.445s] Level 1:colcon.colcon_core.package_identification:_identify(geometry2/tf2_eigen_kdl) by extensions ['ignore', 'ignore_ament_install']
[0.445s] Level 1:colcon.colcon_core.package_identification:_identify(geometry2/tf2_eigen_kdl) by extension 'ignore'
[0.445s] Level 1:colcon.colcon_core.package_identification:_identify(geometry2/tf2_eigen_kdl) by extension 'ignore_ament_install'
[0.445s] Level 1:colcon.colcon_core.package_identification:_identify(geometry2/tf2_eigen_kdl) by extensions ['colcon_pkg']
[0.445s] Level 1:colcon.colcon_core.package_identification:_identify(geometry2/tf2_eigen_kdl) by extension 'colcon_pkg'
[0.445s] Level 1:colcon.colcon_core.package_identification:_identify(geometry2/tf2_eigen_kdl) by extensions ['colcon_meta']
[0.445s] Level 1:colcon.colcon_core.package_identification:_identify(geometry2/tf2_eigen_kdl) by extension 'colcon_meta'
[0.445s] Level 1:colcon.colcon_core.package_identification:_identify(geometry2/tf2_eigen_kdl) by extensions ['ros']
[0.445s] Level 1:colcon.colcon_core.package_identification:_identify(geometry2/tf2_eigen_kdl) by extension 'ros'
[0.445s] DEBUG:colcon.colcon_core.package_identification:Package 'geometry2/tf2_eigen_kdl' with type 'ros.ament_cmake' and name 'tf2_eigen_kdl'
[0.445s] Level 1:colcon.colcon_core.package_identification:_identify(geometry2/tf2_geometry_msgs) by extensions ['ignore', 'ignore_ament_install']
[0.445s] Level 1:colcon.colcon_core.package_identification:_identify(geometry2/tf2_geometry_msgs) by extension 'ignore'
[0.445s] Level 1:colcon.colcon_core.package_identification:_identify(geometry2/tf2_geometry_msgs) by extension 'ignore_ament_install'
[0.445s] Level 1:colcon.colcon_core.package_identification:_identify(geometry2/tf2_geometry_msgs) by extensions ['colcon_pkg']
[0.445s] Level 1:colcon.colcon_core.package_identification:_identify(geometry2/tf2_geometry_msgs) by extension 'colcon_pkg'
[0.445s] Level 1:colcon.colcon_core.package_identification:_identify(geometry2/tf2_geometry_msgs) by extensions ['colcon_meta']
[0.445s] Level 1:colcon.colcon_core.package_identification:_identify(geometry2/tf2_geometry_msgs) by extension 'colcon_meta'
[0.446s] Level 1:colcon.colcon_core.package_identification:_identify(geometry2/tf2_geometry_msgs) by extensions ['ros']
[0.446s] Level 1:colcon.colcon_core.package_identification:_identify(geometry2/tf2_geometry_msgs) by extension 'ros'
[0.446s] DEBUG:colcon.colcon_core.package_identification:Package 'geometry2/tf2_geometry_msgs' with type 'ros.ament_cmake' and name 'tf2_geometry_msgs'
[0.446s] Level 1:colcon.colcon_core.package_identification:_identify(geometry2/tf2_kdl) by extensions ['ignore', 'ignore_ament_install']
[0.446s] Level 1:colcon.colcon_core.package_identification:_identify(geometry2/tf2_kdl) by extension 'ignore'
[0.446s] Level 1:colcon.colcon_core.package_identification:_identify(geometry2/tf2_kdl) by extension 'ignore_ament_install'
[0.446s] Level 1:colcon.colcon_core.package_identification:_identify(geometry2/tf2_kdl) by extensions ['colcon_pkg']
[0.446s] Level 1:colcon.colcon_core.package_identification:_identify(geometry2/tf2_kdl) by extension 'colcon_pkg'
[0.446s] Level 1:colcon.colcon_core.package_identification:_identify(geometry2/tf2_kdl) by extensions ['colcon_meta']
[0.446s] Level 1:colcon.colcon_core.package_identification:_identify(geometry2/tf2_kdl) by extension 'colcon_meta'
[0.446s] Level 1:colcon.colcon_core.package_identification:_identify(geometry2/tf2_kdl) by extensions ['ros']
[0.446s] Level 1:colcon.colcon_core.package_identification:_identify(geometry2/tf2_kdl) by extension 'ros'
[0.447s] DEBUG:colcon.colcon_core.package_identification:Package 'geometry2/tf2_kdl' with type 'ros.ament_cmake' and name 'tf2_kdl'
[0.447s] Level 1:colcon.colcon_core.package_identification:_identify(geometry2/tf2_msgs) by extensions ['ignore', 'ignore_ament_install']
[0.447s] Level 1:colcon.colcon_core.package_identification:_identify(geometry2/tf2_msgs) by extension 'ignore'
[0.447s] Level 1:colcon.colcon_core.package_identification:_identify(geometry2/tf2_msgs) by extension 'ignore_ament_install'
[0.447s] Level 1:colcon.colcon_core.package_identification:_identify(geometry2/tf2_msgs) by extensions ['colcon_pkg']
[0.447s] Level 1:colcon.colcon_core.package_identification:_identify(geometry2/tf2_msgs) by extension 'colcon_pkg'
[0.447s] Level 1:colcon.colcon_core.package_identification:_identify(geometry2/tf2_msgs) by extensions ['colcon_meta']
[0.447s] Level 1:colcon.colcon_core.package_identification:_identify(geometry2/tf2_msgs) by extension 'colcon_meta'
[0.447s] Level 1:colcon.colcon_core.package_identification:_identify(geometry2/tf2_msgs) by extensions ['ros']
[0.447s] Level 1:colcon.colcon_core.package_identification:_identify(geometry2/tf2_msgs) by extension 'ros'
[0.448s] DEBUG:colcon.colcon_core.package_identification:Package 'geometry2/tf2_msgs' with type 'ros.ament_cmake' and name 'tf2_msgs'
[0.448s] Level 1:colcon.colcon_core.package_identification:_identify(geometry2/tf2_py) by extensions ['ignore', 'ignore_ament_install']
[0.448s] Level 1:colcon.colcon_core.package_identification:_identify(geometry2/tf2_py) by extension 'ignore'
[0.448s] Level 1:colcon.colcon_core.package_identification:_identify(geometry2/tf2_py) by extension 'ignore_ament_install'
[0.448s] Level 1:colcon.colcon_core.package_identification:_identify(geometry2/tf2_py) by extensions ['colcon_pkg']
[0.448s] Level 1:colcon.colcon_core.package_identification:_identify(geometry2/tf2_py) by extension 'colcon_pkg'
[0.448s] Level 1:colcon.colcon_core.package_identification:_identify(geometry2/tf2_py) by extensions ['colcon_meta']
[0.448s] Level 1:colcon.colcon_core.package_identification:_identify(geometry2/tf2_py) by extension 'colcon_meta'
[0.448s] Level 1:colcon.colcon_core.package_identification:_identify(geometry2/tf2_py) by extensions ['ros']
[0.448s] Level 1:colcon.colcon_core.package_identification:_identify(geometry2/tf2_py) by extension 'ros'
[0.449s] DEBUG:colcon.colcon_core.package_identification:Package 'geometry2/tf2_py' with type 'ros.ament_cmake' and name 'tf2_py'
[0.449s] Level 1:colcon.colcon_core.package_identification:_identify(geometry2/tf2_ros) by extensions ['ignore', 'ignore_ament_install']
[0.449s] Level 1:colcon.colcon_core.package_identification:_identify(geometry2/tf2_ros) by extension 'ignore'
[0.449s] Level 1:colcon.colcon_core.package_identification:_identify(geometry2/tf2_ros) by extension 'ignore_ament_install'
[0.449s] Level 1:colcon.colcon_core.package_identification:_identify(geometry2/tf2_ros) by extensions ['colcon_pkg']
[0.449s] Level 1:colcon.colcon_core.package_identification:_identify(geometry2/tf2_ros) by extension 'colcon_pkg'
[0.449s] Level 1:colcon.colcon_core.package_identification:_identify(geometry2/tf2_ros) by extensions ['colcon_meta']
[0.449s] Level 1:colcon.colcon_core.package_identification:_identify(geometry2/tf2_ros) by extension 'colcon_meta'
[0.449s] Level 1:colcon.colcon_core.package_identification:_identify(geometry2/tf2_ros) by extensions ['ros']
[0.449s] Level 1:colcon.colcon_core.package_identification:_identify(geometry2/tf2_ros) by extension 'ros'
[0.450s] DEBUG:colcon.colcon_core.package_identification:Package 'geometry2/tf2_ros' with type 'ros.ament_cmake' and name 'tf2_ros'
[0.450s] Level 1:colcon.colcon_core.package_identification:_identify(geometry2/tf2_ros_py) by extensions ['ignore', 'ignore_ament_install']
[0.450s] Level 1:colcon.colcon_core.package_identification:_identify(geometry2/tf2_ros_py) by extension 'ignore'
[0.450s] Level 1:colcon.colcon_core.package_identification:_identify(geometry2/tf2_ros_py) by extension 'ignore_ament_install'
[0.450s] Level 1:colcon.colcon_core.package_identification:_identify(geometry2/tf2_ros_py) by extensions ['colcon_pkg']
[0.450s] Level 1:colcon.colcon_core.package_identification:_identify(geometry2/tf2_ros_py) by extension 'colcon_pkg'
[0.450s] Level 1:colcon.colcon_core.package_identification:_identify(geometry2/tf2_ros_py) by extensions ['colcon_meta']
[0.450s] Level 1:colcon.colcon_core.package_identification:_identify(geometry2/tf2_ros_py) by extension 'colcon_meta'
[0.450s] Level 1:colcon.colcon_core.package_identification:_identify(geometry2/tf2_ros_py) by extensions ['ros']
[0.450s] Level 1:colcon.colcon_core.package_identification:_identify(geometry2/tf2_ros_py) by extension 'ros'
[0.451s] DEBUG:colcon.colcon_core.package_identification:Package 'geometry2/tf2_ros_py' with type 'ros.ament_python' and name 'tf2_ros_py'
[0.451s] Level 1:colcon.colcon_core.package_identification:_identify(geometry2/tf2_sensor_msgs) by extensions ['ignore', 'ignore_ament_install']
[0.451s] Level 1:colcon.colcon_core.package_identification:_identify(geometry2/tf2_sensor_msgs) by extension 'ignore'
[0.451s] Level 1:colcon.colcon_core.package_identification:_identify(geometry2/tf2_sensor_msgs) by extension 'ignore_ament_install'
[0.451s] Level 1:colcon.colcon_core.package_identification:_identify(geometry2/tf2_sensor_msgs) by extensions ['colcon_pkg']
[0.451s] Level 1:colcon.colcon_core.package_identification:_identify(geometry2/tf2_sensor_msgs) by extension 'colcon_pkg'
[0.451s] Level 1:colcon.colcon_core.package_identification:_identify(geometry2/tf2_sensor_msgs) by extensions ['colcon_meta']
[0.451s] Level 1:colcon.colcon_core.package_identification:_identify(geometry2/tf2_sensor_msgs) by extension 'colcon_meta'
[0.451s] Level 1:colcon.colcon_core.package_identification:_identify(geometry2/tf2_sensor_msgs) by extensions ['ros']
[0.451s] Level 1:colcon.colcon_core.package_identification:_identify(geometry2/tf2_sensor_msgs) by extension 'ros'
[0.452s] DEBUG:colcon.colcon_core.package_identification:Package 'geometry2/tf2_sensor_msgs' with type 'ros.ament_cmake' and name 'tf2_sensor_msgs'
[0.452s] Level 1:colcon.colcon_core.package_identification:_identify(geometry2/tf2_tools) by extensions ['ignore', 'ignore_ament_install']
[0.452s] Level 1:colcon.colcon_core.package_identification:_identify(geometry2/tf2_tools) by extension 'ignore'
[0.452s] Level 1:colcon.colcon_core.package_identification:_identify(geometry2/tf2_tools) by extension 'ignore_ament_install'
[0.452s] Level 1:colcon.colcon_core.package_identification:_identify(geometry2/tf2_tools) by extensions ['colcon_pkg']
[0.452s] Level 1:colcon.colcon_core.package_identification:_identify(geometry2/tf2_tools) by extension 'colcon_pkg'
[0.452s] Level 1:colcon.colcon_core.package_identification:_identify(geometry2/tf2_tools) by extensions ['colcon_meta']
[0.452s] Level 1:colcon.colcon_core.package_identification:_identify(geometry2/tf2_tools) by extension 'colcon_meta'
[0.453s] Level 1:colcon.colcon_core.package_identification:_identify(geometry2/tf2_tools) by extensions ['ros']
[0.453s] Level 1:colcon.colcon_core.package_identification:_identify(geometry2/tf2_tools) by extension 'ros'
[0.453s] DEBUG:colcon.colcon_core.package_identification:Package 'geometry2/tf2_tools' with type 'ros.ament_python' and name 'tf2_tools'
[0.453s] Level 1:colcon.colcon_core.package_identification:_identify(install) by extensions ['ignore', 'ignore_ament_install']
[0.453s] Level 1:colcon.colcon_core.package_identification:_identify(install) by extension 'ignore'
[0.453s] Level 1:colcon.colcon_core.package_identification:_identify(install) ignored
[0.454s] Level 1:colcon.colcon_core.package_identification:_identify(log) by extensions ['ignore', 'ignore_ament_install']
[0.454s] Level 1:colcon.colcon_core.package_identification:_identify(log) by extension 'ignore'
[0.454s] Level 1:colcon.colcon_core.package_identification:_identify(log) ignored
[0.454s] Level 1:colcon.colcon_core.package_identification:_identify(my_sensor_description) by extensions ['ignore', 'ignore_ament_install']
[0.454s] Level 1:colcon.colcon_core.package_identification:_identify(my_sensor_description) by extension 'ignore'
[0.454s] Level 1:colcon.colcon_core.package_identification:_identify(my_sensor_description) by extension 'ignore_ament_install'
[0.454s] Level 1:colcon.colcon_core.package_identification:_identify(my_sensor_description) by extensions ['colcon_pkg']
[0.454s] Level 1:colcon.colcon_core.package_identification:_identify(my_sensor_description) by extension 'colcon_pkg'
[0.454s] Level 1:colcon.colcon_core.package_identification:_identify(my_sensor_description) by extensions ['colcon_meta']
[0.454s] Level 1:colcon.colcon_core.package_identification:_identify(my_sensor_description) by extension 'colcon_meta'
[0.454s] Level 1:colcon.colcon_core.package_identification:_identify(my_sensor_description) by extensions ['ros']
[0.454s] Level 1:colcon.colcon_core.package_identification:_identify(my_sensor_description) by extension 'ros'
[0.454s] DEBUG:colcon.colcon_core.package_identification:Package 'my_sensor_description' with type 'ros.ament_cmake' and name 'my_sensor_description'
[0.454s] Level 1:colcon.colcon_core.package_discovery:discover_packages(recursive) using defaults
[0.454s] Level 1:colcon.colcon_core.package_discovery:discover_packages(ignore) discover
[0.454s] Level 1:colcon.colcon_core.package_discovery:discover_packages(ignore) using defaults
[0.454s] Level 1:colcon.colcon_core.package_discovery:discover_packages(path) discover
[0.454s] Level 1:colcon.colcon_core.package_discovery:discover_packages(path) using defaults
[0.479s] INFO:colcon.colcon_core.package_selection:Skipping not selected package 'bboxes_ex_msgs' in 'bbox_ex_msgs'
[0.480s] INFO:colcon.colcon_core.package_selection:Skipping not selected package 'tf2' in 'geometry2/tf2'
[0.480s] INFO:colcon.colcon_core.package_selection:Skipping not selected package 'tf2_msgs' in 'geometry2/tf2_msgs'
[0.480s] INFO:colcon.colcon_core.package_selection:Skipping not selected package 'tf2_eigen_kdl' in 'geometry2/tf2_eigen_kdl'
[0.480s] INFO:colcon.colcon_core.package_selection:Skipping not selected package 'tf2_py' in 'geometry2/tf2_py'
[0.480s] INFO:colcon.colcon_core.package_selection:Skipping not selected package 'tf2_ros' in 'geometry2/tf2_ros'
[0.480s] INFO:colcon.colcon_core.package_selection:Skipping not selected package 'yolov5_ros' in 'YOLOv5-ROS/yolov5_ros'
[0.480s] INFO:colcon.colcon_core.package_selection:Skipping not selected package 'tf2_bullet' in 'geometry2/tf2_bullet'
[0.480s] INFO:colcon.colcon_core.package_selection:Skipping not selected package 'tf2_eigen' in 'geometry2/tf2_eigen'
[0.480s] INFO:colcon.colcon_core.package_selection:Skipping not selected package 'tf2_ros_py' in 'geometry2/tf2_ros_py'
[0.480s] INFO:colcon.colcon_core.package_selection:Skipping not selected package 'examples_tf2_py' in 'geometry2/examples_tf2_py'
[0.480s] INFO:colcon.colcon_core.package_selection:Skipping not selected package 'tf2_geometry_msgs' in 'geometry2/tf2_geometry_msgs'
[0.480s] INFO:colcon.colcon_core.package_selection:Skipping not selected package 'tf2_kdl' in 'geometry2/tf2_kdl'
[0.480s] INFO:colcon.colcon_core.package_selection:Skipping not selected package 'tf2_sensor_msgs' in 'geometry2/tf2_sensor_msgs'
[0.480s] INFO:colcon.colcon_core.package_selection:Skipping not selected package 'tf2_tools' in 'geometry2/tf2_tools'
[0.480s] INFO:colcon.colcon_core.package_selection:Skipping not selected package 'geometry2' in 'geometry2/geometry2'
[0.480s] INFO:colcon.colcon_core.package_selection:Skipping not selected package 'test_tf2' in 'geometry2/test_tf2'
[0.481s] Level 1:colcon.colcon_core.package_discovery:discover_packages(prefix_path) check parameters
[0.481s] Level 1:colcon.colcon_core.package_discovery:discover_packages(prefix_path) discover
[0.485s] DEBUG:colcon.colcon_installed_package_information.package_discovery:Found 3 installed packages in /home/singh/turtlebot_ws/install
[0.485s] DEBUG:colcon.colcon_installed_package_information.package_discovery:Found 0 installed packages in /home/singh/turtlebot_ws/src/turtlebot3_gazebo/launch/install
[0.486s] DEBUG:colcon.colcon_installed_package_information.package_discovery:Found 2 installed packages in /home/singh/ros2_ws2/install
[0.486s] DEBUG:colcon.colcon_installed_package_information.package_discovery:Found 2 installed packages in /home/singh/ros2_ws2/src/install
[0.486s] DEBUG:colcon.colcon_installed_package_information.package_discovery:Found 1 installed packages in /home/singh/ros2_ws4/install
[0.487s] DEBUG:colcon.colcon_installed_package_information.package_discovery:Found 0 installed packages in /home/singh/install
[0.487s] DEBUG:colcon.colcon_installed_package_information.package_discovery:Found 18 installed packages in /home/singh/ros2_sensor_ws/install
[0.487s] DEBUG:colcon.colcon_installed_package_information.package_discovery:Found 1 installed packages in /home/singh/ros2_sensor_ws/src/install
[0.488s] DEBUG:colcon.colcon_installed_package_information.package_discovery:Found 298 installed packages in /opt/ros/humble
[0.489s] Level 1:colcon.colcon_core.package_discovery:discover_packages(prefix_path) using defaults
[0.518s] Level 5:colcon.colcon_core.verb:set package 'my_sensor_description' build argument 'cmake_args' from command line to 'None'
[0.519s] Level 5:colcon.colcon_core.verb:set package 'my_sensor_description' build argument 'cmake_target' from command line to 'None'
[0.519s] Level 5:colcon.colcon_core.verb:set package 'my_sensor_description' build argument 'cmake_target_skip_unavailable' from command line to 'False'
[0.519s] Level 5:colcon.colcon_core.verb:set package 'my_sensor_description' build argument 'cmake_clean_cache' from command line to 'False'
[0.519s] Level 5:colcon.colcon_core.verb:set package 'my_sensor_description' build argument 'cmake_clean_first' from command line to 'False'
[0.519s] Level 5:colcon.colcon_core.verb:set package 'my_sensor_description' build argument 'cmake_force_configure' from command line to 'False'
[0.519s] Level 5:colcon.colcon_core.verb:set package 'my_sensor_description' build argument 'ament_cmake_args' from command line to 'None'
[0.519s] Level 5:colcon.colcon_core.verb:set package 'my_sensor_description' build argument 'catkin_cmake_args' from command line to 'None'
[0.519s] Level 5:colcon.colcon_core.verb:set package 'my_sensor_description' build argument 'catkin_skip_building_tests' from command line to 'False'
[0.519s] DEBUG:colcon.colcon_core.verb:Building package 'my_sensor_description' with the following arguments: {'ament_cmake_args': None, 'build_base': '/home/singh/ros2_sensor_ws/src/build/my_sensor_description', 'catkin_cmake_args': None, 'catkin_skip_building_tests': False, 'cmake_args': None, 'cmake_clean_cache': False, 'cmake_clean_first': False, 'cmake_force_configure': False, 'cmake_target': None, 'cmake_target_skip_unavailable': False, 'install_base': '/home/singh/ros2_sensor_ws/src/install/my_sensor_description', 'merge_install': False, 'path': '/home/singh/ros2_sensor_ws/src/my_sensor_description', 'symlink_install': False, 'test_result_base': None}
[0.519s] INFO:colcon.colcon_core.executor:Executing jobs using 'parallel' executor
[0.520s] DEBUG:colcon.colcon_parallel_executor.executor.parallel:run_until_complete
[0.520s] INFO:colcon.colcon_ros.task.ament_cmake.build:Building ROS package in '/home/singh/ros2_sensor_ws/src/my_sensor_description' with build type 'ament_cmake'
[0.520s] INFO:colcon.colcon_cmake.task.cmake.build:Building CMake package in '/home/singh/ros2_sensor_ws/src/my_sensor_description'
[0.526s] INFO:colcon.colcon_core.plugin_system:Skipping extension 'colcon_core.shell.bat': Not used on non-Windows systems
[0.526s] INFO:colcon.colcon_core.shell:Skip shell extension 'powershell' for command environment: Not usable outside of PowerShell
[0.526s] DEBUG:colcon.colcon_core.shell:Skip shell extension 'dsv' for command environment
[0.529s] WARNING:colcon.colcon_core.shell:The following packages are in the workspace but haven't been built:
- tf2
- tf2_msgs
- tf2_py
- tf2_ros
- tf2_ros_py
They are being used from the following locations instead:
- /home/singh/ros2_sensor_ws/install/tf2
- /home/singh/ros2_sensor_ws/install/tf2_msgs
- /home/singh/ros2_sensor_ws/install/tf2_py
- /home/singh/ros2_sensor_ws/install/tf2_ros
- /home/singh/ros2_sensor_ws/install/tf2_ros_py
To suppress this warning ignore these packages in the workspace:
--packages-ignore tf2 tf2_msgs tf2_py tf2_ros tf2_ros_py
[0.561s] DEBUG:colcon.colcon_core.event_handler.log_command:Invoking command in '/home/singh/ros2_sensor_ws/src/build/my_sensor_description': CMAKE_PREFIX_PATH=/home/singh/ros2_sensor_ws/src/install/tf2_sensor_msgs:/home/singh/ros2_ws2/install/my_robot_bringup:/home/singh/ros2_ws2/install/my_robot_description:/home/singh/ros2_sensor_ws/install/geometry2:/home/singh/ros2_sensor_ws/install/my_sensor_description:/home/singh/ros2_sensor_ws/install/tf2_sensor_msgs:/home/singh/ros2_sensor_ws/install/test_tf2:/home/singh/ros2_sensor_ws/install/tf2_kdl:/home/singh/ros2_sensor_ws/install/tf2_geometry_msgs:/home/singh/ros2_sensor_ws/install/tf2_eigen:/home/singh/ros2_sensor_ws/install/tf2_bullet:/home/singh/ros2_sensor_ws/install/tf2_ros:/home/singh/ros2_sensor_ws/install/tf2_py:/home/singh/ros2_sensor_ws/install/tf2_msgs:/home/singh/ros2_sensor_ws/install/tf2_eigen_kdl:/home/singh/ros2_sensor_ws/install/tf2:/home/singh/ros2_sensor_ws/install/bboxes_ex_msgs:/home/singh/turtlebot_ws/install/turtlebot3_simulations:/home/singh/turtlebot_ws/install/turtlebot3_gazebo:/home/singh/turtlebot_ws/install/turtlebot3_fake_node:/home/singh/ros2_ws2/src/install/my_robot_bringup:/home/singh/ros2_ws2/src/install/my_robot_description:/home/singh/ros2_ws4/install/gazebo_parking:/home/singh/ros2_sensor_ws/install/yolov5_ros:/home/singh/ros2_sensor_ws/install/tf2_tools:/home/singh/ros2_sensor_ws/install/examples_tf2_py:/home/singh/ros2_sensor_ws/install/tf2_ros_py:/opt/ros/humble /usr/bin/cmake /home/singh/ros2_sensor_ws/src/my_sensor_description -DCMAKE_INSTALL_PREFIX=/home/singh/ros2_sensor_ws/src/install/my_sensor_description
[2.195s] DEBUG:colcon.colcon_core.event_handler.log_command:Invoked command in '/home/singh/ros2_sensor_ws/src/build/my_sensor_description' returned '0': CMAKE_PREFIX_PATH=/home/singh/ros2_sensor_ws/src/install/tf2_sensor_msgs:/home/singh/ros2_ws2/install/my_robot_bringup:/home/singh/ros2_ws2/install/my_robot_description:/home/singh/ros2_sensor_ws/install/geometry2:/home/singh/ros2_sensor_ws/install/my_sensor_description:/home/singh/ros2_sensor_ws/install/tf2_sensor_msgs:/home/singh/ros2_sensor_ws/install/test_tf2:/home/singh/ros2_sensor_ws/install/tf2_kdl:/home/singh/ros2_sensor_ws/install/tf2_geometry_msgs:/home/singh/ros2_sensor_ws/install/tf2_eigen:/home/singh/ros2_sensor_ws/install/tf2_bullet:/home/singh/ros2_sensor_ws/install/tf2_ros:/home/singh/ros2_sensor_ws/install/tf2_py:/home/singh/ros2_sensor_ws/install/tf2_msgs:/home/singh/ros2_sensor_ws/install/tf2_eigen_kdl:/home/singh/ros2_sensor_ws/install/tf2:/home/singh/ros2_sensor_ws/install/bboxes_ex_msgs:/home/singh/turtlebot_ws/install/turtlebot3_simulations:/home/singh/turtlebot_ws/install/turtlebot3_gazebo:/home/singh/turtlebot_ws/install/turtlebot3_fake_node:/home/singh/ros2_ws2/src/install/my_robot_bringup:/home/singh/ros2_ws2/src/install/my_robot_description:/home/singh/ros2_ws4/install/gazebo_parking:/home/singh/ros2_sensor_ws/install/yolov5_ros:/home/singh/ros2_sensor_ws/install/tf2_tools:/home/singh/ros2_sensor_ws/install/examples_tf2_py:/home/singh/ros2_sensor_ws/install/tf2_ros_py:/opt/ros/humble /usr/bin/cmake /home/singh/ros2_sensor_ws/src/my_sensor_description -DCMAKE_INSTALL_PREFIX=/home/singh/ros2_sensor_ws/src/install/my_sensor_description
[2.196s] DEBUG:colcon.colcon_core.event_handler.log_command:Invoking command in '/home/singh/ros2_sensor_ws/src/build/my_sensor_description': CMAKE_PREFIX_PATH=/home/singh/ros2_sensor_ws/src/install/tf2_sensor_msgs:/home/singh/ros2_ws2/install/my_robot_bringup:/home/singh/ros2_ws2/install/my_robot_description:/home/singh/ros2_sensor_ws/install/geometry2:/home/singh/ros2_sensor_ws/install/my_sensor_description:/home/singh/ros2_sensor_ws/install/tf2_sensor_msgs:/home/singh/ros2_sensor_ws/install/test_tf2:/home/singh/ros2_sensor_ws/install/tf2_kdl:/home/singh/ros2_sensor_ws/install/tf2_geometry_msgs:/home/singh/ros2_sensor_ws/install/tf2_eigen:/home/singh/ros2_sensor_ws/install/tf2_bullet:/home/singh/ros2_sensor_ws/install/tf2_ros:/home/singh/ros2_sensor_ws/install/tf2_py:/home/singh/ros2_sensor_ws/install/tf2_msgs:/home/singh/ros2_sensor_ws/install/tf2_eigen_kdl:/home/singh/ros2_sensor_ws/install/tf2:/home/singh/ros2_sensor_ws/install/bboxes_ex_msgs:/home/singh/turtlebot_ws/install/turtlebot3_simulations:/home/singh/turtlebot_ws/install/turtlebot3_gazebo:/home/singh/turtlebot_ws/install/turtlebot3_fake_node:/home/singh/ros2_ws2/src/install/my_robot_bringup:/home/singh/ros2_ws2/src/install/my_robot_description:/home/singh/ros2_ws4/install/gazebo_parking:/home/singh/ros2_sensor_ws/install/yolov5_ros:/home/singh/ros2_sensor_ws/install/tf2_tools:/home/singh/ros2_sensor_ws/install/examples_tf2_py:/home/singh/ros2_sensor_ws/install/tf2_ros_py:/opt/ros/humble /usr/bin/cmake --build /home/singh/ros2_sensor_ws/src/build/my_sensor_description -- -j12 -l12
[2.217s] DEBUG:colcon.colcon_core.event_handler.log_command:Invoked command in '/home/singh/ros2_sensor_ws/src/build/my_sensor_description' returned '0': CMAKE_PREFIX_PATH=/home/singh/ros2_sensor_ws/src/install/tf2_sensor_msgs:/home/singh/ros2_ws2/install/my_robot_bringup:/home/singh/ros2_ws2/install/my_robot_description:/home/singh/ros2_sensor_ws/install/geometry2:/home/singh/ros2_sensor_ws/install/my_sensor_description:/home/singh/ros2_sensor_ws/install/tf2_sensor_msgs:/home/singh/ros2_sensor_ws/install/test_tf2:/home/singh/ros2_sensor_ws/install/tf2_kdl:/home/singh/ros2_sensor_ws/install/tf2_geometry_msgs:/home/singh/ros2_sensor_ws/install/tf2_eigen:/home/singh/ros2_sensor_ws/install/tf2_bullet:/home/singh/ros2_sensor_ws/install/tf2_ros:/home/singh/ros2_sensor_ws/install/tf2_py:/home/singh/ros2_sensor_ws/install/tf2_msgs:/home/singh/ros2_sensor_ws/install/tf2_eigen_kdl:/home/singh/ros2_sensor_ws/install/tf2:/home/singh/ros2_sensor_ws/install/bboxes_ex_msgs:/home/singh/turtlebot_ws/install/turtlebot3_simulations:/home/singh/turtlebot_ws/install/turtlebot3_gazebo:/home/singh/turtlebot_ws/install/turtlebot3_fake_node:/home/singh/ros2_ws2/src/install/my_robot_bringup:/home/singh/ros2_ws2/src/install/my_robot_description:/home/singh/ros2_ws4/install/gazebo_parking:/home/singh/ros2_sensor_ws/install/yolov5_ros:/home/singh/ros2_sensor_ws/install/tf2_tools:/home/singh/ros2_sensor_ws/install/examples_tf2_py:/home/singh/ros2_sensor_ws/install/tf2_ros_py:/opt/ros/humble /usr/bin/cmake --build /home/singh/ros2_sensor_ws/src/build/my_sensor_description -- -j12 -l12
[2.223s] DEBUG:colcon.colcon_core.event_handler.log_command:Invoking command in '/home/singh/ros2_sensor_ws/src/build/my_sensor_description': CMAKE_PREFIX_PATH=/home/singh/ros2_sensor_ws/src/install/tf2_sensor_msgs:/home/singh/ros2_ws2/install/my_robot_bringup:/home/singh/ros2_ws2/install/my_robot_description:/home/singh/ros2_sensor_ws/install/geometry2:/home/singh/ros2_sensor_ws/install/my_sensor_description:/home/singh/ros2_sensor_ws/install/tf2_sensor_msgs:/home/singh/ros2_sensor_ws/install/test_tf2:/home/singh/ros2_sensor_ws/install/tf2_kdl:/home/singh/ros2_sensor_ws/install/tf2_geometry_msgs:/home/singh/ros2_sensor_ws/install/tf2_eigen:/home/singh/ros2_sensor_ws/install/tf2_bullet:/home/singh/ros2_sensor_ws/install/tf2_ros:/home/singh/ros2_sensor_ws/install/tf2_py:/home/singh/ros2_sensor_ws/install/tf2_msgs:/home/singh/ros2_sensor_ws/install/tf2_eigen_kdl:/home/singh/ros2_sensor_ws/install/tf2:/home/singh/ros2_sensor_ws/install/bboxes_ex_msgs:/home/singh/turtlebot_ws/install/turtlebot3_simulations:/home/singh/turtlebot_ws/install/turtlebot3_gazebo:/home/singh/turtlebot_ws/install/turtlebot3_fake_node:/home/singh/ros2_ws2/src/install/my_robot_bringup:/home/singh/ros2_ws2/src/install/my_robot_description:/home/singh/ros2_ws4/install/gazebo_parking:/home/singh/ros2_sensor_ws/install/yolov5_ros:/home/singh/ros2_sensor_ws/install/tf2_tools:/home/singh/ros2_sensor_ws/install/examples_tf2_py:/home/singh/ros2_sensor_ws/install/tf2_ros_py:/opt/ros/humble /usr/bin/cmake --install /home/singh/ros2_sensor_ws/src/build/my_sensor_description
[2.236s] Level 1:colcon.colcon_core.environment:create_environment_scripts_only(my_sensor_description)
[2.237s] DEBUG:colcon.colcon_core.event_handler.log_command:Invoked command in '/home/singh/ros2_sensor_ws/src/build/my_sensor_description' returned '0': CMAKE_PREFIX_PATH=/home/singh/ros2_sensor_ws/src/install/tf2_sensor_msgs:/home/singh/ros2_ws2/install/my_robot_bringup:/home/singh/ros2_ws2/install/my_robot_description:/home/singh/ros2_sensor_ws/install/geometry2:/home/singh/ros2_sensor_ws/install/my_sensor_description:/home/singh/ros2_sensor_ws/install/tf2_sensor_msgs:/home/singh/ros2_sensor_ws/install/test_tf2:/home/singh/ros2_sensor_ws/install/tf2_kdl:/home/singh/ros2_sensor_ws/install/tf2_geometry_msgs:/home/singh/ros2_sensor_ws/install/tf2_eigen:/home/singh/ros2_sensor_ws/install/tf2_bullet:/home/singh/ros2_sensor_ws/install/tf2_ros:/home/singh/ros2_sensor_ws/install/tf2_py:/home/singh/ros2_sensor_ws/install/tf2_msgs:/home/singh/ros2_sensor_ws/install/tf2_eigen_kdl:/home/singh/ros2_sensor_ws/install/tf2:/home/singh/ros2_sensor_ws/install/bboxes_ex_msgs:/home/singh/turtlebot_ws/install/turtlebot3_simulations:/home/singh/turtlebot_ws/install/turtlebot3_gazebo:/home/singh/turtlebot_ws/install/turtlebot3_fake_node:/home/singh/ros2_ws2/src/install/my_robot_bringup:/home/singh/ros2_ws2/src/install/my_robot_description:/home/singh/ros2_ws4/install/gazebo_parking:/home/singh/ros2_sensor_ws/install/yolov5_ros:/home/singh/ros2_sensor_ws/install/tf2_tools:/home/singh/ros2_sensor_ws/install/examples_tf2_py:/home/singh/ros2_sensor_ws/install/tf2_ros_py:/opt/ros/humble /usr/bin/cmake --install /home/singh/ros2_sensor_ws/src/build/my_sensor_description
[2.240s] Level 1:colcon.colcon_core.environment:checking '/home/singh/ros2_sensor_ws/src/install/my_sensor_description' for CMake module files
[2.241s] Level 1:colcon.colcon_core.environment:checking '/home/singh/ros2_sensor_ws/src/install/my_sensor_description' for CMake config files
[2.241s] Level 1:colcon.colcon_core.shell:create_environment_hook('my_sensor_description', 'cmake_prefix_path')
[2.241s] INFO:colcon.colcon_core.shell:Creating environment hook '/home/singh/ros2_sensor_ws/src/install/my_sensor_description/share/my_sensor_description/hook/cmake_prefix_path.ps1'
[2.242s] INFO:colcon.colcon_core.shell:Creating environment descriptor '/home/singh/ros2_sensor_ws/src/install/my_sensor_description/share/my_sensor_description/hook/cmake_prefix_path.dsv'
[2.242s] INFO:colcon.colcon_core.shell:Creating environment hook '/home/singh/ros2_sensor_ws/src/install/my_sensor_description/share/my_sensor_description/hook/cmake_prefix_path.sh'
[2.243s] Level 1:colcon.colcon_core.environment:checking '/home/singh/ros2_sensor_ws/src/install/my_sensor_description/lib'
[2.243s] Level 1:colcon.colcon_core.environment:checking '/home/singh/ros2_sensor_ws/src/install/my_sensor_description/bin'
[2.243s] Level 1:colcon.colcon_core.environment:checking '/home/singh/ros2_sensor_ws/src/install/my_sensor_description/lib/pkgconfig/my_sensor_description.pc'
[2.243s] Level 1:colcon.colcon_core.environment:checking '/home/singh/ros2_sensor_ws/src/install/my_sensor_description/lib/python3.10/site-packages'
[2.243s] Level 1:colcon.colcon_core.environment:checking '/home/singh/ros2_sensor_ws/src/install/my_sensor_description/bin'
[2.244s] INFO:colcon.colcon_core.shell:Creating package script '/home/singh/ros2_sensor_ws/src/install/my_sensor_description/share/my_sensor_description/package.ps1'
[2.244s] INFO:colcon.colcon_core.shell:Creating package descriptor '/home/singh/ros2_sensor_ws/src/install/my_sensor_description/share/my_sensor_description/package.dsv'
[2.245s] INFO:colcon.colcon_core.shell:Creating package script '/home/singh/ros2_sensor_ws/src/install/my_sensor_description/share/my_sensor_description/package.sh'
[2.245s] INFO:colcon.colcon_core.shell:Creating package script '/home/singh/ros2_sensor_ws/src/install/my_sensor_description/share/my_sensor_description/package.bash'
[2.246s] INFO:colcon.colcon_core.shell:Creating package script '/home/singh/ros2_sensor_ws/src/install/my_sensor_description/share/my_sensor_description/package.zsh'
[2.247s] Level 1:colcon.colcon_core.environment:create_file_with_runtime_dependencies(/home/singh/ros2_sensor_ws/src/install/my_sensor_description/share/colcon-core/packages/my_sensor_description)
[2.247s] Level 1:colcon.colcon_core.environment:create_environment_scripts_only(my_sensor_description)
[2.247s] Level 1:colcon.colcon_core.environment:checking '/home/singh/ros2_sensor_ws/src/install/my_sensor_description' for CMake module files
[2.248s] Level 1:colcon.colcon_core.environment:checking '/home/singh/ros2_sensor_ws/src/install/my_sensor_description' for CMake config files
[2.248s] Level 1:colcon.colcon_core.shell:create_environment_hook('my_sensor_description', 'cmake_prefix_path')
[2.248s] INFO:colcon.colcon_core.shell:Creating environment hook '/home/singh/ros2_sensor_ws/src/install/my_sensor_description/share/my_sensor_description/hook/cmake_prefix_path.ps1'
[2.248s] INFO:colcon.colcon_core.shell:Creating environment descriptor '/home/singh/ros2_sensor_ws/src/install/my_sensor_description/share/my_sensor_description/hook/cmake_prefix_path.dsv'
[2.248s] INFO:colcon.colcon_core.shell:Creating environment hook '/home/singh/ros2_sensor_ws/src/install/my_sensor_description/share/my_sensor_description/hook/cmake_prefix_path.sh'
[2.249s] Level 1:colcon.colcon_core.environment:checking '/home/singh/ros2_sensor_ws/src/install/my_sensor_description/lib'
[2.249s] Level 1:colcon.colcon_core.environment:checking '/home/singh/ros2_sensor_ws/src/install/my_sensor_description/bin'
[2.249s] Level 1:colcon.colcon_core.environment:checking '/home/singh/ros2_sensor_ws/src/install/my_sensor_description/lib/pkgconfig/my_sensor_description.pc'
[2.249s] Level 1:colcon.colcon_core.environment:checking '/home/singh/ros2_sensor_ws/src/install/my_sensor_description/lib/python3.10/site-packages'
[2.249s] Level 1:colcon.colcon_core.environment:checking '/home/singh/ros2_sensor_ws/src/install/my_sensor_description/bin'
[2.249s] INFO:colcon.colcon_core.shell:Creating package script '/home/singh/ros2_sensor_ws/src/install/my_sensor_description/share/my_sensor_description/package.ps1'
[2.249s] INFO:colcon.colcon_core.shell:Creating package descriptor '/home/singh/ros2_sensor_ws/src/install/my_sensor_description/share/my_sensor_description/package.dsv'
[2.250s] INFO:colcon.colcon_core.shell:Creating package script '/home/singh/ros2_sensor_ws/src/install/my_sensor_description/share/my_sensor_description/package.sh'
[2.250s] INFO:colcon.colcon_core.shell:Creating package script '/home/singh/ros2_sensor_ws/src/install/my_sensor_description/share/my_sensor_description/package.bash'
[2.250s] INFO:colcon.colcon_core.shell:Creating package script '/home/singh/ros2_sensor_ws/src/install/my_sensor_description/share/my_sensor_description/package.zsh'
[2.251s] Level 1:colcon.colcon_core.environment:create_file_with_runtime_dependencies(/home/singh/ros2_sensor_ws/src/install/my_sensor_description/share/colcon-core/packages/my_sensor_description)
[2.251s] DEBUG:colcon.colcon_parallel_executor.executor.parallel:closing loop
[2.251s] DEBUG:colcon.colcon_parallel_executor.executor.parallel:loop closed
[2.251s] DEBUG:colcon.colcon_parallel_executor.executor.parallel:run_until_complete finished with '0'
[2.252s] DEBUG:colcon.colcon_core.event_reactor:joining thread
[2.296s] INFO:colcon.colcon_core.plugin_system:Skipping extension 'colcon_notification.desktop_notification.notify_send': Could not find 'notify-send'
[2.296s] INFO:colcon.colcon_core.plugin_system:Skipping extension 'colcon_notification.desktop_notification.terminal_notifier': Not used on non-Darwin systems
[2.296s] INFO:colcon.colcon_core.plugin_system:Skipping extension 'colcon_notification.desktop_notification.win32': Not used on non-Windows systems
[2.296s] INFO:colcon.colcon_notification.desktop_notification:Sending desktop notification using 'notify2'
[2.298s] DEBUG:colcon.colcon_notification.desktop_notification.notify2:Failed to initialize notify2: org.freedesktop.DBus.Error.ServiceUnknown: The name org.freedesktop.Notifications was not provided by any .service files
[2.298s] DEBUG:colcon.colcon_core.event_reactor:joined thread
[2.298s] INFO:colcon.colcon_core.shell:Creating prefix script '/home/singh/ros2_sensor_ws/src/install/local_setup.ps1'
[2.299s] INFO:colcon.colcon_core.shell:Creating prefix util module '/home/singh/ros2_sensor_ws/src/install/_local_setup_util_ps1.py'
[2.301s] INFO:colcon.colcon_core.shell:Creating prefix chain script '/home/singh/ros2_sensor_ws/src/install/setup.ps1'
[2.302s] INFO:colcon.colcon_core.shell:Creating prefix script '/home/singh/ros2_sensor_ws/src/install/local_setup.sh'
[2.303s] INFO:colcon.colcon_core.shell:Creating prefix util module '/home/singh/ros2_sensor_ws/src/install/_local_setup_util_sh.py'
[2.303s] INFO:colcon.colcon_core.shell:Creating prefix chain script '/home/singh/ros2_sensor_ws/src/install/setup.sh'
[2.304s] INFO:colcon.colcon_core.shell:Creating prefix script '/home/singh/ros2_sensor_ws/src/install/local_setup.bash'
[2.305s] INFO:colcon.colcon_core.shell:Creating prefix chain script '/home/singh/ros2_sensor_ws/src/install/setup.bash'
[2.306s] INFO:colcon.colcon_core.shell:Creating prefix script '/home/singh/ros2_sensor_ws/src/install/local_setup.zsh'
[2.307s] INFO:colcon.colcon_core.shell:Creating prefix chain script '/home/singh/ros2_sensor_ws/src/install/setup.zsh'
