-- The C compiler identification is GNU 11.4.0
-- The CXX compiler identification is GNU 11.4.0
-- Detecting C compiler ABI info
-- Detecting C compiler ABI info - done
-- Check for working C compiler: /usr/bin/cc - skipped
-- Detecting C compile features
-- Detecting C compile features - done
-- Detecting CXX compiler ABI info
-- Detecting CXX compiler ABI info - done
-- Check for working CXX compiler: /usr/bin/c++ - skipped
-- Detecting CXX compile features
-- Detecting CXX compile features - done
-- Found ament_cmake: 1.3.11 (/opt/ros/humble/share/ament_cmake/cmake)
-- Found Python3: /usr/bin/python3 (found version "3.10.12") found components: Interpreter 
-- Found rosidl_default_generators: 1.2.0 (/opt/ros/humble/share/rosidl_default_generators/cmake)
-- Using all available rosidl_typesupport_c: rosidl_typesupport_fastrtps_c;rosidl_typesupport_introspection_c
-- Found rosidl_adapter: 3.1.6 (/opt/ros/humble/share/rosidl_adapter/cmake)
-- Using all available rosidl_typesupport_cpp: rosidl_typesupport_fastrtps_cpp;rosidl_typesupport_introspection_cpp
-- Found builtin_interfaces: 1.2.1 (/opt/ros/humble/share/builtin_interfaces/cmake)
-- Found action_msgs: 1.2.1 (/opt/ros/humble/share/action_msgs/cmake)
-- Found std_msgs: 4.8.0 (/opt/ros/humble/share/std_msgs/cmake)
-- Found geometry_msgs: 4.8.0 (/opt/ros/humble/share/geometry_msgs/cmake)
-- Found ament_cmake_cppcheck: 0.12.12 (/opt/ros/humble/share/ament_cmake_cppcheck/cmake)
-- Found ament_cmake_cpplint: 0.12.12 (/opt/ros/humble/share/ament_cmake_cpplint/cmake)
-- Found ament_cmake_uncrustify: 0.12.12 (/opt/ros/humble/share/ament_cmake_uncrustify/cmake)
-- Found ament_cmake_ros: 0.10.0 (/opt/ros/humble/share/ament_cmake_ros/cmake)
-- Using all available rosidl_typesupport_c: rosidl_typesupport_fastrtps_c;rosidl_typesupport_introspection_c
-- Using all available rosidl_typesupport_cpp: rosidl_typesupport_fastrtps_cpp;rosidl_typesupport_introspection_cpp
-- Found PythonInterp: /usr/bin/python3 (found suitable version "3.10.12", minimum required is "3.6") 
-- Found python_cmake_module: 0.10.0 (/opt/ros/humble/share/python_cmake_module/cmake)
-- Found PythonLibs: /usr/lib/x86_64-linux-gnu/libpython3.10.so (found suitable version "3.10.12", minimum required is "3.5") 
-- Using PYTHON_EXECUTABLE: /usr/bin/python3
-- Using PYTHON_INCLUDE_DIRS: /usr/include/python3.10
-- Using PYTHON_LIBRARIES: /usr/lib/x86_64-linux-gnu/libpython3.10.so
-- Found PythonExtra: .so  
-- Found ament_cmake_flake8: 0.12.12 (/opt/ros/humble/share/ament_cmake_flake8/cmake)
-- Found ament_cmake_pep257: 0.12.12 (/opt/ros/humble/share/ament_cmake_pep257/cmake)
-- Configuring done
-- Generating done
-- Build files have been written to: /home/singh/ros2_sensor_ws/build/tf2_msgs
[  1%] [34m[1mGenerating C code for ROS interfaces[0m
[  3%] [34m[1mGenerating C++ code for ROS interfaces[0m
[  3%] Built target ament_cmake_python_copy_tf2_msgs
running egg_info
creating tf2_msgs.egg-info
writing tf2_msgs.egg-info/PKG-INFO
writing dependency_links to tf2_msgs.egg-info/dependency_links.txt
writing top-level names to tf2_msgs.egg-info/top_level.txt
writing manifest file 'tf2_msgs.egg-info/SOURCES.txt'
reading manifest file 'tf2_msgs.egg-info/SOURCES.txt'
writing manifest file 'tf2_msgs.egg-info/SOURCES.txt'
[  3%] Built target ament_cmake_python_build_tf2_msgs_egg
[  5%] [32mBuilding C object CMakeFiles/tf2_msgs__rosidl_generator_c.dir/rosidl_generator_c/tf2_msgs/msg/detail/tf2_error__functions.c.o[0m
[  7%] [32mBuilding C object CMakeFiles/tf2_msgs__rosidl_generator_c.dir/rosidl_generator_c/tf2_msgs/msg/detail/tf_message__functions.c.o[0m
[  9%] [32mBuilding C object CMakeFiles/tf2_msgs__rosidl_generator_c.dir/rosidl_generator_c/tf2_msgs/srv/detail/frame_graph__functions.c.o[0m
[ 10%] Built target tf2_msgs__cpp
[ 10%] [32mBuilding C object CMakeFiles/tf2_msgs__rosidl_generator_c.dir/rosidl_generator_c/tf2_msgs/action/detail/lookup_transform__functions.c.o[0m
[ 12%] [34m[1mGenerating C++ type support for eProsima Fast-RTPS[0m
[ 14%] [34m[1mGenerating C++ introspection for ROS interfaces[0m
[ 16%] [34m[1mGenerating C++ type support dispatch for ROS interfaces[0m
[ 18%] [32m[1mLinking C shared library libtf2_msgs__rosidl_generator_c.so[0m
[ 18%] Built target tf2_msgs__rosidl_generator_c
[ 20%] [34m[1mGenerating C type support for eProsima Fast-RTPS[0m
[ 21%] [34m[1mGenerating C introspection for ROS interfaces[0m
[ 23%] [34m[1mGenerating C type support dispatch for ROS interfaces[0m
[ 25%] [32mBuilding CXX object CMakeFiles/tf2_msgs__rosidl_typesupport_cpp.dir/rosidl_typesupport_cpp/tf2_msgs/msg/tf2_error__type_support.cpp.o[0m
[ 27%] [32mBuilding CXX object CMakeFiles/tf2_msgs__rosidl_typesupport_cpp.dir/rosidl_typesupport_cpp/tf2_msgs/msg/tf_message__type_support.cpp.o[0m
[ 29%] [32mBuilding CXX object CMakeFiles/tf2_msgs__rosidl_typesupport_cpp.dir/rosidl_typesupport_cpp/tf2_msgs/srv/frame_graph__type_support.cpp.o[0m
[ 30%] [32mBuilding CXX object CMakeFiles/tf2_msgs__rosidl_typesupport_cpp.dir/rosidl_typesupport_cpp/tf2_msgs/action/lookup_transform__type_support.cpp.o[0m
[ 32%] [32mBuilding CXX object CMakeFiles/tf2_msgs__rosidl_typesupport_introspection_cpp.dir/rosidl_typesupport_introspection_cpp/tf2_msgs/msg/detail/tf_message__type_support.cpp.o[0m
[ 34%] [32mBuilding CXX object CMakeFiles/tf2_msgs__rosidl_typesupport_introspection_cpp.dir/rosidl_typesupport_introspection_cpp/tf2_msgs/msg/detail/tf2_error__type_support.cpp.o[0m
[ 36%] [32mBuilding CXX object CMakeFiles/tf2_msgs__rosidl_typesupport_introspection_cpp.dir/rosidl_typesupport_introspection_cpp/tf2_msgs/srv/detail/frame_graph__type_support.cpp.o[0m
[ 38%] [32mBuilding CXX object CMakeFiles/tf2_msgs__rosidl_typesupport_introspection_cpp.dir/rosidl_typesupport_introspection_cpp/tf2_msgs/action/detail/lookup_transform__type_support.cpp.o[0m
[ 40%] [32mBuilding CXX object CMakeFiles/tf2_msgs__rosidl_typesupport_fastrtps_cpp.dir/rosidl_typesupport_fastrtps_cpp/tf2_msgs/msg/detail/dds_fastrtps/tf2_error__type_support.cpp.o[0m
[ 41%] [32mBuilding CXX object CMakeFiles/tf2_msgs__rosidl_typesupport_fastrtps_cpp.dir/rosidl_typesupport_fastrtps_cpp/tf2_msgs/msg/detail/dds_fastrtps/tf_message__type_support.cpp.o[0m
[ 43%] [32mBuilding CXX object CMakeFiles/tf2_msgs__rosidl_typesupport_fastrtps_cpp.dir/rosidl_typesupport_fastrtps_cpp/tf2_msgs/srv/detail/dds_fastrtps/frame_graph__type_support.cpp.o[0m
[ 45%] [32mBuilding CXX object CMakeFiles/tf2_msgs__rosidl_typesupport_fastrtps_cpp.dir/rosidl_typesupport_fastrtps_cpp/tf2_msgs/action/detail/dds_fastrtps/lookup_transform__type_support.cpp.o[0m
[ 47%] [32mBuilding CXX object CMakeFiles/tf2_msgs__rosidl_typesupport_c.dir/rosidl_typesupport_c/tf2_msgs/msg/tf2_error__type_support.cpp.o[0m
[ 49%] [32mBuilding CXX object CMakeFiles/tf2_msgs__rosidl_typesupport_c.dir/rosidl_typesupport_c/tf2_msgs/msg/tf_message__type_support.cpp.o[0m
[ 50%] [32mBuilding CXX object CMakeFiles/tf2_msgs__rosidl_typesupport_c.dir/rosidl_typesupport_c/tf2_msgs/srv/frame_graph__type_support.cpp.o[0m
[ 52%] [32mBuilding CXX object CMakeFiles/tf2_msgs__rosidl_typesupport_c.dir/rosidl_typesupport_c/tf2_msgs/action/lookup_transform__type_support.cpp.o[0m
[ 54%] [32mBuilding CXX object CMakeFiles/tf2_msgs__rosidl_typesupport_fastrtps_c.dir/rosidl_typesupport_fastrtps_c/tf2_msgs/msg/detail/tf2_error__type_support_c.cpp.o[0m
[ 56%] [32mBuilding CXX object CMakeFiles/tf2_msgs__rosidl_typesupport_fastrtps_c.dir/rosidl_typesupport_fastrtps_c/tf2_msgs/msg/detail/tf_message__type_support_c.cpp.o[0m
[ 58%] [32mBuilding CXX object CMakeFiles/tf2_msgs__rosidl_typesupport_fastrtps_c.dir/rosidl_typesupport_fastrtps_c/tf2_msgs/srv/detail/frame_graph__type_support_c.cpp.o[0m
[ 60%] [32mBuilding CXX object CMakeFiles/tf2_msgs__rosidl_typesupport_fastrtps_c.dir/rosidl_typesupport_fastrtps_c/tf2_msgs/action/detail/lookup_transform__type_support_c.cpp.o[0m
[ 61%] [32m[1mLinking CXX shared library libtf2_msgs__rosidl_typesupport_cpp.so[0m
[ 63%] [32m[1mLinking CXX shared library libtf2_msgs__rosidl_typesupport_c.so[0m
[ 65%] [32mBuilding C object CMakeFiles/tf2_msgs__rosidl_typesupport_introspection_c.dir/rosidl_typesupport_introspection_c/tf2_msgs/msg/detail/tf2_error__type_support.c.o[0m
[ 67%] [32mBuilding C object CMakeFiles/tf2_msgs__rosidl_typesupport_introspection_c.dir/rosidl_typesupport_introspection_c/tf2_msgs/msg/detail/tf_message__type_support.c.o[0m
[ 67%] Built target tf2_msgs__rosidl_typesupport_cpp
[ 69%] [32mBuilding C object CMakeFiles/tf2_msgs__rosidl_typesupport_introspection_c.dir/rosidl_typesupport_introspection_c/tf2_msgs/srv/detail/frame_graph__type_support.c.o[0m
[ 69%] Built target tf2_msgs__rosidl_typesupport_c
[ 70%] [32mBuilding C object CMakeFiles/tf2_msgs__rosidl_typesupport_introspection_c.dir/rosidl_typesupport_introspection_c/tf2_msgs/action/detail/lookup_transform__type_support.c.o[0m
[ 72%] [32m[1mLinking C shared library libtf2_msgs__rosidl_typesupport_introspection_c.so[0m
[ 72%] Built target tf2_msgs__rosidl_typesupport_introspection_c
[ 74%] [32m[1mLinking CXX shared library libtf2_msgs__rosidl_typesupport_introspection_cpp.so[0m
[ 76%] [32m[1mLinking CXX shared library libtf2_msgs__rosidl_typesupport_fastrtps_c.so[0m
[ 76%] Built target tf2_msgs__rosidl_typesupport_introspection_cpp
[ 78%] [32m[1mLinking CXX shared library libtf2_msgs__rosidl_typesupport_fastrtps_cpp.so[0m
[ 78%] Built target tf2_msgs__rosidl_typesupport_fastrtps_c
[ 78%] Built target tf2_msgs__rosidl_typesupport_fastrtps_cpp
[ 78%] Built target tf2_msgs
[ 80%] [34m[1mGenerating Python code for ROS interfaces[0m
[ 80%] Built target tf2_msgs__py
[ 81%] [32mBuilding C object CMakeFiles/tf2_msgs__rosidl_generator_py.dir/rosidl_generator_py/tf2_msgs/msg/_tf_message_s.c.o[0m
[ 83%] [32mBuilding C object CMakeFiles/tf2_msgs__rosidl_generator_py.dir/rosidl_generator_py/tf2_msgs/msg/_tf2_error_s.c.o[0m
[ 85%] [32mBuilding C object CMakeFiles/tf2_msgs__rosidl_generator_py.dir/rosidl_generator_py/tf2_msgs/srv/_frame_graph_s.c.o[0m
[ 87%] [32mBuilding C object CMakeFiles/tf2_msgs__rosidl_generator_py.dir/rosidl_generator_py/tf2_msgs/action/_lookup_transform_s.c.o[0m
[ 89%] [32m[1mLinking C shared library rosidl_generator_py/tf2_msgs/libtf2_msgs__rosidl_generator_py.so[0m
[ 89%] Built target tf2_msgs__rosidl_generator_py
[ 90%] [32mBuilding C object CMakeFiles/tf2_msgs__rosidl_typesupport_fastrtps_c__pyext.dir/rosidl_generator_py/tf2_msgs/_tf2_msgs_s.ep.rosidl_typesupport_fastrtps_c.c.o[0m
[ 94%] [32mBuilding C object CMakeFiles/tf2_msgs__rosidl_typesupport_introspection_c__pyext.dir/rosidl_generator_py/tf2_msgs/_tf2_msgs_s.ep.rosidl_typesupport_introspection_c.c.o[0m
[ 94%] [32mBuilding C object CMakeFiles/tf2_msgs__rosidl_typesupport_c__pyext.dir/rosidl_generator_py/tf2_msgs/_tf2_msgs_s.ep.rosidl_typesupport_c.c.o[0m
[ 96%] [32m[1mLinking C shared library rosidl_generator_py/tf2_msgs/tf2_msgs_s__rosidl_typesupport_introspection_c.cpython-310-x86_64-linux-gnu.so[0m
[ 98%] [32m[1mLinking C shared library rosidl_generator_py/tf2_msgs/tf2_msgs_s__rosidl_typesupport_fastrtps_c.cpython-310-x86_64-linux-gnu.so[0m
[100%] [32m[1mLinking C shared library rosidl_generator_py/tf2_msgs/tf2_msgs_s__rosidl_typesupport_c.cpython-310-x86_64-linux-gnu.so[0m
[100%] Built target tf2_msgs__rosidl_typesupport_fastrtps_c__pyext
[100%] Built target tf2_msgs__rosidl_typesupport_introspection_c__pyext
[100%] Built target tf2_msgs__rosidl_typesupport_c__pyext
-- Install configuration: ""
-- Installing: /home/singh/ros2_sensor_ws/install/tf2_msgs/share/ament_index/resource_index/rosidl_interfaces/tf2_msgs
-- Installing: /home/singh/ros2_sensor_ws/install/tf2_msgs/include/tf2_msgs/tf2_msgs
-- Installing: /home/singh/ros2_sensor_ws/install/tf2_msgs/include/tf2_msgs/tf2_msgs/msg
-- Installing: /home/singh/ros2_sensor_ws/install/tf2_msgs/include/tf2_msgs/tf2_msgs/msg/rosidl_generator_c__visibility_control.h
-- Installing: /home/singh/ros2_sensor_ws/install/tf2_msgs/include/tf2_msgs/tf2_msgs/msg/tf2_error.h
-- Installing: /home/singh/ros2_sensor_ws/install/tf2_msgs/include/tf2_msgs/tf2_msgs/msg/detail
-- Installing: /home/singh/ros2_sensor_ws/install/tf2_msgs/include/tf2_msgs/tf2_msgs/msg/detail/tf_message__functions.h
-- Installing: /home/singh/ros2_sensor_ws/install/tf2_msgs/include/tf2_msgs/tf2_msgs/msg/detail/tf_message__type_support.h
-- Installing: /home/singh/ros2_sensor_ws/install/tf2_msgs/include/tf2_msgs/tf2_msgs/msg/detail/tf2_error__type_support.h
-- Installing: /home/singh/ros2_sensor_ws/install/tf2_msgs/include/tf2_msgs/tf2_msgs/msg/detail/tf2_error__struct.h
-- Installing: /home/singh/ros2_sensor_ws/install/tf2_msgs/include/tf2_msgs/tf2_msgs/msg/detail/tf2_error__functions.c
-- Installing: /home/singh/ros2_sensor_ws/install/tf2_msgs/include/tf2_msgs/tf2_msgs/msg/detail/tf_message__struct.h
-- Installing: /home/singh/ros2_sensor_ws/install/tf2_msgs/include/tf2_msgs/tf2_msgs/msg/detail/tf2_error__functions.h
-- Installing: /home/singh/ros2_sensor_ws/install/tf2_msgs/include/tf2_msgs/tf2_msgs/msg/detail/tf_message__functions.c
-- Installing: /home/singh/ros2_sensor_ws/install/tf2_msgs/include/tf2_msgs/tf2_msgs/msg/tf_message.h
-- Installing: /home/singh/ros2_sensor_ws/install/tf2_msgs/include/tf2_msgs/tf2_msgs/action
-- Installing: /home/singh/ros2_sensor_ws/install/tf2_msgs/include/tf2_msgs/tf2_msgs/action/lookup_transform.h
-- Installing: /home/singh/ros2_sensor_ws/install/tf2_msgs/include/tf2_msgs/tf2_msgs/action/detail
-- Installing: /home/singh/ros2_sensor_ws/install/tf2_msgs/include/tf2_msgs/tf2_msgs/action/detail/lookup_transform__functions.h
-- Installing: /home/singh/ros2_sensor_ws/install/tf2_msgs/include/tf2_msgs/tf2_msgs/action/detail/lookup_transform__struct.h
-- Installing: /home/singh/ros2_sensor_ws/install/tf2_msgs/include/tf2_msgs/tf2_msgs/action/detail/lookup_transform__functions.c
-- Installing: /home/singh/ros2_sensor_ws/install/tf2_msgs/include/tf2_msgs/tf2_msgs/action/detail/lookup_transform__type_support.h
-- Installing: /home/singh/ros2_sensor_ws/install/tf2_msgs/include/tf2_msgs/tf2_msgs/srv
-- Installing: /home/singh/ros2_sensor_ws/install/tf2_msgs/include/tf2_msgs/tf2_msgs/srv/detail
-- Installing: /home/singh/ros2_sensor_ws/install/tf2_msgs/include/tf2_msgs/tf2_msgs/srv/detail/frame_graph__functions.h
-- Installing: /home/singh/ros2_sensor_ws/install/tf2_msgs/include/tf2_msgs/tf2_msgs/srv/detail/frame_graph__struct.h
-- Installing: /home/singh/ros2_sensor_ws/install/tf2_msgs/include/tf2_msgs/tf2_msgs/srv/detail/frame_graph__functions.c
-- Installing: /home/singh/ros2_sensor_ws/install/tf2_msgs/include/tf2_msgs/tf2_msgs/srv/detail/frame_graph__type_support.h
-- Installing: /home/singh/ros2_sensor_ws/install/tf2_msgs/include/tf2_msgs/tf2_msgs/srv/frame_graph.h
-- Installing: /home/singh/ros2_sensor_ws/install/tf2_msgs/share/tf2_msgs/environment/library_path.sh
-- Installing: /home/singh/ros2_sensor_ws/install/tf2_msgs/share/tf2_msgs/environment/library_path.dsv
-- Installing: /home/singh/ros2_sensor_ws/install/tf2_msgs/lib/libtf2_msgs__rosidl_generator_c.so
-- Set runtime path of "/home/singh/ros2_sensor_ws/install/tf2_msgs/lib/libtf2_msgs__rosidl_generator_c.so" to ""
-- Up-to-date: /home/singh/ros2_sensor_ws/install/tf2_msgs/include/tf2_msgs/tf2_msgs
-- Up-to-date: /home/singh/ros2_sensor_ws/install/tf2_msgs/include/tf2_msgs/tf2_msgs/msg
-- Installing: /home/singh/ros2_sensor_ws/install/tf2_msgs/include/tf2_msgs/tf2_msgs/msg/rosidl_typesupport_fastrtps_c__visibility_control.h
-- Up-to-date: /home/singh/ros2_sensor_ws/install/tf2_msgs/include/tf2_msgs/tf2_msgs/msg/detail
-- Installing: /home/singh/ros2_sensor_ws/install/tf2_msgs/include/tf2_msgs/tf2_msgs/msg/detail/tf2_error__rosidl_typesupport_fastrtps_c.h
-- Installing: /home/singh/ros2_sensor_ws/install/tf2_msgs/include/tf2_msgs/tf2_msgs/msg/detail/tf_message__rosidl_typesupport_fastrtps_c.h
-- Up-to-date: /home/singh/ros2_sensor_ws/install/tf2_msgs/include/tf2_msgs/tf2_msgs/action
-- Up-to-date: /home/singh/ros2_sensor_ws/install/tf2_msgs/include/tf2_msgs/tf2_msgs/action/detail
-- Installing: /home/singh/ros2_sensor_ws/install/tf2_msgs/include/tf2_msgs/tf2_msgs/action/detail/lookup_transform__rosidl_typesupport_fastrtps_c.h
-- Up-to-date: /home/singh/ros2_sensor_ws/install/tf2_msgs/include/tf2_msgs/tf2_msgs/srv
-- Up-to-date: /home/singh/ros2_sensor_ws/install/tf2_msgs/include/tf2_msgs/tf2_msgs/srv/detail
-- Installing: /home/singh/ros2_sensor_ws/install/tf2_msgs/include/tf2_msgs/tf2_msgs/srv/detail/frame_graph__rosidl_typesupport_fastrtps_c.h
-- Installing: /home/singh/ros2_sensor_ws/install/tf2_msgs/lib/libtf2_msgs__rosidl_typesupport_fastrtps_c.so
-- Set runtime path of "/home/singh/ros2_sensor_ws/install/tf2_msgs/lib/libtf2_msgs__rosidl_typesupport_fastrtps_c.so" to ""
-- Up-to-date: /home/singh/ros2_sensor_ws/install/tf2_msgs/include/tf2_msgs/tf2_msgs
-- Up-to-date: /home/singh/ros2_sensor_ws/install/tf2_msgs/include/tf2_msgs/tf2_msgs/msg
-- Installing: /home/singh/ros2_sensor_ws/install/tf2_msgs/include/tf2_msgs/tf2_msgs/msg/rosidl_typesupport_introspection_c__visibility_control.h
-- Up-to-date: /home/singh/ros2_sensor_ws/install/tf2_msgs/include/tf2_msgs/tf2_msgs/msg/detail
-- Installing: /home/singh/ros2_sensor_ws/install/tf2_msgs/include/tf2_msgs/tf2_msgs/msg/detail/tf2_error__rosidl_typesupport_introspection_c.h
-- Installing: /home/singh/ros2_sensor_ws/install/tf2_msgs/include/tf2_msgs/tf2_msgs/msg/detail/tf_message__rosidl_typesupport_introspection_c.h
-- Installing: /home/singh/ros2_sensor_ws/install/tf2_msgs/include/tf2_msgs/tf2_msgs/msg/detail/tf_message__type_support.c
-- Installing: /home/singh/ros2_sensor_ws/install/tf2_msgs/include/tf2_msgs/tf2_msgs/msg/detail/tf2_error__type_support.c
-- Up-to-date: /home/singh/ros2_sensor_ws/install/tf2_msgs/include/tf2_msgs/tf2_msgs/action
-- Up-to-date: /home/singh/ros2_sensor_ws/install/tf2_msgs/include/tf2_msgs/tf2_msgs/action/detail
-- Installing: /home/singh/ros2_sensor_ws/install/tf2_msgs/include/tf2_msgs/tf2_msgs/action/detail/lookup_transform__rosidl_typesupport_introspection_c.h
-- Installing: /home/singh/ros2_sensor_ws/install/tf2_msgs/include/tf2_msgs/tf2_msgs/action/detail/lookup_transform__type_support.c
-- Up-to-date: /home/singh/ros2_sensor_ws/install/tf2_msgs/include/tf2_msgs/tf2_msgs/srv
-- Up-to-date: /home/singh/ros2_sensor_ws/install/tf2_msgs/include/tf2_msgs/tf2_msgs/srv/detail
-- Installing: /home/singh/ros2_sensor_ws/install/tf2_msgs/include/tf2_msgs/tf2_msgs/srv/detail/frame_graph__type_support.c
-- Installing: /home/singh/ros2_sensor_ws/install/tf2_msgs/include/tf2_msgs/tf2_msgs/srv/detail/frame_graph__rosidl_typesupport_introspection_c.h
-- Installing: /home/singh/ros2_sensor_ws/install/tf2_msgs/lib/libtf2_msgs__rosidl_typesupport_introspection_c.so
-- Set runtime path of "/home/singh/ros2_sensor_ws/install/tf2_msgs/lib/libtf2_msgs__rosidl_typesupport_introspection_c.so" to ""
-- Installing: /home/singh/ros2_sensor_ws/install/tf2_msgs/lib/libtf2_msgs__rosidl_typesupport_c.so
-- Set runtime path of "/home/singh/ros2_sensor_ws/install/tf2_msgs/lib/libtf2_msgs__rosidl_typesupport_c.so" to ""
-- Up-to-date: /home/singh/ros2_sensor_ws/install/tf2_msgs/include/tf2_msgs/tf2_msgs
-- Up-to-date: /home/singh/ros2_sensor_ws/install/tf2_msgs/include/tf2_msgs/tf2_msgs/msg
-- Installing: /home/singh/ros2_sensor_ws/install/tf2_msgs/include/tf2_msgs/tf2_msgs/msg/tf2_error.hpp
-- Installing: /home/singh/ros2_sensor_ws/install/tf2_msgs/include/tf2_msgs/tf2_msgs/msg/tf_message.hpp
-- Installing: /home/singh/ros2_sensor_ws/install/tf2_msgs/include/tf2_msgs/tf2_msgs/msg/rosidl_generator_cpp__visibility_control.hpp
-- Up-to-date: /home/singh/ros2_sensor_ws/install/tf2_msgs/include/tf2_msgs/tf2_msgs/msg/detail
-- Installing: /home/singh/ros2_sensor_ws/install/tf2_msgs/include/tf2_msgs/tf2_msgs/msg/detail/tf2_error__type_support.hpp
-- Installing: /home/singh/ros2_sensor_ws/install/tf2_msgs/include/tf2_msgs/tf2_msgs/msg/detail/tf_message__struct.hpp
-- Installing: /home/singh/ros2_sensor_ws/install/tf2_msgs/include/tf2_msgs/tf2_msgs/msg/detail/tf_message__builder.hpp
-- Installing: /home/singh/ros2_sensor_ws/install/tf2_msgs/include/tf2_msgs/tf2_msgs/msg/detail/tf_message__type_support.hpp
-- Installing: /home/singh/ros2_sensor_ws/install/tf2_msgs/include/tf2_msgs/tf2_msgs/msg/detail/tf_message__traits.hpp
-- Installing: /home/singh/ros2_sensor_ws/install/tf2_msgs/include/tf2_msgs/tf2_msgs/msg/detail/tf2_error__traits.hpp
-- Installing: /home/singh/ros2_sensor_ws/install/tf2_msgs/include/tf2_msgs/tf2_msgs/msg/detail/tf2_error__builder.hpp
-- Installing: /home/singh/ros2_sensor_ws/install/tf2_msgs/include/tf2_msgs/tf2_msgs/msg/detail/tf2_error__struct.hpp
-- Up-to-date: /home/singh/ros2_sensor_ws/install/tf2_msgs/include/tf2_msgs/tf2_msgs/action
-- Up-to-date: /home/singh/ros2_sensor_ws/install/tf2_msgs/include/tf2_msgs/tf2_msgs/action/detail
-- Installing: /home/singh/ros2_sensor_ws/install/tf2_msgs/include/tf2_msgs/tf2_msgs/action/detail/lookup_transform__traits.hpp
-- Installing: /home/singh/ros2_sensor_ws/install/tf2_msgs/include/tf2_msgs/tf2_msgs/action/detail/lookup_transform__type_support.hpp
-- Installing: /home/singh/ros2_sensor_ws/install/tf2_msgs/include/tf2_msgs/tf2_msgs/action/detail/lookup_transform__struct.hpp
-- Installing: /home/singh/ros2_sensor_ws/install/tf2_msgs/include/tf2_msgs/tf2_msgs/action/detail/lookup_transform__builder.hpp
-- Installing: /home/singh/ros2_sensor_ws/install/tf2_msgs/include/tf2_msgs/tf2_msgs/action/lookup_transform.hpp
-- Up-to-date: /home/singh/ros2_sensor_ws/install/tf2_msgs/include/tf2_msgs/tf2_msgs/srv
-- Installing: /home/singh/ros2_sensor_ws/install/tf2_msgs/include/tf2_msgs/tf2_msgs/srv/frame_graph.hpp
-- Up-to-date: /home/singh/ros2_sensor_ws/install/tf2_msgs/include/tf2_msgs/tf2_msgs/srv/detail
-- Installing: /home/singh/ros2_sensor_ws/install/tf2_msgs/include/tf2_msgs/tf2_msgs/srv/detail/frame_graph__type_support.hpp
-- Installing: /home/singh/ros2_sensor_ws/install/tf2_msgs/include/tf2_msgs/tf2_msgs/srv/detail/frame_graph__traits.hpp
-- Installing: /home/singh/ros2_sensor_ws/install/tf2_msgs/include/tf2_msgs/tf2_msgs/srv/detail/frame_graph__struct.hpp
-- Installing: /home/singh/ros2_sensor_ws/install/tf2_msgs/include/tf2_msgs/tf2_msgs/srv/detail/frame_graph__builder.hpp
-- Up-to-date: /home/singh/ros2_sensor_ws/install/tf2_msgs/include/tf2_msgs/tf2_msgs
-- Up-to-date: /home/singh/ros2_sensor_ws/install/tf2_msgs/include/tf2_msgs/tf2_msgs/msg
-- Up-to-date: /home/singh/ros2_sensor_ws/install/tf2_msgs/include/tf2_msgs/tf2_msgs/msg/detail
-- Installing: /home/singh/ros2_sensor_ws/install/tf2_msgs/include/tf2_msgs/tf2_msgs/msg/detail/tf2_error__rosidl_typesupport_fastrtps_cpp.hpp
-- Installing: /home/singh/ros2_sensor_ws/install/tf2_msgs/include/tf2_msgs/tf2_msgs/msg/detail/dds_fastrtps
-- Installing: /home/singh/ros2_sensor_ws/install/tf2_msgs/include/tf2_msgs/tf2_msgs/msg/detail/tf_message__rosidl_typesupport_fastrtps_cpp.hpp
-- Installing: /home/singh/ros2_sensor_ws/install/tf2_msgs/include/tf2_msgs/tf2_msgs/msg/rosidl_typesupport_fastrtps_cpp__visibility_control.h
-- Up-to-date: /home/singh/ros2_sensor_ws/install/tf2_msgs/include/tf2_msgs/tf2_msgs/action
-- Up-to-date: /home/singh/ros2_sensor_ws/install/tf2_msgs/include/tf2_msgs/tf2_msgs/action/detail
-- Installing: /home/singh/ros2_sensor_ws/install/tf2_msgs/include/tf2_msgs/tf2_msgs/action/detail/dds_fastrtps
-- Installing: /home/singh/ros2_sensor_ws/install/tf2_msgs/include/tf2_msgs/tf2_msgs/action/detail/lookup_transform__rosidl_typesupport_fastrtps_cpp.hpp
-- Up-to-date: /home/singh/ros2_sensor_ws/install/tf2_msgs/include/tf2_msgs/tf2_msgs/srv
-- Up-to-date: /home/singh/ros2_sensor_ws/install/tf2_msgs/include/tf2_msgs/tf2_msgs/srv/detail
-- Installing: /home/singh/ros2_sensor_ws/install/tf2_msgs/include/tf2_msgs/tf2_msgs/srv/detail/dds_fastrtps
-- Installing: /home/singh/ros2_sensor_ws/install/tf2_msgs/include/tf2_msgs/tf2_msgs/srv/detail/frame_graph__rosidl_typesupport_fastrtps_cpp.hpp
-- Installing: /home/singh/ros2_sensor_ws/install/tf2_msgs/lib/libtf2_msgs__rosidl_typesupport_fastrtps_cpp.so
-- Set runtime path of "/home/singh/ros2_sensor_ws/install/tf2_msgs/lib/libtf2_msgs__rosidl_typesupport_fastrtps_cpp.so" to ""
-- Up-to-date: /home/singh/ros2_sensor_ws/install/tf2_msgs/include/tf2_msgs/tf2_msgs
-- Up-to-date: /home/singh/ros2_sensor_ws/install/tf2_msgs/include/tf2_msgs/tf2_msgs/msg
-- Up-to-date: /home/singh/ros2_sensor_ws/install/tf2_msgs/include/tf2_msgs/tf2_msgs/msg/detail
-- Installing: /home/singh/ros2_sensor_ws/install/tf2_msgs/include/tf2_msgs/tf2_msgs/msg/detail/tf_message__type_support.cpp
-- Installing: /home/singh/ros2_sensor_ws/install/tf2_msgs/include/tf2_msgs/tf2_msgs/msg/detail/tf2_error__rosidl_typesupport_introspection_cpp.hpp
-- Installing: /home/singh/ros2_sensor_ws/install/tf2_msgs/include/tf2_msgs/tf2_msgs/msg/detail/tf2_error__type_support.cpp
-- Installing: /home/singh/ros2_sensor_ws/install/tf2_msgs/include/tf2_msgs/tf2_msgs/msg/detail/tf_message__rosidl_typesupport_introspection_cpp.hpp
-- Up-to-date: /home/singh/ros2_sensor_ws/install/tf2_msgs/include/tf2_msgs/tf2_msgs/action
-- Up-to-date: /home/singh/ros2_sensor_ws/install/tf2_msgs/include/tf2_msgs/tf2_msgs/action/detail
-- Installing: /home/singh/ros2_sensor_ws/install/tf2_msgs/include/tf2_msgs/tf2_msgs/action/detail/lookup_transform__type_support.cpp
-- Installing: /home/singh/ros2_sensor_ws/install/tf2_msgs/include/tf2_msgs/tf2_msgs/action/detail/lookup_transform__rosidl_typesupport_introspection_cpp.hpp
-- Up-to-date: /home/singh/ros2_sensor_ws/install/tf2_msgs/include/tf2_msgs/tf2_msgs/srv
-- Up-to-date: /home/singh/ros2_sensor_ws/install/tf2_msgs/include/tf2_msgs/tf2_msgs/srv/detail
-- Installing: /home/singh/ros2_sensor_ws/install/tf2_msgs/include/tf2_msgs/tf2_msgs/srv/detail/frame_graph__type_support.cpp
-- Installing: /home/singh/ros2_sensor_ws/install/tf2_msgs/include/tf2_msgs/tf2_msgs/srv/detail/frame_graph__rosidl_typesupport_introspection_cpp.hpp
-- Installing: /home/singh/ros2_sensor_ws/install/tf2_msgs/lib/libtf2_msgs__rosidl_typesupport_introspection_cpp.so
-- Set runtime path of "/home/singh/ros2_sensor_ws/install/tf2_msgs/lib/libtf2_msgs__rosidl_typesupport_introspection_cpp.so" to ""
-- Installing: /home/singh/ros2_sensor_ws/install/tf2_msgs/lib/libtf2_msgs__rosidl_typesupport_cpp.so
-- Set runtime path of "/home/singh/ros2_sensor_ws/install/tf2_msgs/lib/libtf2_msgs__rosidl_typesupport_cpp.so" to ""
-- Installing: /home/singh/ros2_sensor_ws/install/tf2_msgs/share/tf2_msgs/environment/pythonpath.sh
-- Installing: /home/singh/ros2_sensor_ws/install/tf2_msgs/share/tf2_msgs/environment/pythonpath.dsv
-- Installing: /home/singh/ros2_sensor_ws/install/tf2_msgs/local/lib/python3.10/dist-packages/tf2_msgs-0.25.12-py3.10.egg-info
-- Installing: /home/singh/ros2_sensor_ws/install/tf2_msgs/local/lib/python3.10/dist-packages/tf2_msgs-0.25.12-py3.10.egg-info/top_level.txt
-- Installing: /home/singh/ros2_sensor_ws/install/tf2_msgs/local/lib/python3.10/dist-packages/tf2_msgs-0.25.12-py3.10.egg-info/SOURCES.txt
-- Installing: /home/singh/ros2_sensor_ws/install/tf2_msgs/local/lib/python3.10/dist-packages/tf2_msgs-0.25.12-py3.10.egg-info/dependency_links.txt
-- Installing: /home/singh/ros2_sensor_ws/install/tf2_msgs/local/lib/python3.10/dist-packages/tf2_msgs-0.25.12-py3.10.egg-info/PKG-INFO
-- Installing: /home/singh/ros2_sensor_ws/install/tf2_msgs/local/lib/python3.10/dist-packages/tf2_msgs
-- Installing: /home/singh/ros2_sensor_ws/install/tf2_msgs/local/lib/python3.10/dist-packages/tf2_msgs/_tf2_msgs_s.ep.rosidl_typesupport_fastrtps_c.c
-- Installing: /home/singh/ros2_sensor_ws/install/tf2_msgs/local/lib/python3.10/dist-packages/tf2_msgs/tf2_msgs_s__rosidl_typesupport_introspection_c.cpython-310-x86_64-linux-gnu.so
-- Installing: /home/singh/ros2_sensor_ws/install/tf2_msgs/local/lib/python3.10/dist-packages/tf2_msgs/msg
-- Installing: /home/singh/ros2_sensor_ws/install/tf2_msgs/local/lib/python3.10/dist-packages/tf2_msgs/msg/_tf_message.py
-- Installing: /home/singh/ros2_sensor_ws/install/tf2_msgs/local/lib/python3.10/dist-packages/tf2_msgs/msg/__init__.py
-- Installing: /home/singh/ros2_sensor_ws/install/tf2_msgs/local/lib/python3.10/dist-packages/tf2_msgs/msg/_tf2_error.py
-- Installing: /home/singh/ros2_sensor_ws/install/tf2_msgs/local/lib/python3.10/dist-packages/tf2_msgs/msg/_tf2_error_s.c
-- Installing: /home/singh/ros2_sensor_ws/install/tf2_msgs/local/lib/python3.10/dist-packages/tf2_msgs/msg/_tf_message_s.c
-- Installing: /home/singh/ros2_sensor_ws/install/tf2_msgs/local/lib/python3.10/dist-packages/tf2_msgs/action
-- Installing: /home/singh/ros2_sensor_ws/install/tf2_msgs/local/lib/python3.10/dist-packages/tf2_msgs/action/__init__.py
-- Installing: /home/singh/ros2_sensor_ws/install/tf2_msgs/local/lib/python3.10/dist-packages/tf2_msgs/action/_lookup_transform.py
-- Installing: /home/singh/ros2_sensor_ws/install/tf2_msgs/local/lib/python3.10/dist-packages/tf2_msgs/action/_lookup_transform_s.c
-- Installing: /home/singh/ros2_sensor_ws/install/tf2_msgs/local/lib/python3.10/dist-packages/tf2_msgs/srv
-- Installing: /home/singh/ros2_sensor_ws/install/tf2_msgs/local/lib/python3.10/dist-packages/tf2_msgs/srv/__init__.py
-- Installing: /home/singh/ros2_sensor_ws/install/tf2_msgs/local/lib/python3.10/dist-packages/tf2_msgs/srv/_frame_graph_s.c
-- Installing: /home/singh/ros2_sensor_ws/install/tf2_msgs/local/lib/python3.10/dist-packages/tf2_msgs/srv/_frame_graph.py
-- Installing: /home/singh/ros2_sensor_ws/install/tf2_msgs/local/lib/python3.10/dist-packages/tf2_msgs/__init__.py
-- Installing: /home/singh/ros2_sensor_ws/install/tf2_msgs/local/lib/python3.10/dist-packages/tf2_msgs/tf2_msgs_s__rosidl_typesupport_c.cpython-310-x86_64-linux-gnu.so
-- Installing: /home/singh/ros2_sensor_ws/install/tf2_msgs/local/lib/python3.10/dist-packages/tf2_msgs/_tf2_msgs_s.ep.rosidl_typesupport_introspection_c.c
-- Installing: /home/singh/ros2_sensor_ws/install/tf2_msgs/local/lib/python3.10/dist-packages/tf2_msgs/tf2_msgs_s__rosidl_typesupport_fastrtps_c.cpython-310-x86_64-linux-gnu.so
-- Installing: /home/singh/ros2_sensor_ws/install/tf2_msgs/local/lib/python3.10/dist-packages/tf2_msgs/_tf2_msgs_s.ep.rosidl_typesupport_c.c
-- Installing: /home/singh/ros2_sensor_ws/install/tf2_msgs/local/lib/python3.10/dist-packages/tf2_msgs/libtf2_msgs__rosidl_generator_py.so
Listing '/home/singh/ros2_sensor_ws/install/tf2_msgs/local/lib/python3.10/dist-packages/tf2_msgs'...
Compiling '/home/singh/ros2_sensor_ws/install/tf2_msgs/local/lib/python3.10/dist-packages/tf2_msgs/__init__.py'...
Listing '/home/singh/ros2_sensor_ws/install/tf2_msgs/local/lib/python3.10/dist-packages/tf2_msgs/action'...
Compiling '/home/singh/ros2_sensor_ws/install/tf2_msgs/local/lib/python3.10/dist-packages/tf2_msgs/action/__init__.py'...
Compiling '/home/singh/ros2_sensor_ws/install/tf2_msgs/local/lib/python3.10/dist-packages/tf2_msgs/action/_lookup_transform.py'...
Listing '/home/singh/ros2_sensor_ws/install/tf2_msgs/local/lib/python3.10/dist-packages/tf2_msgs/msg'...
Compiling '/home/singh/ros2_sensor_ws/install/tf2_msgs/local/lib/python3.10/dist-packages/tf2_msgs/msg/__init__.py'...
Compiling '/home/singh/ros2_sensor_ws/install/tf2_msgs/local/lib/python3.10/dist-packages/tf2_msgs/msg/_tf2_error.py'...
Compiling '/home/singh/ros2_sensor_ws/install/tf2_msgs/local/lib/python3.10/dist-packages/tf2_msgs/msg/_tf_message.py'...
Listing '/home/singh/ros2_sensor_ws/install/tf2_msgs/local/lib/python3.10/dist-packages/tf2_msgs/srv'...
Compiling '/home/singh/ros2_sensor_ws/install/tf2_msgs/local/lib/python3.10/dist-packages/tf2_msgs/srv/__init__.py'...
Compiling '/home/singh/ros2_sensor_ws/install/tf2_msgs/local/lib/python3.10/dist-packages/tf2_msgs/srv/_frame_graph.py'...
-- Installing: /home/singh/ros2_sensor_ws/install/tf2_msgs/local/lib/python3.10/dist-packages/tf2_msgs/tf2_msgs_s__rosidl_typesupport_fastrtps_c.cpython-310-x86_64-linux-gnu.so
-- Set runtime path of "/home/singh/ros2_sensor_ws/install/tf2_msgs/local/lib/python3.10/dist-packages/tf2_msgs/tf2_msgs_s__rosidl_typesupport_fastrtps_c.cpython-310-x86_64-linux-gnu.so" to ""
-- Installing: /home/singh/ros2_sensor_ws/install/tf2_msgs/local/lib/python3.10/dist-packages/tf2_msgs/tf2_msgs_s__rosidl_typesupport_introspection_c.cpython-310-x86_64-linux-gnu.so
-- Set runtime path of "/home/singh/ros2_sensor_ws/install/tf2_msgs/local/lib/python3.10/dist-packages/tf2_msgs/tf2_msgs_s__rosidl_typesupport_introspection_c.cpython-310-x86_64-linux-gnu.so" to ""
-- Installing: /home/singh/ros2_sensor_ws/install/tf2_msgs/local/lib/python3.10/dist-packages/tf2_msgs/tf2_msgs_s__rosidl_typesupport_c.cpython-310-x86_64-linux-gnu.so
-- Set runtime path of "/home/singh/ros2_sensor_ws/install/tf2_msgs/local/lib/python3.10/dist-packages/tf2_msgs/tf2_msgs_s__rosidl_typesupport_c.cpython-310-x86_64-linux-gnu.so" to ""
-- Installing: /home/singh/ros2_sensor_ws/install/tf2_msgs/lib/libtf2_msgs__rosidl_generator_py.so
-- Set runtime path of "/home/singh/ros2_sensor_ws/install/tf2_msgs/lib/libtf2_msgs__rosidl_generator_py.so" to ""
-- Installing: /home/singh/ros2_sensor_ws/install/tf2_msgs/share/tf2_msgs/msg/TF2Error.idl
-- Installing: /home/singh/ros2_sensor_ws/install/tf2_msgs/share/tf2_msgs/msg/TFMessage.idl
-- Installing: /home/singh/ros2_sensor_ws/install/tf2_msgs/share/tf2_msgs/srv/FrameGraph.idl
-- Installing: /home/singh/ros2_sensor_ws/install/tf2_msgs/share/tf2_msgs/action/LookupTransform.idl
-- Installing: /home/singh/ros2_sensor_ws/install/tf2_msgs/share/tf2_msgs/msg/TF2Error.msg
-- Installing: /home/singh/ros2_sensor_ws/install/tf2_msgs/share/tf2_msgs/msg/TFMessage.msg
-- Installing: /home/singh/ros2_sensor_ws/install/tf2_msgs/share/tf2_msgs/srv/FrameGraph.srv
-- Installing: /home/singh/ros2_sensor_ws/install/tf2_msgs/share/tf2_msgs/srv/FrameGraph_Request.msg
-- Installing: /home/singh/ros2_sensor_ws/install/tf2_msgs/share/tf2_msgs/srv/FrameGraph_Response.msg
-- Installing: /home/singh/ros2_sensor_ws/install/tf2_msgs/share/tf2_msgs/action/LookupTransform.action
-- Installing: /home/singh/ros2_sensor_ws/install/tf2_msgs/share/tf2_msgs/tfmessage_bridge_mapping_rule.yaml
-- Installing: /home/singh/ros2_sensor_ws/install/tf2_msgs/share/ament_index/resource_index/package_run_dependencies/tf2_msgs
-- Installing: /home/singh/ros2_sensor_ws/install/tf2_msgs/share/ament_index/resource_index/parent_prefix_path/tf2_msgs
-- Installing: /home/singh/ros2_sensor_ws/install/tf2_msgs/share/tf2_msgs/environment/ament_prefix_path.sh
-- Installing: /home/singh/ros2_sensor_ws/install/tf2_msgs/share/tf2_msgs/environment/ament_prefix_path.dsv
-- Installing: /home/singh/ros2_sensor_ws/install/tf2_msgs/share/tf2_msgs/environment/path.sh
-- Installing: /home/singh/ros2_sensor_ws/install/tf2_msgs/share/tf2_msgs/environment/path.dsv
-- Installing: /home/singh/ros2_sensor_ws/install/tf2_msgs/share/tf2_msgs/local_setup.bash
-- Installing: /home/singh/ros2_sensor_ws/install/tf2_msgs/share/tf2_msgs/local_setup.sh
-- Installing: /home/singh/ros2_sensor_ws/install/tf2_msgs/share/tf2_msgs/local_setup.zsh
-- Installing: /home/singh/ros2_sensor_ws/install/tf2_msgs/share/tf2_msgs/local_setup.dsv
-- Installing: /home/singh/ros2_sensor_ws/install/tf2_msgs/share/tf2_msgs/package.dsv
-- Installing: /home/singh/ros2_sensor_ws/install/tf2_msgs/share/ament_index/resource_index/packages/tf2_msgs
-- Installing: /home/singh/ros2_sensor_ws/install/tf2_msgs/share/tf2_msgs/cmake/export_tf2_msgs__rosidl_generator_cExport.cmake
-- Installing: /home/singh/ros2_sensor_ws/install/tf2_msgs/share/tf2_msgs/cmake/export_tf2_msgs__rosidl_generator_cExport-noconfig.cmake
-- Installing: /home/singh/ros2_sensor_ws/install/tf2_msgs/share/tf2_msgs/cmake/export_tf2_msgs__rosidl_typesupport_fastrtps_cExport.cmake
-- Installing: /home/singh/ros2_sensor_ws/install/tf2_msgs/share/tf2_msgs/cmake/export_tf2_msgs__rosidl_typesupport_fastrtps_cExport-noconfig.cmake
-- Installing: /home/singh/ros2_sensor_ws/install/tf2_msgs/share/tf2_msgs/cmake/tf2_msgs__rosidl_typesupport_introspection_cExport.cmake
-- Installing: /home/singh/ros2_sensor_ws/install/tf2_msgs/share/tf2_msgs/cmake/tf2_msgs__rosidl_typesupport_introspection_cExport-noconfig.cmake
-- Installing: /home/singh/ros2_sensor_ws/install/tf2_msgs/share/tf2_msgs/cmake/tf2_msgs__rosidl_typesupport_cExport.cmake
-- Installing: /home/singh/ros2_sensor_ws/install/tf2_msgs/share/tf2_msgs/cmake/tf2_msgs__rosidl_typesupport_cExport-noconfig.cmake
-- Installing: /home/singh/ros2_sensor_ws/install/tf2_msgs/share/tf2_msgs/cmake/export_tf2_msgs__rosidl_generator_cppExport.cmake
-- Installing: /home/singh/ros2_sensor_ws/install/tf2_msgs/share/tf2_msgs/cmake/export_tf2_msgs__rosidl_typesupport_fastrtps_cppExport.cmake
-- Installing: /home/singh/ros2_sensor_ws/install/tf2_msgs/share/tf2_msgs/cmake/export_tf2_msgs__rosidl_typesupport_fastrtps_cppExport-noconfig.cmake
-- Installing: /home/singh/ros2_sensor_ws/install/tf2_msgs/share/tf2_msgs/cmake/tf2_msgs__rosidl_typesupport_introspection_cppExport.cmake
-- Installing: /home/singh/ros2_sensor_ws/install/tf2_msgs/share/tf2_msgs/cmake/tf2_msgs__rosidl_typesupport_introspection_cppExport-noconfig.cmake
-- Installing: /home/singh/ros2_sensor_ws/install/tf2_msgs/share/tf2_msgs/cmake/tf2_msgs__rosidl_typesupport_cppExport.cmake
-- Installing: /home/singh/ros2_sensor_ws/install/tf2_msgs/share/tf2_msgs/cmake/tf2_msgs__rosidl_typesupport_cppExport-noconfig.cmake
-- Installing: /home/singh/ros2_sensor_ws/install/tf2_msgs/share/tf2_msgs/cmake/export_tf2_msgs__rosidl_generator_pyExport.cmake
-- Installing: /home/singh/ros2_sensor_ws/install/tf2_msgs/share/tf2_msgs/cmake/export_tf2_msgs__rosidl_generator_pyExport-noconfig.cmake
-- Installing: /home/singh/ros2_sensor_ws/install/tf2_msgs/share/tf2_msgs/cmake/rosidl_cmake-extras.cmake
-- Installing: /home/singh/ros2_sensor_ws/install/tf2_msgs/share/tf2_msgs/cmake/ament_cmake_export_dependencies-extras.cmake
-- Installing: /home/singh/ros2_sensor_ws/install/tf2_msgs/share/tf2_msgs/cmake/ament_cmake_export_include_directories-extras.cmake
-- Installing: /home/singh/ros2_sensor_ws/install/tf2_msgs/share/tf2_msgs/cmake/ament_cmake_export_libraries-extras.cmake
-- Installing: /home/singh/ros2_sensor_ws/install/tf2_msgs/share/tf2_msgs/cmake/ament_cmake_export_targets-extras.cmake
-- Installing: /home/singh/ros2_sensor_ws/install/tf2_msgs/share/tf2_msgs/cmake/rosidl_cmake_export_typesupport_targets-extras.cmake
-- Installing: /home/singh/ros2_sensor_ws/install/tf2_msgs/share/tf2_msgs/cmake/rosidl_cmake_export_typesupport_libraries-extras.cmake
-- Installing: /home/singh/ros2_sensor_ws/install/tf2_msgs/share/tf2_msgs/cmake/tf2_msgsConfig.cmake
-- Installing: /home/singh/ros2_sensor_ws/install/tf2_msgs/share/tf2_msgs/cmake/tf2_msgsConfig-version.cmake
-- Installing: /home/singh/ros2_sensor_ws/install/tf2_msgs/share/tf2_msgs/package.xml
