[0.024s] Invoking command in '/home/singh/ros2_sensor_ws/build/tf2_msgs': CMAKE_PREFIX_PATH=${CMAKE_PREFIX_PATH}:/home/singh/rtab_ws/install/rtabmap_python:/opt/ros/humble /usr/bin/cmake /home/singh/ros2_sensor_ws/src/geometry2/tf2_msgs -DCMAKE_INSTALL_PREFIX=/home/singh/ros2_sensor_ws/install/tf2_msgs
[0.179s] -- The C compiler identification is GNU 11.4.0
[0.562s] -- The CXX compiler identification is GNU 11.4.0
[0.727s] -- Detecting C compiler ABI info
[0.844s] -- Detecting C compiler ABI info - done
[0.851s] -- Check for working C compiler: /usr/bin/cc - skipped
[0.851s] -- Detecting C compile features
[0.851s] -- Detecting C compile features - done
[0.854s] -- Detecting CXX compiler ABI info
[0.972s] -- Detecting CXX compiler ABI info - done
[0.976s] -- Check for working CXX compiler: /usr/bin/c++ - skipped
[0.977s] -- Detecting CXX compile features
[0.977s] -- Detecting CXX compile features - done
[0.978s] -- Found ament_cmake: 1.3.11 (/opt/ros/humble/share/ament_cmake/cmake)
[1.112s] -- Found Python3: /usr/bin/python3 (found version "3.10.12") found components: Interpreter 
[1.214s] -- Found rosidl_default_generators: 1.2.0 (/opt/ros/humble/share/rosidl_default_generators/cmake)
[1.220s] -- Using all available rosidl_typesupport_c: rosidl_typesupport_fastrtps_c;rosidl_typesupport_introspection_c
[1.232s] -- Found rosidl_adapter: 3.1.6 (/opt/ros/humble/share/rosidl_adapter/cmake)
[1.402s] -- Using all available rosidl_typesupport_cpp: rosidl_typesupport_fastrtps_cpp;rosidl_typesupport_introspection_cpp
[1.430s] -- Found builtin_interfaces: 1.2.1 (/opt/ros/humble/share/builtin_interfaces/cmake)
[1.443s] -- Found action_msgs: 1.2.1 (/opt/ros/humble/share/action_msgs/cmake)
[1.478s] -- Found std_msgs: 4.8.0 (/opt/ros/humble/share/std_msgs/cmake)
[1.491s] -- Found geometry_msgs: 4.8.0 (/opt/ros/humble/share/geometry_msgs/cmake)
[1.739s] -- Found ament_cmake_cppcheck: 0.12.12 (/opt/ros/humble/share/ament_cmake_cppcheck/cmake)
[1.741s] -- Found ament_cmake_cpplint: 0.12.12 (/opt/ros/humble/share/ament_cmake_cpplint/cmake)
[1.743s] -- Found ament_cmake_uncrustify: 0.12.12 (/opt/ros/humble/share/ament_cmake_uncrustify/cmake)
[1.747s] -- Found ament_cmake_ros: 0.10.0 (/opt/ros/humble/share/ament_cmake_ros/cmake)
[1.992s] -- Using all available rosidl_typesupport_c: rosidl_typesupport_fastrtps_c;rosidl_typesupport_introspection_c
[2.434s] -- Using all available rosidl_typesupport_cpp: rosidl_typesupport_fastrtps_cpp;rosidl_typesupport_introspection_cpp
[2.542s] -- Found PythonInterp: /usr/bin/python3 (found suitable version "3.10.12", minimum required is "3.6") 
[2.543s] -- Found python_cmake_module: 0.10.0 (/opt/ros/humble/share/python_cmake_module/cmake)
[2.778s] -- Found PythonLibs: /usr/lib/x86_64-linux-gnu/libpython3.10.so (found suitable version "3.10.12", minimum required is "3.5") 
[2.778s] -- Using PYTHON_EXECUTABLE: /usr/bin/python3
[2.778s] -- Using PYTHON_INCLUDE_DIRS: /usr/include/python3.10
[2.778s] -- Using PYTHON_LIBRARIES: /usr/lib/x86_64-linux-gnu/libpython3.10.so
[2.804s] -- Found PythonExtra: .so  
[2.923s] -- Found ament_cmake_flake8: 0.12.12 (/opt/ros/humble/share/ament_cmake_flake8/cmake)
[2.931s] -- Found ament_cmake_pep257: 0.12.12 (/opt/ros/humble/share/ament_cmake_pep257/cmake)
[2.938s] -- Configuring done
[3.004s] -- Generating done
[3.014s] -- Build files have been written to: /home/singh/ros2_sensor_ws/build/tf2_msgs
[3.031s] Invoked command in '/home/singh/ros2_sensor_ws/build/tf2_msgs' returned '0': CMAKE_PREFIX_PATH=${CMAKE_PREFIX_PATH}:/home/singh/rtab_ws/install/rtabmap_python:/opt/ros/humble /usr/bin/cmake /home/singh/ros2_sensor_ws/src/geometry2/tf2_msgs -DCMAKE_INSTALL_PREFIX=/home/singh/ros2_sensor_ws/install/tf2_msgs
[3.033s] Invoking command in '/home/singh/ros2_sensor_ws/build/tf2_msgs': CMAKE_PREFIX_PATH=${CMAKE_PREFIX_PATH}:/home/singh/rtab_ws/install/rtabmap_python:/opt/ros/humble /usr/bin/cmake --build /home/singh/ros2_sensor_ws/build/tf2_msgs -- -j12 -l12
[3.082s] [  1%] [34m[1mGenerating C code for ROS interfaces[0m
[3.096s] [  3%] [34m[1mGenerating C++ code for ROS interfaces[0m
[3.101s] [  3%] Built target ament_cmake_python_copy_tf2_msgs
[3.505s] running egg_info
[3.506s] creating tf2_msgs.egg-info
[3.508s] writing tf2_msgs.egg-info/PKG-INFO
[3.509s] writing dependency_links to tf2_msgs.egg-info/dependency_links.txt
[3.510s] writing top-level names to tf2_msgs.egg-info/top_level.txt
[3.511s] writing manifest file 'tf2_msgs.egg-info/SOURCES.txt'
[3.515s] reading manifest file 'tf2_msgs.egg-info/SOURCES.txt'
[3.517s] writing manifest file 'tf2_msgs.egg-info/SOURCES.txt'
[3.564s] [  3%] Built target ament_cmake_python_build_tf2_msgs_egg
[4.286s] [  5%] [32mBuilding C object CMakeFiles/tf2_msgs__rosidl_generator_c.dir/rosidl_generator_c/tf2_msgs/msg/detail/tf2_error__functions.c.o[0m
[4.288s] [  7%] [32mBuilding C object CMakeFiles/tf2_msgs__rosidl_generator_c.dir/rosidl_generator_c/tf2_msgs/msg/detail/tf_message__functions.c.o[0m
[4.303s] [  9%] [32mBuilding C object CMakeFiles/tf2_msgs__rosidl_generator_c.dir/rosidl_generator_c/tf2_msgs/srv/detail/frame_graph__functions.c.o[0m
[4.310s] [ 10%] Built target tf2_msgs__cpp
[4.319s] [ 10%] [32mBuilding C object CMakeFiles/tf2_msgs__rosidl_generator_c.dir/rosidl_generator_c/tf2_msgs/action/detail/lookup_transform__functions.c.o[0m
[4.362s] [ 12%] [34m[1mGenerating C++ type support for eProsima Fast-RTPS[0m
[4.395s] [ 14%] [34m[1mGenerating C++ introspection for ROS interfaces[0m
[4.423s] [ 16%] [34m[1mGenerating C++ type support dispatch for ROS interfaces[0m
[4.781s] [ 18%] [32m[1mLinking C shared library libtf2_msgs__rosidl_generator_c.so[0m
[4.987s] [ 18%] Built target tf2_msgs__rosidl_generator_c
[4.997s] [ 20%] [34m[1mGenerating C type support for eProsima Fast-RTPS[0m
[5.004s] [ 21%] [34m[1mGenerating C introspection for ROS interfaces[0m
[5.005s] [ 23%] [34m[1mGenerating C type support dispatch for ROS interfaces[0m
[5.268s] [ 25%] [32mBuilding CXX object CMakeFiles/tf2_msgs__rosidl_typesupport_cpp.dir/rosidl_typesupport_cpp/tf2_msgs/msg/tf2_error__type_support.cpp.o[0m
[5.278s] [ 27%] [32mBuilding CXX object CMakeFiles/tf2_msgs__rosidl_typesupport_cpp.dir/rosidl_typesupport_cpp/tf2_msgs/msg/tf_message__type_support.cpp.o[0m
[5.279s] [ 29%] [32mBuilding CXX object CMakeFiles/tf2_msgs__rosidl_typesupport_cpp.dir/rosidl_typesupport_cpp/tf2_msgs/srv/frame_graph__type_support.cpp.o[0m
[5.280s] [ 30%] [32mBuilding CXX object CMakeFiles/tf2_msgs__rosidl_typesupport_cpp.dir/rosidl_typesupport_cpp/tf2_msgs/action/lookup_transform__type_support.cpp.o[0m
[5.288s] [ 32%] [32mBuilding CXX object CMakeFiles/tf2_msgs__rosidl_typesupport_introspection_cpp.dir/rosidl_typesupport_introspection_cpp/tf2_msgs/msg/detail/tf_message__type_support.cpp.o[0m
[5.302s] [ 34%] [32mBuilding CXX object CMakeFiles/tf2_msgs__rosidl_typesupport_introspection_cpp.dir/rosidl_typesupport_introspection_cpp/tf2_msgs/msg/detail/tf2_error__type_support.cpp.o[0m
[5.303s] [ 36%] [32mBuilding CXX object CMakeFiles/tf2_msgs__rosidl_typesupport_introspection_cpp.dir/rosidl_typesupport_introspection_cpp/tf2_msgs/srv/detail/frame_graph__type_support.cpp.o[0m
[5.333s] [ 38%] [32mBuilding CXX object CMakeFiles/tf2_msgs__rosidl_typesupport_introspection_cpp.dir/rosidl_typesupport_introspection_cpp/tf2_msgs/action/detail/lookup_transform__type_support.cpp.o[0m
[5.996s] [ 40%] [32mBuilding CXX object CMakeFiles/tf2_msgs__rosidl_typesupport_fastrtps_cpp.dir/rosidl_typesupport_fastrtps_cpp/tf2_msgs/msg/detail/dds_fastrtps/tf2_error__type_support.cpp.o[0m
[6.026s] [ 41%] [32mBuilding CXX object CMakeFiles/tf2_msgs__rosidl_typesupport_fastrtps_cpp.dir/rosidl_typesupport_fastrtps_cpp/tf2_msgs/msg/detail/dds_fastrtps/tf_message__type_support.cpp.o[0m
[6.057s] [ 43%] [32mBuilding CXX object CMakeFiles/tf2_msgs__rosidl_typesupport_fastrtps_cpp.dir/rosidl_typesupport_fastrtps_cpp/tf2_msgs/srv/detail/dds_fastrtps/frame_graph__type_support.cpp.o[0m
[6.079s] [ 45%] [32mBuilding CXX object CMakeFiles/tf2_msgs__rosidl_typesupport_fastrtps_cpp.dir/rosidl_typesupport_fastrtps_cpp/tf2_msgs/action/detail/dds_fastrtps/lookup_transform__type_support.cpp.o[0m
[6.189s] [ 47%] [32mBuilding CXX object CMakeFiles/tf2_msgs__rosidl_typesupport_c.dir/rosidl_typesupport_c/tf2_msgs/msg/tf2_error__type_support.cpp.o[0m
[6.219s] [ 49%] [32mBuilding CXX object CMakeFiles/tf2_msgs__rosidl_typesupport_c.dir/rosidl_typesupport_c/tf2_msgs/msg/tf_message__type_support.cpp.o[0m
[6.305s] [ 50%] [32mBuilding CXX object CMakeFiles/tf2_msgs__rosidl_typesupport_c.dir/rosidl_typesupport_c/tf2_msgs/srv/frame_graph__type_support.cpp.o[0m
[6.330s] [ 52%] [32mBuilding CXX object CMakeFiles/tf2_msgs__rosidl_typesupport_c.dir/rosidl_typesupport_c/tf2_msgs/action/lookup_transform__type_support.cpp.o[0m
[6.371s] [ 54%] [32mBuilding CXX object CMakeFiles/tf2_msgs__rosidl_typesupport_fastrtps_c.dir/rosidl_typesupport_fastrtps_c/tf2_msgs/msg/detail/tf2_error__type_support_c.cpp.o[0m
[6.386s] [ 56%] [32mBuilding CXX object CMakeFiles/tf2_msgs__rosidl_typesupport_fastrtps_c.dir/rosidl_typesupport_fastrtps_c/tf2_msgs/msg/detail/tf_message__type_support_c.cpp.o[0m
[6.398s] [ 58%] [32mBuilding CXX object CMakeFiles/tf2_msgs__rosidl_typesupport_fastrtps_c.dir/rosidl_typesupport_fastrtps_c/tf2_msgs/srv/detail/frame_graph__type_support_c.cpp.o[0m
[6.492s] [ 60%] [32mBuilding CXX object CMakeFiles/tf2_msgs__rosidl_typesupport_fastrtps_c.dir/rosidl_typesupport_fastrtps_c/tf2_msgs/action/detail/lookup_transform__type_support_c.cpp.o[0m
[6.515s] [ 61%] [32m[1mLinking CXX shared library libtf2_msgs__rosidl_typesupport_cpp.so[0m
[6.558s] [ 63%] [32m[1mLinking CXX shared library libtf2_msgs__rosidl_typesupport_c.so[0m
[6.571s] [ 65%] [32mBuilding C object CMakeFiles/tf2_msgs__rosidl_typesupport_introspection_c.dir/rosidl_typesupport_introspection_c/tf2_msgs/msg/detail/tf2_error__type_support.c.o[0m
[6.709s] [ 67%] [32mBuilding C object CMakeFiles/tf2_msgs__rosidl_typesupport_introspection_c.dir/rosidl_typesupport_introspection_c/tf2_msgs/msg/detail/tf_message__type_support.c.o[0m
[6.786s] [ 67%] Built target tf2_msgs__rosidl_typesupport_cpp
[6.838s] [ 69%] [32mBuilding C object CMakeFiles/tf2_msgs__rosidl_typesupport_introspection_c.dir/rosidl_typesupport_introspection_c/tf2_msgs/srv/detail/frame_graph__type_support.c.o[0m
[6.868s] [ 69%] Built target tf2_msgs__rosidl_typesupport_c
[6.872s] [ 70%] [32mBuilding C object CMakeFiles/tf2_msgs__rosidl_typesupport_introspection_c.dir/rosidl_typesupport_introspection_c/tf2_msgs/action/detail/lookup_transform__type_support.c.o[0m
[6.960s] [ 72%] [32m[1mLinking C shared library libtf2_msgs__rosidl_typesupport_introspection_c.so[0m
[7.147s] [ 72%] Built target tf2_msgs__rosidl_typesupport_introspection_c
[7.207s] [ 74%] [32m[1mLinking CXX shared library libtf2_msgs__rosidl_typesupport_introspection_cpp.so[0m
[7.413s] [ 76%] [32m[1mLinking CXX shared library libtf2_msgs__rosidl_typesupport_fastrtps_c.so[0m
[7.434s] [ 76%] Built target tf2_msgs__rosidl_typesupport_introspection_cpp
[7.533s] [ 78%] [32m[1mLinking CXX shared library libtf2_msgs__rosidl_typesupport_fastrtps_cpp.so[0m
[7.624s] [ 78%] Built target tf2_msgs__rosidl_typesupport_fastrtps_c
[7.725s] [ 78%] Built target tf2_msgs__rosidl_typesupport_fastrtps_cpp
[7.749s] [ 78%] Built target tf2_msgs
[7.783s] [ 80%] [34m[1mGenerating Python code for ROS interfaces[0m
[9.321s] [ 80%] Built target tf2_msgs__py
[9.347s] [ 81%] [32mBuilding C object CMakeFiles/tf2_msgs__rosidl_generator_py.dir/rosidl_generator_py/tf2_msgs/msg/_tf_message_s.c.o[0m
[9.347s] [ 83%] [32mBuilding C object CMakeFiles/tf2_msgs__rosidl_generator_py.dir/rosidl_generator_py/tf2_msgs/msg/_tf2_error_s.c.o[0m
[9.349s] [ 85%] [32mBuilding C object CMakeFiles/tf2_msgs__rosidl_generator_py.dir/rosidl_generator_py/tf2_msgs/srv/_frame_graph_s.c.o[0m
[9.352s] [ 87%] [32mBuilding C object CMakeFiles/tf2_msgs__rosidl_generator_py.dir/rosidl_generator_py/tf2_msgs/action/_lookup_transform_s.c.o[0m
[9.536s] [ 89%] [32m[1mLinking C shared library rosidl_generator_py/tf2_msgs/libtf2_msgs__rosidl_generator_py.so[0m
[9.712s] [ 89%] Built target tf2_msgs__rosidl_generator_py
[9.734s] [ 90%] [32mBuilding C object CMakeFiles/tf2_msgs__rosidl_typesupport_fastrtps_c__pyext.dir/rosidl_generator_py/tf2_msgs/_tf2_msgs_s.ep.rosidl_typesupport_fastrtps_c.c.o[0m
[9.738s] [ 94%] [32mBuilding C object CMakeFiles/tf2_msgs__rosidl_typesupport_introspection_c__pyext.dir/rosidl_generator_py/tf2_msgs/_tf2_msgs_s.ep.rosidl_typesupport_introspection_c.c.o[0m
[9.738s] [ 94%] [32mBuilding C object CMakeFiles/tf2_msgs__rosidl_typesupport_c__pyext.dir/rosidl_generator_py/tf2_msgs/_tf2_msgs_s.ep.rosidl_typesupport_c.c.o[0m
[9.901s] [ 96%] [32m[1mLinking C shared library rosidl_generator_py/tf2_msgs/tf2_msgs_s__rosidl_typesupport_introspection_c.cpython-310-x86_64-linux-gnu.so[0m
[9.910s] [ 98%] [32m[1mLinking C shared library rosidl_generator_py/tf2_msgs/tf2_msgs_s__rosidl_typesupport_fastrtps_c.cpython-310-x86_64-linux-gnu.so[0m
[9.948s] [100%] [32m[1mLinking C shared library rosidl_generator_py/tf2_msgs/tf2_msgs_s__rosidl_typesupport_c.cpython-310-x86_64-linux-gnu.so[0m
[10.038s] [100%] Built target tf2_msgs__rosidl_typesupport_fastrtps_c__pyext
[10.039s] [100%] Built target tf2_msgs__rosidl_typesupport_introspection_c__pyext
[10.085s] [100%] Built target tf2_msgs__rosidl_typesupport_c__pyext
[10.106s] Invoked command in '/home/singh/ros2_sensor_ws/build/tf2_msgs' returned '0': CMAKE_PREFIX_PATH=${CMAKE_PREFIX_PATH}:/home/singh/rtab_ws/install/rtabmap_python:/opt/ros/humble /usr/bin/cmake --build /home/singh/ros2_sensor_ws/build/tf2_msgs -- -j12 -l12
[10.109s] Invoking command in '/home/singh/ros2_sensor_ws/build/tf2_msgs': CMAKE_PREFIX_PATH=${CMAKE_PREFIX_PATH}:/home/singh/rtab_ws/install/rtabmap_python:/opt/ros/humble /usr/bin/cmake --install /home/singh/ros2_sensor_ws/build/tf2_msgs
[10.119s] -- Install configuration: ""
[10.120s] -- Installing: /home/singh/ros2_sensor_ws/install/tf2_msgs/share/ament_index/resource_index/rosidl_interfaces/tf2_msgs
[10.121s] -- Installing: /home/singh/ros2_sensor_ws/install/tf2_msgs/include/tf2_msgs/tf2_msgs
[10.122s] -- Installing: /home/singh/ros2_sensor_ws/install/tf2_msgs/include/tf2_msgs/tf2_msgs/msg
[10.122s] -- Installing: /home/singh/ros2_sensor_ws/install/tf2_msgs/include/tf2_msgs/tf2_msgs/msg/rosidl_generator_c__visibility_control.h
[10.123s] -- Installing: /home/singh/ros2_sensor_ws/install/tf2_msgs/include/tf2_msgs/tf2_msgs/msg/tf2_error.h
[10.125s] -- Installing: /home/singh/ros2_sensor_ws/install/tf2_msgs/include/tf2_msgs/tf2_msgs/msg/detail
[10.126s] -- Installing: /home/singh/ros2_sensor_ws/install/tf2_msgs/include/tf2_msgs/tf2_msgs/msg/detail/tf_message__functions.h
[10.127s] -- Installing: /home/singh/ros2_sensor_ws/install/tf2_msgs/include/tf2_msgs/tf2_msgs/msg/detail/tf_message__type_support.h
[10.127s] -- Installing: /home/singh/ros2_sensor_ws/install/tf2_msgs/include/tf2_msgs/tf2_msgs/msg/detail/tf2_error__type_support.h
[10.127s] -- Installing: /home/singh/ros2_sensor_ws/install/tf2_msgs/include/tf2_msgs/tf2_msgs/msg/detail/tf2_error__struct.h
[10.127s] -- Installing: /home/singh/ros2_sensor_ws/install/tf2_msgs/include/tf2_msgs/tf2_msgs/msg/detail/tf2_error__functions.c
[10.128s] -- Installing: /home/singh/ros2_sensor_ws/install/tf2_msgs/include/tf2_msgs/tf2_msgs/msg/detail/tf_message__struct.h
[10.128s] -- Installing: /home/singh/ros2_sensor_ws/install/tf2_msgs/include/tf2_msgs/tf2_msgs/msg/detail/tf2_error__functions.h
[10.128s] -- Installing: /home/singh/ros2_sensor_ws/install/tf2_msgs/include/tf2_msgs/tf2_msgs/msg/detail/tf_message__functions.c
[10.129s] -- Installing: /home/singh/ros2_sensor_ws/install/tf2_msgs/include/tf2_msgs/tf2_msgs/msg/tf_message.h
[10.131s] -- Installing: /home/singh/ros2_sensor_ws/install/tf2_msgs/include/tf2_msgs/tf2_msgs/action
[10.131s] -- Installing: /home/singh/ros2_sensor_ws/install/tf2_msgs/include/tf2_msgs/tf2_msgs/action/lookup_transform.h
[10.133s] -- Installing: /home/singh/ros2_sensor_ws/install/tf2_msgs/include/tf2_msgs/tf2_msgs/action/detail
[10.135s] -- Installing: /home/singh/ros2_sensor_ws/install/tf2_msgs/include/tf2_msgs/tf2_msgs/action/detail/lookup_transform__functions.h
[10.135s] -- Installing: /home/singh/ros2_sensor_ws/install/tf2_msgs/include/tf2_msgs/tf2_msgs/action/detail/lookup_transform__struct.h
[10.137s] -- Installing: /home/singh/ros2_sensor_ws/install/tf2_msgs/include/tf2_msgs/tf2_msgs/action/detail/lookup_transform__functions.c
[10.137s] -- Installing: /home/singh/ros2_sensor_ws/install/tf2_msgs/include/tf2_msgs/tf2_msgs/action/detail/lookup_transform__type_support.h
[10.137s] -- Installing: /home/singh/ros2_sensor_ws/install/tf2_msgs/include/tf2_msgs/tf2_msgs/srv
[10.138s] -- Installing: /home/singh/ros2_sensor_ws/install/tf2_msgs/include/tf2_msgs/tf2_msgs/srv/detail
[10.138s] -- Installing: /home/singh/ros2_sensor_ws/install/tf2_msgs/include/tf2_msgs/tf2_msgs/srv/detail/frame_graph__functions.h
[10.138s] -- Installing: /home/singh/ros2_sensor_ws/install/tf2_msgs/include/tf2_msgs/tf2_msgs/srv/detail/frame_graph__struct.h
[10.139s] -- Installing: /home/singh/ros2_sensor_ws/install/tf2_msgs/include/tf2_msgs/tf2_msgs/srv/detail/frame_graph__functions.c
[10.139s] -- Installing: /home/singh/ros2_sensor_ws/install/tf2_msgs/include/tf2_msgs/tf2_msgs/srv/detail/frame_graph__type_support.h
[10.139s] -- Installing: /home/singh/ros2_sensor_ws/install/tf2_msgs/include/tf2_msgs/tf2_msgs/srv/frame_graph.h
[10.140s] -- Installing: /home/singh/ros2_sensor_ws/install/tf2_msgs/share/tf2_msgs/environment/library_path.sh
[10.140s] -- Installing: /home/singh/ros2_sensor_ws/install/tf2_msgs/share/tf2_msgs/environment/library_path.dsv
[10.141s] -- Installing: /home/singh/ros2_sensor_ws/install/tf2_msgs/lib/libtf2_msgs__rosidl_generator_c.so
[10.141s] -- Set runtime path of "/home/singh/ros2_sensor_ws/install/tf2_msgs/lib/libtf2_msgs__rosidl_generator_c.so" to ""
[10.142s] -- Up-to-date: /home/singh/ros2_sensor_ws/install/tf2_msgs/include/tf2_msgs/tf2_msgs
[10.142s] -- Up-to-date: /home/singh/ros2_sensor_ws/install/tf2_msgs/include/tf2_msgs/tf2_msgs/msg
[10.143s] -- Installing: /home/singh/ros2_sensor_ws/install/tf2_msgs/include/tf2_msgs/tf2_msgs/msg/rosidl_typesupport_fastrtps_c__visibility_control.h
[10.143s] -- Up-to-date: /home/singh/ros2_sensor_ws/install/tf2_msgs/include/tf2_msgs/tf2_msgs/msg/detail
[10.144s] -- Installing: /home/singh/ros2_sensor_ws/install/tf2_msgs/include/tf2_msgs/tf2_msgs/msg/detail/tf2_error__rosidl_typesupport_fastrtps_c.h
[10.146s] -- Installing: /home/singh/ros2_sensor_ws/install/tf2_msgs/include/tf2_msgs/tf2_msgs/msg/detail/tf_message__rosidl_typesupport_fastrtps_c.h
[10.146s] -- Up-to-date: /home/singh/ros2_sensor_ws/install/tf2_msgs/include/tf2_msgs/tf2_msgs/action
[10.146s] -- Up-to-date: /home/singh/ros2_sensor_ws/install/tf2_msgs/include/tf2_msgs/tf2_msgs/action/detail
[10.146s] -- Installing: /home/singh/ros2_sensor_ws/install/tf2_msgs/include/tf2_msgs/tf2_msgs/action/detail/lookup_transform__rosidl_typesupport_fastrtps_c.h
[10.147s] -- Up-to-date: /home/singh/ros2_sensor_ws/install/tf2_msgs/include/tf2_msgs/tf2_msgs/srv
[10.148s] -- Up-to-date: /home/singh/ros2_sensor_ws/install/tf2_msgs/include/tf2_msgs/tf2_msgs/srv/detail
[10.148s] -- Installing: /home/singh/ros2_sensor_ws/install/tf2_msgs/include/tf2_msgs/tf2_msgs/srv/detail/frame_graph__rosidl_typesupport_fastrtps_c.h
[10.148s] -- Installing: /home/singh/ros2_sensor_ws/install/tf2_msgs/lib/libtf2_msgs__rosidl_typesupport_fastrtps_c.so
[10.149s] -- Set runtime path of "/home/singh/ros2_sensor_ws/install/tf2_msgs/lib/libtf2_msgs__rosidl_typesupport_fastrtps_c.so" to ""
[10.149s] -- Up-to-date: /home/singh/ros2_sensor_ws/install/tf2_msgs/include/tf2_msgs/tf2_msgs
[10.149s] -- Up-to-date: /home/singh/ros2_sensor_ws/install/tf2_msgs/include/tf2_msgs/tf2_msgs/msg
[10.150s] -- Installing: /home/singh/ros2_sensor_ws/install/tf2_msgs/include/tf2_msgs/tf2_msgs/msg/rosidl_typesupport_introspection_c__visibility_control.h
[10.150s] -- Up-to-date: /home/singh/ros2_sensor_ws/install/tf2_msgs/include/tf2_msgs/tf2_msgs/msg/detail
[10.151s] -- Installing: /home/singh/ros2_sensor_ws/install/tf2_msgs/include/tf2_msgs/tf2_msgs/msg/detail/tf2_error__rosidl_typesupport_introspection_c.h
[10.151s] -- Installing: /home/singh/ros2_sensor_ws/install/tf2_msgs/include/tf2_msgs/tf2_msgs/msg/detail/tf_message__rosidl_typesupport_introspection_c.h
[10.152s] -- Installing: /home/singh/ros2_sensor_ws/install/tf2_msgs/include/tf2_msgs/tf2_msgs/msg/detail/tf_message__type_support.c
[10.152s] -- Installing: /home/singh/ros2_sensor_ws/install/tf2_msgs/include/tf2_msgs/tf2_msgs/msg/detail/tf2_error__type_support.c
[10.153s] -- Up-to-date: /home/singh/ros2_sensor_ws/install/tf2_msgs/include/tf2_msgs/tf2_msgs/action
[10.154s] -- Up-to-date: /home/singh/ros2_sensor_ws/install/tf2_msgs/include/tf2_msgs/tf2_msgs/action/detail
[10.154s] -- Installing: /home/singh/ros2_sensor_ws/install/tf2_msgs/include/tf2_msgs/tf2_msgs/action/detail/lookup_transform__rosidl_typesupport_introspection_c.h
[10.154s] -- Installing: /home/singh/ros2_sensor_ws/install/tf2_msgs/include/tf2_msgs/tf2_msgs/action/detail/lookup_transform__type_support.c
[10.155s] -- Up-to-date: /home/singh/ros2_sensor_ws/install/tf2_msgs/include/tf2_msgs/tf2_msgs/srv
[10.156s] -- Up-to-date: /home/singh/ros2_sensor_ws/install/tf2_msgs/include/tf2_msgs/tf2_msgs/srv/detail
[10.156s] -- Installing: /home/singh/ros2_sensor_ws/install/tf2_msgs/include/tf2_msgs/tf2_msgs/srv/detail/frame_graph__type_support.c
[10.157s] -- Installing: /home/singh/ros2_sensor_ws/install/tf2_msgs/include/tf2_msgs/tf2_msgs/srv/detail/frame_graph__rosidl_typesupport_introspection_c.h
[10.158s] -- Installing: /home/singh/ros2_sensor_ws/install/tf2_msgs/lib/libtf2_msgs__rosidl_typesupport_introspection_c.so
[10.158s] -- Set runtime path of "/home/singh/ros2_sensor_ws/install/tf2_msgs/lib/libtf2_msgs__rosidl_typesupport_introspection_c.so" to ""
[10.159s] -- Installing: /home/singh/ros2_sensor_ws/install/tf2_msgs/lib/libtf2_msgs__rosidl_typesupport_c.so
[10.159s] -- Set runtime path of "/home/singh/ros2_sensor_ws/install/tf2_msgs/lib/libtf2_msgs__rosidl_typesupport_c.so" to ""
[10.159s] -- Up-to-date: /home/singh/ros2_sensor_ws/install/tf2_msgs/include/tf2_msgs/tf2_msgs
[10.160s] -- Up-to-date: /home/singh/ros2_sensor_ws/install/tf2_msgs/include/tf2_msgs/tf2_msgs/msg
[10.161s] -- Installing: /home/singh/ros2_sensor_ws/install/tf2_msgs/include/tf2_msgs/tf2_msgs/msg/tf2_error.hpp
[10.161s] -- Installing: /home/singh/ros2_sensor_ws/install/tf2_msgs/include/tf2_msgs/tf2_msgs/msg/tf_message.hpp
[10.161s] -- Installing: /home/singh/ros2_sensor_ws/install/tf2_msgs/include/tf2_msgs/tf2_msgs/msg/rosidl_generator_cpp__visibility_control.hpp
[10.162s] -- Up-to-date: /home/singh/ros2_sensor_ws/install/tf2_msgs/include/tf2_msgs/tf2_msgs/msg/detail
[10.162s] -- Installing: /home/singh/ros2_sensor_ws/install/tf2_msgs/include/tf2_msgs/tf2_msgs/msg/detail/tf2_error__type_support.hpp
[10.163s] -- Installing: /home/singh/ros2_sensor_ws/install/tf2_msgs/include/tf2_msgs/tf2_msgs/msg/detail/tf_message__struct.hpp
[10.163s] -- Installing: /home/singh/ros2_sensor_ws/install/tf2_msgs/include/tf2_msgs/tf2_msgs/msg/detail/tf_message__builder.hpp
[10.163s] -- Installing: /home/singh/ros2_sensor_ws/install/tf2_msgs/include/tf2_msgs/tf2_msgs/msg/detail/tf_message__type_support.hpp
[10.163s] -- Installing: /home/singh/ros2_sensor_ws/install/tf2_msgs/include/tf2_msgs/tf2_msgs/msg/detail/tf_message__traits.hpp
[10.164s] -- Installing: /home/singh/ros2_sensor_ws/install/tf2_msgs/include/tf2_msgs/tf2_msgs/msg/detail/tf2_error__traits.hpp
[10.164s] -- Installing: /home/singh/ros2_sensor_ws/install/tf2_msgs/include/tf2_msgs/tf2_msgs/msg/detail/tf2_error__builder.hpp
[10.164s] -- Installing: /home/singh/ros2_sensor_ws/install/tf2_msgs/include/tf2_msgs/tf2_msgs/msg/detail/tf2_error__struct.hpp
[10.165s] -- Up-to-date: /home/singh/ros2_sensor_ws/install/tf2_msgs/include/tf2_msgs/tf2_msgs/action
[10.165s] -- Up-to-date: /home/singh/ros2_sensor_ws/install/tf2_msgs/include/tf2_msgs/tf2_msgs/action/detail
[10.165s] -- Installing: /home/singh/ros2_sensor_ws/install/tf2_msgs/include/tf2_msgs/tf2_msgs/action/detail/lookup_transform__traits.hpp
[10.165s] -- Installing: /home/singh/ros2_sensor_ws/install/tf2_msgs/include/tf2_msgs/tf2_msgs/action/detail/lookup_transform__type_support.hpp
[10.166s] -- Installing: /home/singh/ros2_sensor_ws/install/tf2_msgs/include/tf2_msgs/tf2_msgs/action/detail/lookup_transform__struct.hpp
[10.166s] -- Installing: /home/singh/ros2_sensor_ws/install/tf2_msgs/include/tf2_msgs/tf2_msgs/action/detail/lookup_transform__builder.hpp
[10.166s] -- Installing: /home/singh/ros2_sensor_ws/install/tf2_msgs/include/tf2_msgs/tf2_msgs/action/lookup_transform.hpp
[10.168s] -- Up-to-date: /home/singh/ros2_sensor_ws/install/tf2_msgs/include/tf2_msgs/tf2_msgs/srv
[10.170s] -- Installing: /home/singh/ros2_sensor_ws/install/tf2_msgs/include/tf2_msgs/tf2_msgs/srv/frame_graph.hpp
[10.172s] -- Up-to-date: /home/singh/ros2_sensor_ws/install/tf2_msgs/include/tf2_msgs/tf2_msgs/srv/detail
[10.173s] -- Installing: /home/singh/ros2_sensor_ws/install/tf2_msgs/include/tf2_msgs/tf2_msgs/srv/detail/frame_graph__type_support.hpp
[10.173s] -- Installing: /home/singh/ros2_sensor_ws/install/tf2_msgs/include/tf2_msgs/tf2_msgs/srv/detail/frame_graph__traits.hpp
[10.174s] -- Installing: /home/singh/ros2_sensor_ws/install/tf2_msgs/include/tf2_msgs/tf2_msgs/srv/detail/frame_graph__struct.hpp
[10.174s] -- Installing: /home/singh/ros2_sensor_ws/install/tf2_msgs/include/tf2_msgs/tf2_msgs/srv/detail/frame_graph__builder.hpp
[10.175s] -- Up-to-date: /home/singh/ros2_sensor_ws/install/tf2_msgs/include/tf2_msgs/tf2_msgs
[10.176s] -- Up-to-date: /home/singh/ros2_sensor_ws/install/tf2_msgs/include/tf2_msgs/tf2_msgs/msg
[10.177s] -- Up-to-date: /home/singh/ros2_sensor_ws/install/tf2_msgs/include/tf2_msgs/tf2_msgs/msg/detail
[10.178s] -- Installing: /home/singh/ros2_sensor_ws/install/tf2_msgs/include/tf2_msgs/tf2_msgs/msg/detail/tf2_error__rosidl_typesupport_fastrtps_cpp.hpp
[10.179s] -- Installing: /home/singh/ros2_sensor_ws/install/tf2_msgs/include/tf2_msgs/tf2_msgs/msg/detail/dds_fastrtps
[10.179s] -- Installing: /home/singh/ros2_sensor_ws/install/tf2_msgs/include/tf2_msgs/tf2_msgs/msg/detail/tf_message__rosidl_typesupport_fastrtps_cpp.hpp
[10.179s] -- Installing: /home/singh/ros2_sensor_ws/install/tf2_msgs/include/tf2_msgs/tf2_msgs/msg/rosidl_typesupport_fastrtps_cpp__visibility_control.h
[10.180s] -- Up-to-date: /home/singh/ros2_sensor_ws/install/tf2_msgs/include/tf2_msgs/tf2_msgs/action
[10.180s] -- Up-to-date: /home/singh/ros2_sensor_ws/install/tf2_msgs/include/tf2_msgs/tf2_msgs/action/detail
[10.180s] -- Installing: /home/singh/ros2_sensor_ws/install/tf2_msgs/include/tf2_msgs/tf2_msgs/action/detail/dds_fastrtps
[10.181s] -- Installing: /home/singh/ros2_sensor_ws/install/tf2_msgs/include/tf2_msgs/tf2_msgs/action/detail/lookup_transform__rosidl_typesupport_fastrtps_cpp.hpp
[10.182s] -- Up-to-date: /home/singh/ros2_sensor_ws/install/tf2_msgs/include/tf2_msgs/tf2_msgs/srv
[10.182s] -- Up-to-date: /home/singh/ros2_sensor_ws/install/tf2_msgs/include/tf2_msgs/tf2_msgs/srv/detail
[10.182s] -- Installing: /home/singh/ros2_sensor_ws/install/tf2_msgs/include/tf2_msgs/tf2_msgs/srv/detail/dds_fastrtps
[10.184s] -- Installing: /home/singh/ros2_sensor_ws/install/tf2_msgs/include/tf2_msgs/tf2_msgs/srv/detail/frame_graph__rosidl_typesupport_fastrtps_cpp.hpp
[10.185s] -- Installing: /home/singh/ros2_sensor_ws/install/tf2_msgs/lib/libtf2_msgs__rosidl_typesupport_fastrtps_cpp.so
[10.185s] -- Set runtime path of "/home/singh/ros2_sensor_ws/install/tf2_msgs/lib/libtf2_msgs__rosidl_typesupport_fastrtps_cpp.so" to ""
[10.186s] -- Up-to-date: /home/singh/ros2_sensor_ws/install/tf2_msgs/include/tf2_msgs/tf2_msgs
[10.186s] -- Up-to-date: /home/singh/ros2_sensor_ws/install/tf2_msgs/include/tf2_msgs/tf2_msgs/msg
[10.186s] -- Up-to-date: /home/singh/ros2_sensor_ws/install/tf2_msgs/include/tf2_msgs/tf2_msgs/msg/detail
[10.187s] -- Installing: /home/singh/ros2_sensor_ws/install/tf2_msgs/include/tf2_msgs/tf2_msgs/msg/detail/tf_message__type_support.cpp
[10.188s] -- Installing: /home/singh/ros2_sensor_ws/install/tf2_msgs/include/tf2_msgs/tf2_msgs/msg/detail/tf2_error__rosidl_typesupport_introspection_cpp.hpp
[10.189s] -- Installing: /home/singh/ros2_sensor_ws/install/tf2_msgs/include/tf2_msgs/tf2_msgs/msg/detail/tf2_error__type_support.cpp
[10.190s] -- Installing: /home/singh/ros2_sensor_ws/install/tf2_msgs/include/tf2_msgs/tf2_msgs/msg/detail/tf_message__rosidl_typesupport_introspection_cpp.hpp
[10.190s] -- Up-to-date: /home/singh/ros2_sensor_ws/install/tf2_msgs/include/tf2_msgs/tf2_msgs/action
[10.190s] -- Up-to-date: /home/singh/ros2_sensor_ws/install/tf2_msgs/include/tf2_msgs/tf2_msgs/action/detail
[10.190s] -- Installing: /home/singh/ros2_sensor_ws/install/tf2_msgs/include/tf2_msgs/tf2_msgs/action/detail/lookup_transform__type_support.cpp
[10.190s] -- Installing: /home/singh/ros2_sensor_ws/install/tf2_msgs/include/tf2_msgs/tf2_msgs/action/detail/lookup_transform__rosidl_typesupport_introspection_cpp.hpp
[10.190s] -- Up-to-date: /home/singh/ros2_sensor_ws/install/tf2_msgs/include/tf2_msgs/tf2_msgs/srv
[10.192s] -- Up-to-date: /home/singh/ros2_sensor_ws/install/tf2_msgs/include/tf2_msgs/tf2_msgs/srv/detail
[10.193s] -- Installing: /home/singh/ros2_sensor_ws/install/tf2_msgs/include/tf2_msgs/tf2_msgs/srv/detail/frame_graph__type_support.cpp
[10.193s] -- Installing: /home/singh/ros2_sensor_ws/install/tf2_msgs/include/tf2_msgs/tf2_msgs/srv/detail/frame_graph__rosidl_typesupport_introspection_cpp.hpp
[10.194s] -- Installing: /home/singh/ros2_sensor_ws/install/tf2_msgs/lib/libtf2_msgs__rosidl_typesupport_introspection_cpp.so
[10.194s] -- Set runtime path of "/home/singh/ros2_sensor_ws/install/tf2_msgs/lib/libtf2_msgs__rosidl_typesupport_introspection_cpp.so" to ""
[10.194s] -- Installing: /home/singh/ros2_sensor_ws/install/tf2_msgs/lib/libtf2_msgs__rosidl_typesupport_cpp.so
[10.196s] -- Set runtime path of "/home/singh/ros2_sensor_ws/install/tf2_msgs/lib/libtf2_msgs__rosidl_typesupport_cpp.so" to ""
[10.196s] -- Installing: /home/singh/ros2_sensor_ws/install/tf2_msgs/share/tf2_msgs/environment/pythonpath.sh
[10.197s] -- Installing: /home/singh/ros2_sensor_ws/install/tf2_msgs/share/tf2_msgs/environment/pythonpath.dsv
[10.197s] -- Installing: /home/singh/ros2_sensor_ws/install/tf2_msgs/local/lib/python3.10/dist-packages/tf2_msgs-0.25.12-py3.10.egg-info
[10.197s] -- Installing: /home/singh/ros2_sensor_ws/install/tf2_msgs/local/lib/python3.10/dist-packages/tf2_msgs-0.25.12-py3.10.egg-info/top_level.txt
[10.198s] -- Installing: /home/singh/ros2_sensor_ws/install/tf2_msgs/local/lib/python3.10/dist-packages/tf2_msgs-0.25.12-py3.10.egg-info/SOURCES.txt
[10.198s] -- Installing: /home/singh/ros2_sensor_ws/install/tf2_msgs/local/lib/python3.10/dist-packages/tf2_msgs-0.25.12-py3.10.egg-info/dependency_links.txt
[10.199s] -- Installing: /home/singh/ros2_sensor_ws/install/tf2_msgs/local/lib/python3.10/dist-packages/tf2_msgs-0.25.12-py3.10.egg-info/PKG-INFO
[10.200s] -- Installing: /home/singh/ros2_sensor_ws/install/tf2_msgs/local/lib/python3.10/dist-packages/tf2_msgs
[10.200s] -- Installing: /home/singh/ros2_sensor_ws/install/tf2_msgs/local/lib/python3.10/dist-packages/tf2_msgs/_tf2_msgs_s.ep.rosidl_typesupport_fastrtps_c.c
[10.201s] -- Installing: /home/singh/ros2_sensor_ws/install/tf2_msgs/local/lib/python3.10/dist-packages/tf2_msgs/tf2_msgs_s__rosidl_typesupport_introspection_c.cpython-310-x86_64-linux-gnu.so
[10.201s] -- Installing: /home/singh/ros2_sensor_ws/install/tf2_msgs/local/lib/python3.10/dist-packages/tf2_msgs/msg
[10.201s] -- Installing: /home/singh/ros2_sensor_ws/install/tf2_msgs/local/lib/python3.10/dist-packages/tf2_msgs/msg/_tf_message.py
[10.201s] -- Installing: /home/singh/ros2_sensor_ws/install/tf2_msgs/local/lib/python3.10/dist-packages/tf2_msgs/msg/__init__.py
[10.201s] -- Installing: /home/singh/ros2_sensor_ws/install/tf2_msgs/local/lib/python3.10/dist-packages/tf2_msgs/msg/_tf2_error.py
[10.201s] -- Installing: /home/singh/ros2_sensor_ws/install/tf2_msgs/local/lib/python3.10/dist-packages/tf2_msgs/msg/_tf2_error_s.c
[10.202s] -- Installing: /home/singh/ros2_sensor_ws/install/tf2_msgs/local/lib/python3.10/dist-packages/tf2_msgs/msg/_tf_message_s.c
[10.202s] -- Installing: /home/singh/ros2_sensor_ws/install/tf2_msgs/local/lib/python3.10/dist-packages/tf2_msgs/action
[10.203s] -- Installing: /home/singh/ros2_sensor_ws/install/tf2_msgs/local/lib/python3.10/dist-packages/tf2_msgs/action/__init__.py
[10.203s] -- Installing: /home/singh/ros2_sensor_ws/install/tf2_msgs/local/lib/python3.10/dist-packages/tf2_msgs/action/_lookup_transform.py
[10.203s] -- Installing: /home/singh/ros2_sensor_ws/install/tf2_msgs/local/lib/python3.10/dist-packages/tf2_msgs/action/_lookup_transform_s.c
[10.203s] -- Installing: /home/singh/ros2_sensor_ws/install/tf2_msgs/local/lib/python3.10/dist-packages/tf2_msgs/srv
[10.203s] -- Installing: /home/singh/ros2_sensor_ws/install/tf2_msgs/local/lib/python3.10/dist-packages/tf2_msgs/srv/__init__.py
[10.204s] -- Installing: /home/singh/ros2_sensor_ws/install/tf2_msgs/local/lib/python3.10/dist-packages/tf2_msgs/srv/_frame_graph_s.c
[10.204s] -- Installing: /home/singh/ros2_sensor_ws/install/tf2_msgs/local/lib/python3.10/dist-packages/tf2_msgs/srv/_frame_graph.py
[10.204s] -- Installing: /home/singh/ros2_sensor_ws/install/tf2_msgs/local/lib/python3.10/dist-packages/tf2_msgs/__init__.py
[10.205s] -- Installing: /home/singh/ros2_sensor_ws/install/tf2_msgs/local/lib/python3.10/dist-packages/tf2_msgs/tf2_msgs_s__rosidl_typesupport_c.cpython-310-x86_64-linux-gnu.so
[10.206s] -- Installing: /home/singh/ros2_sensor_ws/install/tf2_msgs/local/lib/python3.10/dist-packages/tf2_msgs/_tf2_msgs_s.ep.rosidl_typesupport_introspection_c.c
[10.206s] -- Installing: /home/singh/ros2_sensor_ws/install/tf2_msgs/local/lib/python3.10/dist-packages/tf2_msgs/tf2_msgs_s__rosidl_typesupport_fastrtps_c.cpython-310-x86_64-linux-gnu.so
[10.207s] -- Installing: /home/singh/ros2_sensor_ws/install/tf2_msgs/local/lib/python3.10/dist-packages/tf2_msgs/_tf2_msgs_s.ep.rosidl_typesupport_c.c
[10.207s] -- Installing: /home/singh/ros2_sensor_ws/install/tf2_msgs/local/lib/python3.10/dist-packages/tf2_msgs/libtf2_msgs__rosidl_generator_py.so
[10.208s] Listing '/home/singh/ros2_sensor_ws/install/tf2_msgs/local/lib/python3.10/dist-packages/tf2_msgs'...
[10.208s] Compiling '/home/singh/ros2_sensor_ws/install/tf2_msgs/local/lib/python3.10/dist-packages/tf2_msgs/__init__.py'...
[10.208s] Listing '/home/singh/ros2_sensor_ws/install/tf2_msgs/local/lib/python3.10/dist-packages/tf2_msgs/action'...
[10.209s] Compiling '/home/singh/ros2_sensor_ws/install/tf2_msgs/local/lib/python3.10/dist-packages/tf2_msgs/action/__init__.py'...
[10.209s] Compiling '/home/singh/ros2_sensor_ws/install/tf2_msgs/local/lib/python3.10/dist-packages/tf2_msgs/action/_lookup_transform.py'...
[10.210s] Listing '/home/singh/ros2_sensor_ws/install/tf2_msgs/local/lib/python3.10/dist-packages/tf2_msgs/msg'...
[10.211s] Compiling '/home/singh/ros2_sensor_ws/install/tf2_msgs/local/lib/python3.10/dist-packages/tf2_msgs/msg/__init__.py'...
[10.211s] Compiling '/home/singh/ros2_sensor_ws/install/tf2_msgs/local/lib/python3.10/dist-packages/tf2_msgs/msg/_tf2_error.py'...
[10.211s] Compiling '/home/singh/ros2_sensor_ws/install/tf2_msgs/local/lib/python3.10/dist-packages/tf2_msgs/msg/_tf_message.py'...
[10.214s] Listing '/home/singh/ros2_sensor_ws/install/tf2_msgs/local/lib/python3.10/dist-packages/tf2_msgs/srv'...
[10.214s] Compiling '/home/singh/ros2_sensor_ws/install/tf2_msgs/local/lib/python3.10/dist-packages/tf2_msgs/srv/__init__.py'...
[10.214s] Compiling '/home/singh/ros2_sensor_ws/install/tf2_msgs/local/lib/python3.10/dist-packages/tf2_msgs/srv/_frame_graph.py'...
[10.214s] -- Installing: /home/singh/ros2_sensor_ws/install/tf2_msgs/local/lib/python3.10/dist-packages/tf2_msgs/tf2_msgs_s__rosidl_typesupport_fastrtps_c.cpython-310-x86_64-linux-gnu.so
[10.215s] -- Set runtime path of "/home/singh/ros2_sensor_ws/install/tf2_msgs/local/lib/python3.10/dist-packages/tf2_msgs/tf2_msgs_s__rosidl_typesupport_fastrtps_c.cpython-310-x86_64-linux-gnu.so" to ""
[10.215s] -- Installing: /home/singh/ros2_sensor_ws/install/tf2_msgs/local/lib/python3.10/dist-packages/tf2_msgs/tf2_msgs_s__rosidl_typesupport_introspection_c.cpython-310-x86_64-linux-gnu.so
[10.215s] -- Set runtime path of "/home/singh/ros2_sensor_ws/install/tf2_msgs/local/lib/python3.10/dist-packages/tf2_msgs/tf2_msgs_s__rosidl_typesupport_introspection_c.cpython-310-x86_64-linux-gnu.so" to ""
[10.216s] -- Installing: /home/singh/ros2_sensor_ws/install/tf2_msgs/local/lib/python3.10/dist-packages/tf2_msgs/tf2_msgs_s__rosidl_typesupport_c.cpython-310-x86_64-linux-gnu.so
[10.216s] -- Set runtime path of "/home/singh/ros2_sensor_ws/install/tf2_msgs/local/lib/python3.10/dist-packages/tf2_msgs/tf2_msgs_s__rosidl_typesupport_c.cpython-310-x86_64-linux-gnu.so" to ""
[10.217s] -- Installing: /home/singh/ros2_sensor_ws/install/tf2_msgs/lib/libtf2_msgs__rosidl_generator_py.so
[10.217s] -- Set runtime path of "/home/singh/ros2_sensor_ws/install/tf2_msgs/lib/libtf2_msgs__rosidl_generator_py.so" to ""
[10.218s] -- Installing: /home/singh/ros2_sensor_ws/install/tf2_msgs/share/tf2_msgs/msg/TF2Error.idl
[10.218s] -- Installing: /home/singh/ros2_sensor_ws/install/tf2_msgs/share/tf2_msgs/msg/TFMessage.idl
[10.218s] -- Installing: /home/singh/ros2_sensor_ws/install/tf2_msgs/share/tf2_msgs/srv/FrameGraph.idl
[10.218s] -- Installing: /home/singh/ros2_sensor_ws/install/tf2_msgs/share/tf2_msgs/action/LookupTransform.idl
[10.219s] -- Installing: /home/singh/ros2_sensor_ws/install/tf2_msgs/share/tf2_msgs/msg/TF2Error.msg
[10.220s] -- Installing: /home/singh/ros2_sensor_ws/install/tf2_msgs/share/tf2_msgs/msg/TFMessage.msg
[10.220s] -- Installing: /home/singh/ros2_sensor_ws/install/tf2_msgs/share/tf2_msgs/srv/FrameGraph.srv
[10.220s] -- Installing: /home/singh/ros2_sensor_ws/install/tf2_msgs/share/tf2_msgs/srv/FrameGraph_Request.msg
[10.220s] -- Installing: /home/singh/ros2_sensor_ws/install/tf2_msgs/share/tf2_msgs/srv/FrameGraph_Response.msg
[10.220s] -- Installing: /home/singh/ros2_sensor_ws/install/tf2_msgs/share/tf2_msgs/action/LookupTransform.action
[10.221s] -- Installing: /home/singh/ros2_sensor_ws/install/tf2_msgs/share/tf2_msgs/tfmessage_bridge_mapping_rule.yaml
[10.221s] -- Installing: /home/singh/ros2_sensor_ws/install/tf2_msgs/share/ament_index/resource_index/package_run_dependencies/tf2_msgs
[10.221s] -- Installing: /home/singh/ros2_sensor_ws/install/tf2_msgs/share/ament_index/resource_index/parent_prefix_path/tf2_msgs
[10.221s] -- Installing: /home/singh/ros2_sensor_ws/install/tf2_msgs/share/tf2_msgs/environment/ament_prefix_path.sh
[10.222s] -- Installing: /home/singh/ros2_sensor_ws/install/tf2_msgs/share/tf2_msgs/environment/ament_prefix_path.dsv
[10.222s] -- Installing: /home/singh/ros2_sensor_ws/install/tf2_msgs/share/tf2_msgs/environment/path.sh
[10.222s] -- Installing: /home/singh/ros2_sensor_ws/install/tf2_msgs/share/tf2_msgs/environment/path.dsv
[10.222s] -- Installing: /home/singh/ros2_sensor_ws/install/tf2_msgs/share/tf2_msgs/local_setup.bash
[10.223s] -- Installing: /home/singh/ros2_sensor_ws/install/tf2_msgs/share/tf2_msgs/local_setup.sh
[10.223s] -- Installing: /home/singh/ros2_sensor_ws/install/tf2_msgs/share/tf2_msgs/local_setup.zsh
[10.223s] -- Installing: /home/singh/ros2_sensor_ws/install/tf2_msgs/share/tf2_msgs/local_setup.dsv
[10.224s] -- Installing: /home/singh/ros2_sensor_ws/install/tf2_msgs/share/tf2_msgs/package.dsv
[10.224s] -- Installing: /home/singh/ros2_sensor_ws/install/tf2_msgs/share/ament_index/resource_index/packages/tf2_msgs
[10.224s] -- Installing: /home/singh/ros2_sensor_ws/install/tf2_msgs/share/tf2_msgs/cmake/export_tf2_msgs__rosidl_generator_cExport.cmake
[10.224s] -- Installing: /home/singh/ros2_sensor_ws/install/tf2_msgs/share/tf2_msgs/cmake/export_tf2_msgs__rosidl_generator_cExport-noconfig.cmake
[10.225s] -- Installing: /home/singh/ros2_sensor_ws/install/tf2_msgs/share/tf2_msgs/cmake/export_tf2_msgs__rosidl_typesupport_fastrtps_cExport.cmake
[10.225s] -- Installing: /home/singh/ros2_sensor_ws/install/tf2_msgs/share/tf2_msgs/cmake/export_tf2_msgs__rosidl_typesupport_fastrtps_cExport-noconfig.cmake
[10.225s] -- Installing: /home/singh/ros2_sensor_ws/install/tf2_msgs/share/tf2_msgs/cmake/tf2_msgs__rosidl_typesupport_introspection_cExport.cmake
[10.225s] -- Installing: /home/singh/ros2_sensor_ws/install/tf2_msgs/share/tf2_msgs/cmake/tf2_msgs__rosidl_typesupport_introspection_cExport-noconfig.cmake
[10.225s] -- Installing: /home/singh/ros2_sensor_ws/install/tf2_msgs/share/tf2_msgs/cmake/tf2_msgs__rosidl_typesupport_cExport.cmake
[10.225s] -- Installing: /home/singh/ros2_sensor_ws/install/tf2_msgs/share/tf2_msgs/cmake/tf2_msgs__rosidl_typesupport_cExport-noconfig.cmake
[10.225s] -- Installing: /home/singh/ros2_sensor_ws/install/tf2_msgs/share/tf2_msgs/cmake/export_tf2_msgs__rosidl_generator_cppExport.cmake
[10.226s] -- Installing: /home/singh/ros2_sensor_ws/install/tf2_msgs/share/tf2_msgs/cmake/export_tf2_msgs__rosidl_typesupport_fastrtps_cppExport.cmake
[10.226s] -- Installing: /home/singh/ros2_sensor_ws/install/tf2_msgs/share/tf2_msgs/cmake/export_tf2_msgs__rosidl_typesupport_fastrtps_cppExport-noconfig.cmake
[10.226s] -- Installing: /home/singh/ros2_sensor_ws/install/tf2_msgs/share/tf2_msgs/cmake/tf2_msgs__rosidl_typesupport_introspection_cppExport.cmake
[10.226s] -- Installing: /home/singh/ros2_sensor_ws/install/tf2_msgs/share/tf2_msgs/cmake/tf2_msgs__rosidl_typesupport_introspection_cppExport-noconfig.cmake
[10.226s] -- Installing: /home/singh/ros2_sensor_ws/install/tf2_msgs/share/tf2_msgs/cmake/tf2_msgs__rosidl_typesupport_cppExport.cmake
[10.227s] -- Installing: /home/singh/ros2_sensor_ws/install/tf2_msgs/share/tf2_msgs/cmake/tf2_msgs__rosidl_typesupport_cppExport-noconfig.cmake
[10.227s] -- Installing: /home/singh/ros2_sensor_ws/install/tf2_msgs/share/tf2_msgs/cmake/export_tf2_msgs__rosidl_generator_pyExport.cmake
[10.228s] -- Installing: /home/singh/ros2_sensor_ws/install/tf2_msgs/share/tf2_msgs/cmake/export_tf2_msgs__rosidl_generator_pyExport-noconfig.cmake
[10.228s] -- Installing: /home/singh/ros2_sensor_ws/install/tf2_msgs/share/tf2_msgs/cmake/rosidl_cmake-extras.cmake
[10.228s] -- Installing: /home/singh/ros2_sensor_ws/install/tf2_msgs/share/tf2_msgs/cmake/ament_cmake_export_dependencies-extras.cmake
[10.229s] -- Installing: /home/singh/ros2_sensor_ws/install/tf2_msgs/share/tf2_msgs/cmake/ament_cmake_export_include_directories-extras.cmake
[10.229s] -- Installing: /home/singh/ros2_sensor_ws/install/tf2_msgs/share/tf2_msgs/cmake/ament_cmake_export_libraries-extras.cmake
[10.229s] -- Installing: /home/singh/ros2_sensor_ws/install/tf2_msgs/share/tf2_msgs/cmake/ament_cmake_export_targets-extras.cmake
[10.229s] -- Installing: /home/singh/ros2_sensor_ws/install/tf2_msgs/share/tf2_msgs/cmake/rosidl_cmake_export_typesupport_targets-extras.cmake
[10.229s] -- Installing: /home/singh/ros2_sensor_ws/install/tf2_msgs/share/tf2_msgs/cmake/rosidl_cmake_export_typesupport_libraries-extras.cmake
[10.229s] -- Installing: /home/singh/ros2_sensor_ws/install/tf2_msgs/share/tf2_msgs/cmake/tf2_msgsConfig.cmake
[10.229s] -- Installing: /home/singh/ros2_sensor_ws/install/tf2_msgs/share/tf2_msgs/cmake/tf2_msgsConfig-version.cmake
[10.229s] -- Installing: /home/singh/ros2_sensor_ws/install/tf2_msgs/share/tf2_msgs/package.xml
[10.247s] Invoked command in '/home/singh/ros2_sensor_ws/build/tf2_msgs' returned '0': CMAKE_PREFIX_PATH=${CMAKE_PREFIX_PATH}:/home/singh/rtab_ws/install/rtabmap_python:/opt/ros/humble /usr/bin/cmake --install /home/singh/ros2_sensor_ws/build/tf2_msgs
