[2.763s] Invoking command in '/home/singh/ros2_sensor_ws/src/geometry2/tf2_tools': AMENT_PREFIX_PATH=/home/singh/ros2_sensor_ws/install/tf2_ros_py:/home/singh/ros2_sensor_ws/install/tf2_py:/home/singh/ros2_sensor_ws/install/tf2_msgs:/home/singh/ros2_sensor_ws/install/tf2:${AMENT_PREFIX_PATH} CMAKE_PREFIX_PATH=/home/singh/ros2_sensor_ws/install/tf2_py:/home/singh/ros2_sensor_ws/install/tf2_msgs:/home/singh/ros2_sensor_ws/install/tf2:${CMAKE_PREFIX_PATH} LD_LIBRARY_PATH=/home/singh/ros2_sensor_ws/install/tf2_msgs/lib:/home/singh/ros2_sensor_ws/install/tf2/lib:${LD_LIBRARY_PATH} PYTHONPATH=/home/singh/ros2_sensor_ws/build/tf2_tools/prefix_override:/usr/lib/python3/dist-packages/colcon_core/task/python/colcon_distutils_commands:/home/singh/ros2_sensor_ws/install/tf2_tools/lib/python3.10/site-packages:/home/singh/ros2_sensor_ws/install/tf2_ros_py/lib/python3.10/site-packages:/home/singh/ros2_sensor_ws/install/tf2_py/local/lib/python3.10/dist-packages:/home/singh/ros2_sensor_ws/install/tf2_msgs/local/lib/python3.10/dist-packages:${PYTHONPATH} /usr/bin/python3 -W ignore:setup.py install is deprecated -W ignore:easy_install command is deprecated setup.py egg_info --egg-base ../../../build/tf2_tools build --build-base /home/singh/ros2_sensor_ws/build/tf2_tools/build install --record /home/singh/ros2_sensor_ws/build/tf2_tools/install.log --single-version-externally-managed install_data
[3.171s] running egg_info
[3.174s] creating ../../../build/tf2_tools/tf2_tools.egg-info
[3.174s] writing ../../../build/tf2_tools/tf2_tools.egg-info/PKG-INFO
[3.174s] writing dependency_links to ../../../build/tf2_tools/tf2_tools.egg-info/dependency_links.txt
[3.175s] writing entry points to ../../../build/tf2_tools/tf2_tools.egg-info/entry_points.txt
[3.175s] writing requirements to ../../../build/tf2_tools/tf2_tools.egg-info/requires.txt
[3.175s] writing top-level names to ../../../build/tf2_tools/tf2_tools.egg-info/top_level.txt
[3.175s] writing manifest file '../../../build/tf2_tools/tf2_tools.egg-info/SOURCES.txt'
[3.178s] reading manifest file '../../../build/tf2_tools/tf2_tools.egg-info/SOURCES.txt'
[3.179s] writing manifest file '../../../build/tf2_tools/tf2_tools.egg-info/SOURCES.txt'
[3.179s] running build
[3.179s] running build_py
[3.180s] creating /home/singh/ros2_sensor_ws/build/tf2_tools/build
[3.180s] creating /home/singh/ros2_sensor_ws/build/tf2_tools/build/lib
[3.180s] creating /home/singh/ros2_sensor_ws/build/tf2_tools/build/lib/tf2_tools
[3.180s] copying tf2_tools/view_frames.py -> /home/singh/ros2_sensor_ws/build/tf2_tools/build/lib/tf2_tools
[3.180s] copying tf2_tools/__init__.py -> /home/singh/ros2_sensor_ws/build/tf2_tools/build/lib/tf2_tools
[3.180s] running install
[3.181s] running install_lib
[3.183s] creating /home/singh/ros2_sensor_ws/install/tf2_tools/lib/python3.10/site-packages/tf2_tools
[3.183s] copying /home/singh/ros2_sensor_ws/build/tf2_tools/build/lib/tf2_tools/view_frames.py -> /home/singh/ros2_sensor_ws/install/tf2_tools/lib/python3.10/site-packages/tf2_tools
[3.183s] copying /home/singh/ros2_sensor_ws/build/tf2_tools/build/lib/tf2_tools/__init__.py -> /home/singh/ros2_sensor_ws/install/tf2_tools/lib/python3.10/site-packages/tf2_tools
[3.183s] byte-compiling /home/singh/ros2_sensor_ws/install/tf2_tools/lib/python3.10/site-packages/tf2_tools/view_frames.py to view_frames.cpython-310.pyc
[3.191s] byte-compiling /home/singh/ros2_sensor_ws/install/tf2_tools/lib/python3.10/site-packages/tf2_tools/__init__.py to __init__.cpython-310.pyc
[3.191s] running install_data
[3.191s] creating /home/singh/ros2_sensor_ws/install/tf2_tools/share/ament_index
[3.191s] creating /home/singh/ros2_sensor_ws/install/tf2_tools/share/ament_index/resource_index
[3.191s] creating /home/singh/ros2_sensor_ws/install/tf2_tools/share/ament_index/resource_index/packages
[3.191s] copying resource/tf2_tools -> /home/singh/ros2_sensor_ws/install/tf2_tools/share/ament_index/resource_index/packages
[3.191s] copying package.xml -> /home/singh/ros2_sensor_ws/install/tf2_tools/share/tf2_tools
[3.191s] running install_egg_info
[3.194s] Copying ../../../build/tf2_tools/tf2_tools.egg-info to /home/singh/ros2_sensor_ws/install/tf2_tools/lib/python3.10/site-packages/tf2_tools-0.25.12-py3.10.egg-info
[3.195s] running install_scripts
[3.231s] Installing view_frames script to /home/singh/ros2_sensor_ws/install/tf2_tools/lib/tf2_tools
[3.232s] writing list of installed files to '/home/singh/ros2_sensor_ws/build/tf2_tools/install.log'
[3.298s] Invoked command in '/home/singh/ros2_sensor_ws/src/geometry2/tf2_tools' returned '0': AMENT_PREFIX_PATH=/home/singh/ros2_sensor_ws/install/tf2_ros_py:/home/singh/ros2_sensor_ws/install/tf2_py:/home/singh/ros2_sensor_ws/install/tf2_msgs:/home/singh/ros2_sensor_ws/install/tf2:${AMENT_PREFIX_PATH} CMAKE_PREFIX_PATH=/home/singh/ros2_sensor_ws/install/tf2_py:/home/singh/ros2_sensor_ws/install/tf2_msgs:/home/singh/ros2_sensor_ws/install/tf2:${CMAKE_PREFIX_PATH} LD_LIBRARY_PATH=/home/singh/ros2_sensor_ws/install/tf2_msgs/lib:/home/singh/ros2_sensor_ws/install/tf2/lib:${LD_LIBRARY_PATH} PYTHONPATH=/home/singh/ros2_sensor_ws/build/tf2_tools/prefix_override:/usr/lib/python3/dist-packages/colcon_core/task/python/colcon_distutils_commands:/home/singh/ros2_sensor_ws/install/tf2_tools/lib/python3.10/site-packages:/home/singh/ros2_sensor_ws/install/tf2_ros_py/lib/python3.10/site-packages:/home/singh/ros2_sensor_ws/install/tf2_py/local/lib/python3.10/dist-packages:/home/singh/ros2_sensor_ws/install/tf2_msgs/local/lib/python3.10/dist-packages:${PYTHONPATH} /usr/bin/python3 -W ignore:setup.py install is deprecated -W ignore:easy_install command is deprecated setup.py egg_info --egg-base ../../../build/tf2_tools build --build-base /home/singh/ros2_sensor_ws/build/tf2_tools/build install --record /home/singh/ros2_sensor_ws/build/tf2_tools/install.log --single-version-externally-managed install_data
